1404296
27840
854004552
958
91
22
1035
1
64863937
1330039
16
10903
0
15046076
7511
569678359
290321
144909097
781
75661602
86
3792
85994654
407856755
506948475
5343861
202523977
616562389
4183075
546426383
46
79918
4193491
300490994
32754
235253730
251961
2857
5
961794447
390393
22945
145379
256
36489
360584585
176899487
852272
503873
20876
80542835
22
2626
377
103080349
17263
41877387
51449542
105339275
3172
324276195
3526
7860140
22
1550201
1
165590151
189
131684218
808554286
577636769
56
138404400
881997332
1447
0
17690
492
101690
55
1
59750
383721485
262106
502
19
456149364
35735
520648
65514
645855318
12713
17
864966725
662353746
24
2099039
6
67026098
710284372
14939
1149343
47950
209157053
236128779
200260
6017
300938422
73225793
237957
40323
32004
