155946305
340089376
382127206
994377750
445058990
739674086
739674086
58588691
692407541
871063282
371556699
543036113
950991497
741441185
655808388
641662179
455207775
31494004
105621248
701873754
327628397
31653159
774482843
903132294
653856160
154229359
534759080
552104536
129671459
937903019
306644086
434370367
299076284
910112317
477528081
369382022
29649163
447738799
171561459
948520502
823237791
637206302
449636982
41735721
426644695
249926459
166954592
319509429
974379252
880403542
857547404
636477521
504142308
452256523
376125295
622167610
622167610
204615353
114882598
55149494
614441724
988925086
742210954
112412924
56206462
850770080
425385040
773432089
835602518
684323866
747860844
536932178
59894447
652535893
497668923
952916752
266607492
860555073
703818279
917132274
917132274
54333804
21774857
95127580
172666487
944002998
651405647
392633342
484661909
484661909
466779585
935082048
182246324
693397601
610783654
997242998
874655380
27153593
667803657
223826334
665167258
353383997
838970927
366508036
152637317
598115568
74764446
153537779
612391212
492543127
208317951
778144688
676568818
335626088
335626088
345393960
824859732
696439333
669844073
834922040
834922040
873454450
868544304
773708865
604359710
120871942
769852913
140985728
656112782
359373600
575653788
394805477
469806976
473917330
282130293
275691702
408054649
438774394
997842782
791465260
791595482
970477724
403879809
640552062
881094368
28732642
302714481
10981784
226014857
349251351
464734330
303219929
702934028
450621033
734865476
556519125
856357814
775171728
954038874
280846463
723112817
76711842
983866435
343646114
695631444
903265163
552441625
200602936
545587905
323078260
400053011
141604841
124821816
770337466
784903174
633246336
19939319
9519604
11030204
670343406
12937943
404592496
324534363
179725946
287603855
271371413
831508791
714718099
913498310
28373231
110567049
410717636
428502753
770477531
260649707
543347875
220678573
624877171
840331149
173105516
635442096
747930916
931759442
897957768
122123876
115753158
159420589
609438748
202985476
37223757
101645071
179199007
845800525
948841333
496920862
730265037
576258049
256198669
759193821
867382959
204659119
923231985
648456165
781641689
113444534
938851219
576193212
203645119
291353971
945205210
721795198
178273312
178273312
679410777
870258822
810973963
379920013
607741363
92850572
628274758
356952730
954719818
668090358
723257418
848169735
444743848
970296943
285825849
472026577
305959181
71635087
237233856
135293794
543067242
898051138
985780317
861216695
693149676
231049892
636194231
388196196
601674336
229066815
301613090
110787235
331947361
846847541
840508859
40888430
843019983
655826941
389438900
570859306
303810297
824883854
339707202
416577197
57733745
653603053
762377053
908741315
359268764
737772156
798861223
735338880
840158137
220315570
978995726
514373900
485993642
448998969
804116983
951029251
707289897
885074094
295024698
470717817
945088253
792125829
851781087
353086032
109850417
789403982
340146592
343094230
873990975
214945017
226490496
226490496
178698514
411233665
751248093
707877407
663589277
116692139
812387243
143080023
151199919
918033812
667566523
922475067
611191526
136683342
656602203
965568163
733430520
673855179
469828007
201584915
216445850
369407644
235844611
134459307
380864517
916059420
90936938
320980034
377851784
437694383
757753458
370826646
592706665
591395059
555560069
222222868
756614458
441361459
786904603
493169593
229704621
44375074
356169097
183665456
829380667
453843175
766138908
307083348
775238783
682176973
859043942
193875760
107828078
273081215
34002362
201249893
361798264
376092285
275257529
1541015
878116937
848586378
325886765
325886765
2202683
524438410
996632824
840037845
640006311
757568201
48896052
446072835
493494813
866453152
62471603
566066788
679461601
479854103
851349798
569502294
642375577
412145414
551634977
583236634
868025333
82735981
76824707
832571806
382963490
595740876
584056877
199682628
459493449
819613586
15166657
918038642
439290376
811586844
873080641
354723720
295248881
306030465
218689605
437229941
812409985
223995613
896991916
666760056
581164421
41822045
812928418
271656848
540473943
408740389
463987689
67352218
507491409
339157390
688276725
779488359
755897676
180095617
847955246
255244880
740372717
531515592
560606317
853547764
770709557
16968676
689455833
678409162
678409162
490925703
296538285
814252024
785949239
287990368
351204777
852502112
644406673
71489395
832657991
754759911
879048801
401530155
283056909
283056909
91763124
890796729
283659394
153546561
56858694
266073648
334381224
149055739
636219896
626246659
424541546
424541546
268604885
391228913
327835760
591981755
279934415
661978094
663244065
221081355
396419989
925437112
154765517
449592342
131603460
713784309
954477760
776652821
243192325
32575884
42926093
432219619
644086088
869327900
241755628
202565171
131533298
135996275
727704721
769321749
769321749
483001496
407474917
453618874
722192834
340274106
376534432
238369816
341857429
712585770
595868677
831479932
946067125
756285255
57623239
160106021
71749137
954599613
772733295
558977962
640899920
476789680
915249116
76253802
159443442
275473150
625544893
216561980
906944837
350880723
523572811
779878048
362318573
49041385
441686882
762599658
770808718
36213952
4526744
334087793
810628182
476241677
728801521
104114503
98041129
352306830
215001291
292940597
656016590
65193704
738622218
8046114
476990736
796749257
492074088
749334943
78838074
528724861
946202246
194413820
295774113
670813719
29065395
5813079
478367529
794237784
609396688
906601979
437737036
297987021
605141047
802570527
732091658
399931977
82699702
505132770
180243160
435542642
385959652
317977173
368720482
169668122
222138495
686225857
625822927
476849807
427798332
970703473
250042322
886519782
530533682
548039337
421500602
353988365
384505274
973316236
484857104
83570311
286018126
483881745
824000515
478000067
579069346
128694751
723129365
311103941
209680780
2756429
209567142
599183560
540370061
874182818
705416
360586730
238174250
447413504
794385168
91131315
542873279
610835299
722167064
238678933
130339704
446409401
410074747
331111937
870933677
173755980
606664942
978995757
161615720
801851696
332273210
644785012
768234514
804925266
388655887
91331310
28937285
785255848
550360021
343780954
893116247
986639537
16707246
8353623
709354879
195724658
122110757
962104532
658109551
87972761
762876367
989287312
780593208
435789797
182702436
311517139
373209529
834279454
670763328
88209886
699225891
866133122
568780471
169563720
145969853
223238382
703994018
114112224
162022013
897946252
269470585
303611915
985254059
905738766
811302804
853333775
23963684
979821419
582090528
17912382
77909305
310857240
38857155
203302097
931469890
643823299
138825713
507746080
358249442
22610278
628972386
113272913
704424309
877257762
911824955
865303639
375202328
868491829
658187383
169695126
174802729
743967430
744800026
194867908
984045129
328015043
259551817
654799164
718857032
718857032
277599727
896799967
517963807
765088253
524097573
787841712
871280336
639178415
710462655
612512163
658930313
891060805
337891015
381909536
20892149
49842919
592354956
665435891
313349118
578337283
404107946
684334426
294920376
361474995
16327631
556148437
159074507
789768632
854967392
629806411
943196117
765422861
881735576
443966962
919675582
955282050
934359860
121994979
121994979
495166796
208403697
440936792
657135115
795020258
41407193
214063660
42812732
832950502
276259035
276259035
686745058
137136186
534284050
203965635
718348075
859174041
116289513
727153059
991381609
656685089
646222321
48681060
729893503
729893503
528495219
420289306
824476595
590454811
724452836
292728904
842249454
585979331
347427949
269039531
523775423
136032860
832357783
726432222
215254464
662339253
266572515
88857505
1925119
458244391
798090740
797465747
326475821
663237914
836502260
439909329
83502163
919237392
123149171
777737375
479072663
913178783
277260999
638630503
549761489
549761489
419871180
415027858
207513929
596435285
854930732
940156893
479435428
266167413
316541855
285356893
28843220
676281078
335192112
191915360
937508722
726815383
171783676
177049062
907502957
281687034
281687034
701228678
838119248
394249805
394249805
364679872
197838456
837065569
105423643
135691065
6704026
565601750
701329672
705536727
828574165
66125247
713872987
378846061
449636754
964193985
68016359
537967646
365541746
182770873
418351302
835859585
379206155
768879643
652772198
580740945
833472666
507542324
337460210
476780033
184597505
567293094
510530911
911365173
864598213
466149555
915449620
532079147
776535198
227268265
174760190
68857372
426118411
120391731
560195869
62622399
979972496
971516830
82752486
577896716
702881159
366077794
559974652
444433344
481244701
954269864
25010453
358227657
144958114
534710704
549718954
83816280
986296273
933824012
335436021
606587457
148710924
686452361
435369242
270405285
181138671
648737455
718815679
134587553
748999101
818896306
81907997
889831696
239829635
874010011
898907672
375908256
954094073
530002151
124444400
799542231
259271768
8961906
894635823
295480532
635195058
329399384
539554836
683263964
232261894
371031321
173878308
43469577
282067260
621736720
262283435
645853613
247222961
366369941
746356024
746356024
334836703
108609584
606602271
420222156
428465962
701345098
922134995
460213589
978621
355532187
957949607
521334852
542304807
271299351
780770189
213959352
844654510
109896152
27474038
952867173
834375517
72176836
249896361
704484289
251147137
336529834
599034503
15338208
905048614
238257817
929495964
496574761
635868589
839007315
178989253
879424527
612032265
988739608
135854135
697023518
757432592
481215649
478420285
850707223
636592541
876045799
208449534
334660199
666932044
150051414
253208363
655674901
1584751
601463204
851888229
896445409
250099705
566526915
716126940
747752511
934079054
389686978
239796314
13176519
498550927
531437176
841842645
739531973
593789653
531263220
937691928
744824536
611916633
216221805
322280513
180155736
93228617
492339625
962172858
434874463
959788020
804300380
