572173725
763201615
603022002
788657350
105525683
900613971
444266752
755841489
521753003
305652864
681114137
720152096
28243747
830562119
943520711
879397698
293132566
713429637
869227864
771195202
782706189
790287062
410812539
705406273
411433744
384013853
973982840
504283843
865321266
800890527
573685628
552575708
400481627
764740925
680677279
680677279
570581523
166056897
771029395
296635843
504170972
529467323
816590120
50180931
128854176
771001363
543842470
515966767
80601092
510075140
127518785
929756272
158003740
128667083
905217878
881604496
343227338
782322553
408459349
35520664
989408395
296419814
116681734
766895419
335549029
619364151
681513382
531441651
549072635
386362709
936342407
587829213
867979817
866709735
983338723
733620547
733620547
953859147
718717046
97935433
548967720
740602832
520014846
391153701
130384567
476858991
665980000
408029217
973761728
760183636
836872800
245902276
69980286
885200543
596371384
669312875
353174107
928078283
928078283
659798060
60438204
828034848
362395818
198739350
513485929
27843248
455638721
713091020
238229100
529778641
544010079
94909504
276535035
855878518
456111506
458847421
491769487
22996442
873117985
291051589
470150230
490050079
314829976
885432604
410655459
514263520
799930973
209710803
417216733
712245455
448493888
674580660
451718054
888733667
318189481
743972645
358965588
998614713
856944964
791976445
680660094
683829964
681357594
874695682
935903967
831574755
802499663
583647181
28605134
111534819
555767413
365375294
336098462
686695828
488857049
43728419
957067445
978533726
460252713
930800723
99667463
890194170
342160931
308760051
339756689
750291373
735088744
866375005
819604256
604157648
502964480
553136277
853344279
94816031
202614836
779687322
267821490
234383586
86184563
785516266
387950314
252893700
209485914
871478754
581585337
356915240
408830318
67719663
566842193
313368440
156684220
835152338
185378494
315294782
136627308
478817981
463591576
468959099
916283596
147642560
106043125
21208625
693991287
437882456
923591262
119391798
709648913
158903844
314735404
540701275
837501809
996730766
839379218
113089321
440990082
610247524
909720245
52121039
684040351
693375788
551810148
94515372
154560059
394320010
15187764
775732182
5205738
424659560
252862185
287850582
584059793
251988931
161479064
761968316
144731282
610606507
475638629
912606444
977919806
958598649
990598232
963733546
851089222
851089222
307621205
63297177
17954338
252244294
527005576
527005576
328588031
740410650
674835634
674835634
384992186
684618124
367130816
759355601
679907947
189950361
999271693
123579214
963941386
440432428
982389186
738819805
546647148
297495601
324373902
761319738
549745868
948102734
493133815
604334493
22933511
418441216
809906831
537726186
545425723
257570955
357549057
308423645
528593366
591655152
466781668
982691227
982691227
341316173
885400253
903819726
232541710
572113900
741002352
377058099
435634474
174326340
339419378
791730189
893024941
40826926
268415312
448438486
295524756
755048531
834514346
462073428
780296209
824211707
90954533
96779360
147821787
239975687
619987847
24060651
859950257
762435310
403845349
242129490
88792186
118131481
559065744
440119796
191242846
965580438
13105784
807014736
623598272
225618089
12681511
487208682
58554378
351576884
52720600
752874196
403002398
940646198
485652790
815958129
645393358
484390795
697957360
603489526
915709959
153378998
909412485
613917381
753396635
361527234
797738643
892411257
285466267
308868299
245747665
937415247
390626226
561401213
295547079
247903029
789708505
955954347
103642891
796369405
773209387
347457538
733715637
690403438
690403438
338080689
334011529
393848178
65641363
165493138
694248861
392252653
260739989
587881266
506421976
934313618
341627512
557212751
889303193
369230046
805175414
95745751
267678015
320596361
276869789
593654047
597604465
773165471
924388495
481432548
218858220
308812407
495761574
775245376
290457523
639684581
890217141
681164239
663082669
669733889
590450530
230305070
480581258
965235117
546580407
591494156
954610468
902372080
925579941
55049737
259510897
43543317
690533761
788297739
87432052
665763475
78432510
78432510
78432510
395334284
804733527
714996216
89374527
332896754
366787305
301254950
377009292
768576446
324796176
736557342
402106021
869842176
263264944
926350136
793353772
725518885
282792033
794208084
161914258
210817183
43463728
410760044
181487359
125121760
810379004
676347962
877949000
164328673
355356057
419133710
348448247
581314346
453964634
636280666
881299775
739048474
824582322
547420601
925057133
28283205
759147235
991169323
521736733
414251636
532449981
418382400
725688233
849290041
753836285
655536949
945129299
49358974
571689080
135642924
824499745
621925606
737577481
571531268
765061591
712155750
389597859
742218092
573571588
471919645
765806895
765806895
941451729
746888147
59337726
105489701
767778214
270180295
761395627
492010845
883549582
976709922
991373280
904869629
968289881
612697221
602116207
904225365
212027918
245955105
633100868
534012346
274380541
664312067
180116231
596580260
707272360
565439860
804376369
469339578
469339578
265281794
861377799
165359300
604446736
36731090
117891787
988423028
140688890
821599389
633710423
452166056
229337384
376430284
725972496
632712929
906797332
170784035
492010875
16824766
746420559
510013722
844795016
11800846
411155630
356539724
89134931
850609023
993239338
583331535
123625665
289990269
791090841
202104134
379067747
254440519
343243435
382844930
571965192
419699381
18310921
116211946
529052990
342822725
485307266
690418871
30575527
354549942
784493800
522646577
121317960
719899062
856968633
467546020
714425938
53869471
354192812
981667040
490833520
625880166
206982953
272673898
978050518
299199432
526961858
177965345
741848349
897533509
85070311
106695534
345188395
337855509
349743981
790205155
754648494
741961671
688977611
197438376
982033952
844201262
485719949
959689885
567839935
15991704
885365416
383807859
559911835
923857131
342607477
507958150
945376542
816920593
180033089
942366524
724337443
501354899
24282308
372037093
960645478
812607613
604202540
803311886
836065193
251610882
885258620
618007583
972220687
729012876
378558592
16593986
98453939
403615311
336244067
222490421
766981638
915198052
228994153
671120123
828183327
64772163
849568170
58379748
658550441
479792626
453535920
748856097
38159810
658386805
944581120
347743593
1171693
167085094
954207447
532220950
350600580
720953369
75549787
600435211
765235516
599008571
630082904
905964330
369298920
46162365
945198515
805646425
694448774
889690175
114684673
48942322
43217307
357982380
543273512
274954735
111112204
789565464
102656454
446885413
362036459
971916710
413646011
300555487
355934696
874804617
19194439
352801916
687165932
210079221
306052441
653026224
405891805
477219968
732094003
39938135
918336298
367286951
172377799
475718247
673370894
418719061
633576251
407133906
757404475
97994985
484220224
848066477
462016621
627316962
940398436
531215915
434990020
322951713
649850642
428163136
576147642
188179029
207662848
825402518
958790354
441553453
42713616
121907532
512903190
44568123
353947140
204268172
958427741
30473930
740064064
370025320
840863962
731204674
212999288
960110130
877262847
292420949
763559169
963184143
110380487
549124013
697896059
11749850
369873893
414614791
50783478
930718995
167779329
806535745
984350670
244290440
613301863
800787521
400112505
208157794
104078897
390413004
548801629
130162910
671574781
200454227
485760506
222039782
222039782
767286159
63154019
733524361
151454438
555588384
654747351
599948882
231665049
94650511
792851765
481330659
426373612
780516671
457256974
691451399
49084316
752486393
778059376
194514844
824365545
587812254
66270301
958651794
371493710
362872202
267006674
201728968
25216121
472364602
835052046
340818683
444128769
531833455
805425271
305390206
218453577
164801895
645934044
580741759
494198261
691121592
828686905
131745099
402726986
284954151
749898208
108098872
222307094
839973018
701097593
281912295
56382459
878180548
932088173
685381845
144698979
877053253
877053253
915036543
548399684
209947120
393143090
355737091
214313810
216992578
108496289
512617270
147699114
740237949
577087952
480502259
187764360
187764360
26823480
820967706
410483853
530411523
99190726
847717314
776426589
454672987
780191111
372633848
279874890
361362871
56516395
38012627
807602531
935867515
722249829
367912025
10234750
698713866
999582541
491969179
4606584
770881529
858664949
976026727
380185358
983093236
98328712
860648338
530767001
42241702
990085129
75440573
118908091
955864397
683578712
517318570
506605049
352376050
913650073
879294458
976171240
940924708
840211228
363659979
363659979
173165194
804769313
266559810
908622546
735434383
206059559
2277167
384727121
143914483
513232707
786773265
980331499
435197716
229048810
869367818
193700707
497530110
972458076
162076346
432415272
476745472
968808804
446015238
339575008
169787504
103604335
554657484
928673386
613030036
606132939
534744854
178524310
208957826
369333734
914382012
996074825
659249402
199497171
854538994
822429290
339825271
165424564
137236981
447371608
762418782
925692526
111235792
685058581
506321805
563395587
168973083
498390515
762648254
352435330
70487066
201944059
237059727
814624564
316889113
997912572
282713904
602997053
426730808
911819799
955909903
547558187
869422420
225714815
149662925
751126271
736801510
413581334
384527405
965553085
735435948
870490616
108811327
574049418
949477303
533261729
858376007
979768007
30597389
984525104
188129975
843099310
855387419
81019163
351510073
816834458
985700465
902959224
892585830
25426014
758565636
757058664
696381606
804908912
302288835
302288835
529163407
74621503
687041268
561342388
771606337
954321273
537878264
195132013
819719559
849939581
513583507
28685761
780965090
866024122
740710540
782173890
771921059
979810334
316106150
201574680
414484014
795324436
300428605
721881173
907293729
389485572
367714273
788055
151369728
262331503
671485716
202789849
809719915
912930418
413397298
151651556
263243705
887318534
860914822
33836149
401882081
334831988
