333333336
449564091
521340544
130335136
305383183
863112752
21580375
514609780
646071814
296421570
800486999
539536026
194269876
438853978
234550304
564118451
916094012
523530988
59941262
580963539
273949353
7200740
688274253
814765610
540337874
938215319
938215319
575549957
166582455
387430146
333300180
942180806
67944080
327436015
405160529
858554956
206506107
534417688
661727417
887242477
236000842
756602274
126100379
680262190
739535325
452467042
613116764
76925012
346154171
229945549
579784971
244160381
566470806
225341975
377562352
103581011
984861809
371486908
179185263
387937127
538248137
247474707
272764855
830993553
962815576
73728041
5928336
228555135
387492326
477498468
57455976
359413816
551947279
753822219
781864165
698944958
146462184
293266521
486298531
486298531
622289653
125791004
929209359
761689133
31874377
729850318
462888997
18925602
997256112
777472906
503851778
866438111
109513992
27378498
202561369
476630877
934634636
467317318
249727900
734372969
858496994
458029647
458029647
442840523
928490734
881181441
940590724
940590724
953740671
432282403
61754629
836439475
765917826
98940340
98940340
859259726
300946516
364282044
91070511
506410148
540070464
299939509
122870763
746861159
313626927
983144548
293821557
350339989
365945754
658470360
92895291
764747928
84971992
490234336
329194504
846275470
949224962
762921727
145243754
357540628
279760459
935347164
709103299
509087238
789691098
777880033
765743431
285534420
507037215
858172325
888918821
173707614
686985669
725425891
963781601
640095639
623018899
765169557
986470865
671272543
367539602
394589936
343242875
349259705
901283847
226021604
321314379
538471199
756894786
775372047
71530813
967507121
653895220
889137370
814856233
907784548
878642733
24843130
756657982
585552663
990816888
975131483
347083947
347083947
806819780
883557790
131454296
507436240
923797510
443537279
589305399
82321809
590009368
249740291
464248616
492849726
907996188
446649802
545191171
872045412
951539191
21364438
493284801
798329581
21299885
639742156
802625531
780431623
552323012
334358054
697783520
752202699
927250871
306761578
693766205
892469061
119751999
651082280
851464877
463957552
212757676
154137635
421719736
581699373
960498841
820345435
369019234
669845720
968961085
913836733
45553358
10135712
802889931
535157514
234364027
58294135
961265512
89573923
738484250
766518111
252101631
516926099
634402746
801340185
230436456
147473138
883500594
635949979
690533226
634091185
986528576
331836510
311548943
639228072
933648018
558836584
808772199
791705784
98963223
256966867
372970810
589327968
435934659
687186936
123457704
795250517
553062956
925288354
854778461
944873117
990812192
998687462
826023317
647335928
101110166
900123358
801286322
193327011
515604865
181946339
154859615
213677467
753599754
825001108
887179883
532107923
297956672
138120881
822578104
993881182
897866755
851926828
615209992
702640194
211231776
893841784
171328171
375293236
980628726
140089818
576131192
217724005
316817717
963533692
161888443
32463362
986337536
870847212
561094705
62528497
490254506
490254506
525258730
256989788
964910727
497898016
898386118
967697350
609243547
291729757
330314209
836337352
165158939
491033372
491033372
835835504
500318980
977391979
985409061
30154628
709726577
616665126
302849676
653810280
807919624
448431661
724215834
732455244
730606855
888550792
669471555
567371732
631613611
551252267
925465562
284709715
160548956
652030348
781724471
890862239
389505393
618287323
7427847
551850691
510861958
768791961
342540410
198531406
58065582
791784786
980895036
504668423
992411063
387449939
565871757
124608889
328771079
694388063
21489934
567552054
924115970
86874871
776220263
629012787
807679380
296618143
765283969
486056317
839598315
626844812
157729894
139690082
943689450
243971460
70735381
940602968
551065084
953832115
456438693
728219350
304524661
726020921
813800645
723959030
464545167
157992235
535940432
942188570
162162778
563547384
865687531
807716472
139846405
142521496
769636472
147504667
363257027
751929035
782805350
233691682
955185260
661687255
263062413
701378972
651092647
26620161
578528343
917547910
952526710
115126638
299379841
905567462
160700325
555555573
227386080
645695349
980709985
236870496
608697555
501985771
259863996
617150925
819093225
348223399
372002319
210351394
105971506
303734267
368168244
122722748
275548254
996789561
21061993
127632750
231832061
296334762
734075548
839518108
191662792
905399333
180620234
919308317
391551366
798943926
572041485
820036084
413189807
571326063
892831521
996726999
126486500
771450751
771450751
284992568
252098306
835972897
964773348
327255683
807748157
838826994
625238359
393420073
353160635
656611991
828305999
400711216
994766466
860082906
44863556
46616227
543812775
431796989
431796989
347360702
151379122
714862573
474942894
924991848
644510114
140488391
725491704
626253318
131185397
788569846
659675270
832459414
952321030
901351158
993269663
670294753
776426641
749788386
354797936
210935835
895612193
316712845
219452142
944381551
410936590
225355133
505093119
752546563
752546563
733529489
408448885
805103494
490261466
438017544
892507166
670586491
602574233
676718357
254680344
900072710
789516754
655142610
505275485
524827262
305472010
4667611
678519286
19119355
643011400
958222767
186846330
231036311
236899462
559979700
530821597
957967822
4132374
422413524
372205032
28421121
562381015
511590455
131219597
268810754
405404478
50044346
184559811
852582962
961322626
166562250
580449795
54418108
732754836
253741838
666219983
880260353
921559359
34276241
38270866
322035575
102939010
525734756
444830098
472514228
223849730
138960400
984584384
102230440
462918395
629316640
64655548
947307558
631965232
341666409
203858824
126864607
936469166
205457139
655935841
542518588
16442642
322221219
871259470
340542901
175663617
183792063
171930557
791248220
342274294
814578028
905262668
671245880
501505848
668207932
789869461
385139111
169327052
190007667
433695632
61614623
533328650
728737837
883946258
547698337
193092683
357195491
664103846
17852375
845818483
267778848
313210766
135421999
966171805
938057441
124204429
44897929
369387289
702522588
469251642
475511426
116317989
41342471
257685925
922443478
989623976
274628052
21038440
268430004
748807687
603556561
863836515
570233978
975216800
900004377
202967989
558178501
49532940
451594697
910234760
656692755
863739542
501161460
83526910
302575249
596549835
231823038
747087351
183629028
71335193
131242397
960567162
732645314
312445261
218740878
831821536
683599742
447941728
823802684
131259226
910142461
463592516
522302535
557445610
538348755
187712162
909745802
58256562
139938774
27244194
834629539
834629539
834629539
150833463
150833463
850357348
850357348
63620332
480343678
132315245
93157164
92215761
92215761
510708456
274593326
437700876
525914953
340414880
40399797
186763212
713197782
879772846
932614097
984441611
582040322
93179030
218471027
318636382
542292474
81658700
76138508
237281885
490775732
797875631
804570660
30838988
509289734
976647003
361441633
544235760
662707651
915676918
140431184
58189975
454319350
93990245
822743007
232628431
156097733
156097733
115161145
314576234
421976210
551494362
132427158
482312374
231740479
333864888
736903278
809142322
42653655
84331859
765919542
569616114
216898195
553322405
948106248
939223314
568221599
144660691
426483896
689784668
369758026
647858832
638357649
253151728
364884977
843726419
218707748
645814854
301354370
922372714
305669594
277831355
447699435
680903843
466812795
379833075
552629792
99828346
795032639
532359421
814975767
164655386
534139746
780056151
683189936
170797484
513706365
727997733
502678728
100785599
566660675
519574436
519574436
841625595
865061078
977239664
327143911
285118403
922648768
920054479
375766664
953804706
266109099
544351520
101084184
830980468
6629173
399848220
960514926
172995585
653108283
591573245
623008108
974326164
544502362
272251181
974927019
302125509
301839415
851829458
903480569
43572981
605842851
254933591
674965183
382746020
41945814
896660252
965553422
548712473
924226110
461960103
778734726
349740243
771357342
692839339
633056329
272176056
208969773
278138598
285744626
632378716
755130255
349114438
172802255
34560451
816560330
905033896
923528023
880392008
785804926
284782803
754964611
53376868
210675375
519599054
283371792
293374060
761068679
504591057
379615
369683973
358801416
39866824
321724083
530077277
272031063
975189428
432825565
867658461
455267706
381967662
884770041
884770041
837564416
62296434
547084206
596959928
770649698
357126985
159824637
158004378
17556042
698924451
413462989
852540850
808756813
170561977
292640496
756672297
170537466
101304419
924022061
469050386
309336581
204863267
279752206
420988306
755344867
232539675
574967896
274189113
289905435
373084377
279793969
508193388
143690140
952190148
547396067
549678947
532627022
87936838
411401369
485805107
435725641
188535764
580121442
105290473
599674943
941995953
121422150
749508464
960697534
178175895
274057225
64243590
392689943
183765832
394588613
719393309
400799317
187670857
998382619
799676528
244862112
830474092
112928436
741893926
626508921
359873569
169984197
762545353
573395110
248828321
249869815
712015534
357415994
634670894
384880975
513136095
275978857
114959290
239587053
197051566
774631451
662896549
469948174
453176119
396731324
975927670
409390955
270173879
59157307
224765832
583192733
872036909
734004618
890714088
779648099
923851610
428853098
971403116
961210181
58860636
689368708
73715899
92658392
402984172
733830700
502369820
36518350
448502042
331599573
794905571
353989243
304560662
941048506
324112386
413308884
401122041
133707347
407098123
535264964
673312349
839490128
78049783
942644983
253347629
620362101
376137839
97462241
912692006
481433869
503154408
595846751
236794212
494280754
356325824
356325824
677278928
126529237
650223658
650223658
93678036
23419509
669268839
834634423
305772405
851037638
842167497
554275981
227991399
495861236
415976875
471992294
235996147
211207307
987241992
285856723
769878004
190492239
151388362
225769495
359670055
558607187
797651882
