830159732
358376238
548027485
316494261
817497770
599700689
461725935
865431489
587571002
378857765
923633942
886719584
398917870
900359403
838584984
77784731
906084586
387581636
366663488
952564617
989264834
283983992
40059799
40059799
462480663
866515982
509364917
652839574
512778643
375883442
833706846
742881016
293699050
192704191
119600363
406913375
938392780
89314924
65980733
426493729
376860021
742251518
104225168
729175029
729175029
490725512
14874841
126859356
415203154
375758160
125529472
848374842
404800563
819747883
107680717
461977805
284682191
335047641
622478804
180631381
470943432
246224155
163512904
411704272
292690470
682970228
497654251
438820707
935557344
275714910
784464369
160060164
98628510
402219725
262676590
180382371
756029248
914065924
721207400
955774023
837910069
401200286
200600143
348488399
49784057
58669552
115160016
996906950
91686612
992297877
546810372
836777051
981864123
369266934
14843523
879724778
780012023
915352394
420702721
654392216
207784042
207784042
378715654
65452803
948425391
911655386
536405740
567050721
263742522
378984419
881527823
977182179
250800684
713238836
999410875
319446247
572933030
255195962
814327110
196642224
998045364
503316256
563383545
467207278
705621579
256313351
300257846
701041482
972533918
103181242
513444458
651560870
759585876
982259102
236853733
985601771
916209238
874369414
709162905
149068158
163690298
163690298
521365726
536213412
319162164
501219881
678005507
204552057
520680527
424379305
27574180
820888136
517905139
749685345
831493507
608151721
840539425
600200883
41439956
627529217
20291078
1210309
915900817
920566058
287821600
71518922
256306854
976764136
853823453
731727936
902172834
837610684
666300895
138968207
835513559
835513559
155491132
520245983
384716670
631142021
662325565
617932714
548678773
782977509
659246882
427081809
44306069
421368620
844602827
984393200
659203957
71742923
341527887
138338008
580828931
84747648
125805837
125805837
257193929
17336901
852719196
134254629
144392683
578307024
892607765
44691498
841802321
792405842
551851264
958313583
921927540
350737787
891149643
105358345
72704430
381437587
999291837
572159670
385858251
528598386
153268584
79993111
96240946
682706829
770330033
580895464
311470546
254698484
152922846
801431178
887331736
962846380
618930355
234778791
229354303
962794290
196633577
779911936
322482599
703839436
443035492
188910465
56477476
550444098
93428496
274282063
45050495
853025103
736105444
133692758
69777027
317794672
79448668
648321313
110475773
100037710
906828380
982643936
577223811
867913358
977412082
788173142
697043289
933778982
850990302
264427187
386948690
448457918
873632833
737584084
618136062
492874162
2931953
428488769
186992381
728997465
794558272
268056024
20694906
831086561
630433235
612180203
175281634
205066622
196572989
778843586
313462751
20728016
61793993
954090047
649141091
769189722
752647001
399601680
840097726
474678799
237931879
412624832
325873
126952670
221604330
117579471
75617978
707616332
764693504
368118699
555645886
789004771
135655167
29168420
212022503
628164142
994155884
89092752
278509566
105655243
237886745
982116777
385517095
726046396
416456465
306989035
84148467
15840740
90567795
926082903
732632108
762056998
930359863
272236360
521202966
451235193
322387248
574310839
271456495
210457349
93270627
345827985
288193796
920946316
650584205
981793566
890897784
929032411
687154648
226322766
944747366
240466231
895470282
979094062
260860009
881516999
699423373
960519913
206177732
808505051
613507250
163987814
668734882
668734882
655432118
814039993
453510000
955970764
926835564
934539833
955629922
390611197
744575694
964736651
278192132
517167269
477891952
222757893
305689475
805508062
509618416
943984227
160385179
575570107
547220463
547220463
298328567
712209618
139560782
306245541
143192838
146637821
969821610
643569603
797198509
839024856
660464046
409738866
707360466
851936252
994201978
521424853
944830835
359543267
71243037
898841369
903831782
785401321
894380613
243316681
757094513
181137976
542983927
236952382
292355171
790464713
936609946
225236190
71281608
86563511
560549036
124341394
958230315
214071509
601897092
752748907
212725039
404789742
438228599
754172266
754172266
369704068
369704068
983016948
323431912
136059233
387431452
561960672
784056277
406959550
488691588
488691588
436793666
462938694
961496087
364858713
86808328
691262913
404324255
480194274
720302883
29722266
884100424
74820572
807959864
293437240
263384175
87794725
913039105
612824673
403206170
590603475
448825437
355228015
355228015
712953282
495011353
581651256
733957621
201683763
818527257
193732305
303365926
787920746
734454941
38204010
497290456
316540061
973942815
662323806
815761975
354567239
535894787
778560372
129760062
953144921
305419206
376454591
4951918
35058703
114590934
211278661
335558713
9059726
436519597
795245327
433289305
986585024
935531958
127992411
929117952
401573730
278897725
397095250
418356625
83671325
167025730
541756436
290186596
404761703
53979349
695477946
811833736
202958434
673183503
94057202
698019072
252949835
237939843
653024946
938861458
846768436
804721659
976537917
562918526
80185127
328072818
551008563
887752146
862329366
715582345
905483922
534391127
489677978
489677978
574464924
257163752
236368338
472127157
473517580
933171084
544183882
290905210
290905210
320711259
482673198
712873199
857849647
783475880
164560904
261340669
947680858
831992206
981466647
259247254
723792794
862794654
142556359
382234150
380725784
471328793
532759271
530009083
407008964
443724495
398459747
814705603
941055202
99550270
791939035
934634641
162530986
564377054
937189825
945839875
234318449
528677827
949296159
729146549
448482141
681060272
837785039
821648291
64664796
40896518
921950305
244678632
835564774
260595262
230952863
360990048
60165008
810067502
50499465
746380632
115613322
115396292
273829373
735593726
600759961
670768101
339531586
39685787
861246495
287082165
644463740
596528975
175747302
692908300
863762308
444895148
864409271
920936931
687873039
685593588
585699202
528953273
659842916
442387188
256993645
999379035
160330952
93856358
361526939
573198956
226687108
790200738
233052298
356529635
590271287
358072798
589518203
85166143
424669906
91949453
159594554
451124585
508823603
731864716
222097028
203453592
525559599
243616870
136929171
729205892
714168576
739080293
448521552
399242536
389318904
813752025
272279788
571107072
414691469
928044065
578209251
321389348
264277871
455086855
92979738
952458561
983658345
546831620
877236016
151819309
52551499
264016410
132008205
384317789
859150413
351336042
108884267
775533228
10185793
300881241
515379104
778162855
299169427
202419274
762916315
833466923
916885014
61282884
642494841
676075774
115436376
524728009
222390990
690462693
641650189
474391730
96072286
811687068
108429529
825378810
220463000
104899303
916849422
627222848
292618011
241049150
373756785
8986162
33057444
336498010
679463560
188354179
594177093
25080941
165249221
980777503
18283839
61010408
553757243
650536753
558355090
740801870
865369588
82015415
181331611
377359372
815045457
226880683
77116649
264204316
731108233
874785747
366012175
568230500
180377645
148481442
967453879
114728749
72175303
115920681
533147760
48974742
174911767
848861732
824861712
536496592
689003735
922250939
483379979
609264446
289640416
209541719
445058501
489011703
744505855
832316793
555133274
851711096
984308745
64580556
65395688
344232617
168029078
574688854
164197056
582898116
580781645
808331557
598323615
56942021
963784179
563925000
211071501
64021200
736580625
97703520
16283920
794868412
804611378
831250730
208179669
11226868
509298446
642528176
703310446
684130951
547874371
291886147
967497739
918442057
782334280
95893417
900991092
225247773
332775853
149652556
337433322
885684870
414553445
715154338
934721022
815165510
458433497
691712977
131440347
981177833
325254991
211348109
223542078
974696779
219410754
375996705
171999589
437137331
64899516
278317640
260395607
724303632
929765561
967122330
78985912
679830990
678105776
811157973
443619036
529377812
502228315
663963571
417590474
716545683
798626219
