247145007
766893756
309212840
188186501
818313530
843895452
13622967
135913350
660872938
293686536
965801260
621334363
284666055
222370663
205707920
156220525
184967692
523120965
128955409
965859900
289740551
1143526
438940485
190184269
22810464
235060973
872510168
844931543
468878707
840677162
999294250
86724418
64561005
192618957
434499406
272844778
232583548
246643482
3521368
200704275
630749626
716522564
380280767
223492916
953984920
774660133
546214385
569327998
272405082
32927283
583137123
122940503
561470255
127057667
4107696
9465586
251183200
783684814
480839517
66075299
277012129
595295279
599457585
677335378
624532775
33233823
990561667
958113660
961611548
198126270
393878387
864748853
280839672
402045570
203639668
975482192
803198468
897800386
52163345
469405415
790958987
316236909
363954530
412677940
408359576
306954730
119156787
40103397
346433259
181021429
131224604
749823462
582135242
554356150
813645113
120222430
870915735
658521908
2193526
33043398
16521699
716645962
437493129
524215332
646316480
775328775
744869635
144608943
872279950
435611970
449632047
352630790
610720570
542307788
990916284
683894607
537658273
204884346
351940280
417803277
781294041
39260338
673210061
655644055
275940677
52248234
833843234
682502981
430748546
28931847
444569186
22857904
755697043
161226305
823136381
119978349
829746118
707692671
221098761
55746367
178236739
792949550
282022553
409576704
619433872
77429234
289306668
325122033
772665234
883245341
60565160
40566955
732715071
849004335
580020327
435618107
811872707
890775181
827696171
90661444
264423250
140818755
864507947
852159578
561125031
259679066
325681785
732417509
857820207
679334081
712795498
631251882
417464482
390289992
97572498
48786249
238988326
217354989
269623587
285329719
24679406
829875519
371682335
53312776
261275032
118431718
216927331
768986019
546706800
999978693
562501954
666042086
37381500
508836224
63604528
243332254
903819536
684410788
64155509
149240598
297692455
350819998
507406094
377493012
138471816
34923899
990943188
239384056
626767928
200073376
382936758
180591247
156911697
23693096
274888247
891719080
445859540
222929770
91856413
709109987
970716756
100598970
8313652
131763966
126879289
411028579
156780954
35390750
754423849
750884774
937930926
649849178
798394178
72886542
741748707
428086936
839504860
808671537
605283896
102724878
848672683
891580642
36105611
984773802
118681286
213231426
71077142
232308765
637419212
637419212
309813551
580790431
950825919
168391139
442449484
831153031
177525821
389900068
349274198
517748751
11379895
579820519
387557394
387557394
263231761
474793410
450557559
522354470
73759115
271618949
436133057
887226617
366931526
135176279
33969452
563224363
876977570
959117014
17843190
103708613
975443480
761251404
398942279
725022517
281071158
125002894
469055658
234527829
308631959
526730353
82439469
709089218
66837299
458939114
409823188
535537815
31203912
247065736
279270052
803059406
904985333
473032826
110443773
780567205
608174131
972636178
767158198
929703006
394675168
604862206
775538404
92496116
392672528
665816696
232845289
806367564
623483216
520060055
870638528
655791050
34221422
174441417
925701688
416904846
607837016
289759670
473241370
2403423
906516337
237012393
900821564
535589479
371494377
82822865
930368036
246924401
844836903
770975694
775456088
483242807
129492892
442261596
519479975
103895995
417150874
981929890
71433977
818038475
52849892
521183683
787087982
992671743
75964617
21398026
217537078
34197533
465211366
308987170
945680433
815891265
521194629
937854681
379585214
893141004
913859099
75366526
508559337
167018098
850629703
538958859
596576911
268465689
820026411
116449420
686074908
493910915
620749587
792545364
11945829
878678047
891253488
225765152
741921722
94690457
288285853
93518811
687771591
395675681
479135139
16162081
950997351
414157799
141342278
666969345
180821156
588372446
821994290
59539578
849391687
6519040
406780756
101695189
870180356
486783204
33890125
14052286
440820706
657359328
444089406
545498415
61009990
3573717
380872082
672212993
45459874
208313174
904727067
245807801
241150277
654489840
749445337
917020521
746489802
959334432
64396765
935964192
987192844
555963829
446393076
316949903
593868181
694287201
160151892
196544221
649568032
539920175
585015488
242992575
443848022
340282414
965288785
758355403
989917645
782207102
157745573
136370593
146374485
817201854
168040458
276305378
552405495
776202751
51314585
605574871
926475976
146540411
968727348
731580290
483847757
542464946
36126602
173144227
441024628
471704535
463417129
711341578
530191657
562422511
782295195
514261293
171420431
574602274
950282042
950282042
72488003
623334809
631242879
521050513
710301145
570100384
12255559
228082872
702489136
44092724
3431554
970875742
604647681
24319181
548123524
276938889
576939245
94925452
840354362
748472893
549644731
185400534
61800178
454661053
213477376
474708164
76164074
314025557
815131136
777079433
941872828
944949838
511693407
56854823
882106859
961958992
47010186
940198156
908770371
197101852
439955769
439955769
612022376
752242707
50366514
105547361
511181228
309030540
569892263
786684388
690918858
973300983
419959566
209979783
159424042
176088390
224912074
800761708
800761708
765962427
696154836
539230970
346204277
565930
382329745
981586047
966306624
120788328
72448618
306821269
165743987
7175582
832257004
130384640
130384640
254608370
442094142
758033380
264237714
846137983
885055332
282529667
41243668
237681192
708516235
343885
250085973
785847716
641687073
526689698
875117000
498689873
583103662
583103662
842567079
760066909
268360476
304246906
781401735
890700871
159120995
489999954
734334263
966791789
348415341
558069227
700962229
133499273
885448291
492621854
568531483
869996706
393018452
136429824
963833414
377494631
574313711
454096329
297033109
324155378
420383282
148038161
891163598
839026374
790308825
961931559
686560943
937910111
957843830
868040513
45969273
784043434
253139056
708856514
566819889
120075653
315017746
592907482
55808434
943127352
12435724
586421786
848975492
328852597
768159457
42328280
958302190
801519863
615358301
86238088
848060496
749687944
145291922
486069300
486069300
609046630
308870106
650101854
914370469
914370469
333383383
578007279
63066523
950691
149536487
703667236
65924178
412378386
326214905
965846139
560890390
526459649
310593576
103531192
164364194
600935046
927875961
