-36 998999503 -34 -999000498
-68 998999271 -66 -999000730
-30 999000473 -28 -998999528
-34 998999717 -32 -999000284
-45 998999354 -43 -999000647
21 999000581 23 -998999420
-1 998999302 1 -999000699
-16 999000426 -14 -998999575
18 998999557 20 -999000444
-30 999000676 -28 -998999325
-3 999000020 -1 -998999981
-46 998999883 -44 -999000118
-15 999000010 -13 -998999991
-51 998999789 -49 -999000212
-52 998999822 -50 -999000179
13 999000494 15 -998999507
-18 999000423 -16 -998999578
18 998999712 20 -999000289
-24 998999499 -22 -999000502
-24 999000099 -22 -998999902
26 999000718 28 -998999283
-11 998999699 -9 -999000302
-112 998999915 -110 -999000086
-77 998999214 -75 -999000787
13 998999075 15 -999000926
-49 998999495 -47 -999000506
0 998999448 2 -999000553
15 999000431 17 -998999570
-17 999000096 -15 -998999905
-26 998999822 -24 -999000179
-7 999000979 -5 -998999022
-22 998999742 -20 -999000259
-28 999000736 -26 -998999265
-57 999000038 -55 -998999963
-40 999000119 -38 -998999882
-40 999000101 -38 -998999900
-61 998999647 -59 -999000354
-35 999000459 -33 -998999542
-22 998999018 -20 -999000983
7 998999745 9 -999000256
-20 999000942 -18 -998999059
-34 998999330 -32 -999000671
-7 998999199 -5 -999000802
13 998999231 15 -999000770
-32 998999569 -30 -999000432
-18 998999526 -16 -999000475
7 999000638 9 -998999363
-36 999000617 -34 -998999384
12 998999619 14 -999000382
-25 998999228 -23 -999000773
-81 998999467 -79 -999000534
-18 998999537 -16 -999000464
3 998999447 5 -999000554
-9 998999829 -7 -999000172
-17 999000468 -15 -998999533
-26 998999970 -24 -999000031
-27 998999590 -25 -999000411
-74 999000457 -72 -998999544
24 999000665 26 -998999336
-49 998999352 -47 -999000649
-38 999000395 -36 -998999606
-84 999000256 -82 -998999745
-31 999000782 -29 -998999219
-36 998999570 -34 -999000431
-79 998999973 -77 -999000028
-20 999000236 -18 -998999765
-16 998999078 -14 -999000923
-23 999000744 -21 -998999257
8 998999522 10 -999000479
-48 998999475 -46 -999000526
-37 998999356 -35 -999000645
9 999000255 11 -998999746
-44 998999876 -42 -999000125
-43 999000418 -41 -998999583
-76 999000213 -74 -998999788
13 999000126 15 -998999875
-16 999000786 -14 -998999215
-73 999000103 -71 -998999898
-22 998999573 -20 -999000428
-9 998999981 -7 -999000020
-56 998999539 -54 -999000462
-12 998999646 -10 -999000355
-36 999000936 -34 -998999065
-16 998999979 -14 -999000022
-10 999000365 -8 -998999636
-58 999000175 -56 -998999826
18 998999923 20 -999000078
46 999000704 48 -998999297
-68 999000797 -66 -998999204
6 999000443 8 -998999558
-64 999000857 -62 -998999144
-91 999000258 -89 -998999743
-61 998999444 -59 -999000557
-28 999000041 -26 -998999960
-13 999000947 -11 -998999054
-38 998999435 -36 -999000566
-59 999000715 -57 -998999286
48 999000021 50 -998999980
-32 998999614 -30 -999000387
-40 999000134 -38 -998999867
2 998999549 4 -999000452
-35 998999052 -33 -999000949
-5 999000110 -3 -998999891
-7 999000209 -5 -998999792
-75 998999929 -73 -999000072
48 998999582 50 -999000419
-9 999000846 -7 -998999155
-62 998999272 -60 -999000729
-53 998999572 -51 -999000429
11 999000998 13 -998999003
5 999000370 7 -998999631
-21 998999008 -19 -999000993
-3 998999822 -1 -999000179
-87 999000465 -85 -998999536
-40 998999755 -38 -999000246
1 998999831 3 -999000170
-56 999000056 -54 -998999945
-84 999000621 -82 -998999380
-74 999000590 -72 -998999411
-43 998999483 -41 -999000518
-3 999000220 -1 -998999781
-64 998999601 -62 -999000400
37 998999615 39 -999000386
-22 999000614 -20 -998999387
-73 999000208 -71 -998999793
-19 998999351 -17 -999000650
11 998999305 13 -999000696
-31 998999601 -29 -999000400
-71 999000894 -69 -998999107
-53 998999938 -51 -999000063
-33 999000261 -31 -998999740
15 999000413 17 -998999588
27 998999142 29 -999000859
-39 998999884 -37 -999000117
-16 999000494 -14 -998999507
-13 999000234 -11 -998999767
-76 999000985 -74 -998999016
13 998999591 15 -999000410
-8 999000217 -6 -998999784
-44 999000085 -42 -998999916
-28 998999896 -26 -999000105
-66 998999193 -64 -999000808
-17 999000310 -15 -998999691
-43 999000693 -41 -998999308
-4 998999163 -2 -999000838
21 998999362 23 -999000639
-45 999000942 -43 -998999059
-96 998999195 -94 -999000806
-43 999000478 -41 -998999523
-71 999000581 -69 -998999420
5 998999137 7 -999000864
-92 999000142 -90 -998999859
-86 998999925 -84 -999000076
-11 998999144 -9 -999000857
-29 999000222 -27 -998999779
-6 999000816 -4 -998999185
-51 998999367 -49 -999000634
-41 998999570 -39 -999000431
-55 999000850 -53 -998999151
-23 998999201 -21 -999000800
10 998999521 12 -999000480
27 998999642 29 -999000359
-36 999000358 -34 -998999643
-27 999000229 -25 -998999772
-80 998999606 -78 -999000395
-40 998999968 -38 -999000033
-50 998999429 -48 -999000572
-27 998999435 -25 -999000566
-19 998999040 -17 -999000961
-24 998999274 -22 -999000727
18 999000942 20 -998999059
-46 998999358 -44 -999000643
-26 999000774 -24 -998999227
-16 999000890 -14 -998999111
-34 998999952 -32 -999000049
-9 998999669 -7 -999000332
-53 999000432 -51 -998999569
-44 998999085 -42 -999000916
29 998999374 31 -999000627
-27 998999415 -25 -999000586
5 999000613 7 -998999388
-41 998999766 -39 -999000235
-31 998999385 -29 -999000616
-31 999000849 -29 -998999152
-14 999000651 -12 -998999350
-42 999000670 -40 -998999331
2 999000914 4 -998999087
8 999000731 10 -998999270
-33 998999002 -31 -999000999
-27 999000783 -25 -998999218
-76 998999258 -74 -999000743
-17 999000387 -15 -998999614
-51 998999555 -49 -999000446
-36 999000061 -34 -998999940
8 998999473 10 -999000528
-17 999000038 -15 -998999963
30 999000325 32 -998999676
-82 999000907 -80 -998999094
-18 999000804 -16 -998999197
-25 998999779 -23 -999000222
