+-----------------------------------+
|                                   |29730368
+-----------------------------------+
+----------+
|          |8347495
+----------+
+--------+
|        |6206407
+--------+
+-----------------------+
|                       |19703435
+-----------------------+
+--------------------------------------------+
|                                            |37981809
+--------------------------------------------+
+----+
|    |2753918
+----+
+---------------+
|               |12906464
+---------------+
+------+
|      |4541601
+------+
+------+
|      |5041735
+------+
+----------------------------------------------+
|                                              |39315022
+----------------------------------------------+
+----------------------------------+
|                                  |29184668
+----------------------------------+
+--------------------------------------------+
|                                            |38246801
+--------------------------------------------+
+------------------------+
|                        |20365489
+------------------------+
+---------------------------------+
|                                 |28446612
+---------------------------------+
+--------------------------+
|                          |22311127
+--------------------------+
+----------+
|          |8609472
+----------+
+-----------------------------------+
|                                   |29790998
+-----------------------------------+
+-------+
|       |5609334
+-------+
+---------------+
|               |12973664
+---------------+
+-------------------------------------------------+
|                                                 |42255149
+-------------------------------------------------+
+--------------------------------+
|                                |27175743
+--------------------------------+
+--------------------------------------------+
|                                            |37626933
+--------------------------------------------+
+-------------------------+
|                         |21362552
+-------------------------+
+--------------------+
|                    |17009286
+--------------------+
+-------+
|       |5980766
+-------+
+---------------------------+
|                           |22788842
+---------------------------+
+----+
|    |3163330
+----+
+----------------------------+
|                            |24080618
+----------------------------+
+---------------------------------------+
|                                       |33751124
+---------------------------------------+
+----+
|    |3162515
+----+
+--------+
|        |6323145
+--------+
+------------------------+
|                        |20789151
+------------------------+
+----+
|    |3359161
+----+
+-----------------------------+
|                             |24844392
+-----------------------------+
+-+
| |648926
+-+
+---------------+
|               |13011352
+---------------+
+------+
|      |4426924
+------+
+---------------------------------------------+
|                                             |38834959
+---------------------------------------------+
+----------------------------------------+
|                                        |33914455
+----------------------------------------+
+-+
| |561579
+-+
+-----------+
|           |9108062
+-----------+
+-------------------------------------------+
|                                           |36853392
+-------------------------------------------+
+--------------------------------------------------+
|                                                  |43437577
+--------------------------------------------------+
+------------------------------------+
|                                    |30883665
+------------------------------------+
+-------+
|       |5599347
+-------+
+--------------+
|              |11661585
+--------------+
+-----------+
|           |9096338
+-----------+
+----------+
|          |8037193
+----------+
+------------------------------+
|                              |26048337
+------------------------------+
+-------------------------------------------+
|                                           |36682853
+-------------------------------------------+
+----------------------------------+
|                                  |29304423
+----------------------------------+
+-----------------+
|                 |14770553
+-----------------+
+--+
|  |1455465
+--+
+----------------------------------+
|                                  |29293933
+----------------------------------+
+-----------------------+
|                       |19142835
+-----------------------+
+---------------+
|               |12227017
+---------------+
+--+
|  |1731061
+--+
+-----------------------------+
|                             |24649169
+-----------------------------+
+---------------------------------------------+
|                                             |38341949
+---------------------------------------------+
+-----------------------------------+
|                                   |29760924
+-----------------------------------+
+-----+
|     |4102882
+-----+
+-----------------------------------------------+
|                                               |40216532
+-----------------------------------------------+
+--------------------------------------+
|                                      |32257858
+--------------------------------------+
+-----+
|     |3624098
+-----+
+-----------------------+
|                       |19933745
+-----------------------+
+---------+
|         |7439061
+---------+
+-------------+
|             |10752614
+-------------+
+-+
| |216905
+-+
+------------------------------------+
|                                    |30779838
+------------------------------------+
+---------+
|         |7283404
+---------+
+------------------+
|                  |15070857
+------------------+
+-------------------------------+
|                               |26650560
+-------------------------------+
+-------------------------------------------+
|                                           |36674350
+-------------------------------------------+
+--------------------------------+
|                                |27048314
+--------------------------------+
+-------------------------------------------------+
|                                                 |42065896
+-------------------------------------------------+
+------------------------------------+
|                                    |31193629
+------------------------------------+
+-----------------------+
|                       |19475419
+-----------------------+
+------------------------------------+
|                                    |30791740
+------------------------------------+
+-------------+
|             |11234785
+-------------+
+-------------------------+
|                         |21289582
+-------------------------+
+--------------------------------+
|                                |26977636
+--------------------------------+
+--------------------------------------+
|                                      |32621492
+--------------------------------------+
+------------------------+
|                        |20506015
+------------------------+
+--------------+
|              |11964865
+--------------+
+--------------------------------+
|                                |27537474
+--------------------------------+
+---------------------------+
|                           |23133770
+---------------------------+
+-------------------------------------------+
|                                           |37256885
+-------------------------------------------+
+--------------------------------------------------+
|                                                  |42709207
+--------------------------------------------------+
+--------------------------------------------------+
|                                                 *|43478140
+--------------------------------------------------+
+----------------------------------------+
|                                        |34321424
+----------------------------------------+
+---------------------------+
|                           |23012141
+---------------------------+
+-------------------------+
|                         |21221513
+-------------------------+
+------------+
|            |9762681
+------------+
+------------------------------+
|                              |25241426
+------------------------------+
+---------------------+
|                     |17428057
+---------------------+
+---------+
|         |7043029
+---------+
+----------------------------------+
|                                  |28788850
+----------------------------------+
+---------------------------------------+
|                                       |33115853
+---------------------------------------+
+--------------------+
|                    |16822391
+--------------------+
+-----------------------------+
|                             |25003902
+-----------------------------+
