+--------------------------------------------------+
|                                                 *|43962200
+--------------------------------------------------+
+----------------------------------------+
|                                        |35169759
+----------------------------------------+
+---+
|   |2637731
+---+
+---------+
|         |7033953
+---------+
+-----------------------------------+
|                                   |30773539
+-----------------------------------+
+---------------------+
|                     |18464124
+---------------------+
+------------------------------------+
|                                    |30773541
+------------------------------------+
+--+
|  |879246
+--+
+-----------------+
|                 |14947148
+-----------------+
+---------------------------+
|                           |23739587
+---------------------------+
+----------------+
|                |13188661
+----------------+
+-------------------------------------------------+
|                                                 |42203713
+-------------------------------------------------+
+---------------------------------------+
|                                       |34290515
+---------------------------------------+
+----------------------+
|                      |18464125
+----------------------+
+-------------+
|             |11430170
+-------------+
+------------------------------------------+
|                                          |36049005
+------------------------------------------+
+-----------------------------------+
|                                   |29894297
+-----------------------------------+
+-+
| |879244
+-+
+------------------------------------+
|                                    |30773542
+------------------------------------+
+--------------+
|              |11430174
+--------------+
+-----------------------------------+
|                                   |29894298
+-----------------------------------+
+-------------------+
|                   |16705636
+-------------------+
+------------------+
|                  |14947150
+------------------+
+----------------------------------------+
|                                        |34290517
+----------------------------------------+
+-----+
|     |3516978
+-----+
+-------------------------------------------+
|                                           |36928250
+-------------------------------------------+
+--------------------------+
|                          |22860342
+--------------------------+
+---------------------------------+
|                                 |29015052
+---------------------------------+
+-----------------------------+
|                             |25498076
+-----------------------------+
+-------------------------------------------------+
|                                                 |43082954
+-------------------------------------------------+
+--+
|  |879246
+--+
+------------------+
|                  |15826391
+------------------+
+-+
| |879242
+-+
+-----------------------------------+
|                                   |30773538
+-----------------------------------+
+--+
|  |1758488
+--+
+-----------------+
|                 |14947146
+-----------------+
+-------------------------------------------------+
|                                                 |42203713
+-------------------------------------------------+
+------------------------+
|                        |20222614
+------------------------+
+------------------------------+
|                              |26377318
+------------------------------+
+---------------+
|               |13188659
+---------------+
+-------------------------+
|                         |21981098
+-------------------------+
+-------------------------------------------------+
|                                                 |42203713
+-------------------------------------------------+
+---------------+
|               |12309417
+---------------+
+---------------------------------------+
|                                       |34290516
+---------------------------------------+
+--------------------------------+
|                                |27256566
+--------------------------------+
+-------------------------------------+
|                                     |31652785
+-------------------------------------+
+---------------------------------------------+
|                                             |38686737
+---------------------------------------------+
+-------------------------------+
|                               |27256563
+-------------------------------+
+------------------------------+
|                              |26377319
+------------------------------+
+-------------------------------------------------+
|                                                 |42203714
+-------------------------------------------------+
+-------+
|       |6154708
+-------+
+-------------------------------------------+
|                                           |36928250
+-------------------------------------------+
+----------------------------------------+
|                                        |35169758
+----------------------------------------+
+-----------------------------------------------+
|                                               |40445226
+-----------------------------------------------+
+----------------------------------------+
|                                        |35169758
+----------------------------------------+
+--------------------------------------------+
|                                            |38686734
+--------------------------------------------+
+---------------------------------------------+
|                                             |39565980
+---------------------------------------------+
+----+
|    |3516976
+----+
+------------+
|            |10550927
+------------+
+-------------------------------------------------+
|                                                 |42203714
+-------------------------------------------------+
+-------------------+
|                   |15826393
+-------------------+
+-------------------------------------+
|                                     |32532028
+-------------------------------------+
+--------------------------------------------+
|                                            |38686734
+--------------------------------------------+
+------------+
|            |9671685
+------------+
+----------------------------+
|                            |23739590
+----------------------------+
+------------------------------------------+
|                                          |36928248
+------------------------------------------+
+------+
|      |4396222
+------+
+---------------------------+
|                           |23739588
+---------------------------+
+--------+
|        |7033951
+--------+
+---+
|   |2637732
+---+
+------------------+
|                  |15826390
+------------------+
+--------------------------------------------+
|                                            |37807493
+--------------------------------------------+
+-------------+
|             |10550930
+-------------+
+--------+
|        |7033951
+--------+
+----------------------+
|                      |18464125
+----------------------+
+----------------------------------------------+
|                                              |40445222
+----------------------------------------------+
+----+
|    |2637733
+----+
+-----------+
|           |8792441
+-----------+
+---------------------------------------------+
|                                             |38686738
+---------------------------------------------+
+--------------------------------------+
|                                      |33411271
+--------------------------------------+
+---------------------------------+
|                                 |29015050
+---------------------------------+
+------------------+
|                  |15826391
+------------------+
+--------------------------------------+
|                                      |33411270
+--------------------------------------+
+------------------------------------+
|                                    |31652783
+------------------------------------+
+-----+
|     |3516978
+-----+
+-----+
|     |3516977
+-----+
+----------------+
|                |14067902
+----------------+
+-------------------+
|                   |16705635
+-------------------+
+---------------------------+
|                           |23739588
+---------------------------+
+-------------+
|             |11430171
+-------------+
+--------------------------+
|                          |21981101
+--------------------------+
+-------------+
|             |10550929
+-------------+
+--+
|  |1758487
+--+
+-----------------------------------------+
|                                         |36049003
+-----------------------------------------+
+------------+
|            |10550928
+------------+
+----------------------+
|                      |19343368
+----------------------+
+-------+
|       |6154707
+-------+
+--------------------+
|                    |17584879
+--------------------+
+------------------------------+
|                              |26377318
+------------------------------+
+-----------------------------------------------+
|                                               |41324466
+-----------------------------------------------+
