Case #1: 0:f:0:8:e7::
Case #2: ::3b:0:2a:0
Case #3: d80:b2:0:1acf:0:ab:1b:64a
Case #4: 0:5593:de42:b:8e06::
Case #5: ::3:0:3e1:31:2a42:e61
Case #6: 0:0:e8::f5:ce8:0
Case #7: 0:c:1:5506::6:0
Case #8: 0:c4:0:5062::
Case #9: ::d:3a:0:0:3
Case #10: ::6c:8f:1d6d:0:d5:a3d
Case #11: e4:0:e:e903:0:1c80:e7:0
Case #12: 0:0:856::
Case #13: ::9ccd:0:2:0:87:0
Case #14: 0:0:0:7369::
Case #15: 0:a9ff:70:6::2:0
Case #16: ::4ed8:0
Case #17: f65c:d:0:51f5:0:d1a:3:0
Case #18: 8::e:0
Case #19: 0:5:0:2d:0:663::
Case #20: 0:3c00::5:0:64d:3d
Case #21: 1ee9:0:0:61::a98a
Case #22: ::fb:2:686b:5:0
Case #23: dc65:0:0:a3:2f47::
Case #24: db:d:8af::5:0
Case #25: 0:bd:0:f280:b66:e5e:8:a
Case #26: ea82:f12:c20:3a:bf:0:cc57:1a31
Case #27: 0:0:e299::f1a:beb:0
Case #28: 0:6637::17ad
Case #29: 0:8a0::130:92d:0
Case #30: 0:c61::289c:0:0
Case #31: 4:2f:6f:0:6:c1:6e8e:0
Case #32: ::4d:0:ad9:b850:3:e
Case #33: 92::5dbd:0
Case #34: c164:d1:0:2:0:e062:0:b5
Case #35: ee:0:0:d31:f5fe::
Case #36: 0:5:18::6d96:e:9
Case #37: 0:1:0:b7b6:0:7:0:9
Case #38: 869:0:c807:0:f:eebc:508:0
Case #39: 59::5f00:0:b14:0:0
Case #40: d:0:0:174:5b2a::
Case #41: ::67:0:ef21
Case #42: 2:0:eb80:26b2:0:a135:0:914c
Case #43: 0:d8:0:0:2b::
Case #44: 0:d1f:0:b34:0:252b:e:0
Case #45: ::352:0
Case #46: 0:0:2df::6f0d
Case #47: 7c:24:ce38:0:d47:fc:8:0
Case #48: ::c:0:d0e:0:5:0
Case #49: 0:2c1:0:4:f8:c312:0:6
Case #50: f::d1:b3
Case #51: 3338:d:f:0:e:59:b:0
Case #52: 0:0:d4::83b6:0:0
Case #53: ::cb2e:949d:0:7:409a:46
Case #54: 0:47:26:0:744f:b:c04c:18
Case #55: 107:0:11:d:0:b2::
Case #56: 8c2::f1:535:65:63:7
Case #57: 5:ff:0:8a:0:a:0:55
Case #58: ::68:8:0:a2b:9ab:1e8
Case #59: 28f:b549:0:0:96da::
Case #60: 8:ca:0:84b:2:0:5b12:85
Case #61: c33:0:0:bae4::8e
Case #62: 9c9d::
Case #63: 0:0:4::80:e3e:717e
Case #64: 0:a:41f::f0b
Case #65: 0:92b:0:0:6::a6
Case #66: 0:390:0:a63:0:1408:0:946c
Case #67: a:b:0:ea0:0:259:387:0
Case #68: cb6::d6a:ad:2ba:0:98
Case #69: 8:0:3::264:0
Case #70: ::4786:0:0
Case #71: 7d:0:a::9:0
Case #72: 0:49ca:a17:0:c14::
Case #73: 4:3b:0:0:676::
Case #74: 0:eb::8f:518:34:0
Case #75: 0:ab:662:a::c:e348
Case #76: 0:0:0:8df0:7::
Case #77: 2:9::9:0
Case #78: 3:0:17:3d::f:0
Case #79: 33:0:de2:3879:0:901::
Case #80: 0:88bd:8:0:fb7::
Case #81: 0:ab97:8e:d1d0:0:3e53:6c:2
Case #82: e7f:7d:5d9:0:a32a:0:ce:3
Case #83: 0:918::
Case #84: 3:0:64::9f:0:0
Case #85: 167::25:d80:66eb:0
Case #86: e:dc::b3:617b:0:0
Case #87: 7a:2b8::541:0:41
Case #88: 9:2:93e9:954c::4:0
Case #89: 0:8677:86:8964:9ddc::
Case #90: ::f7:4a:ff28
Case #91: 0:bfe:b33:19::df96:0
Case #92: 7::c7:a7ca:c9:cd
Case #93: 0:e:a51b:e6:0:2b7::
Case #94: 758c:d60:fa:0:86:0:b:5565
Case #95: 4f:2c5:c20:0:f:e0:0:1572
Case #96: f8:0:88:7b::7c9:0
Case #97: 61:8:b51a::64:7:b299
Case #98: 0:4b:0:ee:9::
Case #99: 0:6f2b::fc1:0:fc36
Case #100: ::b69b:f38c:0:0:e
Case #101: 0:0:fb:0:7d0::
Case #102: ca:e0::731:cc:0:7
Case #103: 0:0:32f9:b4::e742
Case #104: 9:9::c:2:3727
Case #105: 0:52::57:a2:0:0
Case #106: c7::e0cc:0:64d:0:fe61
Case #107: 509:526b:c74::65
Case #108: 3c:81eb:0:a:57c:a932:68:0
Case #109: 0:b4:0:271a:590:594:1c65:8
Case #110: 0:f:bcc:b1:8535:9:ca8:88c7
Case #111: 5:0:0:e::ef3d:1d9
Case #112: c75:79a:271d:7::62bf:75b
Case #113: d66:684:248:7:7:6:35:c
Case #114: ::d:0:0:2f6:77e
Case #115: 9:db:c95b:a2:2c9b:75fd::
Case #116: 0:b:96ff:2::2
Case #117: 0:769:e15:e243:44c::
Case #118: 0:4f2::c7f2:8:0:0
Case #119: 0:0:cb::51:4
Case #120: 5f::a:0:0:0
Case #121: ::d411:0:11:50e:2:0
Case #122: 5e1:a6f1::1d40:d
Case #123: 0:94e3:0:11:f2c3:0:b8:0
Case #124: b1:c:24:8d7::2e
Case #125: b:6a::7e
Case #126: ::a1af:980:0:b
Case #127: ::e810:83:6827:bb:0
Case #128: 0:31:cd:0:837:962:0:d
Case #129: e01::
Case #130: 0:0:cf2:0:d::
Case #131: b3:6:9030:0:1b1:0:9:f1c2
Case #132: 9eb7:e3a::9
Case #133: 0:d24:c7:0:b::285
Case #134: ::6:b9b2:0:2549:9f2
Case #135: 4bca:0:0:1c::32:0
Case #136: 0:e53:4::bddb:1:13
Case #137: 11fc:0:cc40::d7f:0
Case #138: 64ff:f377:7::
Case #139: 0:91d:4:e:862e:0:1da6:0
Case #140: 0:b15:0:6ad:ae41:0:e20:e
Case #141: 0:ae3f:72:17:8:84a:7d:0
Case #142: c57:d7:b087:e8::c3c9:0
Case #143: 466:a7ca:a:9::a
Case #144: 0:d3e9:3f:679:0:7b4:bd:0
Case #145: ::71dc:5f4:0:487a:94:0
Case #146: 0:b226::7064
Case #147: ::c95:0:55:80:3c
Case #148: fe3f:84::ecff:0:74a5:0
Case #149: 323:0:6:2694:e2:0:ab62:3
Case #150: 5369:0:e53:9bf::
Case #151: ::de9:4989:2155:0:0
Case #152: 6b:0:b3:0:28:e90:95d:6e7
Case #153: ::93:e:0:7c:0:4b
Case #154: 0:9804:c1::af:9cc4:0
Case #155: 0:695:ca:7::1:0
Case #156: 88b6:0:b::4:49c9:0
Case #157: ::fd:0:0:0
Case #158: 0:7954:1def::4336:d5db
Case #159: 0:e:0:c9::fe:4
Case #160: 0:5e:8:bea0:f1:a3:c:37
Case #161: ::8dc:0:6d0:ad:f027
Case #162: 0:0:1::5e3:b3:0
Case #163: 1e5:0:0:26::
Case #164: 0:7aea:db:63a9:0:dc:8880:4d
Case #165: a22:0:7:0:516:d61f:0:2
Case #166: ::35f2:0:4:0
Case #167: 5cf::b9ac:32f7:11f:0:0
Case #168: a229:de::467e:e045:0
Case #169: 1:0:a1:34:0:5d40::
Case #170: d3::5098:0:d70
Case #171: 3fc7:a:d:5e69:e:0:140:c500
Case #172: f:b9f1:ea54:dad:0:ae1:0:1f8b
Case #173: 79c9:d1e2:0:e8:19:0:cc65:0
Case #174: ::f936:2:e0:0:ac:0
Case #175: ::7:ddf:0:6b40:0
Case #176: e7:2d0d:3c0f:5:df4e::c21e
Case #177: 0:3738:0:b65::1034:3
Case #178: 20c5:d51f:9a:0:b9:c67:0:1d
Case #179: 9347::7d21:0:0:62a1
Case #180: b5::
Case #181: ::66:abf:4d67
Case #182: d:0:0:eb::8:500
Case #183: 9ff:3a8e:47:f59::3d
Case #184: 8b:36:55:116f::f938:f4d0
Case #185: 0:8:0:4c1:2fe:aa::
Case #186: ::4b10:aa99:f:0:1b8:0
Case #187: 4:3:e9:0:b:ccc::
Case #188: a468::f89a:0
Case #189: 0:7777:0:a::
Case #190: 6:0:0:7c9e:f421::6f
Case #191: ::7a:9b8:d01e:1e:d08
Case #192: f4ba:4c7:67d::183:0:0
Case #193: 0:9d::e:ef48:c5cc
Case #194: ::6:b:d:0
Case #195: 0:3aa:0:a660:44:2a6d:6e0a:0
Case #196: 0:2fc:0:0:c::5a7
Case #197: 0:f1:0:cb:9cd::9ba9
Case #198: 0:333:6::d
Case #199: 3::fe9:0:d9d9:aa
Case #200: 3:0:6b::803:e67d:d
Case #201: d176::7:0
Case #202: d6:0:e9::dd3:0:813e
Case #203: b880:fea4:82:7:b78:a8:6d4:6
Case #204: 1744::d9:5fa:736:1f:6264
Case #205: 0:34f:0:812e:1:4fd:a47:41
Case #206: df:0:0:cbe::e975
Case #207: ::f552:9781:7a6:0:4b5
Case #208: ::
Case #209: ::17c7:d309:2d9
Case #210: 16e:65f5::
Case #211: 0:0:3e:cb::
Case #212: 66::5717:51:189:d5f1:0
Case #213: 8a::def2:0:c2:c:19f7
Case #214: 11c::e:d91:696
Case #215: ::1640:3f72:89:0:a:0
Case #216: 0:a5:6:70d6::d64f:0
Case #217: 0:d::42a:0
Case #218: 0:e2a5:40::75:0:88c
Case #219: ::b80:6:96d:9:0:6d2
Case #220: ::7d:d181:12:0:be:f02e
Case #221: 22b:0:0:84e0::8:0
Case #222: 0:0:bef::f0:0
Case #223: b1f4:239a:d1:0:e7d8:c::
Case #224: ::dd:0:49:e05:a4:84
Case #225: f61:fd:0:97e0:0:2b7::
Case #226: e1:ad51:a07c:42f::fae6:0
Case #227: ::c4:d1
Case #228: 0:391d:b9::8fdd:0:0
Case #229: 0:6ef:0:fcad::99a:0
Case #230: 4:f::58:64df:0:8f7
Case #231: 0:0:6:7b6::d3ca:b7
Case #232: 0:0:a:82:0:9::
Case #233: 5ff:e2:5da::c:0
Case #234: ::46a:0:711:0:b94:6b2
Case #235: ::3d6f:368:f1:c
Case #236: ::4705:0:0:a3d
Case #237: 0:f11:0:7c::edc7:0
Case #238: ::366a:4:0:36:0
Case #239: 35a::e23d:0:422:fce2:0
Case #240: ::240:3:0:ef0:d6fa:eec8
Case #241: b33:75:0:1c:7:5::
Case #242: 0:c069:0:36c:0:9:179:0
Case #243: ::a:8:0:0
Case #244: ::b:3:d:8:0
Case #245: 0:0:4c::c:c566:0
Case #246: ::52:cdc:1:0:0
Case #247: 4:5c:0:e6:2:0:222:0
Case #248: 0:15cf:9a::92
Case #249: 8:0:a:f::80f:0
Case #250: 0:3ae::e:18e2:a158:70
Case #251: 1:7ecf:0:be:bd::
Case #252: 0:ba8:0:2f:af73:822:2:0
Case #253: 0:73b::ecf5:0:1:0
Case #254: 0:0:0:3e80::de
Case #255: 51::6dfe:0
Case #256: cf:b3d:7fc:711:8:a:d:b57e
Case #257: 53f:b:fb:0:f:0:9c:a27c
Case #258: 5:38f8:226:dfb:0:5b:1a29:0
Case #259: ::7765:0:828:0:0
Case #260: ::878:9408:506
Case #261: 0:6cbc:0:0:d5c::3
Case #262: ::bc7:0:3f
Case #263: 5:5b:58a:0:d:1:be0e:0
Case #264: ::c63:f:0:e5:0
Case #265: 0:d9b0:0:77ae::e:9
Case #266: ::ed3:9a7c:b7:a8:0:a
Case #267: 0:0:6da:6:eda6:da::
Case #268: ::5a9:2:7e:e528:0:5a
Case #269: 0:b89:4468:0:3:e449::
Case #270: 3:6640::b:6fcc:0
Case #271: 0:d79:d95::98:df8:ba
Case #272: 56:f2f:0:b6fd:92:f6:7e:c
Case #273: 0:851:3::b:0
Case #274: f79d:1b:0:0:c::4f
Case #275: ::849:57:0:e70
Case #276: ::b1:4:0
Case #277: 5d:5:0:898:0:b3:0:84
Case #278: ::3:22
Case #279: 0:117f:0:e1:0:f94f::
Case #280: ::82:0
Case #281: cfd6:1bc:c2:0:d:0:b:b7e
Case #282: ::b36e:3a1:97:0:0
Case #283: 3b:69:b::50:0:270d
Case #284: dd:e5:e18::df:59
Case #285: 0:8882:5e::b63c:0:0
Case #286: 83:0:38:1708:0:1:4d:0
Case #287: 0:0:4d::2:f4
Case #288: ::e6:7ab0:0:0:f5
Case #289: 15:0:13::2:f:0
Case #290: a:0:b:707:43a:f::
Case #291: ::2526:0:5:0:7:0
Case #292: ::95b:0:a:0
Case #293: 5:ea:3d5::
Case #294: 37:78:0:8c51:c6::
Case #295: 2b:d:bbb:c:0:e2:0:4d
Case #296: 0:e4d7:0:f:0:44a::
Case #297: ::f:0:0
Case #298: ::b7e:0:6374
Case #299: 0:0:57a:0:7561::d
Case #300: f3f:82:0:5:0:f:1:d8
Case #301: ::5:54ab:0:a:2
Case #302: ::d7f3:0:0:7:0
Case #303: 0:9:cba:0:997:0:372:5
Case #304: 0:0:f9c9::d52:81:d0
Case #305: 0:e::182:58:eb5
Case #306: 0:4d1d:b3e:3:0:bfc:440:2
Case #307: ::bf9c:0:6:85:3
Case #308: 19c:5:0:e3:0:5:826:f6f
Case #309: e78c:99:0:5:0:ddd::
Case #310: 9::2e:8a:0:1d:1
Case #311: ::be:0:0:d:83
Case #312: 0:6f4b::ed1:0
Case #313: 0:a2:8:0:a6e5::f
Case #314: 0:0:62::6fa0
Case #315: 0:a4c:0:6:37c5::
Case #316: 6:0:6fc:b3b:0:e33:0:edb
Case #317: 0:56::f0d:c1b7
Case #318: 876:9f12:0:1:f:0:80a6:0
Case #319: 63::4e9c:0:0:b3
Case #320: ::845:2:0:7:9:97
Case #321: 0:0:1f:0:1::
Case #322: ::2:0:59b3:0
Case #323: b277:0:e::e0a0:e1
Case #324: 2:b643:13eb:be:48a4:82f:0:c1
Case #325: 12ca:0:8f::11:0:4b58
Case #326: d74:14a:7:863:0:51::
Case #327: df:1:5:449:d9:7e96:7830:0
Case #328: 0:0:0:52::5c
Case #329: 24b8:0:a3:4f13:0:86f:ec:5a46
Case #330: fa:0:0:54ac::
Case #331: 0:f4:0:c167:27:8e:c:0
Case #332: e:42:fda:1ef:748::ac2
Case #333: 0:0:fc34::2b:b2b:dce
Case #334: 3287:ea7:0:b1::7:0
Case #335: 0:a:16fb::c
Case #336: abc2:0:1f81:6e:41:6:8:4e5
Case #337: 7f9:0:af6a:e:0:3:0:744
Case #338: 0:b1:0:d57c:4575:2c44:9:0
Case #339: 3b73:29:cc::b472:f9
Case #340: ::bd8c:c:ba59:0:49b:0
Case #341: f95:0:0:e8f::
Case #342: 6f::886:7c7:0
Case #343: 0:a:3:0:618:1a6:0:e4fd
Case #344: 9d2b:4c6:eb::eee0:0
Case #345: ::e960:f2:bdd:0:60
Case #346: f8d::b6:0:0:3ceb
Case #347: 31:d5::b:5d9
Case #348: e:d7c:a:3fce:757b::e
Case #349: 0:0:70e4:0:caca::
Case #350: e8e3::1a2:c5e:1c1:27d4
Case #351: fe5f:e:2c:0:f13a:7c:1a:0
Case #352: 0:c0::55:0:0
Case #353: 7f:6:0:ffb4:37f:0:3:0
Case #354: 1d:19:0:b56:4d5:0:c166:2
Case #355: 0:3:69bf:bac:f7::
Case #356: 0:59f7::7c1:536:0:0
Case #357: ::839:0:0:0
Case #358: 27f:0:e91:fb::85:0
Case #359: 5::7:0:0
Case #360: ::e:0:45:0:9
Case #361: 9:0:1::1bf0:d0:c1c
Case #362: ::4e3:c67c:d02d:1dd8:0
Case #363: 2d:2:7a3f::be55:0
Case #364: 9a52:0:7c:70::
Case #365: 0:65b:f869:2::be:0
Case #366: c967:527:0:ca:9a65::a25b
Case #367: ce::d:57:0:e:9
Case #368: ::4:0:c60d:0:bd36:0
Case #369: 7c:37f5:c9:ff85::4ee2
Case #370: d:2d1:40e4:0:a17::a
Case #371: a7b:0:15:75a6:d:0:83a:e1d
Case #372: 8329:39d:88::79a:0
Case #373: ::a3:6239:8111:9e20:c
Case #374: 2108:0:0:cb:f::4ab6
Case #375: 0:0:cb::b210:40:9ed5
Case #376: e24::e23:0:ddea:0
Case #377: fc::5430:0:423
Case #378: 90d::
Case #379: 89f7:0:0:960::
Case #380: ae6:0:0:99b0::
Case #381: e9::77a6:0:0
Case #382: 0:0:f:b42::
Case #383: 0:0:835:3941::36
Case #384: 2::e:0:f47
Case #385: 0:0:cabf:0:ad2::54
Case #386: 0:3:d6:7:a::8bc2
Case #387: 0:72db:6e:c282:d0c0:29::
Case #388: 0:e:0:0:63::e462
Case #389: 7:0:4a7b:0:6ce::3633
Case #390: b:7d:b8ca:d88:ac9:0:58:6
Case #391: ::1:3:0
Case #392: 8:0:f::
Case #393: 73c:0:b2:d68:0:e5:0:6
Case #394: ::41:0:6f9c:0:8599
Case #395: 2:3d3::31a:18a:3:9b7
Case #396: 0:0:232:50::8b:0
Case #397: 0:0:cfc:51:58::
Case #398: ff3:7::5a6:0:0
Case #399: 0:0:e:4e:92::
Case #400: dc:0:923:31:0:d:0:6
Case #401: e2:d2:0:81b0:ab4:0:e:0
Case #402: ed9:f:0:e602::354
Case #403: 0:d7a:0:dfa9::
Case #404: 0:44e:9:0:83b::74
Case #405: e43:e82:0:da5:0:7:578d:0
Case #406: 0:b8:c:0:82:9a:b7:0
Case #407: 5f5:f4:0:ad:0:cea::
Case #408: a:4ac:0:afd:0:4:0:3
Case #409: 1fa7:0:d:53a::1:0
Case #410: 0:0:0:54::fd0
Case #411: ::44:0:c0:0:0
Case #412: 0:e50:6:fbb4:4fdd:8da:e:0
Case #413: 0:5:9fc:a9c:0:c06f:1:db
Case #414: b::ef:5f:6:ae3
Case #415: 0:b5:ca5::8fa0:d6:0
Case #416: 1ddb:5539:da::9:0
Case #417: 0:a49:cd:f528:0:cf::
Case #418: 6846:6a79:0:90:e7:c653:d432:0
Case #419: 0:0:82::9fe1:4:1ede
Case #420: ::f:0:0:9
Case #421: 0:0:f::722:fd0:0
Case #422: 0:fc9:16:df:a5:ce:c:1
Case #423: d64:4b::8d11:833:0
Case #424: 5d5:6::
Case #425: ::a775:f3c:c:d2
Case #426: ::4
Case #427: 0:4764:ab9::35
Case #428: 0:0:55e5::
Case #429: c:0:43:0:ced7::af8
Case #430: 66:7f77:de2::e:0:0
Case #431: e7::1f:988:0:2
Case #432: 0:c4d::d76:e:f:bf
Case #433: 2:0:0:16e::
Case #434: 0:4::d90:8a20:0:0
Case #435: 8ceb::576:0:c
Case #436: 4aa1:22::52:53c:7389
Case #437: 7::d92:f:c05:0:cb
Case #438: 4:1051:0:135e:0:3a98:a39:0
Case #439: 0:1::dc1:0:0
Case #440: ::c:a384:0
Case #441: ::ee4f:0:7:0:d:9f
Case #442: ::767:0
Case #443: 0:8:772:5::
Case #444: 9:0:6:0:7f8e::76
Case #445: 644::79:0:172:0
Case #446: 7ef8:9:0:48f::
Case #447: 0:e:731:da74:236:31:0:7f
Case #448: 7:0:0:6c3:3::
Case #449: 195:6347:0:4e::
Case #450: 89ba::6:f:a8:0
Case #451: 0:8e:f43:0:3:8::
Case #452: 0:b8:4d70:6::303:0
Case #453: b8:0:6::94a7:e109:0
Case #454: ::c:0:a0:1:0
Case #455: 7dab:90:26f:0:f1:ba::
Case #456: 0:a91:0:97:0:45:dc:0
Case #457: f::2:0:0:0
Case #458: 0:6:0:a::ec:0
Case #459: 0:6:b:2:3:0:d38:4de
Case #460: 0:25dc:c:4:0:758:0:2ad
Case #461: ::b:0:0
Case #462: 9a0:4::e133:0:e:0
Case #463: de38:2::5:b8:0
Case #464: c85d::
Case #465: 5f23::8:0
Case #466: ::d:0:f7:0:0
Case #467: 0:2:23:744a::
Case #468: 0:7cb5:4913::d304:1:3f78
Case #469: 0:4416::2:0:0
Case #470: e:0:5ecf::7496:0:9b6b
Case #471: a::60:0:7:737:0
Case #472: ::3d7f:446:ffc6:245:63:0
Case #473: ::d0:0
Case #474: 8c27:5:8b9:d7e:8ba::
Case #475: 1:d95:34bb:0:e:88c:b9:0
Case #476: 0:f:69::2c6:0:0
Case #477: ::aa1:c495:800e:0:7:6c
Case #478: 1ce:b79:0:fe11:2989:1:fa:0
Case #479: 1d2f:0:8c9:a87:0:6a::
Case #480: 0:44c:e80:bed::6769:0
Case #481: 0:df:0:7:7:b:0:86
Case #482: 4:d42:39:0:42f:a10:4f1c:0
Case #483: ::9d4:0:62c:0:0
Case #484: 4:f8c:0:0:3d::3757
Case #485: ::83c
Case #486: ::4:86:a6:32:e08
Case #487: 0:ccc3:0:2:da::
Case #488: 0:40c:0:c83d:0:d0:64:33
Case #489: 0:92:fe:69f:a7:d1e8:68:0
Case #490: 32:0:64d:3:37a4::e
Case #491: 6dc0:80:4e26:d8ed::8160
Case #492: 77::4dd9:2c5e:5560:45
Case #493: 5ed4:0:f:3:66::7490
Case #494: 8ec:0:2af4:6f61:ef:ca:311:6d0
Case #495: a47:0:0:be1b::c
Case #496: 0:94ba::670c:48c
Case #497: ::ea:6085:0:d057:cd74:e74
Case #498: 0:f:a4:7:f2:987::
Case #499: 81c5:0:0:23::e3:0
Case #500: 0:33a8:e83f:d3:e59:0:b1e:0
Case #501: 0:c2:b66:0:c852::
Case #502: 0:35:0:1d::42e:0
Case #503: c85:0:63c:a::276
Case #504: 0:b4::9363:0
Case #505: 0:26:23::
Case #506: 0:0:b:5:aba::
Case #507: e:37b8::55d:c:0
Case #508: 1af4:f4:a3e9:8:ddf::
Case #509: 69:0:2::d241:0
Case #510: 0:a5::ab8:f4da:ea:0
Case #511: ::d02:0:0:9a:2
Case #512: 0:0:0:87::44
Case #513: 0:20::93d1:cf:0:0
Case #514: ::4556:0:83e:0:7c
Case #515: 0:0:2::b7e:0:0
Case #516: 2:0:37::ef:0
Case #517: b37:ca:7a:a:c267:0:ae69:fb
Case #518: b210:0:0:d67d:5::bbe8
Case #519: ::
Case #520: 0:fb08:0:4bd9::2d
Case #521: 3e7::c95:b95
Case #522: 5d:cc:0:0:3::7
Case #523: 0:0:0:3af::
Case #524: cbfc:738:0:83:0:2b5:0:aae
Case #525: 0:8055::50
Case #526: 0:c03:9:9::
Case #527: 0:395:0:9:3ef1:277:a24c:0
Case #528: 5c3e::19b6:b:0
Case #529: 0:0:6::
Case #530: ::72:0:4d2e:a:65bf:0
Case #531: 0:ec04:fe68::b8:0:0
Case #532: c::fee:0:0:d
Case #533: 5c8:0:c3::f44f:3
Case #534: f2b:43::f34:0:947:0
Case #535: 3a:0:0:3:1e::f2
Case #536: 0:6:0:c:b41::2a
Case #537: 0:f2d::c3:0:0
Case #538: 0:c58::f75:bb:0
Case #539: 50:c5:e1:80::
Case #540: 0:f21:7933:3::
Case #541: ::915:0:8f:0:be5a
Case #542: 0:aed4:c:e:4:0:2e:0
Case #543: c:0:0:3::d7:a9af
Case #544: 0:0:a9:0:3a7:980::
Case #545: 0:9:0:6d07::
Case #546: 0:cfa::9a76:2:9
Case #547: f:0:0:b41f::b78:c1
Case #548: ::98e:148:5e2:0
Case #549: ::e0:0:c1f7
Case #550: 287:0:0:b27:b::be89
Case #551: 0:0:3fc:a7::e
Case #552: b:23:eeea::7c6e:c7b
Case #553: ::7:feb8:77a8:0:6a
Case #554: c11::7:0:3074:0:d
Case #555: 8:0:6::
Case #556: dfcb:0:af0b:6::
Case #557: ::831:85e:0:0
Case #558: a63a:f651:7963::
Case #559: 0:41:0:6603:6a3::
Case #560: 0:3f88:0:2693:7:94:c115:0
Case #561: ab::825:e:46
Case #562: 0:0:3d92::
Case #563: 0:0:b:2baa:63::
Case #564: ::4:7a:dc:0
Case #565: ::5833:8b3:fb:0:7
Case #566: 8122:4f3:2e:0:e:9:d41:0
Case #567: 0:cf:1c:805d::3
Case #568: 0:a6:a99:96b:6eb::4ee
Case #569: a:7f8b:8448::f294:0
Case #570: ::97:4
Case #571: ::f5:0:0:5a9
Case #572: 6::62:f0:9b
Case #573: 7:0:a:83:0:b1:0:c
Case #574: 0:8:0:7dc:0:83:798f:82
Case #575: ::b5:0:c8:0:1
Case #576: 0:a3::11c8:6:0:4711
Case #577: f:edfa:f:c8c7::9e1
Case #578: ::6624:304:9de:0:e02:842
Case #579: 5:0:8:0:1f::
Case #580: 0:0:7d::4f7:78db:0
Case #581: 0:0:6680::18a:400
Case #582: 0:44c6:a::c
Case #583: 1d:0:71:0:7f6::
Case #584: 0:2a46:9e9:0:9f:2:0:e
Case #585: 4c0a:0:d8f:296:0:6d7:3:0
Case #586: 41d6:980:f111:6fc::
Case #587: 5a0:0:b73:0:a:22:0:e4
Case #588: b:2b01:b5a:0:e2e3:0:b5e3:0
Case #589: 5169::7:0
Case #590: 6c::838:fd:0:350
Case #591: 9::b591
Case #592: 0:0:2:2d3:0:8d10::
Case #593: e:5::5f8:1963:0:0
Case #594: 66f:ebe3:3b4b::97
Case #595: ::de64:4e7:302f:0:329c:0
Case #596: 6:0:423:0:e98f:1:f3:0
Case #597: ::7245:0:1c7c:8757:ee61:0
Case #598: 0:8a6e:1973:a92d:1072::b826
Case #599: ::ee5:8:3:0:dcc6:61
Case #600: c3:0:d92f:1:0:8fe:841e:0
Case #601: 0:0:bf3:0:55ad::c9
Case #602: 0:0:3::4a8d:0
Case #603: 28b:0:8:374:0:e:a27f:f7e6
Case #604: 418:0:b75a:dd96:7b91:dcb:5d0d:0
Case #605: 749:1:cf5:6::
Case #606: 4d7:5:2:0:64e:9::
Case #607: ::aede:991b
Case #608: e:af5c:0:ff::
Case #609: e020:9b::d253:3af4:2:0
Case #610: 1e0:c:0:1369:0:9c:9:0
Case #611: d10:0:edbc:0:e4::
Case #612: 9eb:3144:8a3b:c50:8:6:0:8df
Case #613: 0:a6f9:f94c:0:2824:35:0:f09
Case #614: 0:0:95d6:a:d5a::
Case #615: 740:9::22:26d:b0e
Case #616: ::
Case #617: cbf:83f:0:c::1dcd
Case #618: b2c:0:0:1:92c4::
Case #619: c:7e19:2:26:1a::
Case #620: 0:58:95::1:6598
Case #621: bb9:0:0:7::c:0
Case #622: 0:a2:877:a:9:21f:3:0
Case #623: 0:1e:3::7e1b:8be:0
Case #624: 0:f:0:f::c:7
Case #625: 0:2e3:c8:5:0:c:d:5ed1
Case #626: 4:3063:0:174:0:1:d6:1f31
Case #627: 0:0:0:9622::d33
Case #628: a5:8:4:cb61:0:23::
Case #629: f:b5::3040:8f:de:6
Case #630: 2c:0:8c3:0:4b:a60:0:4
Case #631: 5:2b7::24:0:4e
Case #632: 1c::6:e0c
Case #633: 25:15:c4::ce2:0:0
Case #634: ff3e:0:0:a::11ff
Case #635: 71c:c:0:deb:85:9531::
Case #636: eb9:0:e:add::2b4:baf
Case #637: 0:5e7:0:91::6
Case #638: 0:adb3::b3:d:0:32
Case #639: 5:411:6f2:a08::ec:0
Case #640: 6cc:7::d6f5:a:4c76
Case #641: 6ee9::a2:e8a8:0
Case #642: ::4cf8:0:e:9:521
Case #643: ::9:93f:d0:4afe:0:ac8
Case #644: 7d:548:0:0:7da3::
Case #645: ::793:5f:a:0:3c:0
Case #646: 5::9:0:0:0
Case #647: 3f:ef:c0c8:d4d8:bd9:0:3:0
Case #648: 0:c:5::30c6:0
Case #649: 5b7:0:e7:ae8:0:1::
Case #650: b:36b:0:d:0:c647:0:363
Case #651: ::e0:ea:0:49:0
Case #652: 0:0:99:2a::2:28
Case #653: 21e:9:0:d:0:fa:c0:8
Case #654: d4:51:f:0:27:0:42:c92b
Case #655: ::91e:0:0:0
Case #656: ::46d:76b8:0:0:4b
Case #657: 0:6b4c:362c::6
Case #658: f:7586:d886::95b:b:b
Case #659: 0:0:8b::87:0
Case #660: 0:97d:59:0:be:ad60:e4e:b
Case #661: ::c9:977:0:ef44:3a5b
Case #662: ::a7a2:781
Case #663: f2::4:0:9179:0
Case #664: d:0:41::
Case #665: 0:2ac:0:f3:492c::ad6
Case #666: 0:bb:0:5::f5:0
Case #667: b:0:9d6:e972::
Case #668: 96:6:69:0:b:245:c:0
Case #669: f3:3fa3:71:b:db7c:0:b84:1b51
Case #670: e631::8:0:8d9:0:0
Case #671: b8b7:1:0:86::
Case #672: 0:f:a509:17::
Case #673: ::f:2:d:5b4:14
Case #674: 476:0:be3:0:4::
Case #675: 6d:0:0:f::780:0
Case #676: 0:f9e6:ef::2:0:0
Case #677: 7::5:0:6e7:0:0
Case #678: e:0:e97::5dc:9482
Case #679: 9cc2:f1:f3b9:931:3::d5cd
Case #680: 222:74:17:0:82d::272
Case #681: 0:a:d::e71:2d9f:0
Case #682: 0:3044:9c63::9dd:1
Case #683: ::1:33c6:9:e:5
Case #684: ::46:0
Case #685: 6f20:0:b3:82::5
Case #686: 0:1d5:0:dc5:0:a4:0:644
Case #687: 0:fbe::832a:0:fd91:0
Case #688: 0:5126:0:8:811b::
Case #689: 123:2:a8b1::4de
Case #690: 0:c018:0:5f7:4:2:5ff:cfc0
Case #691: b0:e27:0:b863:193::
Case #692: ::e7:e6:5:0:5b9:0
Case #693: 14d:0:a9d:a47:14:0:b:0
Case #694: 0:1:7:0:10:0:f:56e3
Case #695: ::e446:0:0:0
Case #696: ::2:0:0:90aa:0
Case #697: 9:35:65:b3bd::
Case #698: 17ad:63b9:0:77:d0:49:136:0
Case #699: 0:0:aa74:0:f::
Case #700: ::d0f8:1:7:29ee
Case #701: 0:4c:0:82::cc70:1a6
Case #702: 0:6::5487:a97:0:0
Case #703: 0:27:624:c:d679:5871:ef90:0
Case #704: 7f1:87c6:4::1c7:2:2dc
Case #705: 0:0:4bc7:0:507:624e::
Case #706: f4:0:5a99:5:9:0:9e3:3823
Case #707: 0:0:10::d
Case #708: 0:0:f::d:0:2113
Case #709: 99e:0:107:9:8d:39:cf:30
Case #710: c:6a00::2
Case #711: 2f4:0:a6::f8d:0:0
Case #712: ::3:0:0:6:0
Case #713: 47f:0:1611:92e:724:0:1ed:0
Case #714: 0:cfc:0:9fba::64:0
Case #715: 0:0:f33e:af52::
Case #716: b865:0:0:d1ef::65
Case #717: 6:0:48b:d8cc:42a:c15:0:6e2e
Case #718: 5c7a:8cf8::29:0:e1:a70
Case #719: 8a7:0:8::6c:0
Case #720: 0:7:2e::9:3af0:0
Case #721: d8e7::8:0:0
Case #722: ef4:b1:b:0:5abe:0:fd:8
Case #723: 0:9:0:8:24::5b
Case #724: a:524:b:70fe:0:c2f2:d6b:3e52
Case #725: 0:293:52b:3:0:3310:0:ff90
Case #726: 0:f:8::dc:0:0
Case #727: ::14a1:0:deb7:0:0
Case #728: cb::5:0
Case #729: 0:0:19:567:a:1730::
Case #730: ::2b:3139:d
Case #731: 0:0:2:4780:0:67c::
Case #732: 94:a43:a:de:0:3568:0:7c0
Case #733: 138:1:75::
Case #734: 0:0:d:1::e
Case #735: 0:26b:a4:0:603:97:0:776
Case #736: 6::c:f:0
Case #737: 488:0:7:9bf::ca5d:0
Case #738: dad::9b2:8772:e:e:ba
Case #739: 66af:0:9::f7fb
Case #740: 14ba:0:cf2e:901c:7:e6fb:0:f7
Case #741: 918:eb:b::ceb:40:0
Case #742: 773:92f::dc:f:0:3
Case #743: b975:0:57aa:a63:d910::c
Case #744: 0:f3::e6d
Case #745: ::3d67:9e0:c71:0:0
Case #746: bac:0:5b::3b:ba90:43c
Case #747: 0:cc8f:1499::3
Case #748: ffe:fd:0:5f:0:a1f:be4:fd
Case #749: 0:0:8:e:327::
Case #750: 0:0:2:f3:d2:37d::
Case #751: 7f2:0:f1:17::f:50
Case #752: 7:0:a71b:0:ab:0:f:0
Case #753: 0:0:0:8:f::
Case #754: 68:c9e:4f75:ce:8249:0:1e:0
Case #755: 4cb2:0:d68:cf::
Case #756: 43::6a6:0:a16e:b964:0
Case #757: 0:c:f9:53ff:0:3ec:5a:ef51
Case #758: 4:6:cea:0:92:209e:0:384e
Case #759: ::bbd:358:0:bb:3a:0
Case #760: 0:5bd6:2543:c:9:0:1e:0
Case #761: 1a:6:d::c9:0:6352
Case #762: 1238:0:f5b3:b:4:a39e::
Case #763: 9f::8b50:9:6b
Case #764: 0:0:171::d9af:0:b
Case #765: ::a:0:e6f:127f:43b9:0
Case #766: 0:e1:0:7:cbe:1::
Case #767: 0:3ce3:9f:0:d:9e:0:1
Case #768: 5:1ba:dd3::e4:0:0
Case #769: 4e7:0:a:d6::c3:0
Case #770: 6::
Case #771: 0:72::6f:0
Case #772: 0:e::88:0:6f
Case #773: ::e7:0:0:0
Case #774: ::4ffe:27:7c3d:d:9:e0
Case #775: 0:b35:8::
Case #776: 3d4::f24:b75
Case #777: 0:f1d0:7::97:15
Case #778: 79f3:0:0:a6::
Case #779: ::b4e2:0:0
Case #780: 0:95d::c8:cd:0
Case #781: 8:3ccb::f269:0:0
Case #782: ::4ed:7f1:e:0:aa9:c
Case #783: 486:0:1::29b:0
Case #784: 9::e86:0:990d:0:0
Case #785: 0:0:c8::4:7fa
Case #786: 0:0:9::f:0
Case #787: 0:8b2:0:316:629:de0e:50:0
Case #788: 0:64:dfce:86f6:0:b0:bc4:50c
Case #789: d8:0:c5b:c1bf::44c:8dc7
Case #790: ::d:8ec:0:6c6:0
Case #791: 5:0:2::a:0:54
Case #792: bb7:0:57c:db:0:a54:bea:7
Case #793: 0:0:8:7:d48:6::
Case #794: 75:0:d3:0:8594::99
Case #795: ::f8:0:0
Case #796: 0:6:0:bf:0:7:3c8:0
Case #797: 0:505:8463:82a::a720
Case #798: ::9a1:2:523:40
Case #799: 3:0:da:0:4::
Case #800: ::6f04:0:2d0:0
Case #801: 12::95e:0:1d3:a74
Case #802: 31:3490:1:b25::c:7
Case #803: c88:0:1:fe28::1:48
Case #804: 0:0:cc:0:744::37
Case #805: 0:41e8:d792:b:0:d98e:872:0
Case #806: e16a:0:8f:5a7a::
Case #807: ::32f:0:49:4f2:0
Case #808: 0:fb::3a:0:bcb0:cf0
Case #809: ::6803:0:0:4
Case #810: 630:e:77d0:3::7:9
Case #811: 0:9df9:56::
Case #812: 367::ac:0
Case #813: 472:2:0:c8:1:c::
Case #814: 4bb3:12:0:16f4:6956::
Case #815: 8c7:0:c::2:0:10
Case #816: ::ce15:0:6
Case #817: 0:b998::43
Case #818: 9d::771:c74:d03:21
Case #819: 8a:0:3a::38:0:279c
Case #820: 0:9e::
Case #821: 525:63b:0:492d:60a1::
Case #822: 32e:c4::1:0:0
Case #823: 0:dcdb:d28:f:f:0:4:0
Case #824: 56:7:0:0:3d::f08
Case #825: 5:b2:0:0:f::
Case #826: 49:a:a5a1::
Case #827: a8:9:e6c:d7:e:bd82::
Case #828: ::4b:0:46e0:78c:0:c
Case #829: 0:7a1:4d8:0:b:ce1::
Case #830: ac3::b:0:8cb:6a57:e7
Case #831: 0:d1:f31b:0:e275:0:8665:4d12
Case #832: a6::55:0:0
Case #833: ::1:b74a
Case #834: 0:5:b0d::7a:0:0
Case #835: 0:0:8ad0::b4c2:0:0
Case #836: e787:9:66:1:7632::
Case #837: 87::7a:3e:0:c0
Case #838: 0:39:d:3995:2::39
Case #839: 0:25ca:0:e:50::
Case #840: 0:45:0:cf06::2d8:ac
Case #841: ::d:7bd:79:23:0
Case #842: a92:2f:636d:0:fcd5:110:6c:0
Case #843: f8:0:fd7::
Case #844: 642:0:59a2:e6e2:997:8:9c:0
Case #845: d3:0:cbee::a44b
Case #846: 9a:b4be:42f:6:0:a:0:acda
Case #847: 0:50:efb::6d1:c03
Case #848: ::a4:0
Case #849: 0:2e:0:42c9:dc5:1:be:f9a1
Case #850: ::6:0:7cdc:97b5:6:0
Case #851: 7:d73::a82:0:5e7e
Case #852: ::5d1:fc:0:3d6:78
Case #853: e:551:8:0:2:db:8d8:5abc
Case #854: b46:26a0:a:9ea4:845:37::
Case #855: 49f::a:0:7f9:0:a
Case #856: 0:0:680::e50:811:0
Case #857: f:6::1:0:5a:c
Case #858: 0:9:e26:f2::
Case #859: ::91:ed7e:b41:9:0:2d7
Case #860: 5608::fa:3f:0:0
Case #861: a4:2:ffd:0:7:0:ca:9d
Case #862: c9::8bb:0:b:0:d638
Case #863: e7:0:9:0:ff4:0:91:685c
Case #864: ::c77:3b0:0:0
Case #865: 0:c8f:5:0:490:0:355:5e4
Case #866: e148:0:b04:0:73:0:a38e:e
Case #867: c6::1d5:0:532
Case #868: 0:233:eb6:ec2:ec6e:f240:e5b:33
Case #869: 1:0:19:0:46::
Case #870: 0:575f:0:8:91a:0:e1:cbf3
Case #871: b8b:68:e5a4:9:d:d37:90:f
Case #872: ::67ff:0:b:10
Case #873: 0:50c6::1d3b:2b2e:5a7
Case #874: ::fc:b:b12:d:0:6
Case #875: 7f:c6b:3dc3:0:d25:6c::
Case #876: 0:0:9:179d:4b::
Case #877: 39:cc0:b:9:d::
Case #878: 6b69:0:d6b2::6:f1:69
Case #879: ::ba:30:0:b:0:ed
Case #880: 279:c982::6b88:0:ea5c:0
Case #881: dd6:389:2473::
Case #882: 0:0:0:5::4539
Case #883: 91:e:b::da:0:0
Case #884: 3:ed5:0:ff4:d:0:51f6:0
Case #885: 67:5f26:0:450:b9::c3f2
Case #886: 2:70:6:0:38:fbf:bbc6:72e
Case #887: 0:0:a2:0:12::
Case #888: d33:710f::
Case #889: c:854a:0:6d7:b8:0:3:0
Case #890: 0:b8:7:0:6809:8:7ad:0
Case #891: c3:264:f3d:90f:8::
Case #892: 6:b9::d8d:0:0
Case #893: 2:0:d:1:998:85:9a7:0
Case #894: 0:3b80:0:f::f
Case #895: c::d:0:0:0
Case #896: 47:0:c56::eff6:0
Case #897: 200:576:fb92:0:2:42f:0:69
Case #898: 5f:0:c81:450e:b:0:a:56ea
Case #899: 0:0:9f:0:fb46::
Case #900: cf:b::988:6b9:0:0
Case #901: 0:9:5:0:4fc0:6:0:55
Case #902: 0:5b9:17:1:e:5de:b:6d
Case #903: 1be5:0:0:f::737
Case #904: 1::b5:d:0:9db
Case #905: 0:fa:e96:5:0:85::
Case #906: ::b:c97:0:e
Case #907: 0:0:e7::c1ad:8e4:e3
Case #908: 0:148:0:de9::1:c
Case #909: ::97c9:0:0:5be7:0
Case #910: 1734:0:693:0:7ad::
Case #911: 45:0:c82:eb7:0:5bb::
Case #912: b:5d0:5536:f5ae:834:0:52b:8ada
Case #913: 0:0:2:6a0::a6f9
Case #914: 0:0:6:a2::e08e:483d
Case #915: ::c3:0:d:0:c
Case #916: 0:2:0:b3:7:91e5:a78a:f8
Case #917: a::1:c:0:fb
Case #918: 0:f:9c8:288:0:698:0:a3fe
Case #919: ::94ec:5:9:28:13f8
Case #920: af:376:0:77a4:0:cdb::
Case #921: 0:2d42:2:ab:33:0:5b9:0
Case #922: cb::68:62c7:0:c6:0
Case #923: ::1e:230:0:26fe:34
Case #924: b57f::321:8b6:43:0:808
Case #925: ce:0:37:0:63::3
Case #926: 0:b9:3b:0:969:b34::
Case #927: 0:f:224b:66:0:c:9ad:0
Case #928: 0:6f::5cd1:2:0
Case #929: 58b3:f:d5::242:24a0
Case #930: 5b7d:0:91b:7ee9:1f9:a42:39f:0
Case #931: 0:0:f::3:e8d
Case #932: 0:67:5:0:cef:33:0:d59
Case #933: 354:cf:aa3:0:52a::fd3c
Case #934: 0:4ae:4687:b5:0:6:27:0
Case #935: a39:f:0:d:a:0:5070:0
Case #936: 7b02:7a07:c48:f430:0:a2f2:36a8:12
Case #937: 6ae7:0:d0b:85:0:c90:70:8b7
Case #938: 9c92:79:ce6d:55:e70:4:4:69
Case #939: ::63db:b:0:5:0
Case #940: b5::b:9
Case #941: 0:49a:3b9::59:0:0
Case #942: 0:0:d4:29ea:0:d0::
Case #943: 8:46:1:0:715:0:a785:0
Case #944: e7c::a482:0:0:0
Case #945: ::a7b:57:0:0:395
Case #946: 0:5d:0:414::
Case #947: 2b:0:a64:0:b:0:e0f:0
Case #948: 2:8:6127:75:b06::d34
Case #949: 614::e21:32:0:c
Case #950: 0:ac1:e7:0:c353:998::
Case #951: 0:0:0:a38::94
Case #952: 0:0:0:4762::6850
Case #953: e68b:e6f:9:a22:2c::4
Case #954: 0:0:4f4:f5c:0:f::
Case #955: ::
Case #956: 0:0:0:a:b1::
Case #957: c7:2be:0:6:0:65:0:e
Case #958: b7:4::e:0:8ad
Case #959: 0:41:8b6:b:f76:0:66:0
Case #960: 0:0:9:0:5b5d::
Case #961: 0:a2:2:93bd:af9:0:3c2:0
Case #962: ::f0:4:f8:0:0
Case #963: f:8a7:0:7d:0:b825:0:6d1
Case #964: 0:9::e:a0ee:2e6:e56b
Case #965: 0:0:be::9a:0:7d
Case #966: 3c84:0:b36::97:51a
Case #967: ::d:42:1:a2:f:0
Case #968: e31c:0:502::3955:45:0
Case #969: ::e:c275:e:b1:0
Case #970: 0:6e::5777:0:14d
Case #971: d1a9:0:a1fa:71d::b16e:0
Case #972: 8e6:b::cd2:8f:0:c
Case #973: 0:8:5f18:b:0:9:8db:10
Case #974: b1f:0:c:2f0::528:c
Case #975: cef:28e6::fab:e:b:6
Case #976: 0:c:278::ff:e
Case #977: 0:1:4:d3::
Case #978: eaec:5:b787::
Case #979: b3::50:0:3:0:0
Case #980: 0:e3::e8f9:0:0
Case #981: 6:0:7f::ca
Case #982: 0:f31e:0:e3b8::9225:be8a
Case #983: ::37:9bfb:a1:0:7:a
Case #984: ::dad8:8b2f:0:0:2f8
Case #985: 0:0:0:9d1c:98::
Case #986: ::dc:9c0:6e:0:6b32:0
Case #987: ::
Case #988: ::d5be:0:580:a4:0:e738
Case #989: 0:ebfd::c65:f167:3fb:0
Case #990: 516:952:504e::45:e:0
Case #991: 92b:d:8::f:0:d7d
Case #992: ::fa:b:4:0:9553
Case #993: ba:5f:1336:0:b3:0:5:21f1
Case #994: 0:dd::2a:6c:577
Case #995: bec2::dd:0:d
Case #996: dacb:d::e4c:ee8
Case #997: ::2766:2dde:0
Case #998: 9:0:2:1a:e5a:2:6:93
Case #999: ::2:ced:c1
Case #1000: 207::f:0:0
