Case #1: ::7d09:efa:0:30:e3
Case #2: ::7:8:0:dba:0:59a
Case #3: a8:bdfc::d9fd:0:1:c81
Case #4: 0:0:afa0::a9:0
Case #5: 0:f0:0:b54:ae:ee13:f:0
Case #6: 0:7:296:b:10::
Case #7: 0:0:70:5::a9:ca
Case #8: 0:f:d73:3e:0:cc9:9:a5e9
Case #9: 0:0:0:ded5::
Case #10: 6:0:28ff:6::
Case #11: cd5:c2:0:3d:0:14::
Case #12: 4a6:4:1::fed9:e5
Case #13: 0:0:11:af:50:4bcf::
Case #14: 84:0:79f7:3b8::
Case #15: 20::c4:a3a:f8d:6
Case #16: 0:0:0:f29:b::
Case #17: cf:0:b3:b6a::de:6b0
Case #18: 1c::8:0:7:80:0
Case #19: 0:94:57::a:f:c1a
Case #20: d8a:20::5:0
Case #21: 0:8904:0:9::a:0
Case #22: b0:3f:0:9:f9bf:f6:af39:0
Case #23: 0:0:e8e:7::725
Case #24: 0:1f1:ed07:c533:0:9:0:97
Case #25: b:0:d4a::33:62a
Case #26: ::1:0:609d:0:e
Case #27: c97:5:2304:0:58d:caa5:0:5
Case #28: 0:0:4f:b2d:b2::
Case #29: 0:70f6:36d:91:5967:0:7:0
Case #30: 0:0:f87:2::9e75
Case #31: 6c0:0:c5:19:0:9a:bda:7d60
Case #32: f:0:a::7b0
Case #33: 88:9e:ba3:0:450::
Case #34: b:50:0:9f4:c3c7:4:a:efb
Case #35: 0:b:0:0:652::da41
Case #36: caa:6ee::4:e7c:0:4
Case #37: d5:0:14::6:0
Case #38: a::b:0:0:0
Case #39: ::aad:a710:0:ad9:408:0
Case #40: 5304::95:9:ff:9:0
Case #41: ::76a:0:9e:3:e7e:f
Case #42: 1ff:88:80a:4:c43::e03b
Case #43: e::f5b6:0:e:b18:0
Case #44: b9:d7f2::
Case #45: c:4:aa:ec3::e6
Case #46: 43:2:0:f::ff
Case #47: 1e24:0:273:2:0:98:0:2
Case #48: 6:11b:baa:233c::34:0
Case #49: 8:e2:e0b3:97:0:7e6d:9c51:0
Case #50: 0:0:d:0:aa:9517::
Case #51: 0:6:4b6::3:2757:0
Case #52: ::69:e128:e:1719:55:4b
Case #53: a:2d7d:66a0:0:f:31:0:f0
Case #54: ::1287:e54:44:0:b2b
Case #55: 4e8c::c:0:786d:be:0
Case #56: 4:d8e:2::6a4:0
Case #57: c7a:0:b::e:c6:98
Case #58: 0:f:0:5:3348:0:7:0
Case #59: 1b:0:6318::
Case #60: ::c8:69:2c:0:5:0
Case #61: 0:fd::88ac:0:29:0
Case #62: db8:59c:0:bc:0:6:afb9:a
Case #63: 0:97:155:f:93c:68f:9:a9
Case #64: 4673:22::5:c
Case #65: 7cb:0:b::5:674:f14
Case #66: d7dd:0:2792:0:544:0:41d9:25
Case #67: 2:b:57d6:0:a3:4ec8:f02:64
Case #68: 66:a:5ee:e5::33:1cd
Case #69: 34:6:33:0:8a::
Case #70: ::2eb1:0:0:33b:1a3
Case #71: 0:57:fb9:0:2dc:20d3:3a4:0
Case #72: 5c:c09:b21::
Case #73: ::5:0:e957
Case #74: b46::ac:0:c2:0:0
Case #75: b:0:9:0:9::f7
Case #76: a:0:2f:0:71:c::
Case #77: ::d:0:6de2:0:a9
Case #78: 0:99:e:83:0:5::
Case #79: 1:0:0:3::60:0
Case #80: cc:bb8:9129:d48:72:0:2:c13
Case #81: 0:c3a:1:8:7b2::bb97
Case #82: 0:1372:0:a:7d2:767:0:2
Case #83: 0:0:23:dd9::
Case #84: ::3:0:0
Case #85: ::17:db:0:0
Case #86: 0:db6::e0b:4965:0
Case #87: 0:0:951:0:7b::4
Case #88: 0:eb:d554:f2a::
Case #89: ::d1:93d:573:347:0
Case #90: 371:a90:5:4:ff:9c9d::
Case #91: 0:3:3:b9:0:e:5f39:871
Case #92: 0:0:0:e:528::
Case #93: d1:b1:0:e9::
Case #94: 1e4:0:49::58:f
Case #95: 0:e:0:272a:0:e::
Case #96: ::29d:0:0:f140:0
Case #97: 0:0:5eb4:694:a8::46
Case #98: 89:7c9:7d13::f:b2b6
Case #99: ::9b6:0:3b55:0:0
Case #100: 1c4:f259:0:1:0:a6:0:b
Case #101: d:a5:1::8e4:0:0
Case #102: ::f:ed9a:6b8:0
Case #103: 0:8f:b:d:642:0:e49:77
Case #104: ea5::b:0:0:a0
Case #105: f:42bc:67:d27:65:7:c:cb8f
Case #106: 273:e504:0:d9be::
Case #107: 37:10b:b30:400b:0:39:2a:66e
Case #108: ::5e:0:8b54:456
Case #109: 0:0:b::ca:0
Case #110: 276e::ba65:bd42:6a31:0
Case #111: 610:c13d:fd4:574:a542::
Case #112: cb7::c64:a6:f084
Case #113: 0:0:4::67:42
Case #114: 1:d:0:9732:b30b::30
Case #115: 39:67c::fec:0:18:a
Case #116: 993:4cec::49be:6:0
Case #117: 0:3bc7:f9d::7d:0
Case #118: 9b:15:a:0:8b:cb3b:c70:0
Case #119: ::8dc5:3:ec:0:28f
Case #120: 0:5::131a
Case #121: 6:0:9:f:0:17bd:0:91a5
Case #122: 0:a3:39f6:66f9:516a:0:949:0
Case #123: 2535:0:eff:0:ea:0:131:0
Case #124: da7f::88:0:a08:0:8c76
Case #125: af59::aa:9:735:4dda:3
Case #126: 6999::4726:0:3:0:0
Case #127: a2f::a514:0:849:0:0
Case #128: 0:6f:0:5c:b:0:bd:b
Case #129: 16:c:60:37:0:2a29:0:896
Case #130: ec8:811::1a:0:4:88
Case #131: 9b98::b5ca:0:6:a:9b00
Case #132: 6655:0:0:4::1:0
Case #133: 0:7:0:fbbd:f3c3:de::
Case #134: 79:0:6:3::
Case #135: 469::fb9e:fc0:eff
Case #136: c:6e9:fbf:0:a94::e2e
Case #137: ::4ac:fd81:2ca
Case #138: 1:0:fb36:0:d0fb::
Case #139: ::4:834f:0:7:6:7f
Case #140: 0:248::1:0:cd
Case #141: 0:ef:f3::551e:0
Case #142: 0:485c:0:826::
Case #143: 0:7359:3:5c::
Case #144: 0:2f65:0:0:3cd::
Case #145: 0:be:0:4c:3d2::5
Case #146: 9bf:0:8b:1:72:0:ef:91
Case #147: ::4:28d:b8c:491:b02
Case #148: 3::4:0:d8
Case #149: bb::
Case #150: 0:52c:0:0:eb0c::5b49
Case #151: ::f18c:0:96f3:0
Case #152: 5cdd::d:0:c600:0:43f6
Case #153: 52:0:0:d4e7::95f:0
Case #154: ce02:0:9:a:0:7:fe:2ef
Case #155: c70::8:0:66dd
Case #156: 0:b:0:2:9b:8b::
Case #157: 0:3414:bfe1::b4:0:0
Case #158: c:0:4ee:0:270::
Case #159: 57:0:c:96cd::18:7
Case #160: 2::78b:0:a3:0
Case #161: ::564:0:c4b
Case #162: 0:28c9::3:0:0
Case #163: 0:1b:b:8df:b4e6:60:0:ac7
Case #164: 0:1::5a:16:d6:0
Case #165: 4:0:c671:cb02::
Case #166: 11::d:0:f4:0:0
Case #167: ::54:0:0:b3dc:0
Case #168: da:d425:0:90:3b::
Case #169: fb8:5bb1::46:0:66:35
Case #170: 0:89::
Case #171: ::68:0:dd82:31d3
Case #172: 0:c::f87:0:0
Case #173: 3:7:580c:9::f05:0
Case #174: db4:96a9::f7:805:0
Case #175: 0:d36a:fdb9:958:bf17:1aa6::
Case #176: 93f:c98:fbd:d3a:ed:72aa::
Case #177: 3:ac8:83e:8::
Case #178: ::e3d3:0:0:a3:fc8
Case #179: 0:3ddf::db19:d:0:0
Case #180: 2::2bcd:ec6e:83:0:1bd
Case #181: 0:0:6328:3::
Case #182: d::98a:92:5bdb:0
Case #183: 0:0:b100::e4d
Case #184: 0:e:0:c::698:781e
Case #185: 0:0:1:ef:0:cb3::
Case #186: 0:f780:0:6e9a:cd7:0:6:9f
Case #187: 0:0:eed:8f::
Case #188: 0:0:5::e58:ef
Case #189: a43::e0:e77:0:fe:0
Case #190: ::30ce:0:0:ee
Case #191: 92:1:0:1f:d842:d120:0:6c1f
Case #192: 0:8:35a:0:9c36:505::
Case #193: 0:3::4d20:0:0
Case #194: db2:e73c::5a92:92e4:0:0
Case #195: 0:9:8b::94:0
Case #196: 3b1d:3::69:0:1
Case #197: f50c:8:80::f9b:0
Case #198: 0:0:f262::3:0:93e7
Case #199: 0:e5:b::c6:0:0
Case #200: 3:82:0:0:94::1
Case #201: 2:eec0::95:924
Case #202: ::e:0
Case #203: d::f6:a30:2407:eaa:27
Case #204: 6297:ded:0:ed3::
Case #205: 19::5:0:cfcb
Case #206: ::da:0:b110:0:e7
Case #207: 54a:370:ec:0:b:afe::
Case #208: ::3:77:0:b4c0:ae
Case #209: f1:0:e8d2::
Case #210: d:0:26:0:bb:d1:92fe:b9
Case #211: f74:2:3::8
Case #212: 0:0:0:aa::
Case #213: 0:357:0:209:0:4a:430c:0
Case #214: 2:0:0:21f:bc::3196
Case #215: 0:0:cd3d::a7:0:4
Case #216: b35a::c5:0:8e3:0:0
Case #217: f3c1:a85:0:0:7b40::1e
Case #218: 0:0:0:c::da
Case #219: 64c1:770::1992:2:0:0
Case #220: 0:3a::e25d:0:0
Case #221: ::ec15:f6:5335:0:0
Case #222: 3:2:0:0:9af::
Case #223: e:a:6::13
Case #224: 0:c::79a:8:0
Case #225: c:0:1:51f7:0:36:8d9:928e
Case #226: e2:d18::a9f5:0:e419:a63
Case #227: b9fb::b05:eed:0:4f3:0
Case #228: ::966:0:a:0:0
Case #229: fd2d:cae9:0:97c6:0:4:6652:629e
Case #230: 6dd::69a5:8b32
Case #231: d8::288a:0
Case #232: ::192:0:bdf:88:0:496
Case #233: e0d8:0:0:79f::3:0
Case #234: 6:8:0:2::6:0
Case #235: 0:0:55:a8:0:6::
Case #236: 4:0:49::5:0
Case #237: 3f3::
Case #238: 0:e66:3dcd:0:1::
Case #239: 269:82b8:0:a304::e1b:8be
Case #240: b:eeb:7:c295:a0b::fdc0
Case #241: 7a7e::c1c:0:db:b753:0
Case #242: 0:491:0:5c::68fc
Case #243: 0:0:7e90:0:1f:9e5::
Case #244: b:8543:5206:ca4:27::
Case #245: 6:8f6:848::d
Case #246: ::ac5:0:e56a:0:8:0
Case #247: 9ce8::d8e:f820:0:25f1:0
Case #248: 7:f:0:3b:1:4:6:af92
Case #249: 1:2:0:aa:c:0:65:4
Case #250: 0:b51::1eb
Case #251: 0:6:f87:5::fd31
Case #252: a::6:b:0:69
Case #253: ab5:0:5:0:17d:4:0:eea
Case #254: ::b:a:64c
Case #255: 0:1abd::a9a7:0:bc15
Case #256: 0:5c:0:ef::b4ca
Case #257: 3:0:b85::e
Case #258: f9:5b::bf:5:0
Case #259: 0:60f:c26:12aa:0:b:82:0
Case #260: ::2
Case #261: 0:46::8d5:7f43:f
Case #262: 0:f378::1:94:cd25
Case #263: 0:0:6::254:0
Case #264: 0:45b:da:cc63::
Case #265: 0:0:80:0:56fc::b
Case #266: ee::b6:0:ce0d:b18:4d0
Case #267: 0:8f:0:8e23::aee
Case #268: 0:3:8fcd:b:e9::e719
Case #269: 0:0:999:0:ea::b96
Case #270: 5:41a6:0:ba::ea:563c
Case #271: 135:0:7:b92:0:5a4::
Case #272: a6::1:6bc3:47f4:7:8
Case #273: 16:5b:0:56:400a:a9:0:f092
Case #274: 0:4ec9:5:0:882::
Case #275: 0:1::d:0:0
Case #276: 3e::c116:304:13c:0:0
Case #277: 0:0:881a::9:0
Case #278: c::904a:a66e:95:0:3443
Case #279: 0:a2ec:58f:0:6:0:2f:365
Case #280: ::a592:e7:0:9:1:6b0b
Case #281: 0:11e2:c8:295:bdb:0:f4e5:1b2
Case #282: 0:0:572b::d8b4:4294:6634
Case #283: 8:42:3::d1
Case #284: 0:2:321:c:8b9:4:6b0:9
Case #285: bb::4df9:43a8:f:4ba:ee
Case #286: 0:4755:28:4b:785:0:9:6b
Case #287: 0:2653:89:e84b:cd5:3::
Case #288: f:2c35::1:66:f4b5:f58
Case #289: cfbe:e76:e54:0:c1c4::eb78
Case #290: 4:0:236d:6:18:3c::
Case #291: ::b:0:74:4a:0
Case #292: 0:684:0:f7:bf:f6:2f:4
Case #293: ::5dd:0:0:0
Case #294: 0:e:c::ba:0:0
Case #295: c7:4:0:ded:0:69:0:820f
Case #296: ::1a5:0:ae:6:2a9
Case #297: d:796::2e:29f4:0:0
Case #298: a:268:0:a17::71:0
Case #299: 0:80:2f::c2
Case #300: ::d97:44b:0:689:0:b8b
Case #301: ::646:b:0:46cf
Case #302: 1:0:d0:90:0:45:0:c5ea
Case #303: 78:f51:ccbc:0:fb2:8650:cf:e
Case #304: 0:16:32::
Case #305: 0:e:4c8:0:6cb4::
Case #306: c9:c9e9:0:39d:46e2:0:d:0
Case #307: 0:d7:256:0:462:824:78a:0
Case #308: 0:0:353:21af::
Case #309: 5a:3e:7aa8:f0a2:0:7::
Case #310: 0:0:0:70:bc74::
Case #311: 0:a2:70:e:7::3c
Case #312: 0:1924:45:f2::
Case #313: c0:eb::d56:fee:242
Case #314: fa:0:24:e:2:0:d:0
Case #315: f79:7:bd::49a:0:0
Case #316: 6d8:216:0:69:bc:64:14c6:abd
Case #317: 0:0:a8f::8a:eb:0
Case #318: 0:0:79ce:d2d::3aad
Case #319: 3353::c771:8:4bb:0:0
Case #320: ::93fd:0:2c
Case #321: 0:0:2::c
Case #322: a:0:9f:0:76:54::
Case #323: 0:c37:0:c::1b41:b8f1
Case #324: b:c:6:19:0:5b7:3:98db
Case #325: 0:6ad2:36ad:0:13d7::
Case #326: d:b0f::1:0:0
Case #327: 0:0:0:11:e::
Case #328: ef5:350:4e7:bc:0:a6:d8:0
Case #329: 843::
Case #330: 0:0:67f::d:637:39
Case #331: 8f:8512:fcda:745a:f:b8:3:0
Case #332: 0:d:9::a8:0:5df
Case #333: e4::a97:0:df6:0
Case #334: 0:4:df0:92:48::d548
Case #335: 0:c7::dd:4e9:0:0
Case #336: 1:837d:0:f3:f1bd::
Case #337: 1067:0:9:d::1b:0
Case #338: 0:cd:0:ea:0:f:0:c463
Case #339: a:216:0:b:fc::
Case #340: 78:b121::
Case #341: 0:e::c
Case #342: d:b72:ae83:0:1da8:4319:0:b9
Case #343: 0:3:f:e57b:a0:1:772:0
Case #344: 0:d6b4:733b:0:1f54::
Case #345: ::71aa:0
Case #346: 0:0:d::ef3:92e
Case #347: dd27:0:9bfc:a9:2c6::
Case #348: 206:b:236d:0:db6:6e:0:b
Case #349: 0:e18:0:2:51::e8cc
Case #350: ::7:2e36:df2:0:1e59:b5b
Case #351: 0:b4::db26:0:de38:0
Case #352: 0:dd:5:9b9a:43a:2b:d3:0
Case #353: 0:2:5:0:b::
Case #354: 0:57e3:0:ee05::
Case #355: 0:1::8a:0:38:0
Case #356: 0:d3da:0:49:1::d
Case #357: 56b:f4b6::1:0:bea
Case #358: 0:6687::
Case #359: 0:0:f6:da:2f::
Case #360: 3:0:3:890a:bd2:0:9:0
Case #361: 0:1492::6a4d
Case #362: 8:d5:3660:a1:0:83f7:0:7494
Case #363: 15:9:38:791:83:0:5d14:7
Case #364: 0:b66:81:2a38::401c:0
Case #365: 0:e8:72::6b9:0:d04b
Case #366: d:0:22:a541:a1b::d
Case #367: cff2:0:db2:b1:62:0:39b8:0
Case #368: 0:0:0:cf0::
Case #369: 0:127:0:f08a::
Case #370: 377:0:c:8e6::9:71
Case #371: b:b256:0:56c2:f::
Case #372: e4c5:a95:4b:4:ab:ac:0:827a
Case #373: 97a:a3:ceee:0:6e:0:5:0
Case #374: 660::e:2:0:e36
Case #375: ::d379:228d:0:84:d:3
Case #376: 0:5b1f::ca3
Case #377: 2:0:aa:9c4:bcec:45a::
Case #378: 0:e9a:75d3:d:0:7::
Case #379: 0:c:0:93:42:0:83:3ee
Case #380: e19::6472:0:a0:0:3
Case #381: 7:3a3c:0:0:e725::
Case #382: b91:25c9::4:0:78f1:0
Case #383: 0:c8d:0:e:0:fa:0:ccb
Case #384: ::c:ef:889:27f
Case #385: 0:0:5::1bfd:0
Case #386: 1e9e::ca18:91:1:6c
Case #387: b6a:0:0:d:4::89c
Case #388: 0:d44:1fb::
Case #389: 0:f5::9:7e5b:d6:0
Case #390: 0:e2:7:0:b3e6::
Case #391: ::e2c8:cea:99:7ff:0
Case #392: b9:b711:27ee:78:ae14:0:a:0
Case #393: 0:e38:0:11:0:b::
Case #394: ::e0:78:2ad1:0:43:8c5
Case #395: a5:0:c16c:b:2019:a4::
Case #396: b3b:443::f3:e8:360f:69
Case #397: a0:dee9:6d2:96:d0:fa0::
Case #398: 0:0:9350::e2:6099
Case #399: 0:4:0:525:6b7:8::
Case #400: 70:0:2e:0:5:0:c:27f
Case #401: ::4da:1b3:a8:0
Case #402: edfc:561:0:fba::268:0
Case #403: ec:2fb:8:6:0:98:0:dba
Case #404: d3:ec8d::27:55:e:97a7
Case #405: 0:6::240:c:791b:a
Case #406: 0:0:9a::ccb5:15e8:0
Case #407: 0:e4:0:322:1:232:1cc7:26
Case #408: ::e575:0:c:f
Case #409: 491::b:73ce:0
Case #410: 3f40:7::7
Case #411: 0:dbb6:1bc::
Case #412: c5:37:77:4:0:b5:0:6927
Case #413: dc59:a15e:b:4136:0:c83:46:0
Case #414: 9464:f86:0:9d:0:59:20d:98f5
Case #415: 345:7e1c:3e6f::1:0:0
Case #416: ::f9:75e7:e:4f5b:0:2
Case #417: 7aaf::a458:0:8a9:0:0
Case #418: 0:928c:4::4448:523d
Case #419: ::b:0:f8:be2
Case #420: c266::c:1611:0
Case #421: b2:6a6:0:8:0:c:82:892
Case #422: 84f::f926:74b:8:d610:0
Case #423: 31:0:1d8a:0:1575:45e:49b:32
Case #424: 0:0:a0f0::42:0:3
Case #425: d73a::644e:95:59c:0:0
Case #426: 7::38e:0:76
Case #427: ::
Case #428: ::aa2:9:0:c:0
Case #429: 0:f0:0:7b:935d:5:0:6f7c
Case #430: 594:bc2:0:7:f:e:8:0
Case #431: 9f:a37::a:43:4dde:6a6
Case #432: 9:0:e::33d:0:2
Case #433: 0:4b45:a:2a:873:be66:0:f0a4
Case #434: 6815:3:4:7a::
Case #435: 0:0:7b54:1839::
Case #436: 0:0:d::
Case #437: d9:0:0:29dc::6:0
Case #438: ::efc1:0:275:31:0
Case #439: 0:65:1ca:4f:541d::acf1
Case #440: 93:92:1e::
Case #441: 0:6::6b6c:298:6
Case #442: 1:694::ca0a:0:1cdb:0
Case #443: ::b6d:cd:a1:9a35:5f10
Case #444: 40:0:c9::1:d2
Case #445: ::a8:e:0:0:8
Case #446: 95:0:0:6:b::a2f
Case #447: 0:f88:5f:0:4a:0:ab07:0
Case #448: bb7c:92:2::9882
Case #449: ::c90:0:2:44:11e1:0
Case #450: 7f96:6e:0:93:6d:0:63b2:0
Case #451: 5c:a7::d67
Case #452: 3:4::3416:5:0:0
Case #453: 99:0:c:591:0:c2f:0:e1a
Case #454: 0:0:53de::60c
Case #455: ::b:0:50a7:0:95a:0
Case #456: ::a:0:0:4bdf:e79
Case #457: 0:778c::e9:dd:6:0
Case #458: a::51:b0a3:d:6
Case #459: 7a6e::4af:4:0:0
Case #460: 0:9::6a15:0:5a:a0e
Case #461: ::4:0:0:9
Case #462: ::a4:d63:6:0:3304:ea
Case #463: 99a::3:0:9a4:d37
Case #464: 82df:0:756:c21:2:313d:199:0
Case #465: 0:0:a6:0:7::
Case #466: 0:11:8539:75b:63b:1:0:439
Case #467: 0:e33:0:f::b413:0
Case #468: 6:1::fc15:76b:0
Case #469: 0:0:9:0:c9::
Case #470: c3:c51:a67e:0:6:0:e4:0
Case #471: a55f:5e5:0:8:54:dbac:62b2:0
Case #472: 8c5f::e9:0:8c14:bb:0
Case #473: 0:a27e:f8:0:1b2:0:1:6ea4
Case #474: 0:879:f::d:0
Case #475: 3:0:4e9a:b:ba5::7eab
Case #476: 0:aa0e:c0:d88:0:2b6e:3b:6
Case #477: a6::5:c74f:606:6657
Case #478: 24b::f:0:0:5b
Case #479: 5eb8::8cb:0:7d0:21:0
Case #480: d34:3f00:0:0:2c1f::
Case #481: ::315:0:0:0
Case #482: 0:e::c69e:a:3
Case #483: b:3:0:4:3:a56b:0:69
Case #484: f30:0:5:7e:7:e:c0:d182
Case #485: 1:6b:0:102:4:4b:aa6:be42
Case #486: 0:0:1e3:222:0:69::
Case #487: 3ab5:78:0:9:8e63:1a00:0:97e
Case #488: 0:a3c::850b:240d:45e:0
Case #489: 7:0:0:2f5d:32f::
Case #490: 0:0:8:0:b2::1e69
Case #491: 0:0:7ab:87::
Case #492: 0:1787:2b:7b:0:2e3e:1:526
Case #493: 735:0:4da:4a35:60a4::
Case #494: 6:0:0:e00::
Case #495: 0:4:4:f5:2b:74:0:ed14
Case #496: 8:1:5:790a:8ab6:8ec7:1:0
Case #497: 0:65cc::f9:2fae:a81d:c3
Case #498: ec::43b:0:3
Case #499: 2f6e:2:1::4bee:0
Case #500: 0:0:0:2::fe5
Case #501: 3:da7::a84e:50:fb:dc6
Case #502: b::525e:0:7:46
Case #503: ::a90:0
Case #504: edca:d4d:0:efa4:b32::8
Case #505: 92::b:c6:6a8:410:1
Case #506: 0:0:0:902::
Case #507: ::73:3:4b:81d7
Case #508: 0:727:848:f946:2d8c:0:4e6:2c3
Case #509: 0:0:b7::70:7
Case #510: ::9eac:b1d:b3b:617a:51ca
Case #511: cd8:0:e::7:0:5
Case #512: d:0:9:3c78:0:3d:0:cdd
Case #513: ::b6:0:967:0:d3:0
Case #514: 46:0:edbc:0:46a::
Case #515: bbe4:ed0::9:98a
Case #516: 9d8a:0:27::
Case #517: 4989:0:bfc:0:325:6de3:59b:0
Case #518: 0:0:44e1:a0::87e
Case #519: a:c42:a199:c6:0:d3a:82dc:4af
Case #520: 589c:da8:29:35e:d47::dc57
Case #521: c1dd:0:80c:7d:f:0:f:42f
Case #522: cece:69::
Case #523: f89:8:17a:0:7:88ec::
Case #524: 637:9f:b07::8:bc
Case #525: 0:0:f:20:c:af0::
Case #526: 0:9b11:9::
Case #527: 0:0:fc26::3f0:0
Case #528: f:0:69:2b03:0:c:0:d
Case #529: 0:0:a5::24:f3:0
Case #530: 5d:1:53::
Case #531: 5c:0:63d6:9e4::7:0
Case #532: 0:0:b651:f72:c16b::9c
Case #533: 9e:b28:0:a3:6::
Case #534: 6::4181:0:d3c:0:0
Case #535: 0:9437:a:1:da5::441
Case #536: 0:4fb:f:0:a8c4:d:73f:3c
Case #537: de:b623:4:59::db:f1c6
Case #538: 0:81:71:c0ce:0:9882:0:6
Case #539: 0:c21:0:6ae:6c:e7d:b4aa:6586
Case #540: e:0:4fc:a629::af:0
Case #541: 95:92c1::69c:7b:0
Case #542: 2b:7::2d30:0:0
Case #543: 962b::51:1d:0:71:0
Case #544: 0:0:0:f:89b4::
Case #545: 6f::c9:0:2c:0:0
Case #546: 0:0:edde:320::a:0
Case #547: 35:0:0:d:a4fb::
Case #548: 0:33:7f:c04:94b9:c2:f:0
Case #549: d:0:0:8::c:0
Case #550: f:0:425:a13:0:379:0:5ee
Case #551: ::454:0:0:6:ef
Case #552: d70:cc9:0:b4:a2:59::
Case #553: 0:fcb6:52::d:0:0
Case #554: 0:0:a8:da::5:5
Case #555: 99::23c:fc:8
Case #556: 618:97:0:87:0:422f::
Case #557: 0:d:ee:e3::701a:b58
Case #558: 0:0:aa:38::
Case #559: 0:1::
Case #560: ::f5c:0:0:0
Case #561: ::9469:6f:0:f5:287:0
Case #562: e06:3:0:be:770c:49b:f51:f
Case #563: 0:b:3::ee:0:4567
Case #564: 0:1f:d:caed:1378::
Case #565: ::70:6e:4b:0:0
Case #566: 1:38::918e:335:d523:0
Case #567: 0:e::
Case #568: 0:0:0:a2::
Case #569: ::88:0:20df:4f:a0
Case #570: 0:2f6:0:0:9d1::
Case #571: 0:0:8:0:69f:9843::
Case #572: aa9:4dc::5a:0:0
Case #573: ced:5c:0:2c:9:c63::
Case #574: 0:5f0::3:5:4c7c
Case #575: ad:0:0:8bc:9::68bb
Case #576: 3593:0:1a75::588:0:0
Case #577: b7ab:252:520d:35::67
Case #578: 44a2:1f::33a:76:0:0
Case #579: 1d::8c:2:0:4
Case #580: ::f7f
Case #581: 0:4::e:0:0
Case #582: f1::d2:8:6e
Case #583: ::570:0:c10b
Case #584: ce:6c4a:5::2:0:4d
Case #585: ::e0:0:e03:0:41b:4
Case #586: 6:6e:7:696:c99:7b4::
Case #587: 0:e:d5:6004::6:c14
Case #588: c:0:60::637:0:0
Case #589: 23:1c::4353:0:869:e
Case #590: 0:310:0:bc2b:5eb:0:5483:c2b8
Case #591: d1a:921::4:65:0:c15
Case #592: 4c0:0:a:0:9:e3ad:c28:70
Case #593: 377:0:90b1::a0:9:7a3d
Case #594: ::19db:ff3:3dfd:0:3:0
Case #595: f:b::7:73:0:9a44
Case #596: 17c8:0:6ee0:0:85:fc01::
Case #597: cbdb:31:af:0:6bb7:c:0:8
Case #598: d:0:d0fa:3da0:7:6:4b3e:0
Case #599: 85c7:0:9:3::a
Case #600: 0:0:0:21:6::
Case #601: ::76:0:0:d8:ba6
Case #602: 3dab:0:b:0:11f:902:e:2e1
Case #603: ::2efe:eba4:6fac:8d6
Case #604: a495:0:0:5:a::
Case #605: ::98:0:e:0:dc5:62
Case #606: d:b2d:0:9:f:a::
Case #607: 0:20:724e:8854:a2:3c3:19e:0
Case #608: e0::4a9:0:0
Case #609: 0:e0:0:8a:d:f::
Case #610: ::b:0:c:c0f:fe
Case #611: 364:71a7:f8:0:4::
Case #612: c4:f::4:0
Case #613: 0:a9:6c:0:b3b:0:7b6:4428
Case #614: 3c22:a03f:942:ef8:a6fc:d:f1:0
Case #615: 2:0:8594:0:b::
Case #616: ::383:0:0:c438
Case #617: 0:0:bd1::f8f4:0
Case #618: 350:0:b3::a6:8764
Case #619: ::5a9:0:4c:0:c799:0
Case #620: 0:28:7367:1:0:e::
Case #621: f9:f5d9:a2:39::eed3
Case #622: 0:7589:704:0:6:f4:0:ee
Case #623: 345e:b::55:734:0:0
Case #624: 0:0:b:c7::4238
Case #625: 0:1:1:8::
Case #626: d710::fb3:0:a78:c:0
Case #627: 0:ba73::2b:6d:1
Case #628: 154e:0:7e::9c7:d2
Case #629: 0:df:0:51:1c0c:0:5e8:c9
Case #630: 8:57d:419:0:d:4ff0:53:27
Case #631: ::78b4:68e8:6481
Case #632: 0:a:658:0:6b3c:f34b:d39b:0
Case #633: f929:6ca3:7:0:32:0:8:0
Case #634: c9b6:83:2:0:e:0:842e:0
Case #635: 836c::4db:19:cdb:df1
Case #636: 0:0:5::4941:3:0
Case #637: ::82da:b:8:ff56:4:455
Case #638: 0:0:97:bfa::b
Case #639: f94::9f8a:0:0:2e
Case #640: 1::f8f:0:61a:0
Case #641: 2a1:0:d:0:e:879:38c:6bf1
Case #642: f949:8f:e5e::a73:0:0
Case #643: 0:39:0:b:8:40:6:2e
Case #644: 8f4:0:ee::3:0
Case #645: 0:92:661::758:0:a8e
Case #646: d15:0:b4:5663:47:0:833:d05
Case #647: ::527:f9:0
Case #648: 5b4:219f:ff:56::81
Case #649: ::d8:e2:e70:0:744:47b
Case #650: ::fbcc:0:eb
Case #651: 0:df9a:0:3:1170:0:9799:0
Case #652: 0:3:82:53c::31c:0
Case #653: 0:e3d:3d:a5c5:bf:0:33d:90
Case #654: 9ca7:2b06:b5d5:0:c7::
Case #655: 50b4:3074::5cd8:c2:28:52
Case #656: 0:0:344:853:9e:9b28::
Case #657: a::fa4d:6b:0:f815:9a78
Case #658: 0:bc:83af:42a::
Case #659: 0:245:7d8d:0:feac:3:0:8
Case #660: ::3:0:f5ce:a
Case #661: 72:0:9726:0:d3:5b0:12d:7d86
Case #662: 0:c06:2:284::19:4a1c
Case #663: e1:0:5dbc:0:f185::
Case #664: 0:439:0:6::382
Case #665: ::8d:0:5:0
Case #666: 0:9:0:61:db2:458:6:0
Case #667: ed:8b7::318
Case #668: be:5:c:e08e:f12:0:65d2:0
Case #669: ::3f1:0:e19:0:a
Case #670: ::3:0:fa8:65c6:0:231
Case #671: 0:b3:0:9::
Case #672: 367:8:a6:5933::5b18:0
Case #673: b8ec:1:ed:a35:30fa::
Case #674: d3:0:0:93bd:9b8d::d2f
Case #675: 0:4077:0:bc:0:5e9e::
Case #676: 0:b98:0:7f2:8::
Case #677: 6ba8:0:35::8:4:8
Case #678: 346:0:675:84::
Case #679: c1a:0:4:a64::
Case #680: 1c:0:b:ed8::4:0
Case #681: 0:0:70e:82c:724:46::
Case #682: ed:10fb:0:0:d0::8cbc
Case #683: fadd:2:0:2c:ea1:a7f::
Case #684: 4b49:b0:0:c973:0:92:44:0
Case #685: 99:f2d::d:294:0
Case #686: 0:e1:0:71:a7::4a1
Case #687: 28:ab3:0:0:5::
Case #688: d0d9:0:72b1::d4:c0a8
Case #689: fc77::80:6df:0:913
Case #690: 8a:0:ea87:99b:f:9:ec5:0
Case #691: 0:b02:0:0:26::
Case #692: c4f:77f:0:61ce::c7:0
Case #693: 652::5:0:0:b97
Case #694: ::6b9:0:63:9f3:e2:bb
Case #695: 3eaa:8:3b63:5b4f:2500:0:b8:0
Case #696: ab::c14:8e:878a:e08
Case #697: ::4f1a:b3e:0:1:72e:0
Case #698: 0:d99:d::3:73
Case #699: 0:c:0:2cb4:f::4e1d
Case #700: 0:d05::21ff:0:c:0
Case #701: 0:81::63:7:0:0
Case #702: 0:52:cb9:2df:88:0:c:d
Case #703: 250a:0:0:6159::de:0
Case #704: 0:ee94:6:a07c:0:511a::
Case #705: 59e:a68:e::
Case #706: 0:a4:0:88:f1cc::5
Case #707: 0:2c9c:4ac6:7:aee0:918::
Case #708: 7:449:7e7:0:840::8
Case #709: ::66:5b:0:33:a:4984
Case #710: 2aff:d82:b47:ce0:0:a0:a1e:c81
Case #711: ::c3c:986c:6eb:3f
Case #712: 1::b836:0:a660:fa:aa4
Case #713: 0:d:8fe:0:7a2f:0:31:0
Case #714: f3:99:0:a153::
Case #715: 0:3:0:8:e15e::54d0
Case #716: 0:f00a::5dd:7c5c:0:2
Case #717: 9e::827:d36c
Case #718: 0:a::87a7:5:e5
Case #719: ::e:0:a4f:0
Case #720: 4:1d6::54d2:0:efad
Case #721: 6a:0:e57d:f9c7:73:0:9a5:25
Case #722: ::a8:9f6a:5:0:452:0
Case #723: 0:2:0:3:6::5d51
Case #724: b12:d:0:4c:0:e9:9da:7
Case #725: e4a1::ed:dc:4d:0:0
Case #726: b:5::4:0:db:0
Case #727: ::7a:303:6a8:609:0:d
Case #728: f41:0:d2:0:2da9:80:3:0
Case #729: ::d:78f2
Case #730: db69:0:2d3a:279f:60:6f5::
Case #731: 0:0:82:0:c22::
Case #732: ::fd0:5b8:4b:0:f5:0
Case #733: e8f:0:b:0:190:4:37:0
Case #734: f93::5:0:2:60e6:0
Case #735: 0:1a42:6c::fdf5:3f
Case #736: 0:86::4a1:874:0:0
Case #737: 255:3a5:d6:5e:0:e::
Case #738: 0:b6::e:0
Case #739: 0:16:0:2a1:0:3ce:fab5:6b
Case #740: ::a:9:5:a:8f8:195
Case #741: 0:0:1d79::860:0:13b
Case #742: 1::fe81:1b5:1f:e6:0
Case #743: 9f:6:702:0:e71::ee
Case #744: ::4:c:9:1f:51:d
Case #745: 0:17:1c:d2:d62::b7d6
Case #746: 0:d5e:0:289:0:1cb:0:7
Case #747: 0:9b9:82c5:3178:6a08::3e
Case #748: ::5:5f3:c:32
Case #749: ::a:cb7:0
Case #750: ::b5:d:6a29:e15b
Case #751: 0:5e6:0:d::f222
Case #752: 1344::2e:606:ce9b
Case #753: bf85::5df:0:0:0
Case #754: 0:39cc:0:5::d5:0
Case #755: 32:9b:0:7c81:f9:0:99f3:0
Case #756: 0:7f2:3d7:fd92:b::
Case #757: ::5e:0:5:cf16:7:0
Case #758: 0:d6:3e:56:bb1:0:5a4f:0
Case #759: ::47:0:172:617
Case #760: ::f:0:0
Case #761: 0:0:e07::28c4:b
Case #762: 70a8:0:b58:0:f0:ec:0:5d89
Case #763: 0:b8a:c9::a67:2a1:9
Case #764: d956:0:4::9
Case #765: be:81e:0:a552:7a50:3::
Case #766: d6:0:4:3::
Case #767: 0:d:9d58:0:7:de:a:d3
Case #768: 0:0:5f:0:4::1d0
Case #769: 0:cf:c2e:0:e23a:d69:35b:b4
Case #770: 9:0:7:7::
Case #771: ::6f2b:0:0:0
Case #772: 0:e:d427::7061:0:0
Case #773: 0:e6::524:506:0:0
Case #774: a7:9a16:f25:8f93::
Case #775: ::26b:fe:6860
Case #776: ::d3a6:ee:0:47:0:a8c
Case #777: ::2ca:e81:0:0:3126
Case #778: 4950::e1:0:0:c
Case #779: 51a:0:8c::cf:0
Case #780: 94:0:9:0:6::8140
Case #781: dd:155::f:e66c:e:0
Case #782: d98:7:cac6:0:f51:0:4441:0
Case #783: ddf:0:0:1:9f::
Case #784: c4::af82:f:0:b:0
Case #785: ::7:7:f9a8:0
Case #786: dec::eb:274:51:0:0
Case #787: 5::9:b564:fbfd:0:0
Case #788: f55:e:5d::d7:3447:0
Case #789: 746::b:8a5:a88:0:0
Case #790: 85::119:0:0:f47
Case #791: a506::4:6:0
Case #792: 5:1d:0:26::
Case #793: f00:4:0:d83e::c71:0
Case #794: 0:8a2:0:2:0:36b:f7fb:0
Case #795: a509:46::988:e:0:0
Case #796: ::54:0
Case #797: ::1:465:2b
Case #798: 88:1f:0:0:8303::
Case #799: a9:343:1a:1::
Case #800: 8c8c:829d:e8:0:6e:7644:673:0
Case #801: e8::770:0:ba:0
Case #802: e:0:6e:0:30::
Case #803: f:0:6:0:2:0:78d5:2
Case #804: 0:2374:0:e25::
Case #805: 0:0:6::4:9859
Case #806: 0:259::7:0:57ce
Case #807: 3266:3be:5e::6f8:0
Case #808: ::35:0:239b:9eb:0:7
Case #809: 0:5:1::
Case #810: a4:0:2a1::99e5:1a7c
Case #811: a8::c0a:0:80b9
Case #812: 0:0:5a4d:0:1d::399a
Case #813: 0:0:0:a:2ac::
Case #814: e9:bb:0:1:e:0:2:0
Case #815: e7::c:2:0:3f9:0
Case #816: 3::
Case #817: 0:5c2c:0:d:7c6:c4f:0:e46f
Case #818: f9:0:e6ac:0:1:0:8:2
Case #819: 0:f::df08:0
Case #820: 0:dcd::6:97:0
Case #821: 4be8:24:79cf:71:81:1b:0:f
Case #822: b7::b:4c:0:5f4
Case #823: ::4:0:88f:2781:0
Case #824: d6:37a8:12:d499:55e::9065
Case #825: 258a:8::a97b:6619:0:56c
Case #826: 618::97e:0:c:f:8ea6
Case #827: 0:0:1d:4162:4::f7
Case #828: ::e:8:f0a6:6:0
Case #829: fdb9:67::ba:93:b997:0
Case #830: 0:6:0:0:eea::3097
Case #831: ::7:0:0:0
Case #832: 0:3c:3f3f:0:cb1f::d
Case #833: 0:7::c4:0:44f:c7a6
Case #834: 818:0:12e2::619
Case #835: 6:2:52a:cb::e792:0
Case #836: a8:0:6c:0:cf52::290c
Case #837: 94f:0:bd0:ff7:0:b15e:116:90
Case #838: 0:1:7:9::aa9f
Case #839: 0:20f:7166::4:0
Case #840: 6:a18:d976:0:b:2d34:0:ec
Case #841: 0:0:f::7:9:0
Case #842: ::9c:2c49:7
Case #843: bac:e908::627:e:0
Case #844: c:e54f:993f:d738::3:0
Case #845: 5d:0:b::5f5:9b:651
Case #846: f25:d:0:df:0:7f2a:6:494
Case #847: ef6:0:5:0:80:a:7494:0
Case #848: 775:0:5e::1a:0
Case #849: 93:0:0:d2eb::32:0
Case #850: b4:0:3ef:0:a9:1c::
Case #851: d:c5f4:0:33::247:88
Case #852: 0:1f8::248:0:e
Case #853: 0:5b::3:0:0
Case #854: 0:8:0:7f:bd::a
Case #855: d3::d2:0:39:0:915
Case #856: 0:0:5e6::d24d:0
Case #857: f6:1fe1:1edc:5a9f::6fd:0
Case #858: 9e9:388d:0:e9:72dc:4216:0:7bfe
Case #859: ::ec20:0:7:0:98:0
Case #860: 0:9dd1:0:4c:0:c1d:b08:0
Case #861: 0:14:c48:0:d:f6b::
Case #862: ::a73:0:ab1e:0:0
Case #863: a2b:80:de9:d:2:0:830:79
Case #864: ::c8:0:f04:54:ce0:0
Case #865: c9::5:0
Case #866: 0:2c::73:3:1:0
Case #867: 0:b7:5ac::e7
Case #868: 0:c7:1:1082:0:9::
Case #869: ::d:d3:2:0:c29c:0
Case #870: 9b6a:dfb::405:0:e8
Case #871: 3:a3:0:1::
Case #872: b1:0:e93:a4:c2fe:0:af:76f
Case #873: 0:0:35::d4
Case #874: 0:0:a:0:c734::3
Case #875: 0:5:63a::1450:0:4d4
Case #876: ::4:7:0
Case #877: 0:c:0:8::
Case #878: 3f:8:e3c7:3637:cf24:0:9c0:6d68
Case #879: eecf:9a:9344:0:4::
Case #880: 0:7:1:d::
Case #881: 390b:8::890:5:0
Case #882: 0:e::b9:7:192:f
Case #883: 4500::9ef1
Case #884: 0:feb:d9::5:0:2abf
Case #885: 199:6::8f:0:0
Case #886: 9::9898:0:0:5959
Case #887: 0:cdb::ce:65
Case #888: f:8::1e:0
Case #889: c:0:4::1b:0:3
Case #890: b5:9c0:9:869:c::266
Case #891: 0:66c:f64::b2a
Case #892: 8b:0:e9::
Case #893: 0:0:79b:b463::d643:0
Case #894: 2:28b:8:6304:0:d2::
Case #895: 9:0:2b8f::4b
Case #896: 9:6d:0:f9f3:bc::c
Case #897: 0:2:b56::499a:0
Case #898: 0:9bd:0:6845:f1:0:c:75fe
Case #899: 79e:f61:9c9b:0:eb2:ba89:ee95:75b
Case #900: 8::fe9d:3:890b:a9b
Case #901: ::4:0:0:19a
Case #902: afc2::cae3:d4f:70:3188
Case #903: 0:d3b:0:22:0:77:d2:0
Case #904: 9c6:0:b4:62d:0:9:b:0
Case #905: dde3:2f24::5:a41d:8e:5b
Case #906: 0:184:f:84:0:f41:af15:21
Case #907: 4::
Case #908: 39cf:94:58d:eb92::c:79
Case #909: 0:8:8ff::
Case #910: 0:fe:0:71:0:5::
Case #911: 0:ee2d:0:5:0:8faa:199d:91
Case #912: 9236:0:9b:0:d4:4:a52:4
Case #913: 1:7:422:d22:0:90fd:0:87
Case #914: d25c::4c:0:0:0
Case #915: b8:9c06:0:12f:b72c::
Case #916: 0:0:c1f:95e::85:63
Case #917: 336b:7f6:1::65:0:2
Case #918: 19:76:2db:11:354::7
Case #919: 0:d:aed::e72a:d383:f84
Case #920: 3df::d6aa:0:6:0
Case #921: 45e:c47:6b:0:4cf5:0:2f5b:9830
Case #922: 0:59aa:0:0:a6::
Case #923: 0:4830::9:8f05
Case #924: ::b:e2:0:c:868
Case #925: 0:a:0:d849:ea0:f9:9dc:eb
Case #926: 4930:c908:98::5:53a8
Case #927: 0:b3:11:4::823:cf
Case #928: 27:ce6:0:f::f40
Case #929: 3::9:0:b6:0
Case #930: f:5225::fca:0:44:7
Case #931: ::f758:3:7143
Case #932: 0:c047::f6:0:0
Case #933: ::b2c:d4f2:0:69:cc3b
Case #934: 0:c:e5:ec3:aebc:c91c:95:f1e
Case #935: f7:1677:0:afae:8:9bc2:0:a
Case #936: 440:e59:0:c7:9b::
Case #937: 6bf:783:0:a:7:0:17:0
Case #938: e679:707:a1ad:f:f5::9
Case #939: 0:165e:0:0:f32::
Case #940: b::3:0:5
Case #941: ::7c:fd:0:0
Case #942: ::7b:0:2c:0:d0:0
Case #943: 0:be3:fd1:e3:dd4:ea4:95:429
Case #944: 5c:d6:9:0:c79:ded:0:67a8
Case #945: e390:394::37c:c
Case #946: 97:ac:e:0:9:b:3bef:80e
Case #947: ::6:4:3cb:0:9e1:0
Case #948: 723:0:70:b:5c31::
Case #949: 5d::9:6801
Case #950: 0:a::afdf:fc48:96:c9e
Case #951: a7c8::ac:0:a168:d5:0
Case #952: a:0:d55:1c3:0:1e3b::
Case #953: f633:12:c66::fe:afc:b
Case #954: ::b:0:846:0:0
Case #955: ::
Case #956: 0:cfc:68:8b6::1:1b9
Case #957: 1:82a:0:fd2e:68::
Case #958: 0:69e:f44f::41:e0a:e
Case #959: 0:313b:9b15:0:5:3c39:0:d16d
Case #960: 0:25c:2736:0:2:b66:22d7:5e
Case #961: 6d8:bbda:e6ff::1eaf:7cd:0
Case #962: 18d::9:e8:0
Case #963: 0:5:9:0:df4a:0:b241:0
Case #964: 0:8778:7:0:cf63:a:0:be3
Case #965: d60:0:9::7a:0
Case #966: 0:f:f3b6:64d::9:0
Case #967: 2eb:14c8:0:a0:0:43:407:0
Case #968: 0:7c::d2df
Case #969: ::77:54:0:a:17
Case #970: 0:0:3d::9723:27c:0
Case #971: 0:b3f4:c72b:0:3:0:ae0:fc
Case #972: 0:b:0:e:0:c379:0:e5
Case #973: 59:aeb:52:0:919d:56::
Case #974: 0:ee::e7ae
Case #975: ::d:0:6b0:217b:eb5:23a
Case #976: a49:4:a:67d9::cec8
Case #977: 0:e7:b37:3::d:0
Case #978: 0:cf8f:0:32a6:6bb:0:2:0
Case #979: 2:4:8609::6f:df:4f
Case #980: 30::21:0:e1:0
Case #981: 9::5a3f:0:7e
Case #982: 0:d:0:9:5f:80:7604:0
Case #983: 53:5:0:88:32::
Case #984: 9d94:33e6::65:0:792b:b
Case #985: e6e:0:eba:0:2::
Case #986: 0:177b:0:0:111::
Case #987: 4a94:0:2229:2:0:a86::
Case #988: ec6:4ea6::f:0:f
Case #989: ::d3:66f9:0:76f1:0
Case #990: 0:11:0:72b:13::
Case #991: e5ce:a6d:0:0:ab::2b
Case #992: 3ab::ff8:986d:0:dd8
Case #993: 1a7:4d4d:fa:39::
Case #994: 6a:2::c53:54b:0:acce
Case #995: 10::a6fb
Case #996: b:2::
Case #997: f9a5:5:c:12:51c::
