Case #1: 0:90a:4:2a26::f6
Case #2: ::8932:7f38:d:0:4:69f1
Case #3: 5:0:52:1:0:a8:6a3:0
Case #4: ::d:0:0:3e2
Case #5: 418:25d6::b0:0
Case #6: b350:eff:0:cd6:0:5:0:281
Case #7: 0:2e0:7:cc65:80c::48e9
Case #8: a6e:47d1::e57:6:0
Case #9: ::89:20e:0:8911
Case #10: ::32e:2:f:d71:f
Case #11: 769::d5a4:0
Case #12: e::15f:9ebe:1
Case #13: 8534:cc99:8a9:3cf2:0:e0a0:7:0
Case #14: d117:5473:0:be9:2d:0:2:0
Case #15: 4:e:e49:c32:859:0:6519:e
Case #16: 0:7:66b4:f:0:cded::
Case #17: b:d61b:0:f8:aea5:4:2:0
Case #18: 0:8af4:0:5:34:0:55c:f9c0
Case #19: fec::e9a2:65b:80:9a:99
Case #20: 0:0:0:35f:b::
Case #21: 0:6::b:5:0:0
Case #22: 0:dfc:5:52:761:6::
Case #23: fe7:cd2::b6c8:0:4c2:b1
Case #24: 0:737:0:0:9::
Case #25: 2::ecd7:430:ba:ffaa:86
Case #26: 0:13f9:0:b3:d:0:3dd6:4
Case #27: 3::
Case #28: ::d:dd05:0:44:0:f8c1
Case #29: 6:a:0:dc:56:d::
Case #30: a:0:c01::f:0:0
Case #31: a3:8:0:2:e::8de
Case #32: 0:fcc4::a450:0:6e8:8
Case #33: 0:f5c::eee3:0:e41b
Case #34: ::b6:71:9ee2:0:5:57
Case #35: 57:3:c371:0:14ab::1b
Case #36: 20:7b:0:7e5:f3:4:0:fd5c
Case #37: 41:9159:2::894f:945:87
Case #38: 1:0:7c1:0:94:4::
Case #39: e14e:8b::e9fb:30:0
Case #40: 0:d:9a5:d8fd::df8:0
Case #41: ::
Case #42: ::d:0:2401:0:79
Case #43: 34a9:4306:0:80f:8::8
Case #44: 84:0:88:fbc0:0:11:c:0
Case #45: ::a02:0:8:c:d:d8
Case #46: 57:0:106b:b231:ed6:0:67:e00
Case #47: ::d:36ab:1:5:0:7bf
Case #48: ::7:0:0:0
Case #49: 0:3::
Case #50: 0:5c78::
Case #51: 9:706:0:0:81::8b
Case #52: ::f:8eb7:33:68bf
Case #53: bd1:0:a::
Case #54: a6:0:801:5c:0:8e9::
Case #55: 0:ac0:0:0:5::
Case #56: 0:36cd:54:79b2::
Case #57: 0:0:d:38:3::
Case #58: ed6:b:8d5::770
Case #59: 3e9:2b:6f2:1:5590:449:c651:80f
Case #60: ::33e:de:d504:0:b86:0
Case #61: 0:1c3:22:3f58:59f:0:3:f07
Case #62: 0:9b4::e3e:62:0
Case #63: 0:8:27:e::
Case #64: 6d:0:50b5:3:570:3f:25:347
Case #65: 9:91a:fa:7d3::a98
Case #66: ::abf:a:0:188:0:7
Case #67: 0:5646:0:0:1::
Case #68: ::6d6d:c02:0:0
Case #69: 0:6ca:0:8831:f1:c6ca:e9ba:faf
Case #70: ::9:0:6d6:1e1e:0
Case #71: 0:d1d:0:d:5f60:881e:0:c6a
Case #72: ::7:0:0:0
Case #73: ::c8ef:0:e6:7f36:44ec:0
Case #74: 0:0:0:45::73b
Case #75: 6:96::80c1:24f5:0
Case #76: 0:27a:d3:180:9a:e:e9:326a
Case #77: 9::83ef:2b:5e:0:0
Case #78: 0:e5b::d:ee:4e33:8
Case #79: bd:93:3c9::
Case #80: ::42d:a:e:0
Case #81: 382:0:e1::d:0
Case #82: b8:0:b:5:5:23a:80d6:aa6
Case #83: 0:c:0:a:bc61:6::
Case #84: ::245:56c:d:0:0
Case #85: 8e78:0:6c:cd::c76:7
Case #86: ::7e:3f8:0:0:318
Case #87: d8::94:0:e:0
Case #88: 2f11:7::cdea:0
Case #89: 0:0:4f:0:879::
Case #90: 0:5b:0:59:0:a4::
Case #91: 0:c:e:a::1860:0
Case #92: 0:d:0:d:e63:1:e:f1
Case #93: ::b4f:2:0
Case #94: f12:0:f6:14::
Case #95: 0:274::3813:27e:f74:0
Case #96: 0:70:0:8ec:27d:7c:35:1
Case #97: 0:34:f::9b2:e51c
Case #98: 0:da:6::f6:f:0
Case #99: 730:83:0:9:0:f41:d:15c
Case #100: bd61:5698::b811:0:82f:0
Case #101: 25::
Case #102: 30:4b2:7fe::
Case #103: 0:3:4a77::10da:0:9
Case #104: 83b::d:0
Case #105: cd:3a11:5dc:0:b42:e::
Case #106: 69:b46:c1b:408c::d4
Case #107: 0:22d:7:0:3706:2864::
Case #108: fb:0:1a35::c19:a150:350
Case #109: 0:6905:8::
Case #110: ::9:dcc
Case #111: ::1d:9:d67:0:7
Case #112: 5ad9:2982::e:6b6:1a
Case #113: 0:8:0:8:0:ca6c::
Case #114: a:927::f:0:676c
Case #115: ::f7:9:d3ba:0:bf5f
Case #116: 51:1d0:0:a68e::25f:c
Case #117: 0:7a:ed:c:0:118:fde:1bd
Case #118: f13:0:1::f2
Case #119: ::d13:0:892c:9:2:0
Case #120: ::16c3:4b:f99:0
Case #121: d84f::5e:d:0:6
Case #122: ::73:9:8:b
Case #123: 0:5d:5:f5a4:0:13:0:39a4
Case #124: 905d:a9f1:0:e7a1::c:0
Case #125: b6:c8:8:2d:b2:0:b6:9
Case #126: ::2daa:b6:0:e374
Case #127: 46:0:9f8b::f70:19e
Case #128: d:0:0:79::e86
Case #129: 0:1f:9b4a::81
Case #130: fe4:a5c:9738:b7:0:745a::
Case #131: 0:d::6:0
Case #132: 567f:b:8::9a8e:8be7:21ad
Case #133: da59::8387:34a:0:0
Case #134: ::
Case #135: ::7e:0:e
Case #136: 0:ab:2::1c9f:9c:75
Case #137: beb6:4:0:a41:0:5:0:40
Case #138: 0:4::87a:a46b:0:3848
Case #139: e:0:1::834:0:0
Case #140: ::ca3:2:d7:7:1be9:0
Case #141: 5:0:436:c:5:0:f73:0
Case #142: 0:62:0:daa9:b659::f
Case #143: a7c::c7:0:6e2:0:0
Case #144: e:0:a53:cd::2e98
Case #145: ::efe3:0:ae:66
Case #146: 28:4::3d8d:8b:0:577e
Case #147: b64f::f5f1:0:84:d7:0
Case #148: 1:8c:0:0:e09c::234
Case #149: 0:0:e948::75d
Case #150: 0:f1:270::f:60:75d
Case #151: 978::709:0:291b:69f:0
Case #152: ::982b:f:9f19
Case #153: 0:11:9:0:48:e0eb:ae6b:0
Case #154: 0:9c:79c2::e
Case #155: 44b::b8:0
Case #156: ::9:5:d4e2:f5bb:0:2
Case #157: 0:26:d2a::b77:f8a:d2c
Case #158: 0:3aa::61:ba81
Case #159: a64::f41:0:b3:0:7
Case #160: ::ae5d:ca9
Case #161: 8:0:0:6::6:bd
Case #162: d97::517:0:6:0:c
Case #163: 57:0:bad:0:6d::f
Case #164: 7ed2:6654:f0c:a5:0:5d::
Case #165: ae:0:a::9cb:d4:0
Case #166: 0:3:af:ddf9::
Case #167: f4:90c::e
Case #168: 0:93:0:a:88:0:a:2
Case #169: 0:36:969c::82:1b:c2c
Case #170: b55::dea0:1:0:337
Case #171: ::f65:1c41:88c:0:5
Case #172: 0:21::da1:561:4:fa58
Case #173: 1a1:0:0:2:e::1
Case #174: 0:969:9bd:909:57::49
Case #175: 469::6c:0:c3:0:aa
Case #176: ::a2:0:0:fcb
Case #177: 70:a69:67ce:24::
Case #178: ::9b5:0:1:72:55e3
Case #179: cc3:0:b9:ec:0:b::
Case #180: 23::3a12:0:bf88:68f
Case #181: 7:0:29:0:fe:ff5::
Case #182: 0:55:32:37a:a5:c010:df7e:81
Case #183: ::26c:0:e:3eb:0:e5
Case #184: 0:4b:0:b::8:cd4a
Case #185: 0:b:0:a:42:3a34:0:93e4
Case #186: 8:0:0:8d::2
Case #187: 0:0:27cc::
Case #188: 1af:0:429:a::
Case #189: 9191:3c7c:66:e34:0:215::
Case #190: ::c:0:b9:0:5b5c
Case #191: 0:0:0:65::f1
Case #192: e:81:1f42:7:0:a5:0:26c2
Case #193: c084:0:a4e:9c2:287f:0:e:0
Case #194: b9c:0:709:e99d::8:0
Case #195: a:eb:0:71::5:0
Case #196: ::92e1
Case #197: bd93:64::4d7:6cd7:3920:0
Case #198: a:78:0:70:3e:0:b:1b
Case #199: aae9::2a:bbc:ad:0
Case #200: 2:28c:7:38:6cb4::
Case #201: ::2c:0:e1:a4e:6:0
Case #202: f:0:c1d:0:3d4::2
Case #203: ::a5:12fe:27e8:b:bb
Case #204: 0:d62:43:8::e7b:7f7
Case #205: 0:0:0:d::7
Case #206: e6:0:0:c9a7::b
Case #207: 0:0:908::25
Case #208: fb0:0:f9:8:0:204:2e:a22
Case #209: 442::513:96:3214:0
Case #210: 993e:21:5a:4c:0:d5a:0:5
Case #211: 0:3:dc8:0:5b5a::
Case #212: 0:c1:0:c::
Case #213: d9f:8:790a:a:5:15ed:3ac6:0
Case #214: 0:a3b:0:154e:78::cffe
Case #215: 0:0:7f::e9bd:b:0
Case #216: 47::f
Case #217: d::
Case #218: ::afb:0:8:2b4
Case #219: ::9ad:8:65:de8:0:6c1
Case #220: 0:a:a:3:43bb:13::
Case #221: 81f:fcca:7::6c:0:c54
Case #222: ::6:535:5:0:1:0
Case #223: ::26a3:0:752
Case #224: 0:0:8e39::9be:c102
Case #225: 0:a:c7b6:db9:1::b5
Case #226: 8c::9d:955:cecc:7a:bc
Case #227: 0:53:0:2f:2df:cf4f:0:dfe8
Case #228: f8:66e::426:0:c823
Case #229: 0:f4::
Case #230: 67:4f7:ab:6d5::f703
Case #231: 56:bc24:0:22c::7c3c:0
Case #232: 0:9a:4a97::747d:0:0
Case #233: 0:0:7c::8:0
Case #234: f0b4:b:34:0:9f57:8::
Case #235: 5f1:0:4:916::
Case #236: 4682::d4
Case #237: 0:cab:0:21:53::
Case #238: 70a2::37:9:b04:0:0
Case #239: 0:b9:6f37::beb:0:0
Case #240: 0:fdb8::7:c:0:0
Case #241: 0:0:53::c:23f
Case #242: e:2a66:c32::
Case #243: 87::eba:8cf
Case #244: ::c:c3c:0:83:7d8:0
Case #245: 7be::2ed0:0:6:0
Case #246: c641:1ce0::5e:2e5c:0
Case #247: 0:79c:0:95::
Case #248: 5:0:0:d5ad::9
Case #249: 0:d:0:1d:586c:ef0:0:b6be
Case #250: 0:ace0:0:2:0:593:4:832
Case #251: ::27:0:0
Case #252: ::8:0:0:80
Case #253: 0:0:643:0:bda3::cad
Case #254: b71:326:0:a31:b:688::
Case #255: 0:29:92e:0:bb09::
Case #256: f4::14:90
Case #257: 1d32:61d:fe0::e
Case #258: ::b8:3b:73:0:16:0
Case #259: ::92d:8f:6
Case #260: 2d:d:0:d:9e9f:2d7:0:8
Case #261: ee:5f1::48b1:4f00:514:0
Case #262: 0:53:be:0:2f::f540
Case #263: 8:a:8580:1f:b3:0:9:0
Case #264: f:0:3::d
Case #265: 277::945:6695:6:0:0
Case #266: 2::5a:0:19
Case #267: db::ed5a:0:2b:9957:0
Case #268: 9c6::20:0:0:6b14
Case #269: 0:fc6:8:0:833:4597::
Case #270: 4:0:682:3:0:3::
Case #271: ::8453:6
Case #272: ::32dd:c:be66:80:0
Case #273: 0:0:1e78:0:ac::
Case #274: 46ba:0:0:c1e::e6f:0
Case #275: 56:1fb:f::7266:5:0
Case #276: 0:51cd::c539:0:b8fc:0
Case #277: b15:0:a651::7efc:3946:2359
Case #278: bc:2f::
Case #279: 31c6:3:0:948c::25a:0
Case #280: 0:1a::2349:d:0:a
Case #281: 9:0:8343:5dd::29:efd
Case #282: 0:c721::8b:a:e36:0
Case #283: b7:3b61:0:68:ab81:7a:b80:3
Case #284: 0:7:d6:0:806:0:1d:0
Case #285: 0:1559:0:d:0:c8:389c:0
Case #286: 1ed7:f8:39:d:0:80d::
Case #287: 82d:f9:0:a:0:a63:91:0
Case #288: 0:0:470:0:c7c::3
Case #289: a:0:0:c3::7ba
Case #290: feac::6:24a:5a:0
Case #291: ::5d:0:3a2:5fd6:5
Case #292: 6a::1a:0:0
Case #293: 0:20:a:da74:0:8:313:f4
Case #294: b:0:3f1c:6884:4a::
Case #295: 0:6::7:146:2d57
Case #296: 37cd:8f:7db::3:0:d
Case #297: 0:5::d:0:f
Case #298: 0:7f2:506d:0:cba:3a:0:48
Case #299: 0:0:0:6:6d::
Case #300: 1db6::c0:f54:ad30
Case #301: 0:8c6c:0:56b7::7:0
Case #302: 0:9b:0:e28::
Case #303: ::9:0:3:0:44:c
Case #304: 4:6b::9f6:a83:745
Case #305: d08::2b5:0:0:0
Case #306: 0:c:574::40:756c:53e
Case #307: 0:0:fd:a::
Case #308: 16c9:0:5::44:0:5
Case #309: 0:3866::4e:0:b0c
Case #310: ::
Case #311: 0:a:e6b:0:3ff3:622:0:b
Case #312: 0:fc:0:1::565
Case #313: ::c0b:4b3:a:0:47
Case #314: 0:0:5793::ad:0
Case #315: ab7:68f3:3499:0:28e9:80c5::
Case #316: 0:61e:a247::736:0:1c5
Case #317: ::3:da3c:c50c:0
Case #318: 0:9:0:5b70::b
Case #319: ::9:c876:0:3:0
Case #320: b4c:dd::cc9:10c8:0
Case #321: a:b26f:b0d:0:104:0:b45b:5a6
Case #322: ::f:0:7c1:3:0:c00d
Case #323: d58b:354:0:0:e4::
Case #324: 30:ca:b:c98::2:0
Case #325: fcf3:0:4314:0:2::
Case #326: b2:21:9:b1:f:5:338a:0
Case #327: 0:3:0:0:f41::
Case #328: 0:40f:0:f0::74c:aa1
Case #329: f18f:e4d5:1::7e8:0
Case #330: ::ad6:0:f93:9d:84d:0
Case #331: 2:0:9:bfa:0:fe:0:5
Case #332: 0:0:c8::5c:2d:54
Case #333: 0:898:0:9ea:845c:0:d64:ec
Case #334: ::5cc:ebee:0
Case #335: ::7f9d:0:7a2:0:ac
Case #336: b6c0:e41d:9294:3:e021:43::
Case #337: 47:d817:0:e::da4d:cb
Case #338: f09:70b::a88:0:0
Case #339: 0:0:d::ab:0:3b
Case #340: 0:d6:0:7::d7ad:0
Case #341: fb8::dc8:0:442e:a4:3a6
Case #342: c::92:9:0:38:d
Case #343: 685d:9::e79:0
Case #344: 85:174a::8:0:2004:f052
Case #345: 7:3:d:c2e0:eb10:0:623:0
Case #346: 0:0:e:4229::a26:9f0
Case #347: 0:0:6:0:4::
Case #348: fa7b::944:b:4:0:9
Case #349: 0:332::1:0:33
Case #350: ::48:0
Case #351: 9db2:e:ab0:67:c97:0:7b8:0
Case #352: 0:97d:80::6
Case #353: 3baf:8a3:a9e:0:d41:717::
Case #354: 0:a::d47:6:0:5
Case #355: 5143:0:f2::d2d1
Case #356: 39::437:0:3d7:0
Case #357: 0:0:f68b:ee:4::
Case #358: ::2:55:0:0
Case #359: 3263:5::21:5:0
Case #360: 8::8a:13:0:0
Case #361: 0:2:0:5:0:1:0:3a
Case #362: 0:a3ae:d26:cf7:1a:ddb2:0:e6d
Case #363: 3e:8b36::7d61:2b0:0
Case #364: 0:74cc:0:8::
Case #365: 0:ae3:632::476b:a
Case #366: 0:0:3bbf::
Case #367: 0:768f::72b6:57:0:6
Case #368: 9::c:0:e:0:f297
Case #369: 0:e:4::a9:62:bed4
Case #370: 0:de:0:bce6:9d31:c3::
Case #371: 0:6a::34:8ca3:20f:47d
Case #372: ::7:0:0:b7d:0
Case #373: ::cf:0:91:ce61:0:1
Case #374: c7:54:0:0:579::
Case #375: 6e9:0:0:a9b:95::
Case #376: d74:910d:18::
Case #377: abd9:5::1:0
Case #378: 9::c:0:318:0
Case #379: a1e:0:0:e3e4:53::d
Case #380: 0:b12:2:569:49d:54b6:9:0
Case #381: 0:9::cef:d72:0:45
Case #382: 139:0:df4a:462:7:0:3:0
Case #383: a048::fdf:0:0
Case #384: 0:47e5::ab1a:2a21
Case #385: ::4e8f:609c:1a:61e:55:0
Case #386: 1f61::f:e0:23:72f:30
Case #387: e46::
Case #388: 34d:8:0:ea:e00:0:38:4086
Case #389: 6ec:f2:0:0:8::2
Case #390: 6:21:0:464:4862:0:f30:0
Case #391: 0:3f::
Case #392: f11:77c:e1e3:6::f3a
Case #393: ce5:e5:5::e:0:aa
Case #394: 1:0:fa17:7e:0:a2:0:20
Case #395: 0:ad::f5:0
Case #396: 0:1:5::a32:de2e:0
Case #397: d60e::1:0
Case #398: f::48c:0:0
Case #399: aa::
Case #400: b38:48d::156b:8
Case #401: bc0e:0:8d7a:7326:76::9
Case #402: 0:4a7:60c:0:4509:e5d:0:b
Case #403: ::5a:0:5bf6
Case #404: 4:e::6d0b:aff5:d
Case #405: 7534:17::29a4:0:0
Case #406: 0:12a:0:e9:db0::
Case #407: 0:0:fd22:ac2::683:0
Case #408: 0:0:9:6a9f:0:b5::
Case #409: d61e:875::
Case #410: 10a2:7:0:2:d287:9d:a:0
Case #411: 0:ca0:3:0:c124:93b:8bc:0
Case #412: 7::2b55:0:d:0:14da
Case #413: 0:f141:0:847::35
Case #414: 0:d:0:6:a3:b26::
Case #415: ::18e:8474:0:0
Case #416: 2ca:2a:efe:6:0:ac:a79d:af8
Case #417: c:0:0:5ae1:255::
Case #418: 7c2:0:77be:3a3::bca0:0
Case #419: 9c4:0:7096:982::969
Case #420: fd:0:c9b::
Case #421: d::c59f:0:93f2:edaf
Case #422: 116:ca::e16f:501:b5:4e
Case #423: ::d:0:38e9:0
Case #424: 0:8:0:7b5:0:94:0:ef
Case #425: a:b67f::7089:64:0:40
Case #426: 428:d:0:40ef:426:8e::
Case #427: 1d4:85:0:848a:0:8:a8:0
Case #428: ::e5d:a1:0:5771:0
Case #429: 8a:76b4:ac:0:27b5::
Case #430: 0:c:45d5:0:f:f:f:9d56
Case #431: d0::55a8:7b1:11b1:55e:65
Case #432: ba60:0:1::7e:f1:0
Case #433: c:0:1c33:0:1e:5:25a4:0
Case #434: 237:0:6305:2a2:2d:8:1ce:4acd
Case #435: 0:7:0:fd::
Case #436: dc1a:df:bedb:6bb6:6:5:e:0
Case #437: a2d:0:e0ad::de:0:4ce0
Case #438: 3:0:6:f:0:1::
Case #439: 9::4ab:8
Case #440: ::954:8:949:b8:0
Case #441: 0:26b4:0:a8:98:2306::
Case #442: 0:0:8d::5b34:0:0
Case #443: f9b::85e2:d0:3:cc:df
Case #444: 0:3:0:4421:777:faf:4ca1:0
Case #445: 0:0:4e0:0:f2:3::
Case #446: ::814c:9:0:0
Case #447: 0:0:f696:2d:cdb2:5b08::
Case #448: 0:7:0:dc3:98::b0
Case #449: d0d::929:0:5d:0
Case #450: 0:4e:0:d4c3:9d::7f
Case #451: ::13:0:a:0:0
Case #452: 0:6ef:e0:0:24:f1:0:7b
Case #453: 3e7a:c:76e:0:36:6b:d8:f
Case #454: 0:e03::a606:2:1
Case #455: e6d5:77:0:d496:ff:0:4bc:676
Case #456: 0:0:0:2::
Case #457: 0:e::9e4:4296:7
Case #458: e3::2:bacf:0:0
Case #459: 964:f188::8e:0:1dea:2e22
Case #460: 40:0:a::8264:281
Case #461: b7:cc:0:c::c:0
Case #462: 6::878:0:3:d:0
Case #463: b9:3:17:0:8::
Case #464: 1efb::338d:c6:a8:0:33e8
Case #465: 3d:0:4:1d:c:0:bdb:0
Case #466: 842:2::18ff:d0f4:0:0
Case #467: ::ac13:0:0:f:9
Case #468: 0:a:a:ad:1ae4:0:808:b
Case #469: 44c0:0:1d::
Case #470: ::4a8:68ae:3f:ac2:9e41:0
Case #471: ::72b5:0
Case #472: 4:0:a:dfdc:0:39:0:855
Case #473: 1c75:d4:0:5d:bc:165:60:0
Case #474: ::e7a:5d:0:b:701b
Case #475: dc:2b:0:0:ef02::dfdf
Case #476: 2::216:9eb:50:0:0
Case #477: f10::fd2e:0:c:0:0
Case #478: ::d87:21b4:0
Case #479: 0:55d::f606:5b59:e7:0
Case #480: 158f:7:e27e:0:8e8:d:0:ca
Case #481: 36e1::
Case #482: ::c7:0:a7c:cfa
Case #483: 6da1::f3:0:0
Case #484: ::9:302a:580:0:0
Case #485: fc::
Case #486: 32:0:f6:fc7:0:ff:0:4
Case #487: 8d:0:402::
Case #488: 3f8::93f:0:70f7:0:d
Case #489: ::ea:0:0:3cf:0
Case #490: 7:91e7:43::658b:0:0
Case #491: 0:94::a3e5:7ac:35
Case #492: 50f:0:1f::c42d:81:0
Case #493: 0:0:33f5:107:a9::
Case #494: 7ef::1a67:0:6a:0:28
Case #495: 2b2:314:dc:c:a:71a4:ad9:0
Case #496: b1:bb:0:0:73::4
Case #497: 5:0:0:61::
Case #498: 0:57:0:a::a
Case #499: 7:0:0:b::c6
Case #500: ::abe:2ed9:a8c9:0:b60:6a8b
Case #501: 8::a5a7:0:3:1a
Case #502: d8d:50b8:74ec::
Case #503: 97:0:7e:881b:0:26c:0:2c
Case #504: 0:67bf:40a8::b:38:0
Case #505: ::2df:8672:0:0:c0
Case #506: ae8:d03:0:23b:0:40:0:be1
Case #507: 0:2b3:3:0:1:0:a19:26
Case #508: 2:0:58b3::2a:0:e
Case #509: 0:0:497::e:64:0
Case #510: ::ad51
Case #511: 0:4b:7ac:0:9a:fc:0:bf
Case #512: 0:16:0:d0e2::5:0
Case #513: ::9:0:e:0:75
Case #514: e28::
Case #515: c::d9:0:0:0
Case #516: 0:77:6:936e:32:2aa:1:7006
Case #517: e52::516:0:8:0
Case #518: 7ef::b:0:73e:c7d2:1c
Case #519: 0:ac0:c79::
Case #520: 594b:2f5d:92:e597:7b9:0:458:b503
Case #521: be5:0:939a:0:2dae::60
Case #522: ::c8:67:0:691
Case #523: 54:ad30:0:dd71:100:0:69:955
Case #524: 46:6442:1:0:8e2b:557:0:623c
Case #525: 0:0:c::429b:f:e6ef
Case #526: 859d:721:e0f:a249:0:1014:0:ed4
Case #527: 0:a05f::66c2:ff2:0:5
Case #528: 5:2:9:d3::b4:0
Case #529: ::16c2:e4b4:0:5:4ac:0
Case #530: 2c:8fcf:d::ae:0:0
Case #531: 0:9438:f7::c13a:0
Case #532: ::cbe:0:0:a
Case #533: 8:e8:0:6e4:9::
Case #534: 0:5:0:5::c10:0
Case #535: 0:17d0:0:a:0:d:0:f2
Case #536: 0:96:1f4:565:0:a:0:3
Case #537: 1::4:9ea7:4
Case #538: 0:5d02:ec2:0:f0d::
Case #539: e:fba::70
Case #540: 0:0:11b7:0:1884::
Case #541: 4c3::f4:1:0:e:0
Case #542: 0:0:d4e:4b65::2ca
Case #543: ::1475:0:0:6269:2
Case #544: d7ee::b635:c:8c4:0:0
Case #545: 2b6:32::ba:e781:0
Case #546: 0:0:6ec:883::
Case #547: 933:0:ad:0:cd11:7::
Case #548: 789:0:6bed:0:c:a3:0:b
Case #549: ::e0ba:a7:a32:0:1:0
Case #550: ::e1:8488:fa:0:bd
Case #551: 2686:4fc:9:a8a7:3:0:44:0
Case #552: eb28:21d:0:2::
Case #553: 0:0:dcd:0:e0fe::7d09
Case #554: 0:0:1::a1bf:a
Case #555: 65:0:fe8:99c6::fced:e5
Case #556: f1a:0:68d4:2::b
Case #557: 0:d8eb:8a3:a88c:23:b6::
Case #558: 4fe::1:6c0:ce:f6:0
Case #559: ::ac1
Case #560: 78c4:d2:0:8:d:19e3::
Case #561: b0:0:9d61::f801:34
Case #562: 33e3:6317:0:218:55:b850:0:1
Case #563: ::86:a:eed4:0:a4a0:0
Case #564: a65:ef:7d89:f:a:0:e09:a
Case #565: 0:3c:3672:0:3c42:3065::
Case #566: 3:0:18db:2d2:74::e
Case #567: b31:a3:0:4795:0:2b78:103:0
Case #568: 0:0:0:d5::b
Case #569: ::45:e6:0
Case #570: 0:f48::d75:0:a:0
Case #571: 0:0:5d64:17aa::b:4916
Case #572: 0:721::d3:9dbe:0:4da
Case #573: 0:cc:433:593::b56
Case #574: 98c:51:0:79bc::7111:af8c
Case #575: 0:0:1c01::d6:0:7
Case #576: 0:eb:3:d5:e::
Case #577: 0:a0ef:6:55:0:44:6:bc
Case #578: 64a2::1be:0:64:a:e
Case #579: 3f:3c2:0:319:6:74db:f:5c3
Case #580: 2:b1:18f::be8:0:0
Case #581: f7:3:f:4:97:901::
Case #582: b9:5:0:8e:2:441:711:d00
Case #583: 93af:ae6::517:0:0
Case #584: 0:8:d9c3:d5c5:f5:4a6c:15:a7
Case #585: ::4e5:39:66c:0:0
Case #586: 47a:88c:0:3:f:4d:6:0
Case #587: ::c:0:0:6c:e52
Case #588: ::765:0:0:0
Case #589: 39cb:abe:9::2d4:0
Case #590: ::cb:0:a40b:8
Case #591: 5dc:0:b:3b::
Case #592: 7a:a87:0:8d:0:36fb:5d:0
Case #593: 4d92:0:42cb:cb6:9d1e:1::
Case #594: 0:c238:9f5:6d54::
Case #595: 0:de8::9:a
Case #596: 0:775::ba:d9dd:b1
Case #597: 5::7d3b:4387:0:1:c
Case #598: 0:8f7:b::
Case #599: ::45a:0:c:0:197:0
Case #600: ::394d:840:aa:0:b:0
Case #601: 5d3:ec:91:4::
Case #602: 0:703:0:e:8a41:0:2d5:0
Case #603: 0:f::9c0:cc:0
Case #604: a3:7c:4::5c26:0:0
Case #605: c78c:0:0:d:e::85
Case #606: d1b:6a9d:36:0:ba::
Case #607: 9:0:99:41:221::
Case #608: ::7:f0e:ec8:48:0
Case #609: ::f:0:7:5b:0
Case #610: a:1d8:0:9:73ec:d3c1:a42:4
Case #611: 9bb7:0:1:4d81:e1:a072::
Case #612: a3::14:a64:133:0:0
Case #613: 0:1a4:0:33:5939:3:0:1e
Case #614: 1ed7::d6:e:0:e4
Case #615: 96ae:0:0:10::
Case #616: 0:ce::f:0:b9df
Case #617: 1ba:6da6:59:a4ce::99:0
Case #618: 7f:0:d:0:350:1e:c81c:0
Case #619: dc:e5d:c3:0:d:9::
Case #620: ::d3:23:1f
Case #621: ::7985:0:880d:0:c0c2:a
Case #622: 7:1::3f8d:e48:0:69e6
Case #623: 0:31f5:0:ee:c75b::b019
Case #624: de::7f:de64:8b1:0:0
Case #625: c7b:0:10:0:5f5::fce
Case #626: e3::7d97:0
Case #627: 1ea:0:0:fe:49::3ca
Case #628: 10:e5:0:48:0:f353::
Case #629: 8:c1e:0:ba8:dd2:ca:8ecb:2ad
Case #630: 396:f021::6:0:a
Case #631: 2e67:11:0:0:4db::d
Case #632: bb6d:d0a:f::
Case #633: ::d4:6575:73:0:65e6
Case #634: 3a:9137:bc:0:aa1::69
Case #635: 0:86c::6c:0
Case #636: a3e:0:c9:ea:0:16:11:9
Case #637: 0:0:c3:dba8::28
Case #638: 9f:0:79b:0:767b:e:0:8a
Case #639: 0:0:e16d::a2
Case #640: 0:a:c1:bb34:727:73:338:0
Case #641: a:2a:689:fb:e:7:0:b
Case #642: 0:f5:e3:2c:0:5572:2953:0
Case #643: df::90:fbc:ee1a:0
Case #644: 7b26::d61:9:0
Case #645: 1a:0:9601:57:9:5f:28:0
Case #646: 0:c8:0:22:0:f::
Case #647: ae:9aad:1f:a9:2cd4:0:6833:1
Case #648: 0:b907:e1::9b:0
Case #649: 0:eb:faf::
Case #650: ::3050
Case #651: 9:31:637::e735:0:0
Case #652: 722:a:9:38:49a1:3::
Case #653: 0:69a7:24a5:a280:194f:99:67a:0
Case #654: 52:1a:0:bb2:0:b:8:4
Case #655: ::aa:63:ef9:0
Case #656: 2:0:70e:4ad:3:0:7e5:16
Case #657: 0:0:2::
Case #658: b4::61:0:484:0:0
Case #659: 0:0:f60::88:bb:0
Case #660: 0:2ad9::86c4:2:48
Case #661: bff8:2:74:b1:17::d
Case #662: 0:0:0:c9e7::a38
Case #663: 22:d6::600:cf5
Case #664: 797::4:0:4a:ccde:37
Case #665: 84:0:0:6::6b6:0
Case #666: 0:1:0:7c9b:0:66b5:7:0
Case #667: 0:13:0:d:10::
Case #668: 0:4b7:6cd::3:0
Case #669: 73:7074:48d:0:3c25::d
Case #670: b7:a87:90::
Case #671: 741:0:c5b0:0:203::d
Case #672: 0:68:5a:ae:fb3c:5d1:2:dc72
Case #673: e:f50:9e::3c03:4:0
Case #674: 88d9:4e:0:9:0:98:8cb:7
Case #675: 41:8a6b:cbb9::8:0:0
Case #676: 8fa:9f::5c:3b:0
Case #677: 0:df::
Case #678: ::f1
Case #679: e3:3:8:df::
Case #680: ::f258:b315:0:0
Case #681: 0:0:bfa0::21:e60b:3
Case #682: 8b:0:7a64:7fa:0:3c:0:c
Case #683: f66:61:6::9c8
Case #684: b::fa:5c:7023:0
Case #685: 194::5a4f:300:60:0:0
Case #686: 29:0:0:f77::a
Case #687: 4:0:0:af:a6fa::88ff
Case #688: 0:6::a:9f0:7:4e3
Case #689: 0:c::b437:6b:62ac:0
Case #690: c198:38:5::6a:0:0
Case #691: 362::9:0:0:0
Case #692: c48a:0:ce:a4:ba8b:0:d2:206
Case #693: ::b2f7:0:d7a3:f
Case #694: 43de:77ee:b:1947:0:6a:0:1
Case #695: ::28fb:9b:76:9:0:cda
Case #696: ::
Case #697: 22fe:2f3b:0:c7:3413::7
Case #698: ::9:0:f7:0:0
Case #699: 4:0:52e:8f9::2:69
Case #700: 0:1:0:0:9e0::
Case #701: 64:1::74:f3cc:0:643
Case #702: 0:0:9:92ec:4::
Case #703: f56::4:0:b:0
Case #704: e:c::89:2
Case #705: 95eb:596::1f:0
Case #706: 0:7:0:3b:0:76e6::
Case #707: 81::94:f9e:0
Case #708: 9950:0:4::67:0:c
Case #709: fc::a:17d:0:a
Case #710: 14:12:d:479f:0:3486:e821:50f
Case #711: ::93:0:6:0:953
Case #712: 3::fc4:212
Case #713: ::ff95:fed:707
Case #714: e52:0:0:4ea:f5e6::6476
Case #715: 80::c:6:b2b
Case #716: ::28e:e046:0:b710:dbc:0
Case #717: c:0:0:b9:6b34::
Case #718: 0:499c:182:0:794:7f9::
Case #719: 9:0:0:8::c38:ac
Case #720: d2:321a:4b:59:0:1288:a537:0
Case #721: ::2:0:6159:4d:c
Case #722: ecc:0:0:5::cf:0
Case #723: 69b::a:0:0
Case #724: 0:ac48:606b::
Case #725: 98:0:d7a9:7:6:b:852:cf4
Case #726: ee7:28:9:a75:7035:0:e99:0
Case #727: ea56:66:2df:c2:0:5:0:5
Case #728: c3::6f:0:2
Case #729: ::2
Case #730: 22:0:0:46::36:0
Case #731: 0:7cd::1
Case #732: 0:30a9:1af:a4a5:4:0:cb7:b7b
Case #733: 28::d:e89:0
Case #734: e75f::fa:0:38:0:0
Case #735: 4e8:823::d:6:8bf1:f712
Case #736: 0:2f4::4:b90:80:42e4
Case #737: ::3:682c:458:32
Case #738: 0:56a4:c1a:3:42:0:43d:93
Case #739: 0:0:81d:a::c05
Case #740: 26:0:0:3:f::fb42
Case #741: 2:6644:cc90:99:0:a7:d1ec:a80
Case #742: d0b8:ce6:0:b:7d:0:9a:0
Case #743: 885:0:b7:2565::4c6:0
Case #744: 0:82b9::3:dee1
Case #745: 0:3a::1cfb
Case #746: 31e:0:e397:75f:0:2:0:de9d
Case #747: 0:40ae::d3a:0:0
Case #748: e5d:94ac:0:49:0:31eb:0:99
Case #749: ::
Case #750: f0fc:0:90:6:275c:0:447:0
Case #751: 835:8::98:b:7da1
Case #752: 0:0:4e95:a5f3:415::8c5a
Case #753: 0:57:88d7:5a0f:f2::4aa
Case #754: c39:7ee3:0:4c:a6d8::86
Case #755: 0:bea:89bd:0:ceb2:b2:0:56eb
Case #756: c2e7::80c7:0:0:0
Case #757: d0c:2a7e::5250:ca:0
Case #758: 0:93df:c3af:0:d1ed::1bc
Case #759: e09:0:ee4:0:915:11:4:9d9
Case #760: ::a3f:0
Case #761: b01::5:0
Case #762: 574:0:acf:ae74:f::
Case #763: ::e4f1:8b62:0:7b:aa0:0
Case #764: ::d3e5:9d7:55:996:0:b7ec
Case #765: 0:cd97:0:61:0:59:0:4
Case #766: ::e29
Case #767: ::8
Case #768: 0:fe::4:0:7b:0
Case #769: 0:8e7:9:ce4c:0:bdf:0:d559
Case #770: 39b:b702::16f:65:0
Case #771: f84:16c::fd:0:0
Case #772: 441:0:cfa:1a3:4:0:1:0
Case #773: c:c1f:0:0:43::c
Case #774: db7b:9dfa:0:318::c
Case #775: 1c52:f:0:87:58:4cd:0:6
Case #776: a:41c::e6:0:350
Case #777: 17bf:a9d:6:a5f:0:266d:0:edf
Case #778: 0:19:e6:3:0:80f:0:7
Case #779: 0:0:7f3::3758:9264:0
Case #780: f937:3db::8:0:0
Case #781: 1d7:c62d:0:35::
Case #782: b::a34c:ef2:0:7f:0
Case #783: 0:7d9:0:0:251c::
Case #784: 0:ca:0:6:0:fe0:1f:0
Case #785: ::9c0:0:6:5:0:d
Case #786: 0:5:0:cdc0::
Case #787: 7:41:0:7c:0:44b:349:0
Case #788: 40:0:333d::56:0
Case #789: 0:9c3d::f:24c:0:5b1
Case #790: bb3:54c1::3399:0:26b:0
Case #791: ::aec:0
Case #792: cd:0:d1:0:d28::
Case #793: 1a:a68b:bd5c:cd:25:3628:be:9
Case #794: 0:714b:4:0:3009::1f5b
Case #795: 0:e2:e:4:ce1:d:0:6adb
Case #796: ::7cb9:b:def:3:9373:60
Case #797: aa::4d3c:0:0
Case #798: 0:a626:32:0:d:fd:0:9
Case #799: e1c6:50:c0b4::36:0:0
Case #800: ::6fe:0:b1:1321:a3b8
Case #801: 5a6:0:bf8:258c:4:9:2:0
Case #802: 0:c:0:0:2e::fef5
Case #803: 5:8:e1:1:0:da7b::
Case #804: 861:0:0:74:95::
Case #805: 0:f76:7c:0:7b:9698:e41b:df0
Case #806: 1b2:f:3:0:44:488:0:50d
Case #807: 0:e:0:2a7b:0:86:2f:2e
Case #808: 273:0:4d:7f33:b586::
Case #809: c:fec3::a6:46:53:0
Case #810: 5:0:f::9:0:0
Case #811: 0:0:a7a9::
Case #812: 1::6b4:31d:0:2:f0
Case #813: 0:87:65:0:b105::
Case #814: da::ca:c:7
Case #815: 0:3ea:7::e5d0:0
Case #816: 0:d5:fcb:ee9f::
Case #817: 2a5:3:c8:6:dd4:78:d5:0
Case #818: 0:d78::5e:0:84:0
Case #819: 0:0:7d::c:8
Case #820: 1b:5e:99:308:9b46:0:94:6
Case #821: c454:0:0:14ca::7f3f
Case #822: ::9ab9:6a70:0:5e:9:0
Case #823: dad:0:84f7:4723::f:0
Case #824: a0:c6c:0:a5d:19:6:9631:0
Case #825: d8a:0:0:41::b:0
Case #826: ::93:0
Case #827: 0:0:9:0:b:28a5::
Case #828: 4c7f:0:cbf::bf1
Case #829: ::618:0:12af
Case #830: 0:323:d83:0:eeb::5a
Case #831: d7ea:6::d:56:37
Case #832: 92:0:4927:a2c:19::
Case #833: f:0:4c:0:91b6:9bda::
Case #834: ::5:3:90c:0:0
Case #835: add8:0:c1:1:0:b394:df:0
Case #836: 0:a5:8::937:b8d1:0
Case #837: 488:373::f5e:0:87:0
Case #838: f0:0:9d76:1f:efa3:8f::
Case #839: 0:cc:ec7:b:5e:0:1:0
Case #840: 0:da4:5:0:208f:50:547:0
Case #841: 4:7:a3:7:a2e2::
Case #842: 4::bb4d:93:9b
Case #843: 5a:4d6:22::f9b5:c59:0
Case #844: 0:20:0:0:ac85::9a
Case #845: 47a:3f:e::d:0
Case #846: 24:0:2776::1a
Case #847: 78a:d:7::
Case #848: 0:0:91:0:b2a:a::
Case #849: ::7a:0:0
Case #850: 0:0:37a3::d0
Case #851: ::369:c:0:0
Case #852: ::f:4b:0:bba
Case #853: 0:8cc0:d8c::aa8
Case #854: 0:1::f9:0:c:0
Case #855: 0:919e:0:148d:e010:9b1:a44:0
Case #856: 0:ac:0:5:6248:8c:7a:3
Case #857: ::28:0:0:d57d:0
Case #858: 0:4c:891:0:55:0:8:0
Case #859: 0:1d:1d5:8947:44:2:3:0
Case #860: 71f2:810::3cb
Case #861: 8fd:0:9942:0:499:0:8aa:0
Case #862: ::6:0:618c:2:0:f
Case #863: 0:490::b:0:46
Case #864: 0:83:97c:d::4:4
Case #865: d6d:1::c:83fa:ff5a:0
Case #866: f025::6:e7fb:b2:0
Case #867: 0:0:d:6a1::
Case #868: ::eb8:8eb8:dac:0
Case #869: ::cbd6:0:d:769b:0:ff7
Case #870: 0:600:907c:8b9c:0:ba:e:0
Case #871: b68:0:3:8e9:78a:4c::
Case #872: 0:e:0:e4:0:53::
Case #873: ::8:993:0:5:0
Case #874: 0:615e:d:c:0:f:0:491
Case #875: 87::7282:276:0:123c:c284
Case #876: e851:0:f:ddfe:0:63f7:0:4
Case #877: ::9f4:6:0:7:0:4ee
Case #878: 0:fbd:21:0:a47:4::
Case #879: e2b::cdfe:0:0
Case #880: 0:a::b5ae:0:b06a
Case #881: ::a:40:1e:f7:4
Case #882: 2b8::eef:6:6:0:59
Case #883: 7eb:5:2e5::9:f5e9
Case #884: 1a40:d:0:9b5f:f::ca
Case #885: f8b0:0:f5:83:bd4::
Case #886: 733::3:c327:b2:0:cf99
Case #887: ::60:c3:0:2b1a:7821:bd
Case #888: 4c::af7c:0:0:ab
Case #889: ece:88::fb9:0
Case #890: 0:ae3:0:0:469::c
Case #891: a::3:25d0:b7c9:3f3f:a598
Case #892: 296:d1b:e:e1d5::7b
Case #893: d:0:f:6b0::
Case #894: ::cf:6
Case #895: 586:bd3c::
Case #896: 0:15e:0:2e:3::
Case #897: 3ba:c7bf:0:0:bf::
Case #898: ::516:0:17dd:0:b1:0
Case #899: 0:2:71c0:1:c::178
Case #900: 0:0:d441::9:2
Case #901: 0:69c:0:7::cf8
Case #902: cc9:e609:fc::8:4fa:0
Case #903: ::d5e:0:0:a:8a
Case #904: 0:0:a5::
Case #905: 0:5a6:bb:c::717c
Case #906: 6:93:ec1::c:4f9:f
Case #907: 0:af75:5de:db:0:28:0:a2
Case #908: 3:0:0:e7b::b
Case #909: ::846
Case #910: be::69:0:741:0
Case #911: cd7:5e69:0:bda::
Case #912: 1::3a2:c:9f:0:0
Case #913: ::2b3:0:e40:0:a8:0
Case #914: 0:d160:e::1df3:cfa
Case #915: c:0:92:ba3:0:9::
Case #916: ::838:b:de:0:917b
Case #917: 0:4109:e01::d:bd:0
Case #918: 0:0:f:11:0:3558::
Case #919: 0:0:b4::a60:539
Case #920: 9862::8:d:0:35d:c7b2
Case #921: ::3342:aa:8a0:0:0
Case #922: d:0:60b2:0:790::b1
Case #923: c3::dc6:0:d10a
Case #924: 5cb:0:5:a21a:9:0:766b:cf64
Case #925: ::b:0:5361:0:a24f
Case #926: a496:0:cb9::1fc:0
Case #927: ::4f0:0:864:0:0
Case #928: 42c6::980:bd5:73c:8ed:0
Case #929: 2:8:0:c6:6e6:9fe:0:2
Case #930: 0:7:ba::6a5
Case #931: 0:0:a:2fe::6d:0
Case #932: 8d8:0:f2:dfc::8cf
Case #933: 4432:0:17::
Case #934: 0:0:fd::
Case #935: 512::e07:0:d301
Case #936: ::7dc:c2bd:14:0:0
Case #937: ::ff:d:0:0:ce
Case #938: 2eb:22::87c
Case #939: 0:0:348:0:29::c0
Case #940: 0:d5:54::3c4a:0:ee1
Case #941: 1::39:0:60:f
Case #942: fedd::
Case #943: 876a:0:1:fdf:3:68:4:0
Case #944: ::6b:f:15:0:7a8:6
Case #945: ea33:0:0:2b9:b263::
Case #946: ::b:7f:a8:0
Case #947: 7c1:da76:8:63:0:3b:63:6bb
Case #948: 31b4:0:29:0:3:1:0:1514
Case #949: ::6:a:7:0:0
Case #950: 23::3469:0:f61:7f1:2b5
Case #951: 0:1670:3fe:c:e9b3:0:9:a
Case #952: b6::e:0:6
Case #953: 0:0:d9e:6::1657:0
Case #954: 0:41::
Case #955: 0:6::c8e:3a20:7b70
Case #956: d3ac:2:0:ad:0:b0c:3eb4:0
Case #957: ::6:0:c7:0:2d9a
Case #958: 7ade:b8dd:0:277c:6098:9:5b21:92
Case #959: 89c2:0:c:0:7:8dd:5e:0
Case #960: 0:258:fa:5cea:40:37::
Case #961: 0:8a:2d51::93:48
Case #962: fa:fe0f:4e:0:659:1fd:de00:0
Case #963: 0:fa:6:0:4e:eb:f29:4034
Case #964: b:a:1::e5:0:0
Case #965: 0:1a6:0:a4::
Case #966: e6:6::2944:f:0:21
Case #967: ee:e:0:729:7f3e:431:266c:1
Case #968: 0:0:bf::d9ed:0:0
Case #969: efd::92:d9:389d:3:0
Case #970: 8:0:0:354c::cc:0
Case #971: ::401f:0:1247:0:0
Case #972: 8:0:f:0:6:374::
Case #973: 0:0:0:2bfe::
Case #974: 9d:0:0:2530:76dd::
Case #975: ::915:daf:4:0
Case #976: 0:0:4b8:82::7
Case #977: b96:0:8e:75be:63:aa2:9:0
Case #978: 0:0:85a3:0:d3c::
Case #979: 9b:0:0:4ecf::2:84
Case #980: 6a44::c:0:0
Case #981: 6fb4:fac::3cb1:0:0
Case #982: 0:634e:0:8c6a::6b:3199
Case #983: ::a0:0:8
Case #984: 0:d746:0:0:85c::8
Case #985: 0:0:10c:0:47b1::
Case #986: bb49:0:1:1e94:36f4:fd4:c1:0
Case #987: 3:2ac5:8a::c7:ddf:0
Case #988: 0:b2::
Case #989: ::92:0:a3:0:0
Case #990: 0:68d7:1::
Case #991: f:9f:2017:55b6::c4d:0
Case #992: 0:cf1::9:56a:0
Case #993: ::76:2:0:2c6d:0:f
Case #994: 0:8:0:ff::
Case #995: 0:f77a:0:d:583:253::
Case #996: ::f:0:de13:ab:1
