501890837
958831701
744853967
979415854
442718734
166999390
30253336
750945422
121013344
166999390
879339833
917663395
921827482
263235313
60506672
936213497
166999390
3781667
55370261
987833747
835326783
794167192
341307111
805339847
805339847
967188631
996958442
667997560
475017991
375472711
3781667
460913741
134586345
541749851
538345380
103723023
996958442
3781667
898742796
15126668
365228437
221359367
81461173
7239928
498479221
333998780
995898585
750945422
555272914
442718734
7374163
374619807
335995113
221359367
921827482
902669927
221359367
936213497
374619807
229378775
917663395
886806189
951334967
887965384
936213497
360482997
30253336
744853967
484053376
141823294
498479221
667997560
83499695
687960890
835326783
460913741
242026688
987833747
489707927
375921773
397839826
730456874
996958442
730456874
751843546
154924810
682614222
501890837
770874929
15126668
503687085
979415854
375921773
498479221
936213497
770874929
374619807
109040267
207663558
670653559
489707927
993916877
374619807
3781667
7563334
319136715
442718734
917663395
469834960
659568361
979415854
343980445
951836180
242026688
682614222
484053376
83499695
687309907
7563334
359389143
501890837
950035982
283646588
15126668
7374163
276546853
610679687
103723023
3781667
670653559
397839826
83499695
671990226
903672353
951334967
965289065
667997560
997949296
374619807
993916877
498479221
902669927
93940853
3781667
610679687
374619807
242026688
30253336
770874929
751843546
242026688
843654957
667997560
749239614
670653559
365228437
730456874
489707927
610679687
750945422
687960890
687960890
460913741
750945422
879339833
503104720
475017991
805339847
917663395
30253336
730456874
458757550
285258143
730456874
343980445
333998780
498479221
498479221
917663395
443982692
540873661
587688762
