593295902
341610757
139279093
295246621
41328262
375261073
27321434
793595604
781254516
453301422
871316829
426650850
723253202
501765033
978919728
638152029
300853214
505452567
469883446
942919450
814039922
668368111
86492808
974988696
425601929
962509319
287419253
786507309
78454175
120618507
977724606
508177380
61444477
265361121
916628445
639562049
409890514
977140346
179387006
281036140
121182373
548594410
723720476
205427505
129741997
188290334
243143372
612842907
365661318
488848575
496397752
195579102
643441923
414006682
81700618
853140563
963285146
984744845
976079
413619580
79167788
652742891
652742891
456592864
804673177
899895598
932946101
17996907
804217088
657630006
596993126
551189279
898579404
99842156
195044349
108908331
145968941
837717451
892469124
223117281
537186217
999287682
763384710
403928050
944791250
80896713
892570515
212703415
212703415
450192665
574005481
936728864
600575264
192361419
188030878
412182449
622111064
896838054
896838054
325644367
184237197
943731541
843673094
843673094
109187242
125804735
475770662
412366568
79108068
225029202
779883968
105623018
660910985
67554359
527461381
894962284
780305522
619438577
343942446
792992811
880249552
126307945
605219411
675440661
825014608
568102555
30228012
47465392
47465392
177789754
177789754
702565644
704763382
681808113
681808113
840904060
355460812
744343757
16273431
535597836
920516700
920296202
816999032
387003248
499381059
998290523
107084834
971706684
583121960
554825558
73632161
172157290
766175515
847676549
268323420
623844698
437307452
954484001
244310501
320282748
919971600
388357276
827317393
614506375
618232671
618232671
325459498
454286867
71437531
892759143
641245782
680167954
310292276
155146138
557911420
646471156
762657934
40186368
850581061
995202433
819219485
275420398
757090311
957952840
592554452
780464157
744220396
706639337
588812463
428947160
119022706
97150850
318506771
693576057
230453447
971700894
152790583
117718976
796962432
759796040
857917453
407507558
507833588
796984530
405639171
39915300
852095787
854193712
194797309
681235978
663749243
511213261
511213261
266267331
186273818
992726605
408108886
843072121
754748178
296021142
859204234
457557349
97204541
578659151
896665183
270952170
54190434
786126274
601676088
515473135
935044525
163369310
80384495
560112735
218585215
822880672
301582326
205271651
23627117
116684326
910098428
672008615
660798219
476300388
476300388
626711150
688646453
859037625
161521625
100977566
318663619
184099610
961864522
686719905
440778272
211762613
839791262
779635721
912501932
610339260
461709735
425140928
512926150
36061498
903593454
677174733
546051197
603872964
603872964
64888344
735333468
43203584
340554555
446964418
456775759
983585078
885537675
166660084
763631182
12503346
321466439
919315471
643319244
917723586
729430900
694524055
526661303
819077953
82486816
262237389
423963804
141321268
106708685
127061770
758902563
790006730
973474626
125547698
11512033
753934404
543723700
400059213
299448399
98862077
18555715
892163228
579712898
40461330
82535876
474869562
929938970
673842424
688849080
513365068
449813280
411536051
6596994
439308361
400384070
925205188
37945144
402890634
886328850
630801695
528715962
502098544
532059619
193475546
670991493
175612887
939350905
199515284
941700720
565236454
403682575
10732118
444835888
689011052
294607835
831547155
906579108
506323198
703954347
805284915
494073736
262670026
760621744
508630183
509693344
749279433
205294874
31200869
316746969
478930148
890770934
145526702
940696120
500868989
944541005
384925646
384308110
632886150
473971637
808935230
404467615
596018582
991028376
10428581
622639677
240981542
961118419
751854683
599661229
315297579
230251876
631016356
500295303
524113232
610133335
210631117
380132298
491874625
482812099
131194942
65597471
324371844
12446759
285717901
222532644
796283046
437154499
875376894
320643825
467431056
10557554
212580571
173029604
244530529
407423408
401237237
946544212
810257263
825446471
173007403
302357947
577524752
193358387
741908346
474141357
474141357
307944939
653972473
542097908
318406944
109493604
629363248
616034373
523418998
734986640
117724812
859826944
684134568
994857356
551159917
799983970
453432041
481724960
481724960
497389283
100222924
842495339
903258822
901073691
991548374
658758583
933452702
288009223
631635444
929964162
928006893
968285135
218818217
280423073
221613547
143094697
100431849
56275668
275235500
419134165
955415795
154151422
153231469
153231469
853706190
264815171
879028483
40970995
380121377
112382870
150348237
830069653
541553589
994742962
748685744
821595956
103161611
420632325
86735365
470142094
846928876
739797579
994026591
504325318
47809742
247223288
255214800
193458249
311384351
885230731
209470082
718969273
725390460
954534876
842017795
586288385
733208641
197795356
799755045
888313789
686929427
552571098
581661882
796776753
37563284
220546138
267227465
425088744
466991850
944381786
828492683
337799574
974412416
533783072
855224443
793621427
940342919
203539734
640380221
960042253
432258563
317775021
557504021
87356810
185281359
297369163
486072374
810759052
801793180
299782304
995468714
390344323
78476299
868161864
279489930
139744965
249388970
967190482
623090696
696313842
279970888
872063889
429872879
951823588
446979074
711225051
735161328
982584655
446540409
804106022
845333365
882778615
7308753
986901911
346142541
750613584
262362924
365509924
464171017
244028504
689311946
590963733
725293452
657769826
973471813
394694364
161796681
443976968
523659602
711500805
395842531
843239858
947746624
3874251
889042973
391390004
97847501
990650092
621429008
338017339
439065886
520347100
756746131
250963734
975694082
450450843
546624396
40143064
34077476
553640428
83182519
957040727
831376058
662945667
915736422
693364152
693364152
794939955
287156731
308234242
219118679
788810235
135457634
590779666
24691315
957943903
136849129
582263664
291131832
664689042
272248581
272248581
478272387
179464431
919207815
843633606
354154498
247136998
857939729
843552641
415720563
815237479
664442450
3812328
42621706
812197134
875439050
733782138
733782138
355912898
258149930
440778339
468222094
286636606
809626295
212460605
553219887
946528180
919408612
915393306
728848330
402607399
628161433
746738637
16171257
683021164
523485596
221126954
565611289
678723820
470219862
888233230
440872758
440872758
873813888
935907290
125912926
394704795
165327945
130280445
264888439
395061180
395061180
213395347
574690231
842432245
691776039
922944015
287153854
345014524
791749974
131958329
296358129
645464134
293512150
820833653
799603897
959920785
686982039
476808243
84050161
567158367
362473808
632476936
994617793
299588765
544085180
833234077
380349059
481288768
246755737
739784069
869892038
446555517
680819444
488682674
315380689
980029736
784430856
330051749
773806066
243997166
820509137
173190713
675059331
403239718
469340122
744890025
14022604
659190755
319489958
641372844
834041140
983210782
947615950
104774526
511133642
290386919
772223118
35305220
119213794
36908865
638315469
413544664
629326438
695283491
494960391
120509873
776988473
222123560
641217666
438072989
16869558
52099462
52099462
725124218
406441750
30497397
896094802
581916579
969165985
183346457
2271391
437161367
537769586
138296321
340292402
215904601
2355990
619423623
207342045
108420477
678713391
871019910
14429952
551529636
124385951
640712737
851750881
812437990
194804070
366997365
298262127
9845430
147916478
107365909
343785576
42642319
811935206
95687178
477038184
512034405
512034405
701979177
379009876
805143185
946195829
421690971
80923834
564517862
820564738
349264180
427803879
692940857
992798485
624158626
58808378
802719429
6970246
856280479
935319286
215035477
266655219
271525426
859260385
309572440
892443619
851874163
885962239
873255666
359156960
428282234
705124515
934194431
718549549
242359344
252229675
940134467
965425803
624651974
722312138
817329425
195619321
28005047
805601015
243730650
471470711
397516292
466642175
786511799
785716832
329936922
187770345
632952673
115915719
489485287
59733692
343288951
779056950
161091263
10779481
462521353
141289267
32012424
923644331
376594327
922074297
657735752
418161432
900072857
654369792
839752138
327400565
953987272
997323716
837207228
416462631
836491264
741867220
790311208
681199563
424876815
77574573
683683641
123767470
68669564
918266747
246594021
943950843
680928424
609650177
262841512
996753285
437355208
183548340
36717073
814519702
973141373
907890729
786563685
925515402
321630219
713994664
322600417
279179056
856884911
275449429
467921350
81494297
749265378
194689056
733591114
647616713
115134500
506502822
10956590
868422376
3458440
273624628
570878106
171544853
973372647
717839252
168118932
413318829
720877824
261692580
261692580
804677941
746426322
145016411
123382416
630394006
286262749
943409668
351341867
251766242
551962720
557833246
759638879
847122652
803440768
341262918
179018291
78961054
679826847
935965375
931712175
526171262
515719390
449568175
508551052
939184998
319883940
632679314
279368671
133800029
993503946
26182878
932894437
882365869
420629888
89261650
164636476
502984249
639224158
515469354
783627792
130755189
282688799
897890838
12217108
810920548
172368148
801529767
944698783
405757796
618826908
52826958
428271196
871553060
723444271
9059395
658148105
377941342
988550401
472802240
803106713
622243763
626333977
283060300
427686769
14880853
753526411
92896726
46448363
92857608
72373358
131159870
557991884
783107190
117677908
17953709
508976858
551284848
684632926
532567446
266283723
252322816
688641635
149437117
715742354
256015691
417802696
909604992
373073650
485728696
611491558
462832790
738756947
39166120
945072220
185612603
443882423
429423790
757643235
457862944
600570079
710805857
814595983
648956098
412827893
288645238
609818647
758506357
439626591
773670369
41223946
26653961
128331746
993535862
511324084
915831428
473582099
785760616
749909950
485448758
898708808
438305201
398381794
406410443
562325322
571346910
224478131
428756614
560249088
59330587
648300958
198025902
198025902
785443175
558789037
