698083259
809835542
922419245
778952416
448309702
700190966
592982260
608682304
178742479
309423735
891704129
755640977
702995042
295875306
534273893
773837367
852016381
717303684
786842496
502432605
155130716
226665506
226665506
82360580
986714782
608750040
255223103
373980220
376546862
343478032
584512127
584512127
212167856
744595413
554822804
554822804
622515919
18866157
503144363
441821409
119907930
400749242
394299382
488255490
961438454
876159578
112941788
291074916
475674503
825224839
360350980
257878328
202790261
797175979
134087705
854568457
977397749
220068995
758983047
750998121
917227814
957117349
489279339
90455539
39226664
9806666
436887565
567868839
872079680
383307093
286493379
317007223
227722382
242989400
212795781
840976436
877012101
37291496
61054566
119107617
874074355
369277194
588689830
942893147
414107346
790226534
290165830
505514897
631970062
147142179
195755052
49930848
830358424
769335920
637145889
207683342
977565832
525969117
160400526
453735289
965829406
871493813
127483953
933183836
704740552
826784646
123159086
794564091
649918388
285107006
285107006
220882181
877691833
157586754
314091592
965942647
485724101
371431027
494413138
883516170
6195484
283718040
783821809
554290397
554290397
532625345
131479796
236831090
679098848
246386808
605848254
221772474
843593020
277834778
849515355
968483671
650026746
301060840
546861875
617413486
617413486
594572277
128127815
212578952
795305210
326344159
808893146
945937197
200879077
920152197
920152197
960076102
982596542
301528884
401592102
735814394
660569581
11079788
202215959
248439853
532893166
836988135
836988135
759665353
779059203
150916155
130234824
296419204
182064456
133339889
306946410
620614923
700905524
729959343
543351144
835395631
207516119
343386172
1373179
216384358
930106617
67946418
258493304
553133302
339218594
948701748
686722232
848469326
265226069
969299928
898656423
911395124
2925236
514536297
823937289
915650855
529747522
728808317
247665525
792829001
560510661
660576013
373463569
465568198
104546723
145820619
786455160
657206575
702727166
227583588
640640421
38044729
38044729
676074463
488367016
238175752
951220427
22273307
24328251
8109417
387261358
906683060
922523368
384504675
997144105
135152694
242691417
900132946
586102583
688825235
504740742
374350649
546664602
753416657
459245242
549173754
372674816
789198360
820946604
820946604
444497968
997259901
592154101
347918815
644802787
612895014
990494123
228185376
684960501
48110773
876941682
36594114
187766318
779823409
761674111
775287166
12217696
734533751
968116595
124156132
408618527
671646868
140494084
952046446
952738206
521550477
394276039
508789954
508789954
637426100
581376962
916275398
685870543
835179054
768504274
686822151
950000599
774064481
491528479
529172106
491703222
702317282
255925178
214889887
754517392
50210154
975178141
886130910
434485693
423041243
813858988
94882622
765132398
382566199
315234281
812575630
325128016
512086202
819096982
598697624
769308999
933303622
182813256
697922087
319753860
700592530
50457495
966770074
947972960
745999097
168562990
39845770
10179034
341438650
698798509
456576749
456576749
364144189
792900711
794132212
599266530
815783921
7679501
981947190
409659344
757256372
234563724
458616474
347128283
891188053
841000071
578654931
558575676
629944076
311559859
464888214
106681692
547748658
673423236
183293268
22269716
274186355
196395110
366065854
103229492
39684809
943240023
541188373
202852736
331639178
377022446
937811386
994056187
986185100
114181674
418745222
54837252
509719035
72817005
644153476
646917592
548972533
10798102
626079404
437679903
815301186
815301186
116471598
935665555
990809371
798194028
440107796
944257966
502303030
313992882
597835614
722525801
722525801
414954251
238634338
199056265
135147177
751383193
359448932
998514909
736930759
281020140
975671609
938599338
627935464
94826581
94826581
967508699
916260029
819567124
282681754
398492428
783412174
639457573
521159769
800011262
266933019
47194174
588359058
330401698
688080729
856976298
164460147
583475476
446642454
394574357
260842242
444488423
298071318
942928773
982166179
577719318
456733023
67595992
791236071
541605156
271495565
663847385
860784455
128737784
711051893
344520143
801592403
796427550
59641081
230509581
869335859
869335859
584034043
983267777
500086572
41364327
407878871
972628945
545921753
925346981
503272459
246540954
984830212
801295975
858285736
299505859
280845525
337626887
868622805
607379592
819279624
402754234
483174597
991321745
398016769
303203046
266891782
461920344
475801542
406537380
483181762
620535506
310267753
28727098
230892225
153861529
509681625
786909530
564348243
602247896
955805328
170929964
103430876
43608135
617931390
625967467
233253738
497068487
32045242
392296568
914691428
112635373
278158845
298657760
882790112
660416240
352595036
176297518
392099175
130699725
36175407
358868394
393031802
374943328
894492680
139005406
813838552
388397013
272460072
34057509
433436790
228299255
461845633
797827241
974975236
849258425
351114704
476392605
615920595
628348850
837027603
332771936
466895633
822630610
507023537
121146565
305987916
222145832
490238877
743003749
413560555
22281422
748918065
249505045
555460925
183501681
671609585
75023667
8335963
495012557
872448749
696064111
848032059
532715830
976901018
554224325
765035268
114515341
417052852
447669879
637824964
598741434
941230174
614627814
801443008
569823899
784911953
553079964
184359988
165028860
27504810
404004171
798308958
941875655
913782659
568899256
852312031
699987983
518039744
137946836
712648950
539308806
426948735
902610859
71337716
939991077
312143926
846089743
295214318
481100429
245437305
390785775
905238406
624652029
604108675
970429850
249839085
781972659
781972659
868977409
794010848
794010848
304984508
768328174
678713190
466974417
732692153
895728296
306467087
337957436
495100559
158524044
519815509
561345812
835600569
529231718
770468891
831536252
379741841
779686963
334683627
427797016
187308301
852043918
729102802
11775728
76694182
38347091
456759319
689916890
818027545
908737601
384206738
704145734
924493876
653686426
537219751
144880700
60478190
922935773
599339396
207132441
603566224
829083837
288810764
799234239
713130305
125141574
227965321
811687669
460470506
637032116
750028066
227840002
148749547
246519165
436150037
301529255
710465107
869884269
732583701
36725749
224344351
44583224
581806705
256296549
723955428
763759488
560138748
837628647
421784196
583788429
538120708
751250265
50848414
124047180
630473354
556807674
204590676
525573838
292305745
54553989
706977345
213644935
134849438
558505859
51730007
575621417
488799201
505370818
63692965
880796601
857736409
547192425
302350281
703525535
776608979
972815364
217891522
601690390
939549021
586140539
529823201
381226734
663593266
231435445
615717726
150670231
144237537
64065961
839187354
840063437
835656369
455683733
162472839
380616741
169929087
405499070
9626210
93839627
869306376
172814316
122488195
28334820
975633844
831044587
183928928
677298327
819358145
703379092
169993486
98413776
104042433
54197983
881774754
881774754
17362160
662991738
856241293
735485538
997970065
291938495
277458821
468208406
93575460
543049454
625872305
615475013
842199455
202521085
252421223
468090369
173533774
36998555
610257539
987033775
123745621
640468207
232487901
120169630
604329353
776188961
324390152
687911111
546684305
288231068
757310516
627192837
525170782
491975459
443738577
360934646
180484820
622578236
385669294
920781930
1139478
692634415
385345840
275340897
336272701
981120399
640986527
875999222
930719695
643573234
345379914
293172491
855001945
188468264
637629344
276394176
166357765
303845242
735114766
965940414
664282073
638621195
498283133
374570785
106315125
379398107
379398107
452983450
613245866
341504060
416217944
993773605
594721059
7481700
1496340
423755308
655281535
85419189
35835303
784629709
745285779
349719799
740008397
625528832
560655280
257437250
956073122
836249654
70382198
70382198
617985884
577248239
126744056
776160379
551790557
88994857
806941691
709321700
872026865
958785000
600126080
112030711
904137360
804224757
281099579
281099579
640549793
225449985
21143086
999780025
555531117
892924048
671602137
790449394
749169625
598636078
319727217
821748016
614148371
789201483
528399166
794847601
861810020
919771163
720405712
549281605
843754919
129975262
859348778
512008166
717166240
168803752
450813865
778687700
685135138
219024124
718472255
143694451
28461812
583972517
930662092
974112092
848342042
152088798
797537846
568348913
436887015
18561178
513673998
406140859
978298742
496383126
24138630
897602971
952474143
627911643
853615293
480084274
97699151
290905554
493274033
173050020
245489952
659067045
188858882
384746029
461582012
616317130
969355460
129859933
619627210
475315667
876255253
938127630
655435224
327717612
877286523
598649350
455292761
846301870
162771576
162771576
20346447
644618751
705366731
852683369
93850183
249995768
583332867
548896976
174155141
862359196
569346315
605994995
36997726
867593332
530780446
743832161
974171500
952643285
164895859
580559447
651124055
130224811
661611277
970009691
138572813
474737684
160916434
596812720
238915764
43039206
185276660
363177558
4386785
806613999
224744627
355275427
673123188
462486756
288839927
349979219
189509129
928504476
822258361
525591697
492573242
168062183
959025553
610198472
868626612
423018301
936096424
645794305
453402135
313868409
748222588
201788257
812095279
62929508
828977271
162312543
692985795
436490460
322237230
17998606
147883930
268485493
808828968
202207242
3174314
453787179
647301613
505536557
402919824
896917366
724229345
956698113
70643153
736288784
139029877
371094787
976875643
119066703
631855988
326371199
979190411
963202107
565925301
934832747
698528317
764481276
665387875
796457004
597261452
332798394
712890602
406949290
277499057
693947050
516208084
615537373
529175451
159132814
377818006
339886300
180484702
368919669
626269188
411120549
17725725
800365631
168234528
956249816
16388976
649002166
649002166
336416898
728264504
327387490
496784167
899356839
932796945
985172197
