111111112
607123929
88215940
105240299
237407537
259671767
768898407
880720267
136887992
679070351
302205859
508832748
644118968
857965491
347349108
371927681
77381320
453042372
389827228
715865649
411012350
560517583
422409820
338394465
267282059
235910427
786982431
908020282
487636556
696810752
705887058
286024220
52443040
7600884
775755931
241700102
172144507
239738335
586238236
735897451
737114989
757812612
757812612
43953142
487496262
715007121
712280434
569758472
345522730
392868034
777901649
468395728
828462747
213134118
592215385
267672822
594596563
170786237
476270112
416253535
895871231
768230563
937504438
730040617
176382883
313496165
39441004
324704209
667928156
722969868
843309585
570440791
25366420
542038334
674276190
134855238
401629885
464718174
71166905
234687395
678597953
270235446
789709649
311212871
516871275
249496077
985310197
499985894
731282992
43286640
10821660
283623849
529378428
204520555
637484401
46815141
43481938
416974931
507578519
284976658
192982485
27409270
678507501
96929643
853300389
262689908
251256259
682989332
371797177
697660719
652794936
530558990
677808050
736005982
285143228
507892817
187619398
584171839
848710580
831885263
539437970
147507583
382502530
300688401
516339410
524592527
222680798
740893604
594335680
74984257
475029315
980154158
993384724
796875616
70223392
768971936
30199512
132458673
596329962
649082494
549694167
23106776
261808438
528429047
256313190
31673005
507769295
468151385
812931222
872936686
162155914
693692657
191800394
395105438
185651546
10610889
428001872
107000468
579175987
800759362
600253123
917571505
798750527
617426549
281137875
743488118
672778250
798755695
282376106
267173169
267173169
929538873
210502058
313434731
160543412
392621836
377521935
780638526
995110088
906964425
559954515
581367425
118234770
808400388
409869712
346605316
517618212
129404553
250981117
623844907
200351826
829199787
474488158
481633064
546965418
443057477
721528742
624315879
138664806
530733776
75817894
313959791
29740657
731866430
233649993
934223006
489037170
529466447
567477065
558966012
117963000
502632317
591002707
242100495
897734705
289247604
797088554
542441225
429283327
228797100
382074675
514927076
156956762
718985592
30283404
492345741
479225587
499281426
499841166
241028012
329204102
940977371
148193528
929315318
275616475
534206367
513205269
579269372
685568970
550401229
625854198
313546351
881784580
827291714
211728937
891290304
886355017
396145338
710682820
755317149
732348023
722448942
666406222
232241901
646558317
89967344
51104096
346585176
694784257
423696066
230594306
814724032
729745090
422494339
474164782
872121351
706486768
878229542
805613436
915641920
838781312
491077289
612739358
289549803
796789100
491459376
302119412
970271944
627746094
652884907
573975053
928995848
700974395
700974395
831143983
655849704
47362362
872549528
364543522
923640191
982019843
204676240
949868823
555734636
300406028
331024301
865208182
346788687
813024365
821006516
479179887
983614311
224389633
469376629
705117093
668469940
969086428
494193552
123548388
61774194
627011475
131595325
363349717
847642431
210916709
306233548
192496171
27499453
717027681
726496324
402823243
968115816
154685218
241147034
373524508
478967941
9277526
326638050
831354258
87685179
725989140
80665460
896407661
51648307
650848943
645778856
113568181
278392047
619899771
603316632
920663332
376909845
672113735
861310473
885421044
530142925
432972250
510418375
199483836
540344609
245529772
866561021
679963924
891081801
278316958
548121262
800859739
741757514
995357202
369717265
594566061
576605845
282650752
946954498
894988319
639204346
666184178
681735882
489140847
609252228
146347248
880773402
548564417
93267133
352658961
980886858
941397075
313799025
750909294
846562480
701207978
109705841
579321909
336549626
647156489
264089602
186124107
131391728
435500277
770269825
371756551
680523274
186724809
62241603
264850537
397640526
864896255
257685296
535818628
862642958
330009485
406759869
800861545
912089529
671795880
754651732
575459482
539952253
959715657
786410025
951725318
660424272
674592386
499345680
634932502
420220543
611720383
51706255
222086186
709830538
697435035
894302144
392848208
237322281
609161720
735892399
322260855
442537790
294353646
903124481
2564751
613209744
556913119
390163555
64554678
212910937
127313560
333498559
962451189
318005197
895068756
525035417
697673983
962209254
325955683
34299473
920084746
754760896
290870964
902321275
999446305
674311172
481495331
128910754
684749070
752618195
309430403
481869914
413644988
62399413
265599855
897851962
659481191
308121009
370018641
85603774
891617064
152889814
729214148
248307853
624153930
592836047
836918079
213818757
910883511
124774727
803244902
749031245
808345938
808345938
895255196
108581096
162173088
955692976
197861066
819630840
417091604
706658202
429616274
216083419
528589926
799408945
799408945
578642119
616199554
685158914
167077121
752466966
969321884
63088096
658656454
322566474
945496578
115300100
789075726
811667464
639703571
213169035
260875606
557669351
306314073
220317961
610158984
223129693
346614238
885913524
522462036
707811454
707811454
164491735
977538081
662923017
831461512
442620352
460160237
223125624
27890703
190015083
371785419
948641773
26130119
457985232
290675745
391261335
299054554
569038107
954153101
240843240
630210012
717475418
812283704
907150619
488393830
748065643
226733499
158874301
793726710
740546985
49417404
826581134
967396873
93504884
841201715
7777477
898876179
781060232
795062412
935621122
49426599
814896546
577830656
793304255
142928601
577242918
529121900
480170492
656981798
591884436
22205174
353358974
233612599
134748449
463260813
62877636
73539818
655101572
817625694
334331180
841383826
414708093
388320312
55838688
101089428
871584210
871584210
392282122
43626039
244528737
955479455
117695834
352949308
328111310
328111310
144076902
410051852
212178727
237248968
898206508
587874969
494012391
560021515
906119097
681837350
225342509
950167033
36683924
329403196
765313807
463777252
35012626
376750353
941786875
30422273
676807429
46085317
868381504
243048291
113416531
778354138
389177069
491839675
522105026
522105026
472915508
873237007
834317660
569981086
860562581
930281294
270965493
254193100
254523517
759654152
933063752
228912397
918573449
266366644
503333722
211730020
741852685
968326733
239042772
737748162
110088022
161707303
862861296
36313564
253320028
557490676
204087298
377390656
436131841
267164277
674326448
996748061
854697962
240008462
543246258
7597795
344413072
136268627
92423353
737443289
391063329
391063329
936696588
191553814
783256522
144069404
188219545
141687126
81259561
625190956
625190956
429643552
204745510
626042744
560617439
73715001
177160207
471604670
33630339
114180581
256306459
872747474
478791248
625383614
713355441
888568930
987694798
429653995
774554568
399053700
26043639
547587767
553807188
254965394
459555147
859821103
82110759
224727514
482951598
315821230
557406027
192528278
592290211
318400783
659200395
457400052
228700026
327148170
811275463
457742579
598135647
598135647
408501864
309308029
352144214
789604603
411284747
612080563
527989912
65998739
904209316
544021190
213516324
359365750
817707311
256925706
322417960
741519230
930989024
859693926
429337051
95056798
256253540
116970959
455175842
193736047
190382077
820529049
656465386
947616546
315872182
498075073
397850022
430705185
242508077
992089758
509090838
365909196
827214413
546412602
422076433
967739797
586637192
580569873
717542237
560711715
837007194
694802889
316417558
945876515
387350337
934518556
391246160
163149129
451878450
483506338
410376604
201482373
881783800
915528473
778925645
910677758
536262911
113971474
40711465
321474060
667398051
896754100
337095995
362211870
410252587
74918776
543995581
716191199
109531030
15647290
251955913
970101794
10995508
576549682
837213474
865459130
14337824
105691612
770037288
733815871
753627732
901837625
982934963
180869848
787653961
508934400
129674893
545985808
466945122
934834951
323750070
579094392
921958365
953554673
735685996
971886806
22813645
491014826
487325344
283303596
94434532
663124856
292269521
634928730
965279027
991319762
427568722
384742627
613301039
466207138
613670538
989474116
623393027
829715592
505982427
949602497
395199990
873230633
413181252
202161562
415290777
44914010
658316230
455128423
250361769
954271635
430159959
998092281
998092281
999046144
947307629
426152492
374353429
369194171
305053565
387533259
199851980
193388536
603637699
619902323
802843194
743669922
342958742
249364137
948413916
872384457
66497565
565402651
35254199
192882299
629605464
90101609
394406362
553605440
182583359
909175935
374542689
208401840
539794180
372128877
494593549
297355946
411219642
406283519
263191007
861034520
826893101
47414713
47414713
438901235
627050217
919921477
755245995
551942198
734844062
538586227
809257115
496811512
999788136
789650337
710151504
804516085
471183618
308897954
675864347
837932177
664953927
66678757
785186534
279314986
555248584
634879322
778261452
178233251
669847425
270733872
430512946
381517426
330560997
641851718
505696413
752848210
260290560
624393960
893880573
883824189
720969175
300539156
892878571
210319842
70106614
517526657
493809315
873452334
881149311
404680616
912785917
492539503
298507902
859701586
721324180
287451839
321369844
380974783
636455333
758433981
945927099
65154520
223147649
604208100
64540875
428102645
104415272
700283987
776323112
388816470
557003510
79571930
495374360
722302336
64793534
344132258
369259604
289719747
754941708
548548800
631453013
501422353
144616784
917312854
222708732
626952955
197121497
683441100
75937900
315400383
816116717
100049265
675907060
564801023
121789373
902101962
782368225
759229881
759229881
149415543
91515199
545757603
624373383
476976410
409828503
59869290
104155350
297478751
765826255
857229297
71065288
822349546
693698575
291063513
854761252
423230387
427873795
219628411
271279810
384504170
595091504
298925845
488259646
964313466
751451004
496390679
291761323
461733937
94057338
811622909
487232206
22619016
96635413
158341205
738736722
884741243
