154000177
362091732
813193008
530335720
549070617
810992423
907050790
907050790
19957743
565651466
695445289
31415325
458381854
802627186
892230810
603324425
602881035
274759493
211301798
52409824
903023955
349692332
178902725
637318607
584655951
289799605
166945311
857986637
118087951
157274544
746566565
824389024
752030446
147952301
497296381
964971175
243898567
367035502
25841272
65281109
65589030
458994811
982189572
937923439
47467989
422515535
935741893
123159649
484831800
720461934
857044092
285681364
560282314
110412818
381525834
853370050
209597279
381278413
345319605
904117511
799595204
495190518
675977433
756914054
756914054
264424100
513809747
399914920
99978730
43080703
173846785
459248706
712690001
417975401
599439625
228319778
981224478
490612239
385762148
682892285
544606291
297800928
49633488
860982705
475221164
825073726
469448441
363488333
265473189
390641
797072339
184655249
596765380
858997577
289117630
384553926
563652783
549467490
318683438
561424768
486286088
653137929
183316442
649900756
352205565
338051393
242825572
443374251
715930477
660852785
830426396
252838412
750946142
146219261
366765519
34559611
696630172
812256013
812256013
126416632
877148982
682387523
864110133
539664981
586653976
514067547
706631368
960273240
87488051
961908434
961908434
480954217
932016082
822002685
949479883
883275548
376655111
688327559
862895093
42890598
788071045
306319876
645842844
893020167
502254495
798284289
613358373
602226399
638372888
46647939
388098489
942692919
314230973
376215561
919178568
293213644
622093917
477916271
234961781
231261883
650180963
816907073
369950126
913786542
981008292
480543175
866481912
633331126
429649981
615860237
149403579
813463773
740315902
337043859
43304633
595669710
763623095
815895285
402270757
447515618
871150345
32826232
57226080
674780455
421454176
28809149
704931549
426232889
494516091
340049087
264750175
52950035
696567737
843547713
183045630
928217857
705937672
319915645
172649387
962340572
13689757
253422441
498179534
774304857
485187893
37243060
560318415
876443932
539816712
194558557
405010734
202505367
248447006
174680021
398306767
141699648
863259043
204931188
575742244
774310194
312148760
263354836
493871119
428517582
679328533
103096794
733846529
324604115
681659700
320413099
220068851
171320517
37750423
684014717
497667283
70751083
498395619
37578562
907905724
604751409
339987430
148558755
264355879
940652263
63515897
821531395
451685620
919291538
954554852
733745832
434880851
244421634
142891292
837998418
599305521
458232382
52636870
942812845
802374870
907819350
181386607
41947385
920025154
483065096
222272712
898626915
468661698
481504659
108077969
44127476
4856119
345905261
743362770
161380112
406387584
874074770
14013397
998040037
596701875
897756382
850909780
285832897
395202879
649515933
824757970
213064630
316152092
352314245
267160044
828319803
95083482
640677203
613287151
569020296
248091023
721272902
746443902
593466474
75944563
365245785
745695455
780907379
995986247
727109270
909036428
24367487
513952168
501550244
443613432
73935572
293620730
535320139
457302289
984015551
672377639
309755816
332315003
835344025
978082599
263402468
769853029
878673779
924585475
626043455
844615670
290863894
818741858
272405002
136202501
427240503
382614165
542608264
757101382
953495078
147198796
667355889
413374930
229036645
55358514
897488903
321943213
538369791
902960850
754427138
910165941
216818589
318673319
248882678
420225671
362459811
989680723
89766367
507546620
767297381
560159398
576256752
889905701
84306933
293071107
548845188
698160325
649086536
166435754
135434915
294145677
750849676
329388712
535428711
59492079
231053546
209155676
529926627
30587738
827022927
883481510
744917822
820702551
927433395
846789540
832937548
561412226
512282448
207506463
784782015
883159782
973584752
14567704
324462436
933888333
65886069
618216208
126249501
425249903
52661559
465268166
86233935
514372326
212850157
658188052
415647402
662401672
851377969
17570378
272161173
412041151
701745776
543611125
589937287
893167449
523769807
387338449
420488410
160297780
896941038
589516234
2156597
668423715
599155874
123152657
179687541
610845820
304223174
118245215
386265362
856645632
217873912
54468478
54468478
150638355
750230323
180728889
242615793
206586748
499425550
337571911
762131018
610035336
553541350
560065086
312162448
905120300
501860387
288046071
286515633
287047599
265148771
94884352
345844393
448614800
711622029
366058995
250755303
234013649
588494104
742845828
567066932
703500160
585288070
842809791
568561961
922503673
160185167
544182509
60254348
30127174
396948185
429367461
794665389
857869689
214290500
910120098
341664640
42708080
183684040
347211529
646290620
956618677
978309342
652091986
717102373
395658467
674152267
185806662
674165087
751481469
274551926
85884322
978435243
899779271
579955857
789078838
217727336
105146269
915465212
971821742
433716651
699687350
323242427
605956028
616250701
771256826
872502109
452445962
559457660
425822344
94026254
867714596
753825013
702639999
511798839
429526617
50877256
64008182
532688904
677574142
289187938
842138320
479771244
779639712
97454964
680338090
307944631
372180174
325049948
260490958
493853514
495017122
134798803
567399405
712450123
789478367
587403483
108250068
588694476
652481098
554971553
577163929
863090005
540343337
42759590
293195718
189127553
510059070
966207546
994439521
136365534
408696783
647155596
72827541
75716368
437032717
332019649
638134129
811514939
939834418
527654757
881246313
244580557
170167118
51624946
317983498
144527872
19923991
764917642
187321904
837569273
522696672
130674168
611399629
395479411
691817757
330186855
657927507
939019122
678498495
15930659
82994665
250429265
879278625
111728455
472990205
736495106
766371303
484108058
873791990
740087329
926377155
534331864
751218174
964786793
701328282
597349119
399705460
190304104
261970910
746195131
596641247
714530117
972253987
328708999
294106977
410528469
511443128
346130985
118686886
997265785
82302385
839596111
281509896
823909869
811658374
170529922
235391723
235391723
617695865
49021735
468251182
167216497
131947924
322688946
806583100
822292947
212336996
651448924
65257547
133089873
44363291
360322308
911040635
572254937
835468404
241602455
659515105
945111067
566993316
565549105
840228142
109303853
709979114
368697332
515239427
892071086
946600444
675713406
61504138
669043114
802877847
605516617
491378447
376942619
577668895
929581622
366283372
389254456
727119430
742798708
59986047
826130803
747079421
270469189
26339504
547427528
946367775
220408388
263965923
609137993
847491160
105936395
4208324
607881356
117350550
864278775
894368405
736796055
334797851
36145865
249749528
141144146
64818438
509535756
393731897
512340080
184076486
26687276
889194937
472298736
187642302
304652558
244392788
992508654
631105850
321145705
46421004
52519654
34284676
352122572
774748038
295329903
632791501
704098942
120523546
812846084
103542036
512942758
651035299
280789665
714397158
949839476
400117371
487911867
181742809
661916659
408838712
458372460
365533836
609947850
877000797
368398077
657755003
522327224
82547107
360849038
133155794
711051936
462229307
42033348
417357224
866519004
826819320
989140477
195371940
142967912
27298183
623921359
714265693
307798998
983486394
440057581
233185060
991094768
389629837
347407461
668425937
645201408
214760512
819142116
903736558
433473333
304685723
67902582
67902582
846185939
735702988
49049602
544510480
353334810
999775249
484188266
336122985
243156660
571812347
914362475
88285517
971645962
180544426
882934924
7874063
106636084
879954809
469988704
638082297
179040984
28826642
216750966
901319775
483737757
281751905
600681763
503991940
366440922
697755467
924438872
277871006
277871006
214912727
151218435
949669989
127543963
897628246
886007419
348690177
161084772
771863963
309232219
462806522
902129991
757743997
964500311
599410835
344311952
267608356
278322044
963788090
351343184
879049730
208837970
634651425
971200141
516037778
794337718
887973373
821268554
169485659
383492726
232077830
390228065
200552507
982536797
661542514
666248224
194623917
762246274
148236873
187475741
341626837
129391289
139181279
784795325
955581796
288472121
920941353
973706243
261422113
261422113
568152116
438041728
210812242
649222309
814854925
251507367
906438427
127134709
509809282
901961862
880352906
85203953
508967369
871606617
824153135
758526853
334746812
259416314
35477084
996837331
475320808
119537071
88853048
297076028
935315430
733828861
487589459
544647708
828976435
829247800
684053583
955300703
460441252
752053114
389809931
550508699
493863005
637174829
40748772
920466008
189892452
754685895
896488962
59719160
101418360
888097791
891405585
446697117
159417029
234795930
571325229
291316833
851505922
43556335
503393650
484759767
484759767
739032547
427056954
182999267
690327411
592395995
470768639
198478336
372672165
550573750
995260556
624407573
149956796
419786705
783881816
779051320
133597681
161933370
129744774
600065477
70828673
327728173
939250293
387850060
664842590
782929329
50042737
559151052
757889466
788380881
310104105
553962055
32043380
589891172
954684370
537856023
880028719
998571549
303428828
349578548
349578548
759271357
885788016
639358874
895902437
206962725
41807889
712712710
135787683
117901097
169134621
685459407
79246557
878213172
641505855
297311254
816648144
70824973
87709969
497939863
102907923
382541937
406266782
29497237
294393174
522854455
880713619
514329799
459783454
487452644
964819463
697315991
398803692
625619490
683119780
131378035
113960492
600790324
439805649
904337694
695704581
918527803
667957086
607848122
843939066
974654618
333633179
596672953
665987396
51532270
471261588
561454199
585280759
663548178
370766749
671345848
129715928
489665456
628580431
891746198
867867613
564424944
650448230
94501532
634600701
634600701
913499713
827615105
971269190
680541101
715128135
102375832
862624087
512602475
308616014
879781335
512348226
278427548
513842767
838527955
876730263
570506084
993417137
808748168
825140302
508610542
929801512
546098528
739004955
676217327
372756320
