480944780
873035382
651188983
398894871
930038355
980848821
401679939
632660726
223694242
813265464
803472703
145101627
145101627
885779601
940088919
46110111
720872878
430548420
235023780
284506480
708963749
330519148
150085851
828558558
483550121
370887532
948485170
948485170
301690354
708305913
628818588
257574723
984422588
544836643
7261474
159920507
406033145
234235593
236839185
881648102
8676636
715589629
121018748
763836382
284938198
921430389
472479137
279736336
340605351
807701992
510523487
889237536
640657749
489087848
39147832
407684104
925007595
937397613
861858753
561100595
301281913
976338593
755865654
363458978
908604134
545273087
945314020
561427436
631865117
135449042
677479269
861071910
62743484
273544503
737013967
420392459
637749493
149147477
443175158
320905206
666170308
330474832
301723933
428770873
934810754
618648357
13410138
998304838
839043833
82049663
121741249
458754135
912470454
119820029
119206060
879377931
145752413
216731036
259844206
782480531
880423355
129398886
643109569
465626123
410469793
525008827
860442795
405327698
807483226
287199260
472855228
174008071
762308209
890391204
98932356
168064457
517943458
912516920
371534243
623996075
186040583
304845818
754812373
438637192
452333805
333733773
262629226
810793346
399736287
970556093
934194728
756697378
390414288
173029819
451696928
100312592
71810218
62053231
451339251
659410709
966368884
951001653
40837714
396360088
279272019
655854408
528861773
574412975
611563238
11578265
185234521
349804407
234398287
694784023
366828335
438960066
659057575
95317374
908592953
604523765
315084137
712190605
12759113
815340031
398866273
152750753
235590669
688469162
504239687
372548402
782952054
931258200
242247587
231107127
987193204
91252775
183437796
246119445
804067439
178740521
160623336
765754161
425560215
56675731
58387704
88253548
138947962
144444793
2831339
573468443
201552143
285891386
77881270
251816808
72043409
725326609
858090436
815393450
529282994
725974984
21712565
344959314
172479657
650786998
223999645
668212827
718947863
711988465
206815292
821025389
641789468
830189131
62440956
31544705
558100605
694762580
905803943
841735387
508632479
371307230
444869492
157226931
667627255
133958029
426790212
929259346
90514479
712384429
742476890
141477917
816938872
324733434
407940322
549970201
342716370
247760761
307686609
714041352
66605033
44230113
529849367
185619654
671789096
223169509
546538582
217016935
542923086
38206748
200285117
303830676
165871544
102738078
688490426
423285798
211642899
642328584
766795460
96766353
10751817
735038472
872919757
383469257
936916780
529028743
209435925
862524829
32703814
114744869
378342252
224863214
183267192
890087593
669979738
190492906
119715840
818911118
810018458
635945602
534416709
656572487
967726929
967726929
885535894
66486554
495021565
702841000
314226827
767726800
840044609
824262415
661371323
495391912
170047490
967293688
329241190
44044467
936740986
410145333
636223177
223423723
486789029
11788908
978612186
839694868
135384606
190824755
8458579
742052226
488368160
685625496
551816028
483733125
242453403
624124425
996094540
708483605
866171063
749283382
764045008
747322053
409562156
700701875
561227250
600678029
656564948
818969125
302434844
950660907
982337827
865582923
28362458
507090618
801161505
457270578
544131106
802419953
470575709
827250905
827250905
918448524
798545370
432928186
608232050
874825826
499431109
28298630
625783614
337190883
614849355
523043052
285112572
49040584
43650939
35763399
35786379
433116878
744588140
436601837
632634059
77924788
359308265
733650256
558418521
896953303
316158885
634706631
631722545
631722545
327043949
325628661
962469576
717750977
144505631
208475094
734029053
507232190
496688912
603771212
187536127
977102645
282443236
28626416
74882239
932302905
617219290
575478886
640154651
424886671
225012473
415958503
348220594
449406867
348202155
885214928
661508953
164042792
399918931
173466436
609659185
634349724
761348310
935415204
935415204
836375320
981297580
570125965
418976328
698054525
28411297
602318779
842423110
297300987
959954604
168122117
824154284
824154284
346600754
458366711
313237510
478436726
497783486
242779781
134982211
442414737
352815315
367666341
257306185
538183125
457008346
378423171
502416867
491194645
98238929
105024466
765277917
702336853
684861216
590093127
622230909
525802251
69177156
620032560
812554630
272572800
196590164
875728253
99859558
428576809
81022073
584414172
637727267
347705702
305080112
256120014
659683362
292531397
131775162
892617763
145877209
318163111
372856642
955945186
444740874
683220222
716732056
412649568
217623732
348512710
443842692
110960673
344086209
672043108
494391660
142824681
404099307
74494671
509017669
318552576
115556545
319151335
221609133
6440844
814394121
142020577
832365525
963413851
495426734
955166088
168808782
193886060
828063065
820547840
390809968
838784182
838784182
333878743
739416980
814330305
753923795
672263424
734452689
244817563
88518848
865353424
121336454
254826925
209137822
800672899
53892467
593752342
593102638
846630885
169326177
833865241
164495394
47595708
902078770
992818319
751407702
969544145
522859676
938471368
7454155
974045582
925242973
242285120
833957391
269164410
178121813
870610182
871967110
387110
591776987
605981927
600861388
511206824
994202300
132127892
854988093
848235025
824206524
596041407
372723918
499254852
734480732
447223130
815741048
936981513
293369318
86169447
438972
574189745
818118957
146272188
796123164
639691716
939960863
817897292
75060337
268765086
177140432
748849689
706438900
847148525
436864545
799616989
724416426
443535911
231475743
299225145
427056808
838235363
652237476
596096593
112219732
376598754
275641949
276394925
778296202
143512829
578025137
449505599
908250939
998332934
238892325
309723083
848850327
226686819
847592367
847592367
175435155
348215838
348215838
348215838
873803017
959207411
923396886
944525089
385645384
651570598
93590191
489454259
761799355
554889400
364984202
403925831
372432414
930276869
9544839
9544839
74808279
299602344
540272415
802742521
220034975
393148025
813518513
178951110
711554809
392279200
690791046
835090432
259908784
638213833
448516123
289703226
192847695
179742130
133269277
352158280
206752274
771270451
863474500
375870719
895978459
415682889
536531930
815967985
311311040
772090658
354344970
954190752
318063584
621056820
901235214
423133691
602570414
391670028
444522295
444522295
348142169
681289505
996366574
10536588
549594262
484091847
515618711
140566055
583547656
158581155
350953464
148724561
860371493
316998325
959152746
220089553
723405094
669665003
972015901
746501992
622752092
685588703
837527922
454883266
546138339
871369484
371122547
396999513
952017863
131526370
983685220
202923463
441150115
226537466
681082237
471640006
471640006
618679788
195397832
885170729
138362331
926092227
196524584
643849092
321924546
196012553
517519705
675957254
972021535
616513506
84169628
303073957
642689865
948955701
317755300
808476930
401210992
759565115
919855043
831225085
113628636
494392142
668330743
176379423
502485377
314554403
251725169
264493847
572487882
476272965
730115222
79045879
583743081
583743081
194581027
691105955
848298969
542204256
67775532
334681427
781917628
377810989
253165681
729672358
854558183
682748295
373132696
525308722
631327184
764944575
805278077
870101979
875065895
881690682
502289200
926147359
583499847
921598461
573329563
446666198
859295378
393980902
201433876
899407688
269442970
329637695
790117687
106351933
370695601
107918935
9763034
591741607
916412231
133155516
388001719
20182954
429708717
993333763
197725061
262340609
262340609
587291223
488804483
162962042
651023250
260368207
129685380
545801740
721013944
621280677
49118682
807755661
813318587
881182908
889409326
678167776
98083903
774520981
350585403
946821207
702246921
858489146
857231919
285743973
95247991
764026808
434105059
416798450
929788865
911869899
494598396
146446452
357061010
649531252
3632540
3632540
182951321
182951321
295737832
184467791
728155935
796737622
647826478
989853897
850122747
815130000
189534429
840995751
80051143
745311863
392187411
155995157
468760134
269117178
512015361
7088422
158313332
806777207
926604406
593854834
102679089
54244549
15319628
638709197
344210582
531833635
676894444
157635306
841924244
946024016
381413294
590388990
462497981
428060927
82187120
722930200
909944518
616285353
845836898
497286816
124196448
41398816
291728043
984891114
818509730
525817490
8003149
848816882
275983574
785387130
360900729
918274042
918274042
530258616
662967138
775806117
836892427
381903540
871920119
327207500
284153032
280617126
785077146
348134645
714863839
18347188
4586797
628792267
925758459
379139295
149288768
388443067
955317319
554515721
429786705
360811950
740198588
123491076
610670266
180370851
265064971
980979727
409962233
700412310
528630333
772371517
787879874
849261231
360086104
90021526
910178313
170612418
723022532
275942943
475326657
737663332
216015952
380636348
634829811
165776375
895722053
266141205
609099039
160900140
118000804
524661504
753044227
769312059
161616092
376023367
387020256
803000777
586193812
918997481
925312080
582042568
770548708
224740855
501107394
83517899
198495614
81565568
488158337
236488112
33784016
421062525
132644073
340897680
108430266
23419703
4880143
852258923
744965382
400890307
594264805
45420306
748965483
349793098
942970639
647702362
492219272
72433615
60060166
542742511
288841952
183713058
131106945
6906720
418628852
673669051
636195029
86526587
357700974
794712627
471752850
942853101
558057391
780648547
890324277
648387383
530742698
2308955
424509017
65290202
841147311
159316855
889628223
593953048
374540053
725316563
164793651
690216187
56472749
352752185
988168183
743220944
850994817
5900354
137523419
784380860
527296041
307236501
884517884
242601811
458140799
283687979
283687979
533775706
445655192
230772750
538392417
422964345
468778338
713830313
518215957
730091792
260779466
801697356
840984600
26888439
357810461
849146410
998736269
651597742
325798871
313941419
771313811
640445844
489936852
487239620
703829992
