66396526
418395386
731026231
977173589
541187380
73911776
588185744
808582293
158371818
662325146
512186804
391769134
43830594
398549877
91127650
371637970
780760595
862566250
430301034
886524015
674117135
177454231
195213775
441677884
542633463
885658371
765073157
845734206
315145413
908028227
901120661
901120661
574101783
361724835
311569061
515402717
573491257
736944518
241817249
866433095
385516303
858318244
194385536
906321983
840806721
767166808
104276654
389511735
197991467
80964778
773186142
149216671
656426769
291081368
818475392
611677982
289955177
871502167
375359527
65924652
7260342
268299402
307966645
393310797
878662165
984312786
52958147
470504089
64276848
208958271
206747780
887233802
987518698
607099460
192713561
812426638
138675680
714420598
657597897
86647718
246661156
220058691
523990095
24270327
198032681
25365558
675732199
759734458
742586037
772784140
652372864
850263657
444275605
656705486
271699664
914871521
89206400
896299602
106957264
409199963
619364523
809682265
533150490
651217353
440568825
220143489
519091541
784018617
212940229
316115643
683243651
136575403
882336791
941168399
468178265
697976192
493995981
574615749
703540104
158965713
563315768
48662953
711431817
263099775
412122234
129875394
25751306
656020201
907396494
303243239
658776720
170003783
300737608
906416642
270034151
138167212
905893026
557984721
179975205
642193463
362194967
902673204
916188151
255084579
373571212
476691636
889534121
876973507
312828919
787773146
817711743
484142660
81883102
98573167
515796290
344862361
751514311
491710249
521973617
345341866
573685539
900992695
111390556
422278114
771897965
399787181
723280282
439445720
87889144
21972286
343191788
546199018
741603841
736401396
990260997
266632919
307515386
976997334
281946949
932799603
361493691
553705072
706932004
780160848
748400829
249466943
5617668
960745200
405021165
801487492
743312104
110202294
245963344
625778491
956147746
802897124
105026683
625178212
523410007
523410007
895326951
529102315
130119358
604476708
733830750
225281681
741760565
132778452
95731196
214145818
221847516
999901016
490357586
457881865
896751152
392258625
870312901
543595019
442949380
869041121
969759573
969759573
200493219
278772676
253565110
620957053
810478530
408457049
455136292
492887117
694046491
6358124
634715270
959412814
169380357
375716632
543252205
597108008
665266819
899924819
220454119
191683082
62630730
436501226
336051593
409042480
912390797
422786304
273109881
439359028
712625492
60402701
843400456
262641017
68703754
44373154
1246129
476681481
520049190
573674361
449448167
889889639
777592270
502101456
562405180
74323794
845449610
6010433
749321084
602290286
556018312
148654242
622031735
304721698
146517961
559006525
401116107
566852688
917664948
743010595
493822667
287086162
694626259
261733975
261733975
261733975
579097278
169110209
193773895
798443479
692256585
750188368
757043100
77367536
721625719
971523212
423178515
551303950
741916725
144136362
815464250
328673569
637036336
392228428
387058009
112495583
55526891
269230837
254231166
522432573
965990525
679674147
803955047
475710164
977657540
659866168
373826910
255938058
11778936
10853004
340879282
334411328
985416659
156320762
602421334
767070227
692661112
861934497
182896465
328304349
278198150
569549541
778229784
86469976
631097927
158977729
579488868
5433186
401086640
481939663
926455486
943978010
735994506
392597164
615463022
801854642
499862353
871447888
956023917
93527418
560474592
102173358
697078928
736312898
494539316
144260255
225574645
666147046
540807620
867099419
574758543
619403148
441057267
49006363
960010908
535737235
929273350
803133948
51900146
181768837
582615741
922474695
124555192
687425870
360371726
238649338
916990363
71175794
311269533
986756389
703800663
162857066
360476180
462712524
528001914
136886096
417925963
89417033
417472046
825400716
547636061
996019036
534101347
274966639
268539677
169771399
700006805
705762780
503189553
375797390
578991529
919642426
864290982
35644227
587159831
925267782
697001099
139860612
831333790
372016184
488107698
654902303
396724657
258087781
427967560
819483211
60856733
212171348
603735641
228601959
349886448
924848087
435110162
843389916
794078146
728643872
817633871
939563378
736107990
933599031
412800328
433482908
863819319
518040727
931452192
269515176
61068202
226162390
38430627
400946978
13474835
376684357
376684357
676216639
373882693
608980989
137231330
320662269
209856019
19913845
212732746
521406054
542061796
138484453
353352763
193336110
826151609
987216586
912448684
456224342
424403504
930837644
700581398
763557915
691265773
679348703
55401027
815626275
653209239
615151802
945021692
813660149
682488926
517543088
168773848
284122518
284122518
388857852
615939804
495952484
408660738
107705153
215462937
503180785
825567040
202840783
869877148
615500307
425801660
169455782
361575966
445030441
386574773
145044494
570883656
454981169
130881359
448629438
305107831
94506901
503305697
927335393
632944155
588768647
17090434
741275738
235997179
926298931
926298931
398267134
398267134
168828966
56276322
688993556
162074514
148953758
272132638
739174150
711491788
127452188
364834167
209086562
923032528
682863939
912607957
709034903
384251421
843904957
830866911
224813903
612406955
858131244
84087353
32014258
200046941
510513185
211403798
909235186
85104308
190683193
941582548
294819714
338337952
555533546
344079777
288992499
158355820
460903047
583167562
750705239
177274149
924261404
804341003
231675619
905508987
599839504
602965237
534321748
433784398
942831186
276123578
226662863
782267211
381546602
458032034
614508012
866609144
128689648
115489121
295654066
564364350
564364350
319049420
264232469
513964497
738641077
507430293
210045259
660106786
714060587
299855189
115427808
136481444
695620155
366846382
115594489
343249203
930196658
140047344
5948201
834324706
533972866
75819843
169360954
409854804
927110990
630810121
649220876
649220876
567763312
746886367
983109975
908364857
619123143
845454846
17912389
131927180
628172856
209390952
92120190
939644992
583671664
652749268
920084092
749986600
998733950
187448504
922252780
477789509
803799616
401899808
671925623
259444695
703709615
59769180
874594187
229319996
846006798
620434706
537470084
218636785
616449034
911294426
110871705
71325940
186472415
170349474
26214794
3038631
825610227
939047902
565458397
352177540
70435508
806960662
134125567
136767638
227353529
87202559
695233533
415146665
987107127
327785861
894879557
943975143
570550291
205459004
96993978
275355070
809152266
535042135
535042135
197098361
952944201
74704003
525661423
622708492
407774279
359388214
155296067
459203557
748696847
783445238
530082986
625123392
773560269
34157536
406831510
797478069
846307587
744379190
792090354
303048056
343297816
363292287
574548150
865332865
588933689
27228546
414583558
187043828
262374142
310516570
477916774
349869423
807819353
169942831
906086537
429857889
58062613
67438238
769326550
72691599
826618455
775742578
795957101
726999565
58413340
918743632
112936436
195246735
270946501
213018547
503538498
40115561
26133563
621851976
886617274
894584417
558223610
491823829
248637306
178376759
545590449
386397614
912756409
600556328
145486247
647391477
199362503
674385784
751616326
894028178
600943504
183190332
326743378
665980618
633577474
38893776
671881657
796934657
810808086
482072398
705416496
360611563
858335942
199606762
199606762
380645444
230921178
621173638
853677309
1625237
635405765
365387978
182693989
608859428
939355820
489892639
563974989
209040589
463694666
524406123
255658260
491018797
835488916
422689051
897184037
959958467
413141081
214846327
385785052
886388275
754551771
524431311
849856991
286652433
329517711
336640026
578413141
916317483
916317483
790478902
798413155
899206581
373989517
378312498
281638119
720347496
544069502
714380859
339614114
169807057
752568997
518124257
757966204
964745831
298213138
81339004
734463981
393523052
935892339
745082716
106440388
256398295
485361508
502099174
478260215
31024501
883648680
302240370
841456669
3679704
723166367
987649582
289877729
761097488
190356729
638071350
64340547
132363431
349521943
743464473
217655847
949570462
747971221
299659520
684122853
485022411
359830005
739182679
825423386
302811367
811592280
727745748
635463786
105910631
679112253
290261241
205549179
742448365
179836485
394622405
806385440
552168302
734328203
818873772
45215671
153116449
62848282
443091304
724572835
542995838
663066508
463485990
307436843
49807647
901786484
595936355
272987315
578487419
608174358
354084615
692745357
610928044
535536676
664917068
904624342
216425862
135713262
630660644
879866051
296858982
114752735
515720895
502751849
657026033
150788590
604097190
824633441
484647539
938621375
987656892
762693275
653950135
68501978
618883115
470440666
821018354
849912115
117323271
414744024
379416005
694055117
427140352
427140352
51899129
65749570
858368010
111479925
181747984
238065007
449428363
518492513
823758093
18254291
184018519
38857307
362046210
523698183
290226273
673192355
944973841
906808745
52325093
289198498
585819676
567644166
10509968
710141544
8336195
539157738
240503969
262143590
738722337
714360451
857180229
122781946
750475840
762938357
348689044
771461323
151168365
300364571
106051142
805607244
789167571
521085717
555748066
429265657
333951361
718405076
711361238
406557746
423434894
36149329
518543888
777585118
104832370
527233724
288425684
282056476
495088957
302004112
713873086
925990879
334976544
983601245
696018512
581997209
20996830
20996830
230546643
683025037
408184125
322905353
661452680
759871306
472013301
860339814
591995746
15568670
19910226
987977366
980502713
768162539
352708094
534968808
133742202
748670947
274048587
725950581
488379924
238653162
517190074
215991044
489428086
489428086
573928417
68833614
486932686
297984183
297984183
677629013
616777536
880591852
90971557
995428760
804995110
886626852
33310286
735757080
733279431
348572769
154520961
839207496
397057782
575651677
925002250
761046233
301158949
18129608
726819012
539883350
545915523
286898506
983302054
312441591
269749110
712653593
48429779
