133896987
133896987
676541234
532197101
380672268
637383220
739590243
596087239
834494374
531611059
873830430
672025669
690286554
534110598
611744803
323688830
499186474
499186474
560557372
479875353
574374248
758392631
361838103
801710885
455320869
271521430
54304286
663688092
663688092
559027891
9397475
12829593
981867509
264045896
786108348
397217992
357126226
946448743
383266659
897285593
898725699
797226243
54955420
421633965
639530406
765862703
305707280
632666383
132148094
512205575
921844117
259607428
443130312
613863864
306931932
693563996
183168933
422399849
637255784
175537730
541254353
283964722
856317759
539055360
444736757
283860874
312410415
431330978
977609242
829601545
400876147
995713108
217681177
494368475
661867779
804352013
451088005
427611906
772042694
862959234
972354725
381450298
515052249
522958077
811914863
909217594
970437991
880505450
457057806
215237298
292703353
329573165
757624297
541369214
123563603
277410715
85783741
400223208
306855260
108484731
981587213
358966945
861134019
100198553
759023313
25966306
109299139
109299139
341363927
419084299
967014457
334492455
71103298
606333934
857761018
189249532
252311825
817817082
855280839
720763413
960109065
171635774
135480498
356691077
701923298
897434650
967522804
975913945
432114672
909628168
258663740
836214845
454009753
216520613
227863851
892379295
686840210
490906823
625309193
570322173
326226767
286835872
428945293
853293541
61947121
565066996
601399361
608108521
842569158
198057463
592798210
336126491
801656972
829811470
930018669
209107048
949534743
2897395
133077164
426767156
504911890
84113623
356591238
22993127
832654953
867166591
975738652
926101298
318919290
925211885
154040984
767482156
795417137
274317590
415038118
983286744
375528587
672353098
500840129
27650901
362139587
875038623
386228615
44781672
382113699
445872076
154598557
673084044
241506028
519195408
243061451
405382684
260904972
102451596
794892027
574737602
181713437
803438571
9338516
651850358
325925179
878185152
241649007
57435618
349715386
111336562
851915150
950638388
580713496
719279795
12862410
410360335
536960212
680572736
502680886
695804705
695804705
846024038
758503965
13790886
668198992
548027105
375112140
488863218
596485154
960795140
823060117
426927743
31576937
25551388
924691630
798567908
242065889
874160642
205856549
158682788
530071101
978268142
400543120
978213875
482824541
483172575
640316386
185903375
544447407
393827492
905757208
273784207
734255915
68217697
63164936
735878608
628802876
997455635
499681957
344402324
906091268
13773601
761630397
642183960
638654465
234093496
705682254
951790528
544915438
235642057
154455258
433260498
765060860
112010828
492559299
104483650
414020657
925718947
560539683
643944258
83762990
334511885
333627973
965839092
620729890
294681526
714812589
952642024
623112307
217733251
95435034
523858762
936195954
892919559
930241283
431424459
208071283
210456171
489113725
783958792
56316714
405246625
924970163
472732860
251000645
826351150
640390631
436521087
857200256
214300064
816561090
235929247
740177754
413802466
301725310
111744355
876710750
671495529
611915925
815107787
856235525
585052985
967829903
233079946
266864707
627738435
254629727
538665371
89196721
327836491
688128408
999606980
20973910
746121494
759166208
699961110
243588730
259746611
713692877
26208085
551508592
406132710
15986800
25675269
179442725
752390539
174876727
488180101
167120512
549773266
80171245
641760286
948822904
245177706
293831497
651523303
838913532
749948474
249755696
126594700
982473889
871217936
102528926
315309087
179393306
275678516
314144602
812682739
761863909
183878270
265171361
667151343
118622641
966706266
161117711
94430315
562840407
969842229
369994847
770245377
482772084
605555889
591002477
713663852
634851543
736287038
368143519
979045091
624688616
922048156
355389430
622198494
207399498
23568660
708167623
661282184
852403605
731550455
146310091
990142082
990178340
853322051
709984499
599924239
845753433
527721352
754620230
189628426
920903105
718334551
364375260
300387959
589325058
914837160
748325465
194334110
136404309
762976512
762976512
352850512
88212628
858195275
964548824
687411697
840761672
200137393
704979811
879522543
466406783
235684093
458404170
309963426
446672168
612925794
568970710
814444608
692318581
219692928
109846464
903897834
753713164
39014829
470187991
622526458
748260463
536158164
399197599
202470123
538624694
236127834
400293639
622754279
690847309
110256818
759492715
69371380
152767341
878966769
879295864
107433699
371860387
408650530
542602530
871771652
738978103
389257861
463085956
431988304
651297537
241394815
729132614
700398768
87549846
675034600
101544270
986787463
359882008
245274968
142241976
196767064
109108436
411632616
102908154
436681346
930885968
334832635
667416321
189590768
699360230
462622337
499776276
547895387
924555730
616372073
763837584
954760008
828556669
604528049
115238432
189211456
390007430
78001486
575228239
488644949
733592942
783136825
864792986
146297729
450417329
642517019
430815552
960070891
761919111
579602941
693687600
208816073
876332627
539424208
282682032
427822918
136822294
223580461
88858890
569988456
367141210
514013149
931719332
358879499
571629334
660528944
732105793
473487693
152769382
201497530
899623412
180563065
988186018
233126897
687954310
339854305
569933462
820884154
630795624
599876593
837310745
229663844
511773855
147019307
223539428
194402321
495340987
732124678
879648681
379132548
65484970
875212604
503863897
685238429
374388387
836562300
609885205
996668533
848819489
381428692
122759134
460118508
227334236
166963928
744693305
641302399
704854825
314840444
35652073
327849111
554641522
631931665
233803203
988566977
102424548
284712906
51553079
174096825
736688493
602505745
385479011
883755799
585674338
327927933
6188809
83819556
99810120
988033222
550667727
933143962
854151697
60165433
236126481
719732672
364244142
898030006
849840329
700039941
4811921
669617716
152677368
894113803
672226477
672226477
305122429
426610322
265297435
875336017
841697824
921219426
708493692
40061625
413675878
872918468
486343458
38511531
311803543
137853495
524620418
767447889
505791921
28958094
71639538
144909965
422669678
688924951
852916323
45969123
553753064
307843871
661875361
344454572
720007732
170019368
964767601
100599684
836456708
357442767
135509686
391564773
130521591
681442852
776199393
45221223
902379628
380485311
519753286
407068030
776943622
388471811
55348754
910071622
848744673
676914458
339629072
933236852
437347396
159705267
978312015
809440751
324696997
757905181
264378001
191812214
682559886
409173323
924720781
590024323
818749533
391409953
831008054
917504893
412341857
149056898
459799511
25413363
769373523
537832180
724379798
984227211
237764689
229256244
507654079
898270272
288272746
884873616
94786713
735772838
243061101
244711999
285581038
840151269
640025215
303956129
303956129
304175486
256019500
452982169
221340591
460191516
37730954
679243656
356773541
201838433
974840293
139262899
520403202
732320174
483646367
173323660
46757515
857846733
408263821
823140430
902635990
511816137
543667377
613571136
965135206
942245374
483317670
815196965
67106371
451900711
241983453
481465081
370366272
205212242
764126941
646739807
668281190
952982552
941074410
748577105
735175379
755564416
972336068
710333728
446446675
778365513
196407367
346975666
960383314
480191657
180126715
987918593
686274383
885448603
607532790
260651134
647580614
275879580
697319958
668837432
421587334
738576180
82997341
891689098
219834243
129978003
219551010
766504263
688074578
697161550
2208835
267112134
89037378
164234769
291058694
810534324
652648267
785106843
261702281
662893479
148630479
633519007
748263123
30179714
792188004
586031966
333909087
816588452
63710658
363382285
910791269
2842969
125355372
744894066
13346811
423763799
46977961
214379437
770662461
870413243
47907348
927041668
471651114
76646561
410644731
806781505
671647531
671647531
484356343
589684298
84240614
474757639
343670485
914943161
239161151
809790293
635261498
959473506
421929584
728552263
143507624
202072275
926094202
141556352
759840753
859763616
182044514
867217031
983402135
991701071
128762679
221757668
221757668
985674121
510404298
153069025
936449722
49080576
809233636
196836314
434051599
820499294
719213162
719213162
619762020
989701841
497425462
252933339
885076227
774101790
571172427
799265737
199918416
814590655
190136556
936492036
753348263
917782759
303382256
718358204
547761726
160167883
100948688
102945932
164887757
123601217
878051194
138044606
365547488
35007204
504375904
883111888
32556639
785925522
789568311
887729530
360966193
680483100
202079762
275574129
36490686
397691159
389661503
499730995
827425157
592581599
964768712
118192491
161240443
580620225
479797000
119949250
908953836
456596948
792006153
256000880
568362562
284181281
746781823
280163843
640081925
403059744
457890545
288094135
670187333
616800440
651796309
744444867
122696512
987075160
987075160
685923517
631004766
183681784
768377531
67744236
417294414
856231544
885246391
452046467
365421881
966449420
82332855
639026725
845916325
64719173
894356523
247711543
260603880
608811919
624691294
186694507
141595371
867671949
693953940
717492441
140512872
985784282
322286394
416309081
444242555
814747523
215623223
478480279
152588319
714238420
195206203
742513766
908425801
131959021
118226497
580159057
831273213
395124111
719881182
839985153
365278212
545659780
346162741
166219459
686449096
54088191
765166897
304360997
799327142
977703022
447361371
725590937
631003205
847505668
321511824
400234518
9115810
982026527
803739814
67160392
182652379
549123141
908773739
74576090
764182928
971862053
953898484
812377232
181303365
70566594
100414229
790573487
582004114
476300509
830700062
597016571
593736694
843748527
141348306
349038703
141059252
471028857
91371017
848561842
140835136
192927452
349670484
449261423
884315023
942157515
755878754
572320226
503796193
659267029
430652221
168487335
508569813
40503874
703006807
344548948
619486768
222534266
708053307
167419686
801445351
346246419
778472251
450347047
479052470
71994465
904224115
