740161238
340552075
534387179
127738861
899827448
120408063
330087048
595694943
797847475
177623396
619247524
112584148
146290510
747240731
152826984
156374363
32441957
440563240
440563240
47429393
47429393
980819334
417361672
784635037
177724090
130858233
226171648
894972670
336910314
730785206
325537247
243300464
988106945
659879386
576019216
588246630
253289726
757332837
719780381
942823255
161741009
68931475
332538116
711263947
418629771
940531696
83695364
307191009
835118223
71006991
844709937
263529992
335377664
318425293
385580249
703645403
684707705
463976803
643694951
372982657
730028471
57760381
746615170
590765938
458748226
56522235
278034253
977303733
537227701
65997891
782358355
326987589
558789493
675260151
856042366
64993030
142226859
265220989
218191101
61925498
541833846
643329178
446083188
915339521
738731139
962675883
139182741
636734838
815642598
478266573
455847159
949288480
954212742
280500316
280500316
622483957
816409321
746036731
858628277
30586556
634701146
809387702
945384790
172581031
430697134
820280445
502716246
870391583
216317186
436225
861483621
673383538
8930246
450061698
212999537
262390477
678179762
527730867
834177126
369522953
764627777
952925561
686045613
853881668
370776335
918906695
508922306
508922306
164822450
706790145
410894759
74320113
381027318
905804959
128781232
818736784
376770776
502591271
60840619
176806771
76408413
898454506
579690904
598617058
25591503
336176836
757639076
757639076
714264933
428566235
707182662
794059461
902061349
228334119
862757438
22564151
52532122
696548855
14190516
895338814
861030225
737196109
833623972
627665443
28094381
541487772
60165308
712959782
692320159
7759307
375969916
466415017
627967145
928683050
872610092
957536702
471525467
99868626
283442121
494780762
123082566
620768612
240669434
746889816
274813299
535621182
12786171
514624992
409489122
296693536
453254318
238651741
309662937
472808994
494654736
171186109
365546352
723657880
799664506
380516681
960326434
740081612
946808679
513943298
390606087
415561183
142534062
801940177
414635738
382420181
794140065
887870051
446866593
168581981
641748290
763996318
123019100
465297275
491379164
265379333
249366541
762714759
1321646
533820031
255636673
970741070
794574067
656153943
501302688
972213108
41593913
726497606
933691354
863588785
823884450
250884458
705583667
91074663
90860531
90860531
240498255
888905636
888905636
403870937
776440769
74717313
182660265
962272232
548048371
106935808
436730565
859546223
905616312
91936705
39850939
173308491
437931033
504095447
783988421
927996145
289701279
684233979
818274290
468895092
67896985
295691864
899384558
296574440
429125334
204160763
500492538
255468092
801210717
170006047
167067312
208676597
408400750
566363525
927727260
624858298
270817363
52645804
79824034
255626827
406953356
563591314
88482131
754927888
486060278
458360845
364686582
914744802
953542497
59348145
306243144
306243144
702096209
434688529
475232255
372714029
686104676
47406147
679060065
914639333
90295882
567874112
850837827
599137295
405627207
126200267
521812872
129935206
948120169
287735753
685324073
564642494
816297462
897223915
972766257
987401182
821259743
587026077
360600540
31369822
671894975
257808246
584181525
366189711
830199375
383741452
524760824
85976142
722018255
425555252
147846676
373173331
73992839
892119203
681496431
19680768
435070364
741549014
363782197
386477122
298309642
972456578
424636656
283138593
826775821
540502979
165686023
895710759
600314016
911419580
146179965
464834334
232417167
232417167
461831833
806943516
86980105
969405573
567057942
94509657
704910577
775412205
866741230
413046159
385813008
213321805
310526661
673338289
477187026
440393253
572020287
561924712
258313979
849027756
503984399
470140455
318688548
534757694
507396992
240151501
240151501
655018942
892740457
449035534
106159146
689520649
222128747
797082239
747240412
408416541
568069427
539503383
346834524
638004293
254988066
509724152
975782418
975782418
720701961
263558772
360845516
309886713
437203590
558995844
184778048
277021556
919669068
218027535
252475406
854280599
113782894
329325173
664662590
338975926
810814355
57900922
134841024
729197504
994867804
965823333
262312465
859721462
362552591
262010057
823136815
822089764
824235928
361278585
706267910
412553559
688900504
399284673
120483883
667070074
759650294
170746863
491352895
228868143
380059086
162979056
596849195
489868243
511755323
448133210
118157661
947468148
251061261
429403151
714701579
445340764
184657835
242739761
359594419
318966985
117144505
186190752
806591342
866192416
584658665
149216938
229843389
930035412
347421734
905508591
113293301
584974587
169926089
90251358
956511262
600656945
119907831
339082483
784134292
287580696
287580696
160326534
134324427
733277747
171003486
663679232
12540998
909957171
232376283
398802942
329022131
922236084
805685141
675242857
276621060
310870472
604750412
418804895
435535965
280280767
429398307
465462376
322559783
682100561
891741632
898321919
753152728
2189766
368297917
955901365
338100823
223016805
480975379
995827862
647211591
40625512
945059049
87534099
527037266
946787246
472564544
118141136
45270266
722486335
670388964
718627085
585957503
948244694
236920559
517026357
613659677
474818633
124249508
124145017
187357504
791983408
416046794
626829004
494356527
164785509
565204510
705636811
742678655
499150414
866099296
50321765
988912461
497228117
865483358
196576914
879778264
91839636
333996505
224933999
611835401
805917704
