451910927
479402517
403954911
981989786
19479465
902338528
950272413
500508130
544267507
528520174
261520822
960204221
912545192
151299233
389193619
278374938
723526786
321049850
290131233
41971219
981622044
356689374
631667312
772176630
131098790
517353199
263799604
416463469
68467236
182614100
103859251
892187339
518877645
546835783
513055701
893649150
875293075
982184731
362772123
277528102
608888808
946346120
996536445
921304491
823026628
202558515
557673093
907043733
561325870
454536285
75159566
37579783
482938368
961574738
961574738
604580431
989640114
644441511
844729307
370252361
64897118
637805927
364443920
654538403
83090355
67971806
689323940
994830977
554943987
696278109
655846679
166616829
810604487
545774884
606254193
967487464
440141661
925171195
952952302
397309232
74535441
610542979
420610091
227625255
806906319
593639178
206306319
260370616
440783375
355885826
983538057
996707617
739884564
96692036
418598582
298843810
574710956
429118495
293059864
899008558
315427285
330450402
131270111
535990637
961865608
973278486
31276777
153530124
153530124
630706029
409445312
147371317
564154701
123563714
266001664
301434579
813823100
626796315
283935114
781214608
376313681
354725229
574511628
878418123
474284790
92448347
385753597
329379077
412982216
407940820
103754224
506152295
956663160
956663160
306126748
791813933
723976746
657700472
549850260
154611910
654248785
519686379
829142088
103642761
267347016
758129540
463753324
28966089
768655268
768655268
669802409
146993420
359778953
310327653
416875210
778282710
568020538
748326963
204306539
417307322
805769112
411245124
4081655
210710985
605355496
586432710
367479941
807555557
133780940
221821666
667292577
752758439
679520144
19699568
335482032
103022000
712244247
788693360
354066402
354066402
11566526
298793656
139416212
31290257
31290257
377958026
29917627
528552630
868573177
880952833
712358155
778950796
333214774
53087071
175514513
639818386
52448503
780676594
765025212
145922136
935969020
949505774
970346159
379990176
704835179
701366476
567122161
324849968
597027665
737300064
297668418
699740940
975091839
938240185
154853637
655202562
96906810
705321327
93631147
979372264
200377063
455109313
846062523
720906738
233886911
975031740
452053985
764692028
744238612
168233981
405886303
898110822
293980903
590238958
925729203
261413499
813891694
213124117
745038132
90516691
941903228
782342333
952107220
642055067
466742411
695161307
939032267
676537113
205715689
408237611
174066861
10503475
698155855
642489038
880829684
727895934
641930016
979044941
971292348
944836014
944836014
277673388
936645519
174211169
414261259
921005068
328147318
566095372
974113114
623656331
976223440
986323936
398328361
586583210
656719366
331023523
335047086
467009420
41974014
621595927
899617923
99957547
457745337
150150117
830030029
11942195
528322017
392035782
419435597
307470853
549885248
897007867
584586589
557546165
572036705
952448529
228803634
815914059
330826476
894293355
46045784
664563994
851618227
835945466
728092223
728092223
862610697
159461833
579730920
212328573
367749559
154871406
180515228
250516893
714093849
907569401
848482335
981060298
632055052
932666115
676192966
343886901
12097192
488076494
565167705
798693607
282458052
391774355
775193466
125607307
43104355
77916404
564388774
886696614
807798975
862158034
352474990
655777572
926685810
387849196
715785545
213845992
53461498
434793213
878378426
726778123
135918586
225403837
612701922
42363084
10590771
233869927
124383685
121398859
104751696
596138413
798069210
278207369
472507931
83726942
493114864
36677134
933653044
419557169
453637588
720903417
625762545
460897934
587931546
413262123
568877024
861841255
305606668
757122704
404216511
559303010
609592626
588787895
413311190
813872833
432091524
897613126
448806563
258177138
564740179
468193467
690260223
979616472
682781800
868175373
36432085
723500355
575747334
139948061
831823302
227046227
818964679
211875847
778914009
958913155
986336505
186913759
931759
202314234
304608892
651220210
628535511
50455007
631622662
249549808
11665663
222724119
358080460
512717071
514050902
514050902
216292987
537446876
877278698
961462691
1501047
735242257
262667526
830908489
228863562
829575859
663551561
715310892
402810466
600702620
914634350
485772394
307281197
472193962
64906375
294986627
921665187
980416302
37017792
872587539
530984259
878973554
948549674
9102472
63457016
272962866
746679614
981108246
901974457
592490522
742381849
463973957
330740078
388456682
996317889
59704676
185381799
185381799
460354655
273372741
979683694
931719293
540830328
496033519
187128138
482477678
887529254
481254878
951384648
799995364
330508983
266101798
181376409
564674189
670483633
359549434
718980908
536047323
656818506
598233548
825712923
117958989
802344393
675686856
398183994
490996984
542661543
860765206
60011692
507536877
904639833
648403271
135472784
901110982
419578782
128168792
756457928
374958795
890398001
19351151
673117055
501952188
645611741
359035931
262115105
586340138
554283096
875729012
289361003
819771903
577937371
603180523
175950277
816102131
314833103
527192333
578796252
168665093
445492028
516434027
193064527
624399812
993736588
660008084
757790293
243886628
10947560
925410243
749590390
192149273
643111850
127054469
802595592
649616405
769767844
513050678
506978492
210581140
366897693
599022601
844335850
277801711
572607771
516893442
801031447
975128937
160982575
915354583
774304395
774304395
363132322
834267353
638749899
275176894
919086064
376018476
393397750
78679550
663342857
452227134
111069561
273464426
757413638
169972294
771246542
324964809
282581345
69129200
34564600
603505480
897579208
791034237
688274900
212548852
702091480
957441646
780357091
8908826
556545429
154885999
304432712
892025309
321336147
168094139
85484543
395318433
313768944
407558635
407558635
838902115
563918102
139326691
548711420
611112522
945633932
409500364
419107017
598375204
941745788
239673334
146829735
643725088
21479980
444772329
758986881
724362460
842565533
829264951
672891534
336445767
531485239
580273093
887421184
254665932
720970078
607822577
724745455
229442030
930569093
425881426
592425677
42020420
49738633
486272735
486272735
640896109
261119063
617232754
9121046
596744475
513718458
361261216
460986617
820328877
910164442
565786078
195594442
4157639
828624594
812989862
236443652
865195500
429466169
646316247
926497194
382363087
540767049
613746653
85701391
30435644
392765392
774558204
680823259
791215968
410285846
772897983
280327943
383255082
165387543
389636796
549019267
606184874
866428595
299485272
423691414
957185269
688273913
919584520
488315677
875975093
875975093
116709328
380120221
647872973
700505610
960533218
575402702
194393819
116029108
254239100
833487897
995874554
914095278
631842020
663749724
550838799
925519423
282456173
897493745
262032026
308926315
308926315
375911790
445728686
355559254
514337660
162414442
120775727
36275027
972073615
108946266
818584695
979627967
722581879
143853333
424523330
125046139
161846992
249376969
454023482
160388646
135396598
302434637
199199169
956015771
879980727
746145352
534700165
884544881
193319462
279844306
934086937
489128501
612494993
315102226
134542797
895340953
615425222
921086526
997603345
716836017
446711220
96107206
570102061
794640517
739456219
804399587
383133598
461044535
261470738
750061012
562000132
912400032
75320142
392286884
456135443
432998439
218655594
763839663
233225518
238447612
684198262
379193236
991390957
601376539
867956322
896053420
814913456
640852614
552943534
758823927
225061759
833135555
539079027
547307249
563677642
559822834
913135047
681648458
600603785
800353617
800353617
969885428
910139120
858803126
294769211
882461541
882461541
77888126
751821374
811493396
115954070
98238864
24559716
652614697
306234278
708932713
278717210
352902229
712992766
756642500
78657770
259832223
954823297
