49781366
537671658
425109037
581612058
781319794
123966565
280991643
157408894
336609883
763568018
345446004
341507372
822969800
376756404
28940496
612821544
153205386
988621647
856898128
650787899
357599182
482317466
25327895
454425197
957852775
183198354
77366785
841289569
31083412
45410330
644443829
727715857
17670236
172525413
924380839
944961792
663911226
498609284
453584398
488133744
443354186
713026465
967767218
668371916
851137432
872348609
577109739
514451225
979480312
515460177
783147182
277460781
337071375
135928073
963535957
170645606
87374525
438570124
899463606
299821202
310000295
647262241
570926528
850622999
991131452
1153411
646546112
288685073
344018703
152604349
288151089
326878729
406578453
281315692
567817841
455844391
242640733
278111819
98914722
224358828
579696822
877816402
18174984
799359383
260263687
648641363
950938721
403036460
117350685
381717544
289959017
465160395
78206015
230911781
958643283
322364620
964072103
820314832
617207850
983802363
970448507
645097799
11641803
632033410
402568754
633800517
587822952
489541848
534766789
228099084
458948182
163948795
920826946
844692002
725865355
30731896
135252235
648462205
129309620
867346322
727204040
871929725
291673157
26977054
192569424
431468780
827773932
144260834
592037266
134498990
225921465
535822268
515627861
503125575
255938252
94566262
407476125
735298633
181931398
102887656
895572030
623683374
842829418
330430980
55071830
337650107
713238207
256017797
815987749
609181561
73585218
232257335
120716999
53899840
806450175
741279829
908868668
369606482
367128107
394772489
877424126
167162577
126605914
208672707
484932438
939326061
471537803
281306839
325900979
409383269
259239242
977769171
26574983
75984131
797822768
310869198
996648399
838284448
104785556
773785489
253397928
348811671
117220205
1723677
625215464
537488495
916914598
353419369
772955236
14648353
387093573
597922982
597922982
689430594
842073322
365890996
255328626
636769650
45861704
264147627
744756544
67531926
755285273
342642679
88112352
566202933
899291936
73044583
403496507
94679642
834816046
240666429
516195031
926793719
642719851
643778149
419147338
935524750
680268972
900905501
379624617
362518303
297012729
213312627
732737243
933184316
434860999
868235064
433611775
84780699
533397515
124759468
28839828
312791796
834152226
354269030
573173257
228231560
57057890
238821495
580053812
517390409
732256203
980786537
996797762
502795922
629080291
245938916
619623649
227576383
204596065
186618532
255617288
257639536
740516641
975244096
790429375
544774305
958388583
513092913
830430512
119993110
181932647
957626998
85705435
704766156
810552486
365480644
912512685
654929348
422976309
711488158
355583040
522301815
899174765
316956851
723535668
124940868
790743273
160015721
566705563
363510245
383345037
883982717
883982717
380646790
576985277
464514446
900915542
837628241
294012673
614990810
670358921
11713635
952092986
809557297
544222474
235747834
482251631
291543395
199109656
655463711
183694907
321187281
479307571
247983928
941673424
508071508
498701630
498701630
540828870
123458999
863801364
349953369
602006682
634504356
827886259
295093780
243421084
606203016
552001498
529510777
394366288
629126607
290639689
665944014
707008921
707008921
844786374
339900829
104964314
522914672
133103054
340380522
333039596
366988249
512713698
938445861
999896559
809626465
7001657
70724805
925526094
333591284
469445541
191599402
100827409
250678623
887611812
486441153
862862728
958379294
437649966
392781408
394253620
775225949
351804023
706968259
558022443
444752808
444752808
314334654
539764671
336403316
785895819
397985119
570165116
322229993
863289495
659269200
371355764
146285357
573142682
516798721
59135157
899038169
539032162
639697813
776844186
129474031
774781627
304826278
689090490
579343660
120337480
624928691
430918601
33444684
151710277
75496030
972650793
941659707
217414967
840289724
903701942
505638730
239547879
881739863
384328588
532299330
960056997
920099471
456391598
414025492
803294609
484846179
220103074
146237187
655009766
12328096
955974232
630507464
81328278
943551505
242943939
969243236
710668430
346724535
485921004
303236377
520895335
5209344
201310906
208705147
957876054
111703419
400234911
58674528
324779065
813864346
604621451
289402385
913768377
496797765
672104790
595088391
390471402
861396606
401369289
318181010
670217164
778369532
917425988
917425988
694397628
803375982
898556829
169821205
157925075
36213897
442469084
568629285
530703842
83615733
100145656
540290630
278609876
176483250
675963282
670033522
910738144
807990340
705034007
385184197
962808939
446090205
637264524
527297570
445661374
134968342
981541602
977424728
541388901
259393178
282424149
837506727
967501351
133545607
157222225
825570619
623315581
115756648
115756648
812500332
336008597
260070103
923986098
517224265
354034725
371202648
783366075
904496900
927952365
774839316
590726613
129150893
114776098
839594240
800719339
600135279
356574530
997511474
332758286
564657873
302552118
142627659
171310547
130803414
109568854
451329756
716814422
302307691
981423412
220983646
152772351
976555265
337747104
499584888
974213691
380903886
985829215
445851443
16242840
75006559
609337266
521867456
439678541
144131083
144131083
958709746
434550329
179318792
386483936
495536628
271546286
245310737
22985050
787005305
54999602
544343056
192132478
279636602
855927326
862007598
95778622
391074631
60832855
662388784
82798598
359808027
85759079
357120535
317848345
360111127
80117292
271883731
276195438
569048863
159594101
308513445
65928995
779274364
397780478
52773033
568017282
906773179
360075176
866133145
866133145
779640652
196714509
59541801
913891085
956945546
786780753
771794230
378685308
94671327
8156609
428084665
104197550
812983143
385824864
481266121
466409630
310463145
551743861
496065663
372681201
442260453
743894302
381481982
454921917
736038254
123395189
571833705
877438968
148052098
766262934
25489906
38513069
623125931
219748640
829634209
832804892
922986885
674173960
829151322
169787478
88437208
527894953
20458196
447784817
447784817
304980338
582285464
195996643
508410073
948688791
313378202
472747804
671857019
867503096
433751548
890028582
411794852
123891064
138807238
579855785
930165787
200001402
642402398
332949055
73469464
234100483
741700542
894529575
309016547
429484988
899858409
649976405
706247055
820441839
503058779
58858840
653708180
581713526
982354542
333909933
85504322
864310169
864310169
940655124
632536328
208802985
73608763
226848850
779598924
945623267
971557542
393571590
819604322
748441653
905067963
134226566
415014698
425002727
801888087
444951566
112319422
179828438
779165377
777065902
179120072
161770213
529517063
884189099
131944582
131944582
452199767
908699967
651449998
58356388
480585534
752246565
935450141
228858029
277769681
884855094
111101154
956988413
843406528
240345477
378343976
960164472
606438908
801475883
966912653
662281645
658291039
658291039
542040968
77434424
719853811
817121978
469520332
966109046
625841491
749060981
878061545
788091461
802746374
292514320
145449819
393181230
380044419
804596585
201096831
999905692
941110252
941110252
882345589
795506031
808980670
413239376
463698431
606889063
383805144
380505116
725493383
345098678
132201166
16169134
39422313
166918126
776179448
61894983
640728744
213576248
7310377
111923376
635413568
617675178
803302847
541952237
219342262
190985538
584503735
898194899
938223991
852334477
695081004
509035941
377258987
79003217
714512999
296608001
235797859
364047691
440032359
145500223
313449508
432550289
358137574
886237364
242041539
687904648
306364337
945253215
54210502
641334212
25689058
85531012
739912421
362291337
25465333
785438413
570973840
197475822
169958913
718061974
575184512
357051017
662811863
272775110
720601926
299973071
846303835
230204658
634123432
391269795
950394707
991732457
995866232
321158506
339944044
874588969
575171304
198892447
511076976
842417375
967958675
996439859
690223405
243293323
528311354
106407990
336955396
883081523
733936699
61388167
581913542
267014746
130804280
134356483
339383146
110993937
547038406
628973832
465350485
815552085
271852030
635082203
105094905
955619404
883521575
965383805
457767033
576294509
481034943
90840163
871084387
975583541
200846104
57043307
588842089
376519038
595111203
284701990
142350995
539088035
347523913
675574067
246479703
418294401
885641543
64498904
30311125
635217207
24076018
40639387
214359590
201142719
201142719
196470633
966496446
765808484
146921330
705356577
434337752
959853278
14912797
71468714
115098704
35908493
637908092
354843509
187783551
263417502
86290913
231810103
595344031
510238103
421733439
919871696
295007409
647503708
632947143
825297976
978962667
654640747
951289922
307590178
304476863
327532029
844788937
528609909
526602560
499615743
148322761
354759469
738133214
102428909
700809641
635068013
904368412
442973572
378975143
718054380
359027190
456587153
873190210
873190210
272552917
491101920
76594845
287932434
47988739
71941904
969643368
768615869
113630672
759585234
384635945
173079494
374061505
975526554
518833771
729748696
327232659
349515379
990997815
990997815
881597706
555422457
414656190
927671256
489263798
295306085
359178403
304880182
930345275
159120897
105209993
386237121
745168057
551975208
353736240
275855096
357313067
874865321
171232806
835899148
659335378
422545211
508338056
597726039
43909527
877576485
154478798
721030727
53820686
747401869
901706677
587338580
282913505
803169781
786954580
458414701
792662054
542516925
414520844
414520844
870222103
617162734
226462211
854693994
783506959
284582278
157378647
54144572
78565236
154080749
440050337
144612457
663532765
298874436
507582867
582130563
464564157
464564157
577427363
976534628
246789444
123772950
123772950
397659138
565929404
127774195
80606315
