509056075
291496728
432974120
760449248
154888772
776341283
624321493
694331907
64599882
413292730
562151596
18738845
447850002
447850002
95505099
572794452
335767165
563171760
187015233
418587682
499757792
714679483
517280119
292166816
557956959
696811591
356346445
909403947
522077673
212576812
878473093
375694620
41805601
14522253
871980723
533010852
914839555
489077824
63198814
763827884
697159357
249238038
336942545
75744491
563971614
229378517
292560936
99907798
567844035
12979324
769154856
226690936
603369471
537396204
658373902
886927410
398504969
171590843
84018063
118263163
793997808
93401899
877768561
45315324
197707002
47774583
223075332
962943830
654631310
387252692
329641513
23346800
796582145
663573839
295441501
625020324
206616324
379707432
756990267
322635928
944541700
150820445
789126629
605436478
56085501
98448304
18262870
425427083
542464194
460556803
968751284
57432897
172808758
771601100
56593321
524350649
347564431
385378177
8834650
757552496
561304841
953898015
657347768
628120381
718545758
739162812
315409073
55923447
67550874
611384039
502484378
30399336
879878292
89066996
448903143
950751728
69302584
600676266
450524323
948097078
4662874
4662874
4662874
892078296
76078282
342177653
740037620
185009405
925791201
971595294
458800332
855782407
869582704
111620581
38297278
115366365
142405845
748199858
290707396
879727666
49390169
746524314
378483453
323510587
699613667
59075048
580955798
145939241
509081066
456984115
904063439
881812320
217538537
257545490
160226890
685712058
538003264
359069468
410605460
469490856
19695009
337542889
512148135
361851286
18144628
419933028
742370183
245880174
713807601
856903804
737403332
80623490
297380005
355224916
946323253
30352161
163155896
645796240
570026309
993148032
473542029
684192758
407094303
505879593
775032026
853012818
670042347
711419840
557765258
352665000
285674476
293171777
977923216
896757132
575940898
240697402
885364406
49471263
579474125
962616749
2307990
359737596
889180979
609201491
459677180
5619014
408646953
928595287
846139239
262732197
210527456
399463332
187176815
322421002
651106719
345443648
903628131
950442341
347738691
175456396
205932792
259062300
571340515
132616625
742895519
38173128
964609524
422239574
807154344
211972283
786382907
92734426
150210736
496455259
603788899
690331518
545070679
455132856
430477331
476843336
126987540
161893299
291354810
212686951
404228986
474060819
561941216
58209183
956806673
8905884
630305846
341772746
564709463
66107883
511017984
242253393
714125440
919024500
781894704
228373110
104696461
284302399
139976482
221227772
111600254
265870202
771447670
39488403
442091448
442091448
286655175
286655175
586007924
936742389
393291442
262817451
568590079
694220504
607017528
462998081
963963514
762435201
163856463
327252589
181391676
946849475
709165120
246930758
583086447
537679778
609904283
920743902
659500712
522785819
221095970
269600766
201490394
770386460
596298311
915356100
873762275
868775814
331868687
984319317
238974201
953122003
357127792
228653707
949129932
102960591
704531403
967192341
549956764
924389919
296327156
643175280
486448321
797521948
65724005
349509074
628865859
896789682
216401424
53374577
689152027
291062681
613994859
722798976
544559798
994324046
126708721
952750061
964102033
921677829
548140403
918755174
459377587
736552166
917632241
471784750
100051690
51030247
247547015
119371785
519102067
455588224
395748439
716788095
527779874
332668308
856235488
551101965
918777387
990939359
407692152
420196796
356045467
959245346
895709314
370959616
182548665
691936734
782292233
48448683
978928127
741770770
98177953
478078408
643504356
207898148
111500036
620586232
280268473
471798619
542383488
354886870
795780590
137065806
629255231
820588701
254824287
969946091
184664929
289142483
803514365
55615461
6701290
425097947
694604402
779668801
904062095
606652704
568760047
715064002
745793818
790340840
537256722
537256722
182292453
236458492
224631246
550364028
335327424
197915134
262369270
439771399
692536764
143922873
841693177
611671942
284797192
856959444
392946403
488105159
352800309
422570509
902535209
168935079
740929658
407879894
647872920
16736512
751076991
643804308
381332166
853258009
886485937
107790075
158255726
678057538
264830374
912521054
619475445
603245911
16991936
604434805
46492030
688804389
828639969
995227449
331742483
511954876
751992484
215899800
63566065
177261012
272383151
129843018
773105230
81852716
340042897
820022285
446920476
129556456
792172945
372902814
255790864
54071266
238552017
908971311
185191993
867207083
239820781
413273596
677663279
699467236
750263416
183644438
728173529
857611822
247044250
986289493
995989512
755334263
248671439
138642466
138642466
167761675
476290538
350622543
672243071
630249234
250160279
90015632
533263938
426368537
28877962
548803766
33309622
670323950
821173651
127412559
702590876
273780913
380102427
941311543
556689939
897891590
880427951
940213979
150079991
158781595
317802303
106261142
558956951
670890276
167722569
18635841
728580212
389539060
389539060
708197781
15711401
253927852
169647197
822772132
487944660
606026760
101004460
585857784
972006941
936281670
524774712
782862768
914303963
30795889
93523772
925868186
78912281
415782459
202254638
739246484
454619976
230901962
160486962
980410633
902683470
222518428
617086081
668741046
304934710
406536702
85812366
899228570
449614285
681201790
201278753
773447815
44981784
430883369
247615065
557620074
138880010
349382054
786471819
631078640
562804336
139802122
436888011
870461665
459179935
605901560
75737695
647414961
211434731
313867544
904063235
265585849
693798837
10800179
156946701
533098194
192994204
753335496
109940927
695024056
795094680
40832572
984038669
159130557
53043519
17681173
286595730
542630141
771315074
21993616
979256132
19090205
205592072
424508255
928063538
584542685
706506453
275604373
816772878
696364927
778471718
847308970
711827246
296471562
699607956
185600132
126154383
565803805
421121393
102372162
768060591
804351305
484480322
113444159
883090864
506037635
791020449
672958061
97979609
51338264
592804761
445230340
555653796
526572764
211952448
238083588
959644357
478186326
854156901
28325879
25051468
525515601
966600433
943637859
239775321
992145942
991831234
442466634
504152425
946761754
301221849
601683724
868208739
573398464
921403400
688064358
732898078
303693042
147999196
854788323
18479814
8037616
859420398
