160292591
311713149
398028612
660237483
182791299
211651242
723221075
351282820
14574088
34888893
825569461
16590265
631274253
49361820
473768389
694753682
858722061
323681904
922204886
519783737
648343097
477728302
842985421
533029786
606952524
326755602
738934410
373623018
25917950
48748390
796748242
61395209
61395209
263704128
406917104
686442569
990894887
105609553
273232481
109437737
444205394
763778953
372084358
341650861
499821187
272364925
272364925
769826635
382386545
903545970
77899854
711750063
199200821
744173050
857901753
784870897
956974185
398478994
13396576
741613123
786737349
434057445
672533563
139393637
687617182
358299691
861477983
601922221
724546343
785369911
531699844
276459970
284557498
636378977
643134663
71459407
922058809
207284926
773070712
926257683
443045099
119063891
607194836
60502217
344590461
803977965
803977965
855099800
895116590
74964954
74964954
24988318
758897435
291820404
685178831
980082308
235179346
993178139
265571202
813890290
351736288
193105185
467948204
434782935
894263230
215827114
879963351
30355341
766590552
231973996
658546043
405940369
234323396
959791787
643524331
485220932
972500684
91093337
545546672
121845634
460071275
635072617
394031835
131343945
451282225
240382242
848076454
767768385
700329835
537202849
870409312
611795353
268632560
528585736
720016078
899289681
664193105
132838621
643016849
693686458
390008963
695004485
99286355
363986409
451643620
369557531
369557531
46611523
945986424
52707364
124785295
230600169
203388958
839883701
719374357
566405561
285766267
701929983
512782257
778376841
233327204
513477058
410817621
729804169
318808782
172941032
854511191
963627803
275387802
137693901
711645117
528897656
846758402
24980827
163899179
15634463
610357206
597905192
598876108
653940668
774247834
799949406
888498458
415592860
148517259
43104462
611983421
929277051
259801469
670903754
325691723
709989566
549651784
549651784
633561712
897506368
900011381
174405085
535428260
742144361
245778139
156616526
748688800
149737760
290737048
422821977
747181512
178039147
178039147
605756818
702692459
893313555
87188092
29271353
205854272
748259667
794151932
226882209
690234949
25843983
186608815
996958442
992889895
654649753
214541883
633207674
837485023
623012973
91269934
180897149
76298687
659588168
200656241
200675044
506833738
885985906
468939959
468939959
618822297
182676356
727558790
423304401
212978559
512787097
175717890
546088826
650732385
964826251
399748561
479949715
233135371
862903327
343101889
348758078
49831831
261165777
695685091
659221375
750616473
865479208
432739604
902202937
410270253
451687940
817229318
705863859
559448787
365635543
639155432
493011199
497670402
745968444
334283310
964411754
699845329
444685661
513068109
587511437
488029011
474739137
552652003
658749716
13019632
29970085
844201175
362629866
60438311
412087665
908636517
736582611
208336419
269850330
958160068
910249127
433401285
154339702
794926639
261340691
115979075
106330782
200196313
800021818
600007275
498294924
172694264
797428803
478275305
478275305
602021826
42937800
55402348
455216632
364444664
61370283
392525665
470075672
457062778
450312624
855261090
877525601
234690701
580494616
104670881
676447109
366898525
215368380
379259771
529710815
599888757
399990376
117165742
987562425
987562425
313368353
105897128
567321907
445915241
522375952
683780491
452356032
309895724
765713914
275019641
275019641
81553492
885185849
440297105
928349046
539586529
667755622
730101403
730101403
657515251
88683453
931817112
111008869
652301341
696969053
684428169
307154252
235021817
154377728
812606998
742791817
913712374
333890699
923859679
454916385
363729098
708932863
842260344
14293245
858597866
192008178
790900702
307173304
656919048
682224751
594158789
177469776
387734036
548466758
39059356
136047941
911957638
363464587
285845694
364946178
965858618
8375528
301331046
566927227
261154539
562423802
108724384
557283437
88996955
864902836
136400309
929154715
825388069
584021377
805316313
295212748
341715198
925119197
18219505
372474750
327639762
382020830
907906913
194252531
438850509
125887303
387642997
387642997
547836707
126193765
51682751
515957306
262373039
344874205
46029372
786259561
540894226
79671539
626935983
195362782
943159458
855237982
751288702
174107930
14096253
340189871
468037977
379431261
130215418
375197989
335384417
616344317
965997257
887781402
604728400
861298028
105762606
862317431
734119257
216764908
396852778
418829807
447246983
150865962
280491798
286467968
863940452
27217142
753402148
990499895
219564486
219564486
652788000
934682821
586936567
592326045
754198284
618384460
513153832
802807974
647736326
318927974
974941102
498603426
601911005
688884620
533533745
160649188
883225652
929075832
51670405
89600852
699237084
816805961
772008956
805296392
707334389
266138718
822278843
31595950
154185007
792709764
231178986
861984073
172665243
909290330
44844646
576473624
568037774
310012061
467512412
486628620
699933527
423218729
993686181
856240888
804942395
219021817
695033145
596813406
232134836
277627671
194548005
338474448
578360162
191007653
23333413
227300479
969092486
892968595
671279464
185697719
435391473
926142026
514915719
470610115
192420294
900537326
819447684
974322164
997770277
577853871
870664474
623554827
917150439
59021768
537273679
663549922
470428107
602120125
267020022
668513609
558884265
810978995
810978995
702849040
744235749
143453051
898410535
205783366
435153390
526104476
839010606
477791008
117774136
848386566
848386566
146221273
96163603
100584635
267998519
797517425
831735195
951843021
717509522
934944623
544781494
14322688
45237780
936827705
22509301
540984590
111969473
917009145
47369069
350324261
182135147
827611559
191747888
796891111
484186781
196705651
330621852
866124376
864742681
233092836
242090014
421364752
835146263
650858767
456149624
909291545
437420689
946384920
919708905
97555896
585365132
549112052
218506562
41783777
338133302
373036515
204871667
677622321
312586785
679838591
297759845
340229237
633275095
341245083
670622545
810088940
316421155
813050722
883529276
365707092
117852247
319494811
445833526
881641425
475478699
375552393
212775085
13744436
931065688
465532844
534603158
186924891
45676691
580901611
361391678
380111728
227923883
913610176
651727250
135337677
314938744
652549169
622832116
797943266
611645711
805822859
535090481
535090481
383772622
656905820
433455901
806548560
