142857144
975532077
507763093
988597087
489223830
696294718
866837047
402879928
486125707
771974342
267844456
634967146
788462044
446113662
624780164
232111453
252340209
252340209
494783912
105069492
321411454
230551556
412992808
438022186
319196983
517582554
363447764
810573636
959503626
959484831
621647682
982988673
467033953
457160954
574677893
393669475
180035638
278205195
97476727
758435457
531246439
515415947
183702144
838044624
444150764
569147474
756078933
17251572
906308592
906308592
321233180
64392414
673821384
747332860
966671044
335057210
109245528
58860975
959237329
48224407
862407076
607800888
278021563
737456717
996325375
708120533
29659426
608664374
359812471
359812471
359812471
851696985
757458907
757458907
561930816
677490370
127023484
192908140
587810020
522813571
555244989
540444612
98917353
189962043
531660344
886235721
