Case #1: ::7e2:49:0:c
Case #2: ::630:0:bb:c69d:5:0
Case #3: f0bc:cd4:902:0:7:f:e:8
Case #4: 0:df:377::a:83:ad1e
Case #5: be6:9:0:e::7d:0
Case #6: 2:0:b885:a:6a:7b3:63a6:0
Case #7: fde4:b55:3:4:ba::
Case #8: 0:0:0:b294:9579::
Case #9: 0:0:0:d::
Case #10: 0:19:0:0:c31c::6
Case #11: ::4101:0:bb5:71
Case #12: 0:0:a5:10a:8f:ef5d::
Case #13: 4231:d3:d2:5e::
Case #14: 0:0:6::70ac:ddd8
Case #15: 6:1:3d4::114a:0:c1b
Case #16: ::8ad:d:e1:2975
Case #17: 7450:80:0:9::1
Case #18: 12::e8:e:0:0
Case #19: 8:d5::6:b:0:0
Case #20: b6f:0:8c8:9f:0:8a:0:ba47
Case #21: 0:72bc:d2:2::
Case #22: f9c2::7d0:0:2:84:6121
Case #23: 0:76d6:ae:0:d3:ad:0:6f2
Case #24: 0:9c:e7::
Case #25: ea7:3:4::bb56:5:0
Case #26: 0:d9:0:c:8ad1:0:96f:0
Case #27: 35a:0:0:731e::
Case #28: 34c::b:0:fe7:0:9a
Case #29: ::4a:0:0:ab1f
Case #30: 3b9:0:44cc::29:1d:6
Case #31: 0:a::91:81e3:d
Case #32: 6:1dae::3ef:4:0
Case #33: 0:0:9::d555:0:9a
Case #34: 34e::4:0:0
Case #35: 9::e4:ea3:6:0:5244
Case #36: 2a:4da::3:0:8e4
Case #37: 277:1e1f:0:a96:561:2:967d:cd9
Case #38: ::e6:0:7:0:0
Case #39: ::51:8879:9b:57b:1:0
Case #40: 179:0:8373:0:f::9b53
Case #41: 0:6:1::d55:eab
Case #42: ::9:0:9:0:0
Case #43: 0:3:991:29be:0:6:0:24
Case #44: 0:a09f:725:0:8:94:a0ec:fdf2
Case #45: 0:4f9f::29:0:f154:fb
Case #46: ::d7be:38:0:4f2:0:1
Case #47: 6fe4:0:1b9:f::d
Case #48: 0:3:0:19da:b:2e5::
Case #49: bfeb:0:d34e:0:2c8:0:78ae:7b
Case #50: 6:e6::5:488f:7d46
Case #51: 2397:58b::f:0:0
Case #52: 9b:1df8::20b:0:910:61
Case #53: 0:c74:a440::db5f:0:0
Case #54: ::655:0:0
Case #55: 0:0:e::3de:a
Case #56: 3:b:3:0:4:3:feab:0
Case #57: a9:670:0:5:be:7:14e:0
Case #58: eec2:1:ab:0:242:4:8b:de6
Case #59: f782::523:b62:0:a9:0
Case #60: 0:d5f5:b8:0:9:eda3:7f40:0
Case #61: 6be:0:f7c::844b:294d:f9e
Case #62: 0:7::6c9d:66f:0:0
Case #63: ::8:0:f2:0:0
Case #64: 63a9:0:0:6eb:c7::
Case #65: ::fcc7:6b:1bb:0:f77e:1
Case #66: a66:275:0:81a:b375:7fe4::
Case #67: 0:6:0:0:340::
Case #68: ::4:4:35:76b:b4:0
Case #69: 5254:8:1:45:164a:3df6:a807:1
Case #70: 0:0:4f0c::39:e8ee:975d
Case #71: 3:2c::5d7b:0
Case #72: 3:66ae:2:1::7b2e
Case #73: ::42:0:0:0
Case #74: a925:3:2e7::c78e:90:3b
Case #75: f06:b::c59e:0:7
Case #76: 86::dd0
Case #77: 0:290a:e8d:0:38e4:a72::
Case #78: 8:d2::b:6:be8:f50
Case #79: 1::642:0:0:0
Case #80: ::b3:3:8b
Case #81: 6717:0:467:b88:c286:accc:0:c26
Case #82: 3:0:0:f7::b0
Case #83: 7::93ec:65d:c7b:c8ba
Case #84: 7f0a:18:0:e::7:0
Case #85: 5:d:0:9:6db8:0:7d:0
Case #86: e1d::f6:0:5ca7:0:13
Case #87: 0:86:0:b8fc:0:7aa::
Case #88: 0:4b24:410::9
Case #89: 2ca:ccca:0:67::
Case #90: 0:70c9:0:b3c:0:a65:2b23:8db
Case #91: 0:0:0:b421:e0::
Case #92: 9be:a:982:64d9:6:0:e7a:8a1c
Case #93: 1ef:bbdc:6e8:69:89e:887::
Case #94: b197:ed1d:0:b4c:bd:4f:0:4f
Case #95: 16f:c20e:a9::
Case #96: 0:ac9:48:8ba:0:7:3e2c:0
Case #97: 0:577:df:647::8
Case #98: fc::f:60:c:430:0
Case #99: 0:0:6051:9::
Case #100: 0:0:0:366::730
Case #101: 0:f:0:a9:4443:0:c:0
Case #102: d:0:0:e5::64:33
Case #103: 0:9d:1:93::
Case #104: 0:9c:0:4316:f24::7
Case #105: ::c191:b2:e8ab:0:0
Case #106: dc:de:868:0:e3:6::
Case #107: 0:6::32c1:0:67c:0
Case #108: 0:0:2977:a:1:4e5::
Case #109: 581:0:e3b:f:0:5004:d:a7f
Case #110: 7c:1e:5b63:4:99::1b
Case #111: 6306:0:c1:b1:d60e:0:15c2:0
Case #112: 6:0:961:0:bee:ac:fbd:dbea
Case #113: 52c6:e:0:3c:f769::ef
Case #114: 0:d5:9c01::fdc:bb
Case #115: 0:6b:7::a670:0
Case #116: 0:ed6b::91:5d:0:b1
Case #117: ::f:dcf4:0:0
Case #118: 0:af::9:0:6c:0
Case #119: ::311e:c60:0:0:a
Case #120: 0:75::d:b03b:0:0
Case #121: ::73:bf:144:3ff9:2:f
Case #122: 0:d:0:0:8::c
Case #123: 0:f:0:765:353:0:4b9:0
Case #124: f2e::994:0:0:6
Case #125: 2f:8b0:e09:0:f4:e2:99:0
Case #126: 0:0:9df6:92::d:0
Case #127: ::e8:1a:0:0:5
Case #128: 5:d9::b7c:3c
Case #129: 8:158:d7:0:c7:0:936f:0
Case #130: 0:0:d:2e:23::e35a
Case #131: 498:0:0:3ea:78::
Case #132: 0:0:1::
Case #133: ::29c:0:0
Case #134: ::97a9:af:0:35:9c7
Case #135: 0:d46:3:0:fe:6a4c:5ddb:e91
Case #136: f:0:b:3::2e:0
Case #137: faa7:0:5f:d:642d:e2b8::
Case #138: ::b0:ae:8b:0
Case #139: 0:1:78::f8ce:75:9863
Case #140: 0:0:e::
Case #141: ::e2:0:0:0
Case #142: ::c8:0:f61f:8f
Case #143: e0:0:c36::d11:0:0
Case #144: ::8:0:1df:d983:0
Case #145: 0:5e9:61c::9a:0
Case #146: 0:42d:9c:0:6c:9:8da3:0
Case #147: 0:0:330::3:5
Case #148: 41bc:ed::dfc:9:0:0
Case #149: fdfb:20d3:0:2db5::2c8:0
Case #150: 0:eeb:f92:54d:75::
Case #151: a7:6fe2:5f::e7a:b6:0
Case #152: 0:5d::cc:2:0
Case #153: 44::
Case #154: 8bf:0:4::e:0
Case #155: 0:31::12:8
Case #156: ae::6b0:0
Case #157: ca4b:e:318a:5::2:0
Case #158: 8d::20:0:d43:0:f5b
Case #159: 4:6:dae:7:fd6:bd9:cf4:0
Case #160: 0:0:e:15:3d44::6
Case #161: 954:c:0:a0::f77:0
Case #162: 0:63:5c::7693:0:3a9
Case #163: e:0:c50:0:d6b:d2b:0:c3c3
Case #164: b7f8:85a:a61::4:a5:0
Case #165: b555:400:0:a:0:9:18ed:768
Case #166: b0:ab7:0:dff1::9e0:9
Case #167: 1f7d::91b:533:93d:0:3
Case #168: 0:f:b::7:b3:0
Case #169: 9384:4708:0:4620:0:c5:8141:0
Case #170: 0:9b1b:71:ef:0:3ef7:c:0
Case #171: 8:d:0:903a:2e0:7:6:27e
Case #172: 0:e507:0:9:3::
Case #173: a::61:6:0:0
Case #174: ::b6:0:0:18
Case #175: 8e6:e0eb:0:b:0:45f:242:e
Case #176: 821::c23e:e4e4:9eec
Case #177: e16:afd5::5:a:0:0
Case #178: ::d8:0:e:0:905
Case #179: a2:d:86d:0:9:f:a:0
Case #180: ::60:858e:194:e2:903:cde
Case #181: 0:20::5e9:0
Case #182: ::20:0:ca:d:4f:0
Case #183: ::b:0:c:b4f
Case #184: 3e:ea4:82e7:38:0:4::
Case #185: 0:4:f::4
Case #186: ::e9:ac:0:27b:0:76f6
Case #187: 3968:8762:917f:7082:c38:6a3c:d:31
Case #188: 0:2:0:34d4:0:b::
Case #189: ::ec3:0:0
Case #190: 9978:0:0:b11::7434
Case #191: 0:a690:0:f3::e6
Case #192: 34a4::ce9:0:8c:0:4ed9
Case #193: ::68:7ea7:1:0:e:0
Case #194: 0:39:5f19:e2:79::
Case #195: 1013:0:7ec9:644:0:6:34:0
Case #196: 2e:1f9e:b::95:874:0
Case #197: 0:0:0:b:7::
Case #198: 4378:0:1:1:8::
Case #199: 0:7a50::cf3:0:fb8:c
Case #200: 0:0:cfb3::6b:ad
Case #201: 1:f88e:0:be::107
Case #202: 12:0:1f:0:91:ef4c:0:128
Case #203: 9:8:2bd:759:0:d:1130:93
Case #204: 67::45f4:cc28
Case #205: adc1:0:a:d98:0:ba7c:c88b:fedb
Case #206: 0:4c69:25e3:7:0:72:0:8
Case #207: 0:b0f6:dc3:2:0:e:0:176e
Case #208: 0:3eac::c1b:59:1b
Case #209: 731:0:0:5::681:3
Case #210: ::a61a:b:8:c496:4
Case #211: c595:0:0:d7:d3a::
Case #212: 4b:72d4::9eca:0:0
Case #213: 6e:1::acf:0:95a
Case #214: 0:de1:0:d:0:e:9b9:acc
Case #215: 1931:3c89:cf:d9e::3b3:0
Case #216: ::79:0:b:8:80:6
Case #217: 6e:434:0:2e::3
Case #218: 0:0:d2:5a1::98:0
Case #219: bce:455:0:f4:bba3:87:0:b73
Case #220: 645::e67:39
Case #221: 0:cf4:5edf:3f:996::
Case #222: c1::18:22:9b0:0:a84
Case #223: 2dbb::f50c:0
Case #224: 2b:0:a8da:0:43:38b0:0:66d9
Case #225: 0:0:3:c2:a7c::25c
Case #226: ::77d:7d:6b05:ff:0:67d
Case #227: d0:fbe7:9046:f115:0:7::
Case #228: 0:3f4:49b4::6018:2:68
Case #229: 92::284:d93:de:c68:0
Case #230: 0:a::f8d:bab:0:8b55
Case #231: 93b8:0:fc:5aef:16a::
Case #232: ::f85:cd:0:a9ec:3:0
Case #233: 8::3:0:b50e
Case #234: a:b2:0:5a66:0:13:6f0:86d
Case #235: 4ac6:0:146:2:3c4::59
Case #236: 4b5c:21:0:fcfc:0:38c5::
Case #237: 0:0:979:0:6::
Case #238: cc2::cd:0:5
Case #239: ::9:0:a1:4f2:198:6
Case #240: 0:2d:9f7::
Case #241: 458:fe:5:c:e9ce:e52:0:cd12
Case #242: ::9931:0:b59:0
Case #243: a::3:0:66e8:306:0
Case #244: 771:0:f3:0:9::
Case #245: 0:6a7:8:e6:ce73::9a58
Case #246: 0:a02c:1:42d:375:103a::
Case #247: 0:13::48fd:a6cd:0:0
Case #248: 26f:0:2db7:0:fc:0:1bde:0
Case #249: 0:0:44d8:0:2932:8::
Case #250: 0:dee8:0:75::8:4
Case #251: 8:a86:0:5b5:c4::
Case #252: 0:b35a:0:4:fa4::
Case #253: 0:5c:0:b:18::4
Case #254: ::24e:96c:e64:86:0
Case #255: 0:2d:5e3b::10:0:0
Case #256: 11fc:561d:2:0:6c:de1:fbf:0
Case #257: 0:ba89:f0:0:26b3:0:d2:84
Case #258: 0:d9:86d::d:dd4
Case #259: 0:0:21:0:b1:e7::
Case #260: 1e1:68:3f3::5:0:0
Case #261: 0:c019:0:9f1::814
Case #262: 6de8:3fb7::c0:c1f:0
Case #263: 653:ca:0:f5c7:adb:f:9:205
Case #264: 0:0:842::66:0:0
Case #265: 0:f8f:bf:0:530e::7
Case #266: 0:992::40:5:0:0
Case #267: 8d7::df9:0:a3:f33:22
Case #268: fb:35ea:8:8ea3:148f:1440:0:f8
Case #269: 0:eb::754:ce:beca
Case #270: b48::a5a:c7e:0:41:66e
Case #271: 0:0:6d9:d::3
Case #272: b3:0:c:0:4df4:f::
Case #273: 3f5d:0:645::e53f:0:c
Case #274: 0:0:c1::a3:7:0
Case #275: ::92:3f9:701f:c8:0:c
Case #276: d:6c4a:0:0:299::c1e
Case #277: ::33d4:6:e1bc:0:7a5a:0
Case #278: 0:8de:3a8:e::
Case #279: 0:0:e4:0:c8:c10c::
Case #280: 5:0:7ddc:1206:7:d220:1258:0
Case #281: 0:7:d89:727:0:f80::
Case #282: 8::a6:9b:0:73:a
Case #283: 4ec4:63f:ec2:287:4a20:0:e0:55e
Case #284: dc1::b7c:ddac:22b
Case #285: 7f:1::c976:0:9fa0:3a
Case #286: fe4:0:d:c3e:0:d56f:0:71
Case #287: 0:33:d9:0:da93::
Case #288: 0:0:3:0:8:489e::
Case #289: 1610:0:994a::91d:f59c:0
Case #290: 2:de::f67
Case #291: 40ac:0:a::58e7:5
Case #292: 25::e:0:fd8f
Case #293: 0:4:316::6612:0
Case #294: e8ed:aa:0:bcbd:1707:b3:0:4e5
Case #295: 65::e8:f0aa:5:0:392
Case #296: 0:0:42:0:43:6::
Case #297: 1e91:252:d:0:8c:0:29:d1a
Case #298: 7:e3e1::2d:1c:58d:0
Case #299: 0:b:5::4:0:1b
Case #300: ::ba:c43:5e8:b49:0
Case #301: d:281:0:12:0:10e9:c0:3
Case #302: ::d
Case #303: e232:faa9:0:f47a:b4df:a0:35:0
Case #304: ::c2:0:b62:0:0
Case #305: ::f10:af8:8b:0:35
Case #306: 0:9cf:0:b:0:cd0:4:77
Case #307: 0:ed3::5:0:2:f826
Case #308: 0:0:8b82:ac::4135
Case #309: 7f:0:c6::fe1:9b4:0
Case #310: 0:d95:4e5:16:d9e:0:4e:0
Case #311: 0:0:f6::e
Case #312: ::56:0:be1:0:50e:b1f5
Case #313: ab::a:49:5:a:838
Case #314: 6d5:0:0:6cb9::5a0:0
Case #315: 67b:1::73c1:cf5:5f:26
Case #316: 0:df:6:242:0:1b1::
Case #317: 2e::4:c:9:5f:91
Case #318: d:0:57:5c:12:ca2::
Case #319: c116:0:e9e:0:bc9:0:30b:0
Case #320: 7:0:af9:8a05:feb8:cd48::
Case #321: 7e::5:733:c
Case #322: 72::a:ff7
Case #323: ::f5:d:f969
Case #324: f69b:0:326:0:d::
Case #325: d362:ea84::6e:146
Case #326: 4fdb:36c5::91f:0:0
Case #327: 0:0:5b0c:0:5::15
Case #328: 0:72:db:0:25c1:39:0:a133
Case #329: 0:0:932:b17:9ad2:4b::
Case #330: ::9e:0:5:a056:7
Case #331: ::16:7e:96:ef1:0:758f
Case #332: ::87:0:4b2
Case #333: f57::f:0
Case #334: 0:0:0:547::ac04
Case #335: b:8fe8:0:298:0:30:2c:0
Case #336: bac9:0:ca:9::fa7:de1
Case #337: 9:e096:0:4::
Case #338: 9:fe:15e:0:a692:7190:3:0
Case #339: 0:16:0:44:3::
Case #340: ::d:2c98:0:7:1e:a
Case #341: 13::9f:0:4:0:0
Case #342: b10:0:f:36e:0:17a:2a9:e9b
Case #343: f4:9:0:7:7::
Case #344: ::5a6b:0:0
Case #345: 0:0:e:8367::b9a1:0
Case #346: 0:0:26::464:a46:0
Case #347: 0:e7:3f56:a65:30d3::
Case #348: ::bab:3e
Case #349: 7da0::b2e6:62e:0:87:0
Case #350: fcc::b40a:5c1:0:0
Case #351: b266:c090::21:0:0
Case #352: c:85a:0:cc::f
Case #353: 0:d4:0:9:0:6::
Case #354: fa80:1d:695::f:ebac:e
Case #355: 0:d8:47:6a06:0:691:0:e781
Case #356: 0:91f::1:df:0:0
Case #357: 0:4::c0c2:f:0:b
Case #358: ::7:7:54e8
Case #359: 0:12c::2b:5b4:91:0
Case #360: 0:5::9:28a4:d53d:0
Case #361: 0:295:e:9d::17:e387
Case #362: 0:e86::b:fe5:7c8:0
Case #363: 0:c5::459:0:0
Case #364: c87:4846::4:6
Case #365: 0:5:5d:0:66::
Case #366: 0:a40:4:0:a17e::fb1
Case #367: ::5e2:0:2:0:ab:cb3b
Case #368: 0:a049:86::54c8:e:0
Case #369: ::94
Case #370: ::1:3a5
Case #371: 6b:c8:5f::5e43:0:0
Case #372: 0:e9:4083:5a:1::
Case #373: 0:23cc:5fdd:28:0:ae:b784:db3
Case #374: 0:28::2b0:0:fa
Case #375: 0:e:0:ae:0:70::
Case #376: 0:f:0:6:0:2:0:9015
Case #377: 2:0:e8b4:0:b65::
Case #378: 0:0:0:6::4
Case #379: f999:0:b99::7:0
Case #380: c50e:35a6:cfe:9e::638
Case #381: ::75:0:16db:32b:0
Case #382: 7:0:5:1::
Case #383: 0:e4:0:de1::c125
Case #384: 7bc:e8::14a:0
Case #385: df9::718d:0:5d:0:0
Case #386: 12da::a:dec:0:0
Case #387: 0:29:fb:0:1:e:0:2
Case #388: 0:27::c:2:0:739
Case #389: 0:3::
Case #390: ::cd6c:0:d:706:18f:0
Case #391: 61af:39:0:a1ec:0:1:0:8
Case #392: 2:0:f::5648
Case #393: 0:0:f0d::6:d7
Case #394: 0:9728:64:e10f:b1:c1:5b:0
Case #395: f:f7::b:8c:0
Case #396: 734::4:0:dcf:52c1
Case #397: 0:16:f0e8:52:49d9:9e::
Case #398: d5a5:40ca:8::14bb:7759:0
Case #399: eac:558::2be:0:c:f
Case #400: 7be6::5d:92a2:4:0:0
Case #401: 37::e:8:c9e6:6
Case #402: 0:b4f9:a7::fa:d3:1cd7
Case #403: 0:0:6::62a:0:0
Case #404: 5d7::7:0:0
Case #405: 0:0:7c:d67f:0:a5f::
Case #406: d:0:47::4:0:b8f
Case #407: 14e6:b58:0:1e22::
Case #408: f59:6:2:6a:b::e2d2
Case #409: 0:e8:0:ac:0:4292::
Case #410: 564c:c8f:0:710:137:0:7e9e:456
Case #411: d0:0:1:7:9::
Case #412: 93df:0:34f:b8a6::4
Case #413: 0:6:b58:c0b6:0:b:4274:0
Case #414: 2c:0:0:f::7:9
Case #415: ::dc:fb89
Case #416: 7:6ec:3a48::367:e
Case #417: 0:c:d68f:7f:478::3
Case #418: 0:9d:0:b::735:db
Case #419: 391:265:d:0:1f:0:686a:6
Case #420: 9d4:a36:0:5:0:c0:a:5bd4
Case #421: 0:6b5:0:9e::5a
Case #422: 0:d3:0:0:882b::72
Case #423: 0:f4:0:32f:0:e9:5c:0
Case #424: 0:d:5334:0:73::187
Case #425: c8:0:f38::b88:0
Case #426: e:0:9b::3:0
Case #427: 0:0:8:0:bf:fd::
Case #428: a:13::12:0:79:0
Case #429: 655:0:0:d26::158d
Case #430: 0:36:3121:a61c:a7df::e3d
Case #431: 0:929:bdcd:0:29:f61c:ab56:0
Case #432: cd3e::e760:0:7:0:d8
Case #433: ::6311:0:8c:0:15d:648
Case #434: ::54:788:0:d:8ab:0
Case #435: ::3b3:0:ac5e:0
Case #436: 0:56b:c0:529:d:2:0:370
Case #437: b9::8:0:244:94:c20
Case #438: 0:9::5
Case #439: 0:0:6c::b3:3:1
Case #440: 0:0:f7:cec::
Case #441: 27:0:7:41:e9c2:0:9:0
Case #442: ::4d:13:2:0:25dc
Case #443: 0:26aa:f3b::145:0
Case #444: 28:3:e3:0:1::
Case #445: 0:f1:0:dd3:e4:de3e:0:ef
Case #446: af:0:0:75::
Case #447: 14::a:0:fa74:0:0
Case #448: 43:0:5:b17a::3990:0
Case #449: 214::4:7
Case #450: 0:40:c:0:8::
Case #451: 0:7f:8:6f07:6777:7664:0:900
Case #452: 42a8:1a0f:da:da84:0:4::
Case #453: 0:0:7:1:d::
Case #454: 0:704b:8::1d0:5
Case #455: 0:0:e::f9:7:d2
Case #456: f:f040::
Case #457: 2c31:0:52b:c19::5:0
Case #458: 57ff:4d9:6::cf:0
Case #459: 0:9::23d8:0:0
Case #460: 5e99:0:a1b::e
Case #461: a5:f:8::5e
Case #462: 0:4c:0:4::5b:0
Case #463: 3:f5:300:9:da9:c::
Case #464: 7a6:0:3ac:2a4::
Case #465: 6a:cb:0:29::
Case #466: ::edb:e1a3:0:0:8d83
Case #467: 0:2:7cb:8:c444:0:12:0
Case #468: 0:9:0:6cf::
Case #469: 8b:9:ad:0:733:fc::
Case #470: c:0:2:696::80da
Case #471: ::1afd:0:6185:31:0:c
Case #472: 933e:ade:8a1:6bdb:0:5f2:77c9:c1d5
Case #473: 9b:8::49dd:43:f04b
Case #474: 7db::4:0:0
Case #475: 6da:eb02::2223:a8f:b0
Case #476: 4ac8:0:e7b:0:62:0:b7:12
Case #477: 0:906:0:f4:36d:0:9:b
Case #478: 0:2123:5864::5:9d5d:ce
Case #479: 9b:0:ec4:f:c4:0:81:2655
Case #480: 61:4::
Case #481: 0:510f:d4:8cd:c4d2::c
Case #482: b9:0:8:3f::
Case #483: ::3e:0:b1:0:5:0
Case #484: ::c36d:0:45:0:34ea:94dd
Case #485: d1:2976:0:db:0:14:4:d92
Case #486: 4:1:7:f62:e62:0:5a3d:0
Case #487: c7:f99c::8c:0:0
Case #488: 0:f8:c146:0:e6f:da6c::
Case #489: ::f5f:e29e:0:0:c5
Case #490: a3:92ab:d36:1::a5:0
Case #491: 2:59:b6:21b:51:e94::
Case #492: 7:0:d:e2d::c46a:c6c3
Case #493: 8c4:31f::41ea:0:6
Case #494: 0:f9e:d87:ab:0:cc35:0:569b
Case #495: 8570:0:aeea::e6:0:0
Case #496: 0:0:d570::9
Case #497: 8045::b:22:0:c
Case #498: 9a8:0:a:0:3989:5e0:39:d1c
Case #499: a2b:9870:9e48:d8::5
Case #500: 60e8:0:f3:51:4::363
Case #501: f:67:8a26:0:f::
Case #502: 80:3::9:0:f6
Case #503: 0:f:bb65::30a:0:84
Case #504: 7::e898:3
Case #505: 9e83:0:5587::36:0
Case #506: ::c6c:2c32:0:a9
Case #507: d17b:0:c:25:803:4dfc:6e5c:d5
Case #508: 5e:37:f3b7:0:f4ee:8:dd02:0
Case #509: a:380:399:0:7:db::
Case #510: 0:5ff:cc3:0:a:7:0:57
Case #511: 0:b9b9:47:10ed:f:35::
Case #512: 9:0:439e::672:0:0
Case #513: 0:b::3:0
Case #514: 5::bc:3d:0
Case #515: ::bb:0:6c:0:10
Case #516: ::123:b11:23:514:be4:d5
Case #517: d69:9c:16:9:0:fb9:72d:0
Case #518: 18e8:ad0:d4::ebc
Case #519: c:d7:ec:e:0:9:b:a32f
Case #520: 54e::6:4:70b:0:521
Case #521: 0:a63:0:b0:b:371::
Case #522: 0:9d::9
Case #523: 2141:0:a::7b1f:6d88:d6
Case #524: b9de:eb08::ec:0:86a8:15
Case #525: 0:a:0:895:303:0:b77b:0
Case #526: 0:7973:952:ba6::3e:a3c
Case #527: b::b:0:e186:0
Case #528: ::
Case #529: 0:0:63c:a8:df6::1
Case #530: 6f9:1:96a:0:e66e:a8::
Case #531: 0:0:3de:978f::81:14a
Case #532: e:0:467b:655:0:5:3579:0
Case #533: b2ad:0:b9c:a676:0:2:f8a6:a617
Case #534: 9e:618:e11a:e23f::13ef:30d
Case #535: 0:4cd::9:28
Case #536: ::5:9:0:8e8a:0:981
Case #537: ::b8b8:7:0:1ea3:4a:0
Case #538: 923:a0:0:9::ba
Case #539: 0:0:f:daf6:38d::9
Case #540: 0:22b:fa08:0:e0:0:83:f47
Case #541: 0:0:bc::
Case #542: 281f::b7:94:0:a
Case #543: 57:0:0:7d::7063:1bc
Case #544: ::5d34:266b:0:3:0:a20
Case #545: 3c:0:b:0:e:0:98b9:0
Case #546: e25:99:42b:92:0:28dd:96:0
Case #547: 0:0:2e::
Case #548: 10ee::d:0:1f0:2bb:5f5
Case #549: f7a:d89:4:a:bd19::
Case #550: 2008:0:27:a77:3::d
Case #551: ::a8cf:0:f3e6:dfb:0:2
Case #552: 0:2:4:e949::af:1f
Case #553: 8f:70::61:0:21
Case #554: 0:9::377f:0
Case #555: be:0:d:0:9:9f:c0:fd44
Case #556: 0:93:5:0:c8:72::
Case #557: 0:6cd4:8926::fa5:0:406b
Case #558: 4b:31ae:0:9fa:0:2::
Case #559: 0:0:d8bb::c51:0:0
Case #560: 0:51d4:0:d169:2:0:7c6:0
Case #561: 0:606:bbe6::f:0
Case #562: f::13:a39:0:4231
Case #563: 0:0:51:0:46b:53::
Case #564: 0:c50e:fad::eb:0:0
Case #565: 6b:2eb::b38:19ad:0
Case #566: 718:e7:728d:c3a:79::
Case #567: 0:aa:2::b93:a8b:0
Case #568: aa0e:50::
Case #569: dc3b:b:2::
Case #570: 0:fce5:5:c:52:5c::
Case #571: ::e00c:a4:de6c:0
Case #572: 0:f33e:f04:c17:7:0:a:0
Case #573: ::1f
Case #574: ::
Case #575: 0:4:f3:0:803:0:c5b:0
Case #576: 0:6:ccb:1f77::f
Case #577: 51:f::c3:0
Case #578: ::3d4:c5e:1a13:93f:0:7
Case #579: 0:8:9:629c::1bc:c570
Case #580: ::42c:0:0:3:f1d
Case #581: 3:0:7:6:2:0:e:3df2
Case #582: 0:4:0:1:0:f3:0:9
Case #583: 7194:bc33:0:cdf4:0:d55d:0:bf7
Case #584: ::8
Case #585: a::5d:0:3ff:63d8:90
Case #586: ::69:0:b
Case #587: 3:0:2dc:0:1998:86:0:a
Case #588: 0:be0::3:0:e7d:0
Case #589: 0:496d::b2f
Case #590: 0:62c:0:b0::a6:0
Case #591: 4023:0:a8c1:0:4::
Case #592: 0:0:3a::961d
Case #593: 0:2b:32::be:37:0
Case #594: 7412:a751:9e1:0:d7:91e:0:ec
Case #595: ::4:0:6:50:0
Case #596: c1d2:7::a4c3:0
Case #597: db6::9e:0:0:0
Case #598: ::2a:db:0:5e6e:0
Case #599: 0:1cb:b:1:0:a:f0d:0
Case #600: 2f96::b6f7:0:2:1e:e13
Case #601: 0:e:9::
Case #602: 0:0:eed:fe::
Case #603: 4f:0:d9aa::
Case #604: 14b::6b8:6:0
Case #605: cd64::8d58:f
Case #606: 0:7498:c70b::c:272
Case #607: ebb9::3f09:0:977:0:2725
Case #608: 0:f:7:be1:0:8:561b:0
Case #609: 0:d0bd:bc1f:66::67:0
Case #610: 0:3b0:0:0:f0f3::
Case #611: 0:0:2ae:2::6012:0
Case #612: ::db:b:5b4:bf9
Case #613: ::9e:0:143:fa16:a
Case #614: ::3:0:20b:3:f:10c
Case #615: 0:0:b8:0:3d7f::517f
Case #616: 0:2:a:acb3:bc7e:2::
Case #617: 63b5::
Case #618: 3::4b3:0:752:0:a
Case #619: 43ff:3c:6:0:d449::b06
Case #620: 617:d4::b8:0
Case #621: 67:0:4d:e:0:97:0:25ce
Case #622: ::4:0:20:2:0
Case #623: c4c5:0:63b:2a:9:96a9::
Case #624: 0:0:a::5:0
Case #625: 3::c7:0:8e:0
Case #626: 0:2::6:0:b3:a
Case #627: 0:0:f::1
Case #628: 5:2d4:0:b8:0:aa:a:0
Case #629: b153:e8:61c::8296:5a1:0
Case #630: 0:0:23::dd:0:0
Case #631: 0:512:240b:9e2d:0:6db:2929:0
Case #632: 0:5::89a8:d2e9
Case #633: 39ca::784:0:67b:0:721f
Case #634: 0:ddf:0:5d:0:5f1:0:324
Case #635: ::4bd:0:3:0:0
Case #636: 9:ad47:7::9f:778:df3f
Case #637: 0:c74::8ab:0:3a3
Case #638: c:9::1:d65e:0
Case #639: ::1:0:2:0
Case #640: 0:1:0:841:fb:c21a:930:0
Case #641: 0:53ab:c:f5::
Case #642: ::910:0:64c
Case #643: 4c0:20:e84f:bd7:0:4d47::
Case #644: 0:f:3da9::e56:b9
Case #645: 6:f63:2:0:92::5f2
Case #646: 7806:3f97:7:0:8e81:65e:0:9a
Case #647: 0:2252:4cda:95::bad3:0
Case #648: afe:40b:0:75a:0:9:0:70b
Case #649: ::ef:b020:2:0:e0e2:42b6
Case #650: 0:5530::6ad:0:0
Case #651: ::ee9:2177:0
Case #652: c686:a::cc:8:0:bc
Case #653: 0:ae:5f2:6a8::1e50
Case #654: f:0:d::9:7
Case #655: 0:1d:e:bbd5::8
Case #656: 7::41c:0:3:0:1d
Case #657: a1:30e6:0:fb2:9dcb:ec:a1e0:0
Case #658: ::
Case #659: 0:74::e542:7f:4d27:0
Case #660: a14b:0:92:f448:36d4:e4:0:6
Case #661: e:0:6:8a:7ba8::14b
Case #662: 0:b0c6:12e::841:0
Case #663: ::936c:0:0:3f:ea
Case #664: 0:0:0:f::a5f
Case #665: 632:0:3170:45:0:f:27a:b
Case #666: 29f1::369:4ae:9:0
Case #667: 0:cb08::bb
Case #668: 0:6:b71::7:57c4:0
Case #669: 29:5:0:20::
Case #670: ::4f3
Case #671: 0:0:0:93::ce61
Case #672: b501:998:0:0:e7::
Case #673: 0:be9a:4e4:0:d3:f430:0:761
Case #674: 0:6062:0:869b:0:9:b47b:0
Case #675: ::6:0
Case #676: 0:23d:d::
Case #677: 0:0:dfa::c50:0
Case #678: 0:c1::30c8:0:2608:0
Case #679: 0:3::60fc:f:0
Case #680: 295:d0::c:844:0
Case #681: 6::280:0:92:0
Case #682: 0:29:b8::686:0:0
Case #683: 0:7e0e:6e:892::51:0
Case #684: 5:0:5:1:0:6a44:df:9
Case #685: ::3:8:4ef7:0:0
Case #686: c91:9cf:2:7:0:ad:76:9d
Case #687: 0:44:170:0:b:0:5:fa
Case #688: 0:bf9::7076:40:0:0
Case #689: ::2a7:0:6557:0:64
Case #690: 2::ab:0
Case #691: ::d1a:afb:0:fc80:0
Case #692: 0:5a:0:4:e::
Case #693: 0:36::7:e3
Case #694: 0:4bb1:ec:c65a::4b0b:0
Case #695: ::7f65:0:dee5:0:a0:0
Case #696: b95:f:ec:e:de::
Case #697: ::2:3:0:dac
Case #698: ::
Case #699: ::629:0:0
Case #700: fb:0:74:0:63:0:96d:9ebe
Case #701: 0:0:ff:b:55::
Case #702: ca76:8::eb1b:96b7:8184:0
Case #703: ::393:d5:ef4:bf23:1b:0
Case #704: 456b::b:0:3:0:d64
Case #705: a:88a:0:f6d::512:0
Case #706: 85:0:4:7:0:57ce:e0e:0
Case #707: 0:5:8cf2:bd:0:ae::
Case #708: 9:0:4d59:50:0:8c::
Case #709: b261:a::f1df:27:e2:0
Case #710: 0:0:fbab::51:dbed:0
Case #711: f:8b::f28:9:0:6f
Case #712: ::3349
Case #713: b8:4139:0:684:1e:0:a:0
Case #714: 135::18:0:ab4
Case #715: 55b:ac1:aa1:0:d7b:0:8:0
Case #716: 0:c8cf::e6:efe:32
Case #717: 42::4dd:0:9:0:0
Case #718: ::bd:0:fc28:9b80:421c:7726
Case #719: c:8cc:0:b5dd:0:cc:a5f:0
Case #720: ::5:e9:e229:0:0
Case #721: 842:8a30:9163:cfa2:5ce2::
Case #722: 0:0:b8e5:0:b54::
Case #723: ::2:0:64:d
Case #724: ::40:c8:0:1:5b:d
Case #725: 0:3:0:81:0:547:7f0b:b03
Case #726: 0:7c:c278::4:f6cc:0
Case #727: a236:1ef:d62:0:de::
Case #728: f::8826:15:6
Case #729: 0:0:a975:13b:0:43e::
Case #730: da94:0:df:7:717::
Case #731: a:3:4:c2:7:9f7:96:0
Case #732: ::7766:0:0:98d:0
Case #733: c::c:f2fe:0:0
Case #734: 0:6:0:0:17::
Case #735: 0:0:5e6d:d:d8:e::
Case #736: 0:9:2::d42:a970:586
Case #737: 0:702:19::c3b:0
Case #738: 0:0:281:d7:0:52d::
Case #739: e:71:1:f855:0:65c:0:1
Case #740: c5e:4f2:82:36de::3a5:0
Case #741: 0:0:0:314::4967
Case #742: 8:4:7114:81a3:aff:2e06:86:0
Case #743: b:ab24:4:6:77f:0:77:4f
Case #744: 69d:b77:1b:5da:1::
Case #745: 3365::72ee:cf:0:1bc:1
Case #746: 0:e:e8f:879c:0:a4e9:7:8a
Case #747: 822::c9:fec:dd1:0:0
Case #748: de:8:935::2934:0:0
Case #749: 0:7:8743:0:c41e:0:b:0
Case #750: ::c:0:32ec:0:0
Case #751: ::db6:492:c
Case #752: 0:7:b6:0:7fc:25:0:6
Case #753: bd:a::14:4bd5:bd
Case #754: 0:ced::e:b:0:43
Case #755: ::8:4:5da:35a
Case #756: ::c791:0:f:0
Case #757: 0:0:0:eb::
Case #758: 75b6:7c00:a:0:625::
Case #759: 83:3e67:f3:30:b580::
Case #760: 1:6:8e48::2aa5:94:8a74
Case #761: a:0:42:b02d:0:6:0:d0
Case #762: 94a:0:e627::41f:c:0
Case #763: 0:d:0:df6f:0:372:2db:1758
Case #764: 0:0:f::39:0:e3d9
Case #765: 0:bd5:4:e1a:97:5af9::
Case #766: ::35be:bd6:0:0
Case #767: 0:0:0:a:6::
Case #768: 0:f:1e7:0:434::10ef
Case #769: ::
Case #770: c6ad:0:98:0:3:dc:10:2c
Case #771: 4633:7a07:96::133:0:0
Case #772: 0:6e:0:db:0:f46:f19b:6352
Case #773: 0:9378:0:c3:0:9:800:9b
Case #774: 6:72:0:c9:9:1:0:f
Case #775: 8::1c1:0:0:0
Case #776: 0:69::f3ab:0:1
Case #777: a00:0:0:d5::
Case #778: 6:bb:16:0:d56:f6ab:73f6:0
Case #779: 0:0:2b::9:455
Case #780: ::503:0:fd4:f495:0
Case #781: ::9:a4:8:0:31:0
Case #782: 4fa::
Case #783: c54:0:0:4813:29::8
Case #784: 0:39b::
Case #785: 9:4da:d0:0:79:0:6:0
Case #786: 65e6:53::288f:49d
Case #787: 83a6:3bff::d7fd:0
Case #788: 0:f5c0:958f:b2:e59c::3c1a
Case #789: ::b:0:94
Case #790: b8:c:e:0:2:6e01:755:3
Case #791: e5::a:e:0:bb
Case #792: 0:89f:1e::
Case #793: 0:0:4ac2::e:6:f2
Case #794: 0:d:8f67:e::85cf
Case #795: 5::100:0
Case #796: 70f:a16a:620b:735:da9:0:67d:5
Case #797: 2fa9::7af:0:0:4cd
Case #798: d:f:e::6:0
Case #799: 0:9::f:b51
Case #800: ::3:6d4:0:de3:e:0
Case #801: 0:0:e8f::
Case #802: 980:a9a::ab77:9:de9
Case #803: 0:d:1:acd8::d1b0:d3be
Case #804: b4:eb:34e:e7:e0f:0:6:24
Case #805: 0:20ea:750:47fd:d:1f02:4:0
Case #806: b:a1a0:0:8c08:0:4::
Case #807: 0:0:c:79e::a5b9:0
Case #808: 0:0:f::4:0:0
Case #809: 0:7:0:7::db:2eb
Case #810: 6:0:73f:78:ea18::
Case #811: 0:1d:8514::7d5:8f5
Case #812: 4::e:588:cd:6:8a56
Case #813: 2195:59e:0:a4:e9f::2
Case #814: 0:b:8b27:0:43eb::46a
Case #815: e6c9::d662:5436:bf0:0
Case #816: ::6:264:0:0
Case #817: 928:0:219:0:4:ef6:5:0
Case #818: 1a09:0:dfe8:fa72:ffd:4795:b10:7c6
Case #819: 0:466b:2::2f:6e0
Case #820: ::60a:0:3e0e:caad:a3:0
Case #821: e:b59::8:2d84:4a
Case #822: ::6:0:9cb2:0
Case #823: fa:3118:4585::46f5:c9:0
Case #824: 0:e::157
Case #825: 0:eb4::7:0
Case #826: 45:ef2:0:ac:b25::9dc
Case #827: 3e5:0:0:25::
Case #828: ::f4fe:0:0:3:95
Case #829: 0:0:7e::e348:0:0
Case #830: 0:0:4::
Case #831: 0:1e:3::9f
Case #832: 0:f389:0:11::e:d62
Case #833: b82f::7c23:bc:0
Case #834: 5:6:360:275b:136e:c9::
Case #835: 0:0:41b6::16e:0
Case #836: 0:5::f077:0:de
Case #837: ::c6b:50:0:5da:34:b6
Case #838: 0:0:0:2428::
Case #839: 0:ad38:9:0:395::
Case #840: ::8:0:0
Case #841: d98::a:ac:793f
Case #842: 6f:0:0:638:3::84b
Case #843: ::6:d:bb5b:0:9dde:c
Case #844: d::c5:c50a:cfc:0:0
Case #845: 45::25fd:0:7:0
Case #846: a36:0:a:6c:6:7ed8:0:c235
Case #847: 6e:0:d40:7:0:a67:4:0
Case #848: 44b:0:8:20::
Case #849: 0:38:65:a:4:0:97:c
Case #850: 0:bd88:0:12::670f:27
Case #851: 0:5b7:8:c8f:260:1::
Case #852: 55fb:7f0:0:69:a:3:0:16
Case #853: 33f6:1:aa:0:d:0:2204:0
Case #854: ::7b25:0:8:0:5f
Case #855: 0:d2b4:1:3d:0:fb7:8:88
Case #856: f69:0:21::f4ed:65
Case #857: da:3f4:99b0:2e3:96:0:d7c:b6
Case #858: 0:fcd:ca6::91f7:0:0
Case #859: 0:ad:0:e41e:c:1:406c:0
Case #860: 9:0:9:946::f86e:0
Case #861: 0:0:1b45:dce::
Case #862: 7:e5e1:0:6a:0:5::
Case #863: 0:4bc:e::1158
Case #864: 0:f:0:90::eb:0
Case #865: 0:5:3:9b:884:0:b40:0
Case #866: 0:4f8:785:0:ae8:0:3f:b241
Case #867: ::2:0:93
Case #868: 0:1d2::537:0
Case #869: d1:8fa2:0:cb9:137:3bc1:0:78
Case #870: ::5f:0:5:0
Case #871: f1:7b6a:28dc:0:1:7:77:0
Case #872: 114:0:6::18bb:0
Case #873: ::6d1:a:0:1be9:0
Case #874: 0:a1e:ed52:1aee:d10:0:e:0
Case #875: 4:0:a12:66::d27:0
Case #876: e2:9:0:5156:6e:0:9efd:0
Case #877: f:9eb3::a6:38:3670
Case #878: 0:0:ca::dd:11:0
Case #879: 741:d6:9:5c9:0:503:0:8
Case #880: ::6256:93:0:e7b:599:4
Case #881: 0:27e:0:d37:678:e22::
Case #882: ::528:63:bbb5:6d
Case #883: 0:a9:0:6ec9:0:40:9:0
Case #884: 96a:87:0:49:d7:c261:30:0
Case #885: 7d92:c01:0:0:c3::
Case #886: 1:9:8::971:5:0
Case #887: 0:0:0:be:10::
Case #888: 704:0:8:0:90::3dc
Case #889: b:7:8ae:0:77:0:be79:0
Case #890: ::5126:a:0:47:f31:9f6
Case #891: 0:0:18:8::22c4:0
Case #892: 94d8:0:d1::1:0:0
Case #893: 0:5bb1:82e7:0:15b7:f9:61d:4
Case #894: 0:0:f:79f0:a0b:ea9::
Case #895: ::6e:0:0:f52:8df5
Case #896: 7:f7:105b::7:0:0
Case #897: 28::b:0:249
Case #898: 352e:d0c6:9:0:f::6
Case #899: b8:0:df:26:2f6:3166:0:fb1f
Case #900: e9:0:60ef:0:4f7a::4
Case #901: 8f:0:24:e:0:6f:b:0
Case #902: ::7d4:0:bf6:0
Case #903: d35c:0:5c:0:5f:d:6:5
Case #904: 0:0:8cda:0:ed8::34
Case #905: 0:5ee::ef0:0:0
Case #906: 6dd::227:2e7:0:92b
Case #907: 10:0:0:e43::30
Case #908: 0:0:abe:1:8:b7a3::
Case #909: 0:0:98:3deb::
Case #910: a:32:c:3:9:0:30:0
Case #911: 4::5f3
Case #912: 187:5d::a:0
Case #913: ::8d67:b273:0
Case #914: a6:0:e6d:7:6097:0:f66:a261
Case #915: 0:1:7d4f::1:0
Case #916: 0:48dd::38:0:0
Case #917: d0::4221:13:a:0:282
Case #918: 0:b5:334f::69:bf21:0
Case #919: 37c:0:4:0:d717:412f:6:bf69
Case #920: 0:1:0:0:4::
Case #921: c:f03:6:c14a::
Case #922: 2:0:66:ffcd:5:0:b3:0
Case #923: 60:0:c341:d::
Case #924: efd3:78:8cb:0:ea10::
Case #925: ::6e53:fe:0:b204:5
Case #926: 0:0:8c::15
Case #927: 0:0:0:25::
Case #928: fc:d8::c6b6:0:0
Case #929: 0:8:0:b0f9:0:63:0:742
Case #930: ::47b:0:cf:b782:6413:0
Case #931: ::5e0f:0:1c7:38:0:b6
Case #932: 0:1:0:1:422::
Case #933: 52ae:7:c1f::8c0d:0:d1
Case #934: 0:66b8::cf1:0:0
Case #935: 0:7022:0:c7d:5:568b:6b:fd4
Case #936: 0:e:0:6::9d8c:8a10
Case #937: ::d9:f11:0:81:fd
Case #938: ::2:0
Case #939: 0:642:54:17:71::7
Case #940: c:6f63:ae49::2d6:a:f82
Case #941: f05f:0:f6::2e59:de1:0
Case #942: 0:b:0:1c:0:e6:0:d86
Case #943: 0:6f:0:c7:0:9aea:c:15d
Case #944: e17:0:6:0:ba8d:8a11:9:0
Case #945: 0:66:4bc0:0:5b::
Case #946: 0:aa:0:6:1:0:b:0
Case #947: ::de4c:710:0:5956:1
Case #948: d9:e3a:0:ae:35::4
Case #949: 0:3:8e:830:9:854::
Case #950: ::8e57:0:5:0:4
Case #951: ::a2a7:bff9:0:0:2
Case #952: ::f:0:494:c14:e4
Case #953: 8376:cd24:1c::
Case #954: ::5d:0:0:2252:0
Case #955: 39:3:71:ad::e49c
Case #956: ::4f4:0:4d3:3a2:55ee
Case #957: ::aba0:a2c2:6f:0:b8:52d
Case #958: 0:0:a62:97:0:51aa::
Case #959: b3e:4a:0:8:0:d67:c1f2:bb34
Case #960: a8a6:839::3e7f:0:ea8:6da3
Case #961: a7::9:0:516:0
Case #962: 4:b:de::7
Case #963: ::a7c8:a3:8:2:a96:6d1e
Case #964: ::f:0:0:21:c1da
Case #965: 6::f700:c13d:7f6e:0
Case #966: ::2c9:0
Case #967: f:39::
Case #968: 2d1:7187:85a::7d:9eaa:9a01
Case #969: 0:0:1c::411
Case #970: b:a0:9c::2:0
Case #971: ::14a3:2856:0:c:e522:0
Case #972: 7f:0:8::609e:d0e:0
Case #973: 0:de1:4a1:0:e5::
Case #974: bffb:0:da0:15c:0:4b:b:9e
Case #975: 6b:0:9::7a8d
Case #976: 0:0:49:0:e1::4
Case #977: ::13:3f04:bed:0:4df:972
Case #978: 8de1:d:0:ad2e::8:0
Case #979: 5167:0:e3e:beda:fe9:cca::
Case #980: d2a4:a7:0:2:0:45::
Case #981: b:0:0:5b:791::
Case #982: 0:0:5::81:4:122
Case #983: cba:73:0:74:0:123:6:0
Case #984: ::d8bb:0:0:78e0
Case #985: 8186:d0f::b:4
Case #986: 19f:0:97f::8:0
Case #987: e9:533c:e1:6b:8::
Case #988: 29:1:0:b:905f:0:b1:4a4
Case #989: ::77:25:0:b30c
Case #990: 6de:b:ff:0:ff::87
Case #991: 7a:bf:f:f:0:a::
Case #992: ea:0:723::9b:c0:0
Case #993: 0:c::5fd:cf:ef2:0
Case #994: ::1281:0:ea:e
Case #995: ::5970:5a:8dc0:afdc:0
Case #996: 1759:f:1cdc:c249::
Case #997: a:c::2:e:b:0
Case #998: 2c:8a:f2c7:f2:ce75::
Case #999: b::bd:0:0
