Case #1: ::d252:0:0
Case #2: a:0:7:1ed::4506:2e57
Case #3: 0:9:0:2c:a7dd:5469:477:0
Case #4: 4:49d:0:8:45b::5
Case #5: ::e57:6e:ae0:b:0:6a2f
Case #6: 0:7e3:d68:f7e2:e3c:f61:0:8c
Case #7: fb:68:a0bb:3::a:5
Case #8: 2280::ac3f:0:d4df:ea4:3263
Case #9: 0:d:0:2:f:e0f:39:dc04
Case #10: 52:9bb:0:ba::232
Case #11: d8d3::dc9f:22e:487:c1
Case #12: 0:62:e5df::9404:0
Case #13: 0:0:9b54:53:6::
Case #14: 0:bce5:cc::3b5:0
Case #15: fb::71:0:4f:3:0
Case #16: c03:0:0:11a::
Case #17: 5fc8:b1::dd:0:8
Case #18: a97b:ea3:8ef:0:f3::b
Case #19: f63:0:c1:cf::e67:0
Case #20: 8:cf:0:70f:0:9715:0:bb
Case #21: 0:6301:e5d:86ac:35:614:e:d
Case #22: adb:0:0:4b8::c70c
Case #23: 1e:2624:0:0:d83f::2e7d
Case #24: 7::6d6c:17:1:0
Case #25: b2ec:0:0:3eea::3b4
Case #26: 82d1:2:b78:0:c:0:123d:a8d7
Case #27: 18:288:0:7e:f01:0:74c1:0
Case #28: 0:2b2e:af:2a1:128:7::
Case #29: 1::b2b1:0:0:0
Case #30: 8bb:89cf:0:598:0:9:3:0
Case #31: 0:eda:0:0:fa0::682
Case #32: ::3:b5:ee3:b:0:2
Case #33: a:760:d7:cd::
Case #34: ab37:0:7a:6:6e21:b67:82:0
Case #35: 0:946:31:96db::57b3:0
Case #36: 0:45:0:85::2f:0
Case #37: 0:6:d31:0:f3::
Case #38: e8:0:82:0:6d:1e:e0e3:0
Case #39: 0:0:128:42::
Case #40: 1::86:b:c8:0
Case #41: ::87fc:70a5:c:f:9cb2:b
Case #42: 4:0:0:a94:ec3::e86
Case #43: 0:b2:5::
Case #44: ::e4f:68:35:ca7:0
Case #45: 1647:dcd:1899::ad6:e:67
Case #46: 95:0:33:0:d926::fc
Case #47: fdc:bf:0:b:5::
Case #48: 0:0:1c61::f0:0:0
Case #49: ::4e:0:0:e33:0
Case #50: 84f:b7:0:eb8:e4::46
Case #51: 0:11fb::7:bd33:0:7
Case #52: ::e:0:0:e6b:0
Case #53: 21:ef::ab7:18:9c30:cf
Case #54: 0:7db:460:4:c7c:0:c5:0
Case #55: ::c94:b20:0:0
Case #56: 60:852:0:78a::cc03:4ee
Case #57: a:0:2d6:0:473:a3f::
Case #58: 2f5b::bf9:d53:0
Case #59: ::78:0:6:0:86
Case #60: ::fa31:b:e5eb:b2:d2aa:3
Case #61: 2dc:c7:b970::2c
Case #62: 1791:0:8:6:e4a:64f:0:488b
Case #63: 0:e:0:765:0:3:b:0
Case #64: 4620:5b4:0:64a::
Case #65: 0:0:0:64cc::ad
Case #66: 0:20:0:1::8
Case #67: d41:0:9cf:10:f:d:0:24
Case #68: 0:d668:46:f91f:0:671c:0:269
Case #69: 0:d:0:a1f6::5b9:0
Case #70: 0:a3::
Case #71: 889b:67d:0:e:d:5b58:242b:3dd
Case #72: 2b:0:b25d:0:c9c:7:3:7
Case #73: 0:1:a:f:cd3f:0:f:0
Case #74: 0:4:95f6:6139:c459::
Case #75: 4b1:d9:0:2230:0:6a:265:2f
Case #76: c8f:e20:0:b52:2411:0:c4de:0
Case #77: 0:13::449:0:0
Case #78: 8a::dbc:5:345:1826
Case #79: 0:c5:6098:0:c:5e3:8d:0
Case #80: ::2:0:da:295:0
Case #81: 0:41f6:74ec:0:6:76:9653:0
Case #82: ::27:6:0:c66a
Case #83: 5:0:0:f::6ce8:bcee
Case #84: aa25:0:ced:8405:9:ce3:5b4:9
Case #85: 3::972:a:404:488:c6
Case #86: 0:2c98::2be:59:0
Case #87: 223:b:d5:4d1:fd37:fa::
Case #88: e51:0:d:c::c5f
Case #89: ::2:0:2f:0:0
Case #90: 66d1:e::4:ef:a9
Case #91: ::5:0:2310:bed:0:7
Case #92: ::9
Case #93: 0:e:0:b99a:0:3f9:e0a:4bd5
Case #94: 6ce7:0:e67:2::d
Case #95: ::ab:86:954:29c4:0:2
Case #96: 54:7c5:7991:8765:37::d
Case #97: e23:4:0:f925:0:a410:e15:d3
Case #98: 0:7:0:3a:0:9:44:b263
Case #99: 0:3:4e:d62::bf:c2b
Case #100: 0:0:b:0:42::
Case #101: 1dd7:0:899:e02:0:b:0:e
Case #102: 96:d0f0:99:2d98:9e1:e99:0:fa5
Case #103: fb:5:c:da32::a362:7aa
Case #104: ::e:4:0
Case #105: e0:d:0:49:70::2
Case #106: 0:0:0:c2::
Case #107: ::25:0:10f:0
Case #108: ::25af:0:afc:d3b2:92ec
Case #109: 93:0:f:0:e0b:8::
Case #110: 0:32b5:0:7d::fdd:0
Case #111: 6a:0:639::f:0:0
Case #112: 0:8cf:e:1e97:b::58a5
Case #113: 0:0:8::f:d46:4d
Case #114: d0:0:0:c9::744
Case #115: 0:1d8:12:0:a1:0:f:0
Case #116: 46da:0:143:0:e:fc50:958:3c3
Case #117: f1:0:0:f46:d::2e
Case #118: 4e3::6:0:0:0
Case #119: ::3366:0:0:d0:1a
Case #120: 0:0:b::876:ded
Case #121: d9:b4::62a:a6eb:90:2f
Case #122: 0:aaad:701:fc6:7863:93:65:0
Case #123: 0:f9:0:e::
Case #124: ::50b:0:d:0:9d33:c3
Case #125: 22:ccc:0:615:0:56e:0:c7
Case #126: ::8:0:1a22:6:0
Case #127: 52ac:bdc3:f2::a0:0
Case #128: 0:ca:316:824::3:0
Case #129: f042::f:0:f:587:58
Case #130: ::c:793:f56e:0
Case #131: 13:0:e593:1:392:0:f805:0
Case #132: e:5fbe:de72::
Case #133: edd:5:28cf:7b8:8acb:0:bcfd:0
Case #134: 0:0:bd3:9f6:0:4::
Case #135: 2::e8dc:0:0
Case #136: b::c
Case #137: 0:3b::5a3:e54:b:0
Case #138: 0:c1::e2:684:eb:3
Case #139: 0:f769:0:642:f8:9d8::
Case #140: 4a0b::a7:4:672:0:0
Case #141: 0:b6:9:dc:c17:1a6:1:81d
Case #142: ::9bd:c847:0:f:7a8
Case #143: 0:6d35:30::
Case #144: 0:0:4::93:0
Case #145: 7bf3:b8:6f0::e5:0
Case #146: ::132:d9:e96:2aa:fda
Case #147: 0:573:7:84:697f:b4:5440:0
Case #148: efc9::ca:0:75:32be:0
Case #149: 0:96:24:338:9a::
Case #150: 0:0:898::
Case #151: ::8756:0:0:67:0
Case #152: 0:e:4a:0:69b6:ca33::
Case #153: 0:0:69d9:7:542::
Case #154: 4d3:0:0:be3::78f
Case #155: a377:25:0:ba:9::
Case #156: d:52:24:3b:c40:21:7d:0
Case #157: 5:0:a67a:0:576d::6
Case #158: 2c7:4::
Case #159: 2:f8ea:6fd7:0:aa:1:0:e28f
Case #160: 0:0:7599::
Case #161: a:0:0:a49e::22:0
Case #162: cbd1:ae3:c90d:ca:0:2d7e::
Case #163: 7:0:ac43:0:d8:0:6:2
Case #164: 9::db8b:7d5:0:0
Case #165: 7179::c8:24:0
Case #166: 7:0:e45:c6f3:dc:5c:0:b
Case #167: c:6e54:5f9:12f:8:4:3:0
Case #168: 19:c:e:a:670::d
Case #169: ::d:0:d195
Case #170: 0:0:133::7ab:515:0
Case #171: ::4c:3e66
Case #172: c:0:0:d0c0::8:6e
Case #173: 0:a27f:0:6c1:4cff:0:260d:1
Case #174: 0:0:7d8:5c:f::b
Case #175: ea0:8bb::75a0:0:0
Case #176: ::a5c3:0:41:c:0:b2f
Case #177: 22:e50a:4f:a8::6af5:44
Case #178: 0:a:0:7:0:a4:2b9:63
Case #179: 8f:0:0:4::dbfc
Case #180: 7:28:a:f:5:0:46:627
Case #181: e6::1:5b99:0
Case #182: ::1:f4:b3ba:0:0
Case #183: c:70:c00:85:38:663::
Case #184: 47e8::3c2a:0:b0:c165
Case #185: 0:5:0:7::
Case #186: 0:200:78:0:c40:29a:0:a6
Case #187: ::c7b:525:c:41f:1d6c:2716
Case #188: 379d:17:0:80a:0:99:d:0
Case #189: 0:d7:e:48:0:eebd::
Case #190: 0:cd:0:c:b2:4:60fd:0
Case #191: 0:0:78ed::5a01:0:0
Case #192: dcc:481:2:aa2:4::
Case #193: 12a::5e
Case #194: ea13:0:3a0b:0:4ac:0:86:0
Case #195: ::3c:f8:0:520:0:8629
Case #196: 10:53:0:4982:a:aab:481:0
Case #197: 0:40:f66:35:909:0:415:c13
Case #198: 65::1914:0:10:0:65
Case #199: 0:e787:55::3c
Case #200: d:4:c:f::ad1:7c
Case #201: fc3:f:2:b57:f5f7:42cb:0:4f
Case #202: a5:78cb:0:b78:0:7f1::
Case #203: 97e0:d::d8f6:0:cfa:d
Case #204: 31:8d:3f73:0:b:0:a:1d
Case #205: 0:503:79:3:a:0:802a:78
Case #206: 9dd:0:1a:ed::2a5:0
Case #207: d:0:5fd0:37ff:6bb::
Case #208: 74f1:0:c:0:96d:c7::
Case #209: 1:1:5fe0::a080:0:0
Case #210: ::c7:9
Case #211: e::57d:0:bad:0:fbe
Case #212: 3:0:3:ca4::dc30:b9
Case #213: 0:e07::8:a416:0:92
Case #214: ce:6:0:7816::80:f
Case #215: ::c:0:fe:c:0:d7
Case #216: ::587b:c8e4:26c:0
Case #217: 0:0:23::351:0
Case #218: 8:c:2:0:b::2
Case #219: 0:c19::218f:44:1d3
Case #220: d8:0:40:3:34ce:3b:0:f
Case #221: 0:dcf::a9:0
Case #222: 0:b681:3d4:a4:2e2:0:a2:0
Case #223: 12:0:0:f:55c::
Case #224: 0:fb:3969:b2f:df:c:b9a:461
Case #225: 75a3:0:33:fc:df:0:3b5:f5b0
Case #226: 20:7d:371::3e1
Case #227: f:ed6:96:c7:5e5:e5c:9e:a5
Case #228: ::7d2e:38:793:3b
Case #229: b03:476d::2:0:0
Case #230: 604e:0:5f:0:1e:3fe:0:d2c
Case #231: ::d:79:fe:0:3:1b
Case #232: 9e9:0:3:0:e::b1f6
Case #233: b::db:1066:78:53:0
Case #234: 33:0:747:0:934d:0:585:e
Case #235: 3::26:9:0:0
Case #236: ::1638:db8:0:570
Case #237: ::7a51:0:2a:0
Case #238: dcc:337e:0:e:0:cd::
Case #239: 0:3c::5186
Case #240: ::5c3:25:a3:758a:d4c
Case #241: ::c12:0:3:0:0
Case #242: 0:3:a17:5:0:8::
Case #243: 3:8f4::d8e:5479:b:0
Case #244: f::816:0:0:0
Case #245: 0:34ea:0:62:6bb::
Case #246: aa6:d1d:ed16:6:0:5b::
Case #247: 0:86:0:92:0:2:d001:3a
Case #248: 0:c::c:19e:0
Case #249: 0:d:0:5:5d::
Case #250: 0:0:0:a:d::
Case #251: 0:8a1f:776f:0:9c4:0:5d2:19a
Case #252: ::5:61
Case #253: d9:0:0:b13:173::
Case #254: c0:3:0:2:0:66::
Case #255: fd3:1c:299:8d3e::18
Case #256: a:61e::3e3
Case #257: d::4ca:3:88:0:0
Case #258: e4:eb:e:660f:ef:eff5:0:bb52
Case #259: 134:0:8:3a3:f9e::6f3c
Case #260: a8:24f:bfd:9f0:be1::
Case #261: c:8b23:0:a3:c:c43:0:7444
Case #262: ::5c:c1:53f:9a:2ed:0
Case #263: 4:b9:2ef8:0:d621:83::
Case #264: 0:64e:f:0:7c0:0:99:0
Case #265: 0:5:0:2c9::24:cde7
Case #266: 0:9:0:9:0:5:7:857
Case #267: 1::1:a6:173:61:8ea7
Case #268: 0:c3:0:d39::18:7
Case #269: 4e::a2a:0:2f2b:a1b
Case #270: fb3:cf1:0:bf55:64:0:b:0
Case #271: 4::25e:9:0:14b:6c
Case #272: 43::2e7:1:c61:43c:72d
Case #273: 0:0:c::7:56
Case #274: 57:ab::2645:27:0:76
Case #275: 0:285d:632:0:e2:3336::
Case #276: e7:58::2683:0:0
Case #277: c4::e4:d:34
Case #278: ::891e:f1a:0:b8
Case #279: ::7e:0:0:39:b61
Case #280: 3b:0:dc:36:f4e:0:d:6
Case #281: ::b5f:7e1:5:0:8b
Case #282: c0c:51a3:0:3ee:cc1:8::
Case #283: 3:e:0:c1be::8:0
Case #284: 6fc::f:0:0:38
Case #285: 0:0:11::
Case #286: a0b:735b:0:1:1d:0:f70c:15
Case #287: 200:3:0:f:34d:492a:61:0
Case #288: b528::9595:0:4d:aadd:c214
Case #289: 0:0:f3::5a4
Case #290: ae85:0:0:3d2:db::ce
Case #291: 29:0:3e11:0:1e8:0:a:9c53
Case #292: ::e5:0:31:16f:0
Case #293: 0:8::d:c:f56:9
Case #294: f4:0:b41f::
Case #295: 0:9:0:741::5:0
Case #296: 71c6:0:c30:c4c1::5:0
Case #297: 3ddf:0:a09f:53:8:a1:0:2a1
Case #298: 1::de35:4c:b3:ff28:b86
Case #299: 0:779:c72:7:0:ef9:0:aca
Case #300: 68:9ba6::a:6
Case #301: e5::e02:5c:7d:ae6:f25a
Case #302: 7571:9::8:0:8e57:6
Case #303: 1::2e35:b:0:119:74c4
Case #304: 0:3bc7::ca2:0
Case #305: 0:2728:0:0:c2::477c
Case #306: 1:129::7:e8:0:0
Case #307: 0:3f39:0:6::4b53:0
Case #308: 134:0:5::443:a:652
Case #309: 9:6:98::4:0:0
Case #310: 0:0:0:2::e9
Case #311: 0:34:f::
Case #312: c93:7db:946b:32:0:49c0:0:dc5
Case #313: 5c9:a:b:f648:e86::7
Case #314: 0:bc:c:be:a58e:0:84:a
Case #315: f2:1:d79:566::c2:4a
Case #316: 0:68f:0:2:3b:60e:0:3
Case #317: 61a:3::8ef:aa:e
Case #318: 18:9:a:9:0:a53:0:8ae
Case #319: 9fed:0:71e7:0:c3:0:231:59
Case #320: a:3cf1:f::
Case #321: 0:0:3b:8c::306
Case #322: 0:0:6a6::52a7:0:efda
Case #323: 8f:279:c363:6749:0:f:0:af7
Case #324: 2:a::f5c:6c:8:96f
Case #325: 5129:290:23cc:514c::cb8d:0
Case #326: ::806:0:34a:55:b6:0
Case #327: 0:5:0:10ea::
Case #328: e:e:5b:fce9:0:b41e::
Case #329: 0:0:ea::320b:0:0
Case #330: 0:4138:31e1:0:69d::
Case #331: 0:0:0:b64::
Case #332: 5c6a::b:e:982:d
Case #333: 0:c98f:0:0:1::
Case #334: ::76ae:b5:4
Case #335: 0:0:0:2::9e7
Case #336: d:592:0:60fa:0:4a:0:90c
Case #337: 0:0:36c:9a5d:bd:2::
Case #338: ::7e4:0:819c:6:b9:197
Case #339: 0:bec:f::d:c716:6
Case #340: d98::c:d
Case #341: d:55:76cc:0:31d:39df::
Case #342: d:0:f:0:1f:0:88:6f
Case #343: d:0:a68:4::3ad4
Case #344: ::dae
Case #345: 0:f:33f:0:bc::6
Case #346: 3:5a:1:cfa:0:9e5::
Case #347: be4::73e8:0:0:0
Case #348: 0:d:0:466:95:3948:409:8a4
Case #349: e0b4::c:6b6:0:0
Case #350: ::cee1:0:d:9189:d:ac1
Case #351: 0:0:1::7
Case #352: ff:0:68ab:0:79:c:0:5e8
Case #353: 0:0:9:af32:0:f9c::
Case #354: 4:8a:1:0:9::
Case #355: 5:0:0:18e:43e::
Case #356: 0:da:321b::2637:0:0
Case #357: ::8be2:0:0:eaf:0
Case #358: ::1:a29:f58:1
Case #359: 0:0:2154::7291:0
Case #360: 101c:0:1280:0:dee4::
Case #361: 0:840::36:abf:0:5c6
Case #362: 70::2:7744:64b:a955:b
Case #363: ::a288:4c:e6cf:9a:43f6
Case #364: 0:4:db5d:9b5:9c2:5da9:0:2b
Case #365: c5d:92:0:1::7
Case #366: 0:0:1eb4:baf6:0:adae::
Case #367: ::917:d:0:0
Case #368: 0:0:0:7::440
Case #369: 0:abbc::4
Case #370: 0:89b:356:0:a38:0:6db7:ed
Case #371: 76:0:a3e:c::
Case #372: 65c::c1:2d:98:0:0
Case #373: ::d:e1:0:ee48:7fbb:0
Case #374: 0:bd1:f0::90:0:ee81
Case #375: 96::97a0:6f3:f499:0
Case #376: 6c:0:4cbf:de5:765::
Case #377: c9b::82c
Case #378: ::9:80:a:0:49c5:f
Case #379: d:4d23::155d:0
Case #380: eb:49::7a2:22:0:70
Case #381: 0:0:0:f::
Case #382: 5:0:e::8:6:0
Case #383: 0:4d:0:538::
Case #384: ::7a62:0:d:6e
Case #385: 0:c7:75:1f70:1db::
Case #386: c26:ddf0:0:79f:0:8:0:e649
Case #387: e3:0:4c96::8:0:8
Case #388: 0:b73:0:5f5f:e0:17c:2d7:0
Case #389: 907a::a:620:d0:0
Case #390: ::7c0:a5:cfcb:b63:aa41:6e
Case #391: 809:0:26f:0:92:0:1:4b
Case #392: 0:6:957:b0b:440:c34a:0:9320
Case #393: 56:a:0:8:2c5:8:0:f9f6
Case #394: e4f:0:b2aa::
Case #395: 1:4da:0:1:b2d3::
Case #396: 0:0:9e::1:f7:0
Case #397: 3:0:8:44e0::1a39:0
Case #398: 30:2:a0f:19b1:2::
Case #399: 0:158c:f::c:f:0
Case #400: 0:1f6::3cff:0
Case #401: ebfe:e:2395::8:f:0
Case #402: 0:b8:931a:0:5c::4d65
Case #403: 5a:0:a6c8:d:35:0:16:f2ce
Case #404: ::d
Case #405: e2::7c3:0:0:45
Case #406: 2e45:3:f3:0:a2:697::
Case #407: e:0:a:61c8:d2::d2
Case #408: 0:69:780::bab
Case #409: 0:0:fbf3:b1f::
Case #410: 0:34f:d:6e:8:c::
Case #411: 0:e6ea:7ef::
Case #412: 0:43b:58:0:7b:0:9fa0:0
Case #413: f2a:3a:25a:1::4db
Case #414: 5::7c6:0:c:0
Case #415: 41e::15:0:0:6e
Case #416: 0:57c:0:8c3:c35:b0:0:7d
Case #417: 83:0:8dc2:0:4:c90f::
Case #418: 0:3:0:c8:fa::4
Case #419: c9e0:0:af7:7::b95:0
Case #420: ::f2:0:7:0:0
Case #421: 7:238a:0:68:6e:114::
Case #422: 10:0:5:0:dc:0:5213:24f
Case #423: 2:0:1:0:d00c:0:f003:0
Case #424: 0:be2:0:44ef:e26:f::
Case #425: 8:6d6:2efe:15::
Case #426: ::22a:6:0:e:4:8a
Case #427: 5e78::9:0:0
Case #428: 0:55c:4fe2:0:e2::
Case #429: cd1:6::9f
Case #430: 0:0:48e:5::c37:0
Case #431: cf1:2::a:6a22:0:7
Case #432: 0:293:0:75a0:5e:e:0:8
Case #433: 5:bc:56d:301::e5f
Case #434: 0:aed:c:b4:47ea:8:b0:ff
Case #435: d2:2ae:ded3:11a:0:8:0:7a07
Case #436: 0:0:0:4b::
Case #437: 0:0:15::
Case #438: 0:3f:a3e:0:9d5:e:f6:a
Case #439: ::852:0:714
Case #440: ad4:1282:9::8:0:0
Case #441: ::e22:0:0:1ea:72
Case #442: 0:a33::10b:a7e:0
Case #443: ::1:de:b23:a:0
Case #444: 0:32::a320:0:0
Case #445: 28:4:ea:b:da8b:4::
Case #446: 0:536a:0:d60:5980:0:9b7:0
Case #447: fa:0:6ca:6d6f:a3b0:0:cd1:69
Case #448: ::7:0:26b:d8
Case #449: ::7c1:0:c9:3:642:0
Case #450: 0:aa::2668:8a2
Case #451: 0:f826::d:0:a
Case #452: ::20:e:a:24
Case #453: f:d:0:0:20aa::6c
Case #454: 0:6:0:ad64:0:9fbc:9b69:54c
Case #455: 5:0:d::6636:7a37:0
Case #456: f0:880:85:0:1da:0:9a2:36c
Case #457: 0:d::46fd:e1d7:0
Case #458: 0:0:0:b6bc::
Case #459: 2ca::3d:0:e9c7:8
Case #460: 0:0:971::57cd:74
Case #461: ::97c:0:0
Case #462: 1:8db:f70f:1:0:1::
Case #463: 0:d:0:b:3c14:0:ab34:2e5e
Case #464: 0:c:3e::6:0:0
Case #465: b8a::c6:0:5b5:cc:0
Case #466: b2d:0:644a::d75:0:7
Case #467: f:0:7:ac:1a6d:0:781:9
Case #468: 0:3c:94:5f:e3:44:35:16
Case #469: ::10:0:0:af95:0
Case #470: 0:f5:f901:8ee9::9aae
Case #471: 8c6:0:4e:b:57e3:f8::
Case #472: acf7:0:1a::1:0:0
Case #473: 0:f3d4:9bb:1f:2:7dd:ba2c:6
Case #474: ac4f:0:427::
Case #475: 0:12::dae
Case #476: a1:0:3:0:2::
Case #477: bf:9e::c8d:155:2666
Case #478: 0:aa41::31:0
Case #479: 0:35:3d:3::f:0
Case #480: 0:0:b::30:0:0
Case #481: 0:0:b97b:2:89::
Case #482: 0:e:ccd:d0:cc:1:4c:f
Case #483: 0:e:0:77:0:af1::
Case #484: 60a::2bc:9d:0
Case #485: ::8:0:2b6:20:5d
Case #486: 0:0:3f46:34:25::
Case #487: 0:aa7::17a0:7:7ad1
Case #488: 634:507::4:3
Case #489: 0:1:0:4a7:d5d:0:e:0
Case #490: 0:c7d:ac0::e
Case #491: 0:0:2:0:a823:b::
Case #492: 15:ab4:38f:9f:73:3b36:0:3a5
Case #493: eb01::bc:9d:559
Case #494: 9a:0:bf:0:b::8
Case #495: 2::6ef:b776:c4:c:0
Case #496: 0:456:9048:2999::258:0
Case #497: ::fc8e:24:ba:6b:0
Case #498: b8::4:0:0
Case #499: dbb:3:0:cc::5:995c
Case #500: 23:0:d89:4eb:67:3549:69ae:c8a
Case #501: 4:94:e8::b812:0:0
Case #502: ::7c:cf2:0:c0:0
Case #503: 858:7:97:45:7:e::
Case #504: 0:0:9e9:70::
Case #505: 7653::8e:0:c:0
Case #506: 0:be:48c4:f7e1:b9:0:d157:f1
Case #507: 0:b74e::60e0:0:8873:a5c
Case #508: 7d:7:5::44:9935
Case #509: ::fe:f69:5b0:0:c5
Case #510: 0:9d8:4c9:9c:a5b:0:dbf:94
Case #511: d9:dbf:8b90:97:0:3:616:0
Case #512: ::b96:0:cf:fcdc:c9:84c4
Case #513: 0:2b:4:0:5:8dee::
Case #514: 0:fa::6f:3b2:ff
Case #515: ::6fe:0:3c
Case #516: 4454:e3cc:0:3a7:f2c:24a6:0:5ab1
Case #517: d:b:0:9ac2:3e0d:0:808:34
Case #518: 9:0:0:424::
Case #519: ::b7:4e7a:a848:0:86
Case #520: ::
Case #521: 1:0:0:a777:75::d
Case #522: 1:0:5::5e7:0:6
Case #523: ::f:7:0:bdb5:5109
Case #524: ::f:0:e94:0:b2d:0
Case #525: b9:0:0:51b3::
Case #526: 1f:a03b:0:0:5::bda
Case #527: 0:0:8::
Case #528: ::b:e65:89f:dd:fe3:0
Case #529: 9:0:8a:8f:0:1::
Case #530: ::1:d6c5:fe:e3d1:0
Case #531: a:45:0:d73:e3::8
Case #532: 90:8:68:63::8
Case #533: a3b3:0:9f6:b37:2:0:b:0
Case #534: ::21:72:dfa:b
Case #535: 69c7:0:321:fa:0:5:c6a:0
Case #536: a872:0:3::d66f:0
Case #537: 4:f0::78:0:f72
Case #538: 9:5c:762:0:43b::8f
Case #539: a:1a::d9d:5e3:0:f62
Case #540: 0:7:a::ebd5:0:6803
Case #541: ab85:e:83e:6f7::f259:0
Case #542: 53:fc6:b0:67::f042:0
Case #543: 0:5:0:5eee::a79:0
Case #544: 0:b12:e8b:0:155::
Case #545: 1b6:0:0:e::35c:3f
Case #546: ::b6:0:f:13:2a:49fc
Case #547: 0:9:3a:81:3f:0:b:e61
Case #548: 0:13f8:b342:0:96:0:6:0
Case #549: 0:9:fc5:d1:0:e:eb8:f709
Case #550: db::b4:0
Case #551: a2:b89d:3cd:0:b3f6:809::
Case #552: ::a2:8:0:0:42d
Case #553: ::c:0
Case #554: 0:6b34:1d52:4884:0:d87::
Case #555: 0:0:0:43::
Case #556: c:69b3:0:a0a:fc80:fd:15:dd4b
Case #557: 8:a79:2c25::aee:0:0
Case #558: c484:42:0:c:5:8ce6:487:0
Case #559: 7a5:1:6bab:26f9:e09:2cd8:a2ee:b
Case #560: 0:0:0:7d5::319b
Case #561: 2c:0:19:0:7b0a:5:0:f99
Case #562: 8:0:949:7:9:0:dc9c:7
Case #563: 4e:0:8de1::f4b1
Case #564: 790:0:b1::b0:0:21cc
Case #565: e27:69cb:c:f1c:2cba:0:7:b
Case #566: 3f:0:26::3:8e:0
Case #567: 0:8::a:b66
Case #568: 1228:b::7:63ab:aa4:4057
Case #569: 0:0:a5:d00::78
Case #570: cf6::88
Case #571: ::318d:3:fe9
Case #572: ::cdc:143:0:0:8d
Case #573: 0:0:5:402:4583:976::
Case #574: 78:bf::9d4:0:0
Case #575: 0:6:d65:5b:41b:6:0:6773
Case #576: 8d3d:f:4::593:0:0
Case #577: 0:a58::a:d6:0
Case #578: da0f:0:56:f45f:0:5e::
Case #579: 58f:0:4:0:1:46:d:cd
Case #580: c:0:6:0:3::a0aa
Case #581: 0:d:ee:4:0:eeca::
Case #582: ::a2d:cd:0:46:a63:0
Case #583: cb39::86df:0:22f2:36:0
Case #584: ::f:0:923:749:7:26
Case #585: 0:168d:e:0:a:f:47:0
Case #586: 0:0:7436:0:2924:6::
Case #587: 65f5:1d7:23ca:0:467:f:16b:0
Case #588: da:0:da3:bc:0:2a1c::
Case #589: 6:0:c0d7:ddb:9:927:4e:0
Case #590: 9:0:f:7:616:af9:2:5a
Case #591: aea8:6:2:5e4:1c4:98::
Case #592: 0:ca:3:6:0:67c:f3:0
Case #593: ::c72:0:0
Case #594: e2b::e4dc:30:3c:0:0
Case #595: 7:d91:0:0:760e::122e
Case #596: 0:0:0:8d01:19::
Case #597: 0:c:22::d:0:7af
Case #598: 0:0:f3::5d:613
Case #599: 0:f6:0:d:4d8c:946:48d6:0
Case #600: 1dd:526::5be:4ac3:0
Case #601: f:e7:2:9bd8:7be:534::
Case #602: 0:0:0:b1:21::
Case #603: 4b:62f:4:15:e:c:330:231b
Case #604: 0:0:deb7:c412:6::
Case #605: 0:0:4037:798::22
Case #606: ::f321:b:50:f5:0:9
Case #607: ::d:0:587:e:0:fdf
Case #608: 0:23a:0:6::2f:0
Case #609: 4:947:4f:e:b1:499:f:3
Case #610: 0:d1f:7c:363d:b866:dbaf:72:0
Case #611: cd6:f71:0:5:9a:0:a:79
Case #612: 7:97:d1ad:c87f:5b:0:6ecd:0
Case #613: 0:89b3::
Case #614: 982c:94:f9::
Case #615: 381:487c::7:9:0:9c19
Case #616: e5b2:a060:10:2::1ef
Case #617: ::c:9:2f:1:0
Case #618: 0:ce:8:986:3e6:2:b:1d5
Case #619: 1:0:ad::8:8ac:6
Case #620: 8a04::bb0:6:0:e:72
Case #621: 80:31:6436:f:7b::c2
Case #622: 0:eefd::cf1
Case #623: 0:0:69c:3253::16
Case #624: 0:c59:735f:a9:e::
Case #625: 3c5:9::dc:7afa:2
Case #626: 0:0:c86:2073::
Case #627: a2b:f:c77a:35f8:5a7::d
Case #628: ::206b
Case #629: 651::b:9:7:a4:0
Case #630: 3f:4d:0:e:0:5c90:fb:0
Case #631: 4::8:94:0:da16:0
Case #632: 0:2d:c:0:83b3::a
Case #633: 9eb4:aa7:d:0:ec44::1ba3
Case #634: 0:205c:ea1:4aa0::a:0
Case #635: f:3:5a0d:0:239::
Case #636: 56:e:4:0:4499:a:0:b
Case #637: 4:f6:144:2c39:1:8:63c9:0
Case #638: df83::b86:0:0:0
Case #639: 0:adc:0:0:c::
Case #640: ::9:ed:0:2:0
Case #641: ::50:0:0:716:0
Case #642: 0:8::728:0
Case #643: 0:0:5e8::1d:763
Case #644: ::2:a6:15
Case #645: 0:0:9::8:32:e
Case #646: ::b:8:0:6510:66aa:6
Case #647: f:29::bd8c:0:99dd:0
Case #648: d:4::2:973
Case #649: ::b:0:0:0
Case #650: 85:753b:0:b0e0:ad7:1151:5f7:0
Case #651: 1f2:ff3a:3f7::6f:64c1:e
Case #652: ::
Case #653: f:ab7:0:a463:11eb:0:753:0
Case #654: 0:0:a940:e7b0::b6:8
Case #655: ::
Case #656: fa6::36b2:0:83
Case #657: ::95:0:6eb:79:ec:6
Case #658: 0:9d:0:0:bd3::
Case #659: a28:0:0:e::7
Case #660: ::9f:6b05:41:0:21e
Case #661: b:3:c:e::2bc4
Case #662: e186:8635::f:0
Case #663: c:0:8::742:761:ae0c
Case #664: a33:d1:4:a:47f6:0:50:9575
Case #665: c1::f9d7:0:0:0
Case #666: 0:0:0:86::93
Case #667: 24:9d3:0:b:a503:aa0f:0:a
Case #668: ::9:0
Case #669: 76:744:70b:4::b14
Case #670: e:25:0:0:88eb::efae
Case #671: 0:5:8910:1f:abc:9b8::
Case #672: b:311:0:30:29:0:cabb:df
Case #673: 76:0:8:39:fb:e3d:c:bed6
Case #674: 0:82c2:0:c99::
Case #675: e:0:0:da::839:e0c6
Case #676: 0:0:0:d::
Case #677: 0:0:97:5e:2::48
Case #678: 0:0:63:2086:0:5f::
Case #679: ::4466:0:cbfb:d5fe:e8e:0
Case #680: 0:d8a:0:834::16:0
Case #681: 8bf:0:4485:d0:0:41b9::
Case #682: 0:7f:7:830:0:b:1d:33
Case #683: 35::6b61:48eb:9:0:0
Case #684: 6257:b5b:3:8f2:c3:0:3b5:536
Case #685: e::80:9:8078:8:ef6c
Case #686: f:0:c8:97:7d5::b2e8
Case #687: 69:95dc:3::14d:0:3950
Case #688: 0:26:7:8:0:4c2:adc:8d0
Case #689: 3200:0:39da::
Case #690: 16::d19:0:7031:0:1c
Case #691: 0:6b:0:d4:daa:0:67b:3
Case #692: 0:6:0:28fe:0:5:b:b
Case #693: dcd6:2f::127:6:0:eb
Case #694: 32:aa4a:0:ea9b::aac:0
Case #695: 2ee5:1df2:0:1:6:369:6:1b7
Case #696: ::eab8:d:95:5404:b34
Case #697: d8:1:45c:f8b7::3
Case #698: 0:0:b39f:6532:a945::
Case #699: 0:83f:d0::5:0:c
Case #700: 4:0:0:83d::1153:7388
Case #701: ::2:4:0:ea3:4c04
Case #702: 0:d:0:9:cab:0:97ca:a3cf
Case #703: 0:88:0:afcc:b:88a::
Case #704: c3f::c04:a:d2b:6:73e
Case #705: f::96ee:0:79f:0:0
Case #706: 5802:4::8395:78:0:43
Case #707: df7:68b::2:0:0
Case #708: 6452:6d::e
Case #709: 0:976:a7:1::
Case #710: b5:0:3d:d::
Case #711: 520:0:0:45::5:7c6a
Case #712: 0:0:0:c::
Case #713: 2903:0:3:7:d9:0:9d5:0
Case #714: ::9ca
Case #715: 0:faec::7:0
Case #716: 65::b:708:0:0
Case #717: 1::8f1:3d07:0:1:0
Case #718: c35:0:8::2:0:d
Case #719: ae:0:1:0:a:5ba1:0:7
Case #720: 0:f990:ec1:4da:888::5a
Case #721: 0:f3::de:52c:0:0
Case #722: a:0:f4::7f64:0:0
Case #723: 0:2877::e:b49:0:0
Case #724: 6d::687:0:7:0
Case #725: f:58:e::2346:6d:0
Case #726: 0:70::bb:7:7a:0
Case #727: 6ea:d3b:1064:9220:682::43
Case #728: 0:c263:83:cad8:a:0:c22:0
Case #729: 0:a:e:7::1a:1cb
Case #730: a76::e9f7:b
Case #731: 19:635:9c1:55:bef5:0:98d:5
Case #732: 26:0:c84:c:39b:1a25::
Case #733: ::5d:9:e
Case #734: 1c:7d1b:a197:7d:bc:e3d2::
Case #735: 7e9c:8:0:da:cd7:7d77:28c6:0
Case #736: 0:a2:721:0:3f34::3
Case #737: 14:42:0:8:6e5:693e:0:9a1
Case #738: 28f:43:0:0:af97::87
Case #739: ::80a1:0:9:0
Case #740: 0:b:8a44:64:dd:a9::
Case #741: 5e1:0:f:e:1ecf::
Case #742: 0:0:9e8:5ca::
Case #743: f4:0:9:af:3::
Case #744: ::89:b:15:0
Case #745: 0:2b:427::56f8:b:4b57
Case #746: 5:8681:0:f:f6f:b:dbc0:1
Case #747: 55:2:b8d2::
Case #748: e::325:0:350:0:0
Case #749: e:d:d98:6::
Case #750: 0:94c::3
Case #751: ::2a:0:b:781:0
Case #752: ::498:d:1874:2b2:0:4b0f
Case #753: ::c65:42db:0:862
Case #754: 2390:0:53f:c11:7:c:94c:0
Case #755: 0:7edd:33::
Case #756: ::23:b76:18db:0:899
Case #757: 26b0:0:12:ad3:774:b::
Case #758: ::f:a849:c7f:0
Case #759: ::3488:0:b1:6d39:86:70c8
Case #760: 0:59e:0:a:44:d0:0:ae
Case #761: ::b:0:5:5:6
Case #762: ::b:c3:0
Case #763: 0:c3:fa:790d::32a:0
Case #764: ::1:7f0:cd:e1:0:486
Case #765: ac6:0:2:b:0:7:0:94
Case #766: c3e:0:e::50f:0
Case #767: a:f8a::c474:b:0
Case #768: 879f:869:0:bce:0:a375:d751:0
Case #769: 0:dd6:0:0:aa::b
Case #770: e140:0:9::fd4:38d
Case #771: c:0:38:0:14b5:39a:a60:49
Case #772: 2:d3:0:b9d:4e:0:7eb:0
Case #773: 9:e7:0:82da:8d:0:5:0
Case #774: 2c:a1f::c:0
Case #775: ::2:7ff:24:0:2e4f:1
Case #776: 5:4:9a9:35:0:e1:8e:0
Case #777: 6d:da0::5
Case #778: b:ef:0:dd9::
Case #779: aece:2e5d:e8:0:bc::
Case #780: 6:54:7e:561a:fa::
Case #781: ::c7f8:a748:421f:f8e:0:7a
Case #782: e1f4:e:0:4e7b:35ad:d::
Case #783: ae::789:62:0:26d8:670
Case #784: 0:da79::4049:2
Case #785: 0:137:a0c::
Case #786: 0:e:95:0:3f:ac86:f1c:0
Case #787: 4:31a:0:e2:a::e8e1
Case #788: 0:0:1ae::2ba6:6e1:0
Case #789: 0:cdbc::1b2:bc43
Case #790: 0:1d:6:0:cc2::
Case #791: 1:3856:0:18b:f7:0:ad27:0
Case #792: 601:a0:0:aad:47:e3:5f5f:0
Case #793: a9e:20af:0:ab3:4a0:ea::
Case #794: 0:473:42a::3:497
Case #795: 0:0:76b2::
Case #796: 0:9:4527::6:d8d:0
Case #797: 17:5:fa92::60b:0:0
Case #798: 4::dc:0:0:0
Case #799: 0:790d:569::2b4:0:0
Case #800: b:4048:0:b::
Case #801: a::
Case #802: 0:58d1::d527
Case #803: 5420:0:792:f11::b
Case #804: 9a5a:3:0:a4c3:6:d41d:0:6
Case #805: 63::89:fe:3:2946:0
Case #806: 0:6780:d39:0:b::
Case #807: 21:9a:0:fee9::5b:0
Case #808: 2d:80e7:53::82:db:0
Case #809: 0:ee:0:32:8:fee::
Case #810: ::3:0:2:0:ee21
Case #811: 0:1:0:f9:a8b:0:6e:770
Case #812: 0:48b3:0:0:d474::47
Case #813: 864::d0:0:b274:81d:0
Case #814: 0:f31::f5
Case #815: 63b::54a3:31ba:17d:0:4689
Case #816: 0:b:0:8:92f:fb0:fe9:0
Case #817: 0:6ce:0:d8a:0:7bfa:309:0
Case #818: 0:0:21:5b29:1::
Case #819: 0:0:9f5:0:36b1::
Case #820: 0:d6:17:b1:f753:82:81:c
Case #821: b828::9:9:0:8ea
Case #822: 0:8813:ee:0:ba3:1:4a:3
Case #823: 0:a::98:566e:0:fc
Case #824: 8de:0:4d:e:0:66fb:21:427
Case #825: 12:f:48:4aaa:63::e4
Case #826: 86e::94a:0
Case #827: 0:c::
Case #828: 4bb:0:78::3b5:1:a9
Case #829: ::d1:0:0:454
Case #830: 81d:5:0:b:0:ab:0:926
Case #831: 47a:2:cc3a:6d::
Case #832: 0:ac:414:50a::8182
Case #833: ::db6:11e3:0:0:8
Case #834: fef2:d40:c::f0:5
Case #835: 4b4:ac6d::41:e5d:0:0
Case #836: 367::5:8be:671:0:79
Case #837: 0:77:0:85:208::
Case #838: ::f4:a0bb:0
Case #839: e7f::6e0:cf7f
Case #840: 0:68f::b54:f39e:a
Case #841: 4e3:0:0:9f::3:0
Case #842: 0:204:0:ff::9
Case #843: 0:284::a1
Case #844: 9f9:d89::a:0:da
Case #845: 0:1b:0:8::e:ed
Case #846: cc:a5e:9::44fa:f29
Case #847: 36e::b:0:38:9:0
Case #848: 0:eaa:111:38e::
Case #849: ::2:8a1:0:7
Case #850: 0:0:565a:0:3:43::
Case #851: 4:0:d::
Case #852: 46::7:0:8da:904
Case #853: ::fe:0:0
Case #854: ::e:0:637:0:b06
Case #855: ::b7:336:81:9f86:b:72
Case #856: fbc:0:ee:dd7::
Case #857: c610:0:69b::d
Case #858: ::6:0:9e3f:c7e1:0
Case #859: 0:7f:0:a9:be32::
Case #860: 7:b81:4:6::a24
Case #861: ::323:e79:3c8f:0:5
Case #862: f:3c:f:0:b:2c2:0:5
Case #863: 7d7a::2:e7:0:8:77
Case #864: 0:a11b:0:b:1128:eb::
Case #865: 0:4f::127:0:0
Case #866: 0:0:0:62::
Case #867: ::c95:0:fe5d:47:0
Case #868: 716:97:2::
Case #869: 0:b:272::7f56:0
Case #870: ::8:0:0:c0:0
Case #871: a36a:6:66e:f:79a:6bc:29af:0
Case #872: a:97:641:366:1::
Case #873: 81d:f4:0:c33e:7a:2:0:c4e5
Case #874: 0:86:0:a612:0:aba::
Case #875: 0:c8b::8cca:25a:0:5a
Case #876: 0:e11::f4d:8972:0:0
Case #877: 2b31:7c:3a:21::39:0
Case #878: c0:8de:4:f:c3f8:0:4e3:0
Case #879: 5b69:da0e::ae4:0
Case #880: 0:95:ba:12b::
Case #881: 0:0:c:37:d0::
Case #882: 0:1fc:2fcd:66:86:0:ef5b:64
Case #883: ::a:0:b
Case #884: 5:0:a0ec:0:c6:a2f:0:35
Case #885: 333:fa:315::
Case #886: 0:0:c::44:d:0
Case #887: b56f:65b7:3:7::
Case #888: 0:0:8::fa89:0:0
Case #889: e584:2::2495:0:b53
Case #890: ::d:0:1a5e
Case #891: 6:8:f::4:0:0
Case #892: 0:0:87:37:99::1e2e
Case #893: f23::9e:2:0:0
Case #894: 0:e6:855:bd4d:fed:b54:0:d
Case #895: 85:0:8940:ea::352a:0
Case #896: ::53f1:d3:b2:0:d:0
Case #897: ::6341:6b95:ed:0:12f:8ce9
Case #898: aca:d:1:a7:e563:f:bd98:0
Case #899: 0:b3:30:0:7:593f::
Case #900: 9f6a::3:787:5f:0:7d
Case #901: ::9b2:0:a48:4b3:0
Case #902: 0:41a6:0:8ea:a5d2::
Case #903: 0:1:bb:2:0:6f1:2d01:0
Case #904: 0:93:dc::7c:0
Case #905: ::a:0:6:4c:8:0
Case #906: f80:8d3a::631:ec1:0:b
Case #907: 0:0:d:9::e6:0
Case #908: 2:dc:b1:8:769:0:4171:73f
Case #909: ::de8:0:0
Case #910: 0:22b8:0:c4c:9422:6a0:0:bd
Case #911: 6f0:4:e::35d7:e9:0
Case #912: 294::aabe:c41:0
Case #913: 63:0:f722::f335:3:0
Case #914: ::fca:c4:7:0:0
Case #915: 0:0:4:30:8f8::
Case #916: 0:ad:ac:788::f
Case #917: 29::4:0:29e:d:b07c
Case #918: 0:76e:c6:1318:a:c:0:9a
Case #919: ::612c:0:f:0:0
Case #920: ab3:0:0:adb::1314:2
Case #921: 6630:325:0:40::43:0
Case #922: ::4e0:0:b:b31:ccac:8816
Case #923: 4f:e7c:0:55a:4:0:d8f:138
Case #924: 0:e:51:f::e:0
Case #925: 0:86:ace4:d5c8:0:9:0:7b4
Case #926: ::a:9:86a7:0:23c:0
Case #927: 710d::57f0:9:0:d:0
Case #928: 0:295e:2:4:0:cd0::
Case #929: 57:9747:ef6:2d4::5:f
Case #930: 7:0:f9aa:0:d72a:0:438:a9b6
Case #931: ::c:ccdb:0:6:2
Case #932: 9b78:0:82::
Case #933: bc:abc6::434c:cd34:0:7
Case #934: ::6f1:0:0
Case #935: b:0:f9:0:8ea4:4:17ea:59fb
Case #936: 83ed:7f01:bec::fc99:43d
Case #937: ::b51:0:dd14:0:99b:0
Case #938: 0:cf:0:c7::4
Case #939: 0:98::2:4:a:9fe
Case #940: 0:a::81:ee3:8551:5
Case #941: 3:7178:c:db59:be:579b:68c:6
Case #942: 9:0:9ff:4e4:0:c:0:477
Case #943: ::
Case #944: 10:0:97:0:b:0:250:0
Case #945: 9ef:1d6:fc:23f:0:fc41:0:6
Case #946: ::b:fa6:2f6:3ec5:0:720
Case #947: 0:3f::9f:e
Case #948: 0:66c:e5b5::8:318:0
Case #949: 91::fd8:72c
Case #950: 0:5460:0:541:0:498::
Case #951: 3:abc:0:c:a6e5::5e4
Case #952: 7:d7:0:14:292:0:ad2:0
Case #953: 1d:0:2f4:47:1bc6::6d12
Case #954: ::880:0:0
Case #955: 7c5:1160::d82b:0:3b:0
Case #956: 0:f:144:0:8b::b98
Case #957: be8:33::6d95:0:e2b
Case #958: 59:5:1da:0:10f:c:0:579
Case #959: 0:8:b:bdcc:0:63f:0:54
Case #960: 0:0:8:0:df8:168::
Case #961: 87::52:c672:0:232:0
Case #962: 33:7a::360:8:b0e:0
Case #963: ::dd:f7b6:2ac:0:f1
Case #964: 0:64:d65:0:d0e6::
Case #965: 7d5:0:5b::bb0d:f27
Case #966: 0:c0ec:cb94::4:7:0
Case #967: f:b7:0:99:ed:7c2::
Case #968: ::94f:b036:fe3
Case #969: 91c2:0:4:0:819::
Case #970: ::c:0:8:4d:5f:0
Case #971: c:2620::ccf:761:0:a4b
Case #972: ::c58:0:4:0:0
Case #973: 0:fa6b:0:a885:0:220:56:7c10
Case #974: 0:fcc:0:6:0:361e::
Case #975: 3:c9c:3e::a062
Case #976: b60b:a2::f2:de8:e9
Case #977: e:0:d2f9::
Case #978: 1a1d::aa1
Case #979: ::44:424:189:1d7b:c:85
Case #980: 5792:8a:e0e2:0:c2:0:4b:0
Case #981: 0:e566::100:ef
Case #982: 0:0:e:0:4::
Case #983: cfe:5cea::325:d2b:0
Case #984: 0:fb:0:0:22::5349
Case #985: 0:2c79:5f:3693::f1:0
Case #986: 0:0:9::f959:0
Case #987: 3db1:c67::78:0:8857
Case #988: 0:71e2:8e:0:a:3ad:d16:0
Case #989: 6:2:f45f:5:b770:d::
Case #990: 0:8::8e6
Case #991: 6:be:9e6::
Case #992: d:9858:27::4:0
Case #993: ::ee4:99:e2:a7c2:4
Case #994: f55:f78:8e::a6:7
Case #995: eb1c::1f45:5:817:0
Case #996: 34:fda:a2:5:6d99:54f:0:7046
Case #997: ::41:f:92:62:0:9
Case #998: 3::5:63:d
