5425571594
5315672168
73359779101
2704628301
205134548
2271696387
2784985907
6090267014
8583726072
8943089131
5623020848
3535635982
6734996508
2297600821
2202075727
2804485733
29113568851
889969021
3335556345
7467395387
7489054489
6893863483
2416367321
9279545161
2404766775
2961920002
3599270397
2319835683
55480549
5210248521
90311792301
9152784108
4706678458
87044821201
2153708288
22013363331
66940293301
2975696199
9301870687
872546439
2710409605
2612234769
95417426
2770151867
5293409348
21540631241
164675398
976672327
98456290601
3000383669
64428811
8729062121
4792945869
2636678083
107770237
8348370651
8738314464
2800788246
20656517841
29638291121
6878825901
7707644249
5192518456
465340411
41526750001
962641298
2761063568
749685769
6397285736
2008095494
2128795099
8314834091
8064806656
2785213148
7061697519
2710315513
9547640389
73659283401
87529721201
2939857469
3301916197
2768218234
6602309916
8080612711
2038932401
3449537615
55083697301
9803948803
387301525
663943749
24037501471
22835197621
4745264896
4759241337
2925903369
7334911236
6476359701
3982999121
2150927789
9187032586
8485424557
2466897431
8267664334
5422176133
2694304005
25546920141
6793665594
828650089
8741345072
5384061492
6395021365
585721855
936967158
5398968578
1810374511
1830648481
5293634533
4424667951
238362959
27135653811
6318344628
461656793
776581914
9230355056
575246886
31479519701
9503152828
2952345273
8116105838
7438362812
47830579
3708723624
25651994101
2650391972
3189373811
6801399141
9258249466
27942214501
32876510501
375645362
794373735
6368774401
7310823256
2212564636
2745331341
796476641
7786629969
2278774749
516645689
5553456215
8722214544
7927213834
22231657601
9709426521
8596785968
559171849
8918469601
5663145711
2915695619
8713265792
2159710696
8420487278
8063466355
788499489
6346251811
511433359
2176615146
7735764858
24413306201
2216406541
278064356
924368219
678976509
2846795372
4037916563
6452423038
913489309
2558162589
24949090971
4685833811
416497587
943690078
6322668916
5557703809
8280480211
46063788601
7796039595
4284934243
148651573
23393485321
115127341
7956667721
6694829927
2845263244
3655845642
762759805
9770592176
2071761669
354495
3022145371
9889144884
6245790934
7018433759
5454159303
27252734131
6430812905
2217359361
2065214741
7928202105
4971342238
2943269525
9040763474
344270387
116492276
25019909621
6584156947
5013986403
955254298
4512058533
21800833201
9415798849
84684293
7803564487
3275587952
7123555139
390047746
9755596895
7136845431
985235847
8850163576
4959699585
2908437557
2408788718
9056499058
701382197
259013197
8164991145
978840189
936408876
4130010861
27427370451
9415108593
6250142717
8517644541
7046968731
4221014486
2635086828
2588587106
27863925911
6035202006
6890710066
8760055202
8592652083
601840609
762831417
7024696606
4413549782
7993141109
5255714001
2007111476
7812487044
2551573977
393819356
2653996198
7764209909
188822929
308221833
3115989831
24331332481
7404968003
5907649608
2949954209
4338105561
2143922566
63675200901
8828765742
2433703859
2061508965
7770493986
9681162151
8671536153
4021853178
8535436014
6456566111
9835491125
9202998804
9034040921
2708871708
25603117331
1765977731
6236271614
22922979621
2847483315
4427918071
2260026775
45675305
3257443541
491339842
3358113367
35211409
