5
0
492
0
94
869
453
146
0
46
0
183
525
242
219
164
6
166
40
0
12325
0
5078
37665
19967
0
9355
970340
0
0
0
11294
1111617
297050
73940
0
32996
40623
5305
3929
163783483
18344901
6313596
15318761923
51197645
19518215
0
505927
252719021
76119362
48619535
7690591
0
132127297
20609657
71179932
25182123
0
2151367673
0
1376643791
81095556
1157891749
42642819
411807
8211777365
0
456436433
11701979809
400838533
290818613
4194178745
0
1924598583
903908442
0
28580757213
844667437
11725836391
2314704558
16962512685
18697021200
21998851324
169379513
0
7371603805
24188889377
156502154427
2010216238
700576946
0
13750297274741313
12337245184477586
18089869063033176
0
0
38857383479753067
0
0
0
