743734054
458660023
647006520
21566684
630473408
341208985
239952615
903138328
425550290
825952276
265087378
26043485
627325823
596685435
183259040
634285618
812639769
883421893
372369201
193200893
565247837
746509141
635599202
774305030
457018039
203401233
356902376
655694017
865582289
169732468
258879926
864100034
531601430
689064741
19686175
150499407
620861905
623416450
19522202
271970209
294471213
652056801
545406014
496257671
693611734
46272006
622923914
531653729
283679245
12797214
674120553
614812381
630101337
89650958
995600909
435561602
240214801
39150106
632664130
676565308
200828652
975146949
811648137
843079276
836474364
793774739
824121313
996274097
430671381
414170989
718107607
264565686
532885439
832907124
409118546
267776898
978218645
336502349
297487210
346430061
640668740
528130106
452448152
282827238
225472720
876164385
899106386
885404453
789226893
961772070
165033149
145918301
320994405
216382891
451783846
620036492
670915708
642041325
477767745
65126815
