668329020
74620056
689382115
784065753
15521034
227189507
322534452
413531925
746936110
975063120
66098832
965431350
310107429
495421018
696483887
826569313
291934546
151311107
394730499
185950612
104169848
239586679
24168474
720097313
794139364
980976348
685587606
702123216
259321869
356259889
824795700
613568162
642658072
831507870
308881021
658996461
301229750
507048579
162024870
220513904
726748877
839811746
496618617
334277184
956395677
470272491
509087004
782974975
180586420
187838061
27382903
1934444
194356816
941982480
465061424
127338032
344568374
942451816
287402949
463720387
749373759
306105885
864366012
15546272
387565032
964673993
330704788
701439356
323056128
832630281
145674933
750669499
123549124
671923541
102812445
399364892
680200103
145461348
573803550
479013749
519729628
598226639
620234741
751280369
704238014
321541502
534838398
548036919
210299871
267631090
775609562
219097284
19307379
849187193
276456422
779590928
753254070
590763705
242973632
15779897
