645523852
795358162
656208215
708436546
183461630
949752002
681997852
227116447
638956444
265751012
398843532
484644034
55320918
251439201
470392603
405800373
260842280
631532809
891364074
777672931
414079710
777360931
59480980
852440660
372023127
201446250
875646077
143190083
251545267
159608873
149181232
675038510
567556446
168200373
583845737
235613646
723105506
308046998
710634185
236436077
836871037
207099352
335197697
290663689
858381008
609111003
188038504
742615445
802019800
13493808
534580648
585231438
80594720
191739255
777962578
687246738
753913523
442636646
996900681
28436313
140806702
511132916
34118000
596202481
439558370
345464267
717088491
527661375
947416078
296396376
165073822
545600174
608955478
29958681
686034522
81898373
770066057
583908128
387876336
366829859
950172107
775057263
915635226
624489393
660962471
970517681
352329087
154307078
921406358
50286599
807830413
238397449
29077640
718113442
553785310
879058922
853657358
548717461
356850986
380327858
