851390683
890570560
27752937
723550091
347054774
240873471
52698311
23726865
323658403
863082029
608644694
103594488
96622649
395339648
417713701
802339954
557866322
298615034
656725896
444600280
610883083
697287789
384326843
30754293
572993937
708830167
207609757
917343399
315228980
147888807
508357505
729207282
306255638
282626591
392779380
96942468
160296989
78281486
973995912
28964619
947513788
816285479
599614654
162291060
580041219
471099356
593943815
557591047
918799442
127465793
721101724
321939078
981310907
952549016
441778664
91538808
212489501
75958508
147798295
639368770
880269222
30673433
530950933
352444983
490942141
785925976
384152808
226761335
568504062
108133262
968785254
903532306
192660225
850890739
117864376
127214821
957767250
933858368
186941292
720431012
129435860
955255582
345642956
537293419
358319946
572169889
491132566
912747471
498731980
813709124
310306044
585090239
391259643
432476940
862303039
225392662
608878003
100285916
208819277
48911343
