404305002
641043892
45512004
529751796
435916133
110671859
723645461
715430385
121479212
837838706
354023657
760228546
28904905
603699381
240112981
717305454
889828591
224177841
392288575
526205158
666435090
374905121
389324612
465886630
744508669
974768069
176954263
954314369
125463953
302733611
750892567
63660371
388882263
675653810
813290166
606958726
519981719
905376202
244700757
56139218
304927733
82584310
652450170
886228979
862205117
819888305
345972310
208135689
307849753
836269397
360670314
385816494
22903379
279017877
774133442
321571310
396253406
166085897
838120293
82960398
704623275
380267468
429930292
610801674
935271777
237912505
681630090
78518802
709870659
913621620
563775525
230226423
474012746
416826392
32195722
168011321
194176259
287645188
485695370
116680179
270199179
764506136
144248139
161216749
892011098
231518411
117794803
658212095
767180359
859026446
563250912
329353931
314614503
136411358
434660105
74292715
844726593
281756011
882261235
486455905
