732158076
924870745
220146470
332097127
630015371
510539759
132071461
11874854
105264114
988671002
279606970
66717868
376292015
56227508
584307141
54790082
433284165
332345586
46590072
886092697
297234454
883131788
263477033
333931900
104798705
797527521
36921549
99940348
856727470
78997580
121009721
852748145
252224201
143142534
387409264
661145455
592348816
54450379
49677231
954000555
665406803
717435684
55150800
3288178
44045935
32960419
253062122
229932329
271236022
378702742
858605943
754064619
33664763
505722608
76705555
90130075
56559533
760104934
733911559
772371728
831156719
468647682
357144067
753849550
330202586
756485963
563305676
639241586
510860751
453498650
820056925
352835961
840305504
598297770
643150565
175931583
744170407
481810212
79595911
927457197
780945498
984571284
396745458
763311159
134892393
214438754
692317002
803355723
691840795
27284609
65342
437860019
935633150
951593895
648236628
994443760
253015097
517732514
761111170
684183803
