501432695
713514482
636756116
659798373
656143306
758476606
276592998
131785052
276046937
406423675
83727645
472559729
646331313
626979118
173981521
493703506
402697878
339476572
689565887
667415756
825973815
676491967
443723026
253746533
241665984
194095010
951453705
629959303
386332737
693095060
145268846
366054523
981136538
450389439
761449742
156724696
235053002
880663426
785230918
53467367
504927134
748897905
929819085
869685049
316788262
765094974
704196313
322911669
72178893
236960511
863406010
614423653
540419871
712474969
627401374
506669249
432674235
569179382
263556469
867307790
320277386
807829719
38880481
184402156
578754436
559964723
760224020
670954907
103522141
502254296
926353580
236333324
730920374
809514377
863766662
841399450
456957049
263518061
136740599
599944099
354063031
910289019
759686374
710613379
667138641
700908020
346883028
988618208
657839997
756736851
573282461
977919956
37993997
678632079
795672727
24737606
7131153
595422475
673142037
762292069
