597327
272700778
463742428
804541836
724911188
250685795
274338698
7959524
360138918
173098171
947884738
958912444
58435466
887763126
335842076
708703274
641851896
69856523
269983098
254191420
542398354
525874389
931647252
738788999
459379010
630380193
731905076
93321313
447459330
257206533
61662806
147064908
849115846
881779201
933086049
175135161
509437110
329107280
706217989
871331354
608655615
169189019
710808657
854412305
660797272
209379860
807682900
847782310
912462576
391904977
952741237
398322908
422995300
48843480
503960281
149526158
927009247
813931917
579121070
197776520
702870546
600241169
387063892
983569616
190992064
398824864
874375200
600721402
789902242
491208806
506358584
306302951
18014085
822665150
717796410
737132080
30991135
158036836
245880090
850040476
499384101
776493228
2307652
464772621
893908671
595047811
824698705
276556560
847946465
577774875
103424632
386828706
629376659
782666347
618648354
347529387
593298120
905190277
115474398
322065899
