659417696
907345328
566575339
372750864
858839087
93841326
778084787
850925140
41001656
930125898
87315053
428647211
253443341
243348854
855211499
353167233
695601497
923157790
261506075
802924923
581363503
197527612
835307594
685354309
759470753
177581885
432658790
578922097
158102355
696507868
856821617
604796397
814011754
717191012
721152391
818198256
826102654
438779609
9244635
367110058
610100982
903463230
825698607
655916282
975816587
154811862
292060560
884548843
874991438
623110481
312462718
908870602
872516975
231303421
66227234
679939983
876611515
686358537
724948124
570384170
519956162
180334306
121186334
781825869
374659775
522064671
965035508
652530383
7951818
215599629
234961194
531252427
600214069
270414039
330561390
304167479
212551608
899104312
879308870
132006887
646946393
724342352
535471769
927887808
177134706
566958824
651379369
512987181
934442498
813282936
18106005
178739436
709103364
619669666
253950745
796387290
331988335
930021359
667968030
752800081
