363644795
841582703
682157119
182886491
662653243
781715788
69162120
716709424
194543695
418975504
237926766
347914092
846108689
588254835
771611785
483896511
513115004
148027505
874556299
844762489
180819040
678569916
875502221
519811850
2693583
498137221
732279403
215550641
603818255
979312784
378797351
585644015
731178838
191118980
32479461
32618399
252760842
551214999
827801123
266415651
920637169
623171478
778609827
349574497
923450520
248502792
334089510
510583151
423512443
464817558
523768759
446386638
553485421
346417240
447514136
71159311
691130717
236168381
584892758
399415683
346334097
575148604
772446906
867506892
940233912
114634225
832938081
944837205
897909803
351048984
391986274
359885848
20231172
910002432
316564130
266856746
782837881
559185259
626739056
396286559
408538694
364808066
350182007
311360047
150920954
543429254
626157507
187628694
371916398
665893274
403185386
861802347
801945449
593752932
803691064
809572524
817246399
804941455
642952123
177352693
