30142044
397244083
882142347
707645742
83275738
827422255
638795255
912904352
654885683
751358526
680234132
472326323
565904296
941544525
859538031
698614296
307251214
470244027
894457473
528026457
9227863
718877093
856315063
994490234
669258901
74736273
966982892
225249607
729579055
327890891
717583504
440347326
266407787
22274731
118520347
857964892
979350868
250960041
103875890
491850928
615689827
97924300
455386096
692180532
67756352
656498159
524389783
346746568
603105560
790484993
332100215
979055108
481016952
229305826
556054042
826989882
429580139
166443208
151567367
786408436
5717757
697930543
97494090
894908881
608724088
394049134
34998457
926140794
992931631
811755844
990137692
244227495
936100421
52642957
823109467
297488147
531961895
179065725
36039559
599465418
604607573
447023282
793106351
593203438
37688573
384131272
538263452
532904239
316034457
721543008
202155356
262402863
212982880
431794168
318929313
257766607
24922852
322275527
175648467
678077499
