799971656
146623200
848085641
205882000
512259550
378581592
265534995
260316461
200340118
473778033
500763508
444469769
885650770
817597363
215037389
413111809
567545048
615477404
216254110
642287275
929089665
244098944
112522007
952918902
481767837
471506298
553412851
819386460
347151227
927644742
905296425
632853128
902946870
391314610
680910416
313182149
621632783
814466958
863530685
288411312
752254785
830533515
412155982
36672455
443973763
267888147
771921514
991757748
231900379
459573159
324583239
680942522
251332570
438124801
480413392
522544905
734981645
228054663
216614838
314912908
760366530
819576753
899944151
366996746
777994002
951460673
471505402
966111249
277982577
492734044
758305251
343138957
730516471
849296097
124158978
175133777
341511883
969411387
856627397
647810786
914976613
258745239
650702423
346429390
420131760
725923424
684377341
583043313
552623220
836785985
858783915
963148730
524887373
676721957
786023131
388155863
428916993
38384463
638270240
704681922
