948558053
516812293
729519150
847304869
875554383
168812940
829200970
697168434
667748078
66944384
987432831
4460410
336652808
166016951
234393407
663903979
118884801
733804414
660777326
652420600
836845225
331422597
836845943
748483628
316002354
478133831
687421604
607861873
722497434
164297688
16540844
831157562
270108297
376275944
143982706
457170094
272296819
189666130
31737375
917207306
523690439
877144982
988199339
632405593
31960857
956552070
364220244
614015320
11646017
472486447
807212829
657685206
243818389
787552265
55468810
850288475
208901564
731222916
6677628
405238946
561324419
287613799
552882980
45959914
866837911
587960175
428117582
901474844
681901579
750031059
171781427
5614723
336450685
482116736
800289543
68421414
627151844
997222091
131876785
350638488
521198387
22578038
339903134
277873629
988183566
406026602
114383277
917468998
527661617
435105916
145208046
910439698
696950874
626536149
342119726
353383810
570142760
707541932
553871779
395150602
