381547887
277535118
979024613
134324335
14735370
479934089
582658562
653498721
256890941
95041091
172605776
176112447
503668744
15979592
805236027
63848033
519546363
458680707
529620464
463992240
607868890
344033643
740370278
567002934
481911978
667136296
244686901
185580212
798560280
389516631
150999902
672979818
552451755
110168160
74993265
377681140
389073193
447428095
100591544
416168617
377393455
328204851
70090804
770895802
987855944
39772708
912625564
39015329
483464870
925166127
785950233
19091079
918172492
146238149
734983338
148201593
676158341
252382002
945806350
45024974
258791118
316282191
2373676
732252593
924340
628769479
613375894
156378277
737849516
935871768
843804310
199225616
108199185
656571971
207363021
476549202
219694557
291001037
188235226
678693071
952540217
613447711
584681458
915017130
568031584
275069359
736911522
653657407
306323644
238367230
744994764
672997019
115969997
526113698
585979627
664229122
673976864
769025175
673647992
900013435
