324947434
763324687
329370924
963082715
661567185
96462590
157175558
242619487
533240470
95465779
226122201
326498608
558811660
348471333
831091298
632547159
844304839
330744842
927783622
908783050
287411166
917396859
452335430
214204023
864266597
168609872
319496041
949434141
624102180
200849275
509220541
971952601
304677733
379795822
407243834
755024503
967849319
348750978
149268737
922105962
630742729
657826222
200291535
854452387
656404779
172522573
204489087
556672880
625997020
943364032
722823586
792980070
317691083
695052266
587501977
593544701
47012983
13115160
281868077
934970783
179732044
765690819
887921826
549500042
367284906
695986576
763391906
653353002
821551230
227873418
938133397
327518193
459981539
627954694
669113557
870901915
85305481
411873765
468388674
43584841
539903684
926189007
684858293
421474803
828352935
268262463
326759980
82351971
402389890
723030572
803779401
358983214
991177863
449831341
495669198
655561275
397125996
517459622
425160766
448991613
