149231739
950428069
110108628
674344911
194926953
859261339
37019927
720980320
879933189
198731213
734077410
877314423
395671783
560949044
799870229
8532771
345744543
401895539
342357831
262408087
186716771
480344830
475586365
270022131
525214587
108755575
394034762
401555178
325206181
825426750
12502990
559310667
597283172
432373369
667133288
54645319
179576015
568383247
540607406
213847788
919581813
67799530
685898065
871912757
23531529
12848778
384539203
236978321
639019573
478331392
890696682
221045126
425883046
784396428
822934644
507050336
651511714
606621556
25294927
694991778
703786132
387902275
911197955
474906540
771706258
477665621
683634943
989364053
787701020
261041557
28353468
949441460
633368853
908102405
12236836
659285219
952909186
789092392
467207004
896741070
932265813
83953311
893038119
812667660
200576963
153638394
989814336
502238993
796955633
500067749
107167782
518189015
987790733
683006089
542930352
852526805
736396461
970112053
83152105
848476850
