449113255
355398116
816636731
223924255
259017009
640068777
907718645
924838970
880883902
208282006
240555869
44469279
598636499
986797645
189077907
963846899
27091675
750090719
204622154
798272040
407994089
957783137
362282357
376545683
922756573
231456137
104693569
674474728
241286879
940831538
399074535
127851680
963611336
356944755
150302042
808441242
678712074
811570133
500087237
625857730
408930935
966682068
425006240
381787515
387513522
730626819
642939133
165562053
497493952
529453300
452016470
632169410
922237448
276354256
587305448
341787933
793908313
666686919
49334537
283181414
912316899
983503842
128550533
276577265
645862144
48106714
51269112
432998501
798792404
760824271
962000768
116934286
813066851
146848140
949541054
118672025
803527673
889683617
251504793
712360671
426187170
215751695
179933492
230961646
411023980
834592251
743837864
285862552
668752212
343976745
668258761
883171227
529090975
220360659
728811750
655560563
463649978
995515790
959532624
968870815
