568327081
767153056
765691235
336890597
335395205
754923825
193072722
162997155
424822538
441832491
955109821
408301243
74033965
862440413
582190412
472172265
287123101
458718955
774046409
863698648
930086307
886495245
644151439
238055196
831412165
522148
685327450
890623519
155552108
50050197
727046786
814090401
957786160
950185749
560527071
83434442
152047440
282194509
910106987
118100914
960131078
631139232
255005645
248394853
247282705
94575272
821101914
180090674
231092251
287184283
743645943
812936045
11579894
89980601
5474063
597886197
964593011
149292727
565361752
467745855
156028326
499954573
309432825
423603730
980650372
161593924
588730788
622402297
192101887
695109388
672629942
380888332
612787388
53063651
893915176
638516415
284428521
727425907
493310989
179653817
887670017
304996064
685731820
398321550
953816056
597847617
776940493
829672622
863141780
742484771
827323471
737470525
908430116
694781009
385909548
599724574
114641457
115932622
116242914
240125542
