125044910
621614341
717508195
802471659
207159177
381651755
939767318
866321636
138990297
907500510
505950356
281467083
946081714
822859615
225350571
412999102
573755616
481751487
697167626
435281229
122846906
921801517
660001674
503472677
9202238
346082224
954120026
837159265
453932348
548184901
336781506
359241969
293114627
748980921
921173892
609795872
929248991
181157156
174282872
182158602
926407000
85916165
267170111
353576831
78049409
722514045
984923803
352181465
165474969
132608302
615357656
830159518
357941433
493473958
441651633
78769073
705469775
250977845
524924302
225107094
120796685
83262275
887451089
547208682
991587651
479167274
804431357
731762770
43937600
61241977
315287422
213946001
77203104
236635660
630907506
317593111
656827928
638532809
319613623
696183083
127240737
94577313
864657600
264255764
664025596
17546824
911685127
849260643
580086964
861125747
916747313
80044892
458664300
218257309
851235407
478618889
144719741
518381017
131566672
691322126
