4929051
1035057
8152006
13518834
40165715
181690
5418106
34553
4674963
7855620
12513952
38885551
6584077
175678
9573731
5957459
11313649
1153370
35328663
26461111
10196283
3408064
259743
8852690
6071808
20954967
1679464
564738
1904693
46761910
4478427
30566810
9196759
1013570
1063970
44762516
10893865
1369122
8143810
7608210
33298983
16627879
7572947
47276008
317427
49439511
11721370
18725917
35244546
2459325
44337905
39656647
3644456
7049167
32246820
41084889
3202564
7717716
2784309
8635245
988053
229021
5335970
17462695
15678789
46462657
28469493
22996118
6019636
1334557
3162103
35750056
6099841
33430070
39434014
24751084
201491
14001518
1659534
6201278
6996586
1783799
33299300
34942931
26870041
33239
996676
15477802
6587653
182310
36463895
6602119
31021695
24094039
31124352
24121854
24342
38947201
30355852
19342820
22476896
435919
26877435
24268074
990909
44630204
936869
3452631
43019874
45503570
48913856
14011942
849938
232405
10776
750047
233060
7729281
40849773
7737269
62548
2725618
25983244
1097840
8091479
17867028
6050921
1945825
12568896
23713956
45914690
40931287
9447410
1977510
6718729
8823261
28870664
712552
20134293
41067013
6907180
1608919
29751246
44526488
4568595
1914509
16044933
28041022
4604937
2181538
9723142
21253703
4060588
140869
12831068
2068179
2971376
29015368
34260954
14401138
11006405
12754984
37608601
44932990
44696455
49478928
26914219
8494574
17998583
3769650
31440755
30629302
11813753
19875096
48627429
2304375
21208052
10119574
15096395
236488
46868521
25839105
26731206
8107773
24856572
4720887
950498
40768294
49718212
751234
39159280
46251074
1635891
1174796
4869648
56994
18940745
17010612
13073
8856919
30636949
18971365
13774765
23702
1543
