3876764
5704797
2365642
2588953
2499859
3439530
998112
684246
6926318
3766974
3354244
3640082
717346
11494968
3548295
8831998
891787
6461479
2289309
3609749
5710518
2083855
4745550
1067928
9580730
8675636
8931598
2418893
8407063
11780306
11195825
7290417
2591222
5163295
4900031
1954115
3738748
1069837
10453895
2905873
2017043
12276534
3313885
8672637
592411
4717058
6507899
4681205
955007
6286942
7871746
1799033
4834506
12324324
9234220
2191883
9268654
591337
5599198
12270619
8654885
3807428
2966804
1725155
6276163
6783913
4258427
10046322
12203744
4080750
3737246
2948762
577025
4183270
8439870
541196
793173
989116
7104570
3924204
2185786
693471
6119748
1788884
3239789
7276884
3614028
634504
681873
2833391
4291009
689396
3038715
1390897
7490376
8059988
2558501
6472168
635385
6362512
11226646
2982902
9130953
9699811
7848514
5640888
1156420
7746578
3735545
4425413
10125782
8842701
8836506
1721128
9307465
6759343
4438790
2973141
10495070
4760163
8845375
2952281
4843831
5340427
11694136
1100316
10208471
3511104
6088346
4475410
11067314
4862126
6542557
1957794
5030092
5180957
4669088
11582309
11855736
12338040
2015031
888111
4309467
1458675
969788
1615474
9899026
3245811
5684848
5690272
3322393
9175021
7713776
3508238
1410371
3012957
1751835
1334163
11824237
6509912
9569697
1216334
646395
2717521
5160080
7029535
2117870
717337
5534137
4594959
11502417
5140827
8538420
2414509
2804884
6987829
7222013
2940112
2584055
1913054
10952703
8028717
12049400
6108045
1155961
3799142
4478292
9428648
11939102
12283456
9043026
4367441
4695586
3214388
8325023
3409972
3025395
5224494
4732430
620347
6356393
1550145
8176633
9007895
9655823
901853
4978103
10285150
4319930
1186570
1267100
3391714
2102980
7100124
6034051
1913343
7395304
8232756
514552
7974969
2390401
6777634
1106325
7975824
4290987
3274117
8866635
10901847
6475844
10190464
2125626
10382263
9124341
5826945
1788870
11634674
2007013
1588649
8367468
1085603
1030334
2930521
11931897
2801427
2674932
12377809
1131489
8706462
1250578
10560809
6909910
3181507
8102124
9307415
12026799
3777129
11532012
3626620
2308746
3991733
7161221
10037450
10368378
1981681
837442
1473154
10736192
1645144
5664347
5637469
858652
665281
632250
8349766
6586637
1408665
8498552
7816471
6907224
1610795
7044379
10964789
2806432
1831301
1557271
7464129
9005167
776880
4436583
655898
725409
840769
4750917
3110844
3076450
2476875
2049864
5779424
3555112
894441
10911479
6402876
3817244
536114
2929415
3521951
9700984
11690144
5520503
10864382
7453099
7060547
2841190
11902261
5156864
1261672
6528678
1045995
1916784
5487270
586314
10095777
680303
5634194
10852306
1226961
1528626
8861222
2886982
786868
2272693
6969511
