12
32
59
18
12
15
15
32
46
50
8
42
72
76
195
5
4
8
8
266
12
4900
44
10
3
128
12
15
16
7
238
5
6
19
12
11
44
7
198
15
4
96
60
8
20
5329
28
7
14
16
9
45
700
4
297
19
21
42
2
10
25
12
12
77
3
7
6
10
28
4900
8
9
38
12
9
30
68
6
14
80
15
51
6400
6400
24
84
5
8
18
9
5
7
18
12
3
6
44
50
32
28
14
15
8
90
35
22
10
6
12
26
231
6
91
9
114
6
36
4
396
315
21
8
15
52
8
12
144
60
12
26
7
28
42
32
84
99
28
70
54
62
20
57
87
322
12
10
54
64
36
9
10
6
62
255
1541
30
10
24
100
180
10
14
36
9
8
528
54
40
5
30
42
5
112
13
3
174
64
16
4
20
20
20
13
10
16
10
20
512
14
54
14
9
6241
10
18
144
14
10
684
8
12
24
3
10
10
22
15
7
26
33
8
2
36
435
36
12
6
14
62
108
36
25
9
45
15
10
276
48
4
24
12
5184
294
7
10
6
12
20
30
27
8
51
144
36
6084
8
18
3
30
48
4
16
56
45
9
12
30
7
54
28
8
10
252
252
10
39
456
2457
9
10
36
15
3
208
16
3
14
234
5
162
12
78
5625
30
15
18
432
3
1044
66
12
40
12
78
12
4
6241
16
4
80
14
5
7
152
145
40
46
40
24
11
130
21
40
48
96
22
33
7
120
18
48
8
12
20
111
6
22
21
40
4
144
45
8
27
4
21
6
14
9
126
48
6
70
24
240
10
140
20
9
10
10
66
6
55
72
4
8
10
6
19
24
6241
22
2
9
22
40
11
10
7
6
26
8
20
18
4
7
5476
96
57
16
5
7
128
30
11
63
4
265
5
12
10
4
12
705
22
19
22
468
6
12
182
28
34
30
15
84
5
28
30
4
18
40
96
35
1058
15
11
5
79
14
21
12
8
4
12
70
3
6
96
112
8
36
30
130
145
24
5
75
15
432
56
10
42
56
161
72
50
28
4
16
140
42
36
5
50
14
160
13
8
30
50
40
49
7
12
10
5
8
10
36
238
3
126
20
6
12
3
7
1224
21
32
40
27
3
14
9
56
8
72
18
5
18
14
10
57
18
12
60
44
6
33
90
10
42
56
18
21
100
6
16
35
18
145
28
165
50
8
16
8
27
9
112
528
30
72
6
7
60
66
12
36
7
4
28
6
10
36
87
5776
18
49
33
30
22
15
2
159
6
120
8
21
6
33
416
8
78
17
451
7
276
8
6
10
150
4
624
21
308
492
6
20
18
36
66
8
10
33
10
21
270
8
10
7
6
72
78
15
8
6
2
4
1
1
