5
10
3
21
6
72
6
21
48
20
3
24
5
361
7
48
40
6
30
12
28
392
78
6
8
4
4
30
8
32
14
1369
28
10
10
4
8
1369
10
9
24
9
150
3
6
7
21
182
36
22
32
5
12
2025
12
11
6
30
12
126
25
5
42
10
16
8
3
3
15
1849
24
5
4
4
5
13
25
6
4
14
50
60
8
3
4
40
2
105
6
5
56
4
26
5
35
50
2304
30
10
6
15
27
99
66
15
25
6
16
20
4
10
22
60
6
132
4
60
8
15
28
48
14
28
5
27
6
5
16
18
4
36
9
70
27
20
84
10
8
6
9
216
5
6
15
14
9
25
6
90
4
58
12
3
20
432
12
24
86
11
7
8
11
42
16
7
15
12
42
132
18
18
256
8
18
8
25
32
4
9
12
5
128
18
28
108
26
11
12
4
7
104
7
3
10
1156
12
12
230
8
4
21
4
16
3
8
48
8
2
12
15
45
5
24
20
9
360
20
3
4
15
6
60
2
25
8
11
32
16
36
169
24
33
5
4
7
20
48
21
30
8
70
18
6
33
8
10
40
4
8
10
90
3
117
12
14
30
216
28
12
44
8
1600
7
7
9
12
4
25
32
51
56
24
35
10
27
3
5
10
3
10
9
18
12
72
96
8
8
12
40
529
6
10
6
1681
7
1369
60
6
72
217
55
17
19
8
5
1089
36
4
14
5
4
49
16
56
56
32
4
3
31
11
42
6
16
33
165
5
3
6
50
36
7
5
5
84
20
8
132
18
11
75
40
6
45
15
4
5
240
7
45
9
8
12
12
36
18
8
5
9
8
15
484
36
6
2116
14
5
6
3
90
4
6
12
6
4
12
17
18
5
12
63
676
25
4
6
3
3
4
2209
108
224
361
10
2
52
15
12
80
15
9
8
441
30
12
36
10
104
27
8
8
30
6
8
21
35
11
4
18
7
121
30
28
8
96
12
12
7
44
95
6
8
4
56
4
14
7
80
9
35
3
10
33
150
12
77
36
2
20
21
1369
22
140
5
36
6
40
6
84
10
4
14
8
64
104
6
9
4
84
12
5
8
16
13
4
21
1296
16
121
32
4
9
4
7
15
12
57
16
50
24
9
3
2
1024
8
11
14
4
784
2209
13
252
21
50
5
144
17
12
3
784
10
10
56
39
8
9
26
28
3
5
7
132
60
36
10
104
5
57
8
150
24
36
6
3
2
32
3
4
36
16
4
17
15
7
5
16
12
4
22
16
13
16
60
8
16
40
324
12
12
36
10
17
50
91
30
98
19
15
21
18
3
20
28
28
28
20
39
2
15
10
6
39
32
5
8
20
10
5
10
5
13
40
7
20
25
12
8
66
4
60
10
121
16
18
40
27
20
10
20
20
10
21
25
20
2304
36
78
14
15
11
2
64
4
10
8
24
4
15
6
105
80
2
28
48
4
12
24
40
24
17
4
14
48
3
35
12
6
4
14
21
21
12
13
8
33
99
36
10
8
54
15
24
18
42
55
6
9
16
10
18
6
121
105
45
11
3
18
14
9
25
18
6
45
1849
25
3
4
238
6
10
125
24
9
90
72
91
12
9
3
160
9
8
8
12
25
396
52
5
5
198
11
12
5
19
11
729
162
22
11
10
6
4
8
50
784
100
8
6
36
12
19
3
18
6
4
361
48
6
16
24
36
156
16
42
12
39
50
4
72
5
2
1089
4
7
4
108
12
4
14
24
108
36
12
10
6
11
66
6
20
14
7
120
11
10
72
1444
124
16
90
35
10
6
2401
7
12
20
20
20
10
14
273
6
7
7
46
8
60
7
10
16
20
15
2
49
10
6
8
16
17
1444
11
12
52
4
8
4
5
18
49
27
20
2
4
2
6
15
55
9
22
54
16
65
36
4
50
51
33
8
7
6
6
7
92
12
7
4
28
40
4
24
6
210
12
22
6
10
24
12
16
56
30
7
12
60
75
72
3
23
34
36
6
4
5
24
3
7
16
12
24
14
40
4
8
4
6
6
10
20
4
12
12
36
12
961
168
21
256
9
29
96
11
18
3
8
6
20
14
17
32
99
4
14
6
15
80
8
5
13
5
6
10
60
7
7
10
14
6
30
36
2
144
12
12
14
7
4
56
45
4
8
12
308
20
5
12
14
3
78
9
32
8
9
20
182
3
18
56
6
15
6
28
48
3
180
1024
2
10
1089
7
6
3
25
7
44
10
38
30
34
18
3
15
32
128
4
4
9
192
12
4
18
12
7
11
12
30
3
14
21
1024
25
4
21
