12
3844
6561
774
1296
96
3844
2704
729
2200
529
1080
75
3844
1849
12
1386
15
841
900
1600
3600
24
3136
676
9216
63
7744
1428
3844
3087
306
5184
4266
2268
7921
961
7790
8836
2116
45
1225
441
54
2736
5476
8836
1156
1369
5328
3180
66
1089
28
6992
5418
4320
1225
5184
30
4624
7396
4
715
60
450
676
1890
7569
1677
180
50
2478
156
2499
44
27
7644
42
814
1849
1806
8
3136
1764
1360
7396
10
3626
1599
4950
961
2116
3249
2920
400
2704
7138
1521
1369
14
4761
1936
1728
8700
840
2601
9216
8
841
4489
6889
30
6889
9604
11
625
1225
1764
3025
1681
3584
961
1444
4774
924
4648
2135
2025
1820
3808
3168
7104
3180
209
3600
1122
1156
4466
1849
812
450
1600
3600
8836
8464
4761
4424
320
1224
441
2970
1024
30
2304
400
5776
729
31
128
184
48
4896
7055
5476
5467
4900
46
8460
676
45
1008
4489
3477
5184
728
1225
2666
2184
192
2704
1849
5852
7056
4
119
576
1600
5049
1369
1444
5624
961
304
3844
1849
3249
80
2304
2401
36
612
2346
532
6561
441
400
3600
1764
7056
8460
400
216
676
441
576
1505
28
18
3249
3538
8740
7452
4900
3600
3116
576
368
1369
6561
231
6724
576
462
799
841
625
9604
4096
2809
42
6400
3
110
3600
7569
1972
9025
5476
8
2747
1564
1938
961
1156
3844
162
400
3355
784
1936
4356
638
1080
6888
32
1444
2401
1972
1767
576
1024
2850
60
816
1295
924
4489
4524
4096
4356
8700
6450
7921
4368
1296
195
780
4324
44
1156
377
133
1681
1936
224
2809
5476
544
4225
7056
48
2809
44
672
7396
3249
42
72
441
4640
2964
816
5874
294
4761
4096
2601
900
1462
8188
2116
1296
350
8188
2209
7056
4756
9409
1089
6831
16
2544
1444
4489
1887
14
576
1024
56
900
2046
3844
400
3364
2401
9025
5041
1764
3600
4575
441
44
1521
529
1218
1681
13
3721
8100
1380
3364
2625
1365
3025
4
1750
54
1681
12
14
3600
1444
4761
2842
495
2907
5776
2916
6290
676
1105
1147
1692
441
56
810
2144
640
2116
10
2704
5929
3481
5590
1764
110
1156
2116
792
6
7560
484
3465
961
3328
841
1521
350
336
108
2982
5
625
7743
1024
3600
561
91
1369
57
200
1225
7584
3600
784
3
483
1296
5625
5100
840
4526
8281
5400
1849
4692
4416
9216
4674
3750
441
161
4489
840
18
50
3721
5925
6241
1258
841
1156
5776
8100
9504
1150
132
1764
1444
200
961
625
2916
9604
572
1540
69
396
1850
21
841
7921
5625
5040
2704
1624
4620
5
2294
3364
308
4225
3
729
6724
9025
2116
280
576
625
3481
5850
784
441
7225
2401
900
4624
768
1716
3024
148
576
441
1428
400
5041
729
54
7254
3102
30
1610
1296
2401
2304
4422
900
7482
5041
264
3900
5256
2601
1444
7569
1276
7921
800
3969
4740
697
1376
144
377
1444
3364
1608
115
5175
1936
2916
7225
1681
9310
7744
2968
3136
1024
1764
403
3025
1225
2809
3249
936
2025
2209
1323
504
7225
2025
468
676
625
2500
6084
832
9
3481
484
4599
8178
529
400
1480
6
3481
7742
1600
4150
4620
784
4424
5832
595
348
5369
3025
1681
3150
220
4489
9025
567
8464
3844
841
1156
1024
4489
9604
3721
6241
2116
3481
6
4900
385
5025
4012
4489
1444
1521
2360
9025
72
1296
7
2600
8100
2401
5776
625
36
36
4225
1200
484
3249
760
7644
729
1936
24
33
484
19
7832
3190
720
484
6400
1225
7056
1024
8448
49
4356
5893
1225
460
1936
10000
4900
400
4864
2601
400
3721
5963
5934
255
529
1925
2028
1444
138
238
2128
6400
1089
1872
3600
40
5800
14
1296
3600
5780
6120
600
7056
5776
8649
625
320
2856
90
441
5609
4680
2809
1521
6724
16
7056
33
5916
4489
4096
484
90
8091
6724
1521
84
14
676
1936
1512
110
1156
8600
300
2809
7200
2601
729
638
2208
99
5625
729
1600
3315
480
360
154
1485
8100
15
3721
900
7056
320
2310
961
2601
3481
2304
676
24
5248
2809
2475
442
4992
676
3481
1849
8
576
2916
266
3960
82
7569
689
1960
1521
784
129
729
24
3196
6
261
138
1024
2304
150
819
396
484
5929
1296
851
234
676
4096
2220
2304
3025
36
1722
357
5822
988
4489
486
784
4402
2601
7776
38
225
4592
2205
666
5742
247
8
4165
3172
400
4096
6885
441
1184
625
625
1458
2520
5329
68
2499
75
351
3111
2809
484
2068
1764
9604
1849
400
5084
529
4900
4410
3551
6006
216
552
245
7
676
3969
961
2916
5041
1764
7
4200
1936
4550
900
100
1330
5952
1140
3844
1225
2408
289
24
25
9
9
1
1
1
1
1
1
1
