36
15
4
24
5
8
6
56
7
4
28
18
9
42
100
4
48
36
126
10
8
240
24
20
285
99
18
10
8
16
9
4
45
32
14
10
75
10
65
12
120
230
24
13
16
45
52
16
22
8
75
13
28
14
47
7
9
8
26
2
288
126
45
6
154
20
21
8
48
3
80
16
8
95
8
80
286
36
6
216
27
8
8
58
5
512
77
108
8
7
7
9
27
15
12
6
28
15
16
3
49
13
21
7
33
126
15
33
6
589
6
9
39
10
24
50
57
18
9
32
24
8
11
12
8
30
45
48
9
10
9
6
544
34
29
4
60
14
12
30
6
8
7
5
12
66
5
60
22
3
14
44
10
16
38
21
18
12
10
21
450
18
54
6
9
98
7
58
98
48
2
61
9
10
4
144
45
6
13
11
20
20
7
98
9
210
48
24
7
33
7
60
14
21
11
6
60
28
7
80
160
19
15
10
85
4
8
16
8
2
2480
6
19
6
4
20
6
4
12
8
55
130
20
45
12
10
6
14
117
13
17
6
4
4
14
8
7569
15
8
17
17
16
33
8
30
48
8
4
102
10
9
116
16
22
92
6
45
54
30
5
16
6
8
36
32
50
22
12
4
42
100
56
7
9
1564
30
6
36
44
14
9
48
6
6
8
18
44
3
115
24
25
15
5
2
6
19
16
36
15
5
240
294
60
4
14
18
3
130
18
351
15
25
5
5
10
38
90
7
36
10
5
14
10
616
15
4
56
33
10
30
5
6
24
392
48
8
12
60
14
26
14
4
7
6
3
99
22
10
36
32
8
8
6
33
5
24
3
21
27
48
15
6
42
2
21
22
4
13
9
14
195
30
10
11
22
522
38
3
4
8
2
32
47
18
44
10
9
48
7
21
25
28
10
14
75
19
28
30
39
17
11
8
13
9
54
6
272
12
11
3
30
8
52
680
24
21
110
14
32
24
12
16
64
15
36
12
36
660
200
6
5
24
6
234
12
270
180
45
3
116
20
38
17
12
68
16
18
32
16
8
14
10
52
44
30
162
90
33
57
14
8
26
88
6
18
8
30
56
20
14
7
90
4
22
16
12
11
22
5
12
110
14
14
6
208
80
36
54
714
24
136
42
18
4
13
8
12
10
27
49
8
48
64
50
102
6
135
775
77
21
9
672
7
36
4
5
11
7
24
12
56
14
12
21
14
6
1
1
1
1
1
1
1
