Case #1: Yes
011111111000000000000000000111111111
101111111000000000000000000111111111
110111111000000000000000000111111111
111011111000000000000000000111111111
111101111000000000000000000111111111
111110111000000000000000000111111111
111111011000000000000000000111111111
111111101000000000000000000111111111
111111110000000000000000000111111111
000000000011111111111111111000000000
000000000101111111111111111000000000
000000000110111111111111111000000000
000000000111011111111111111000000000
000000000111101111111111111000000000
000000000111110111111111111000000000
000000000111111011111111111000000000
000000000111111101111111111000000000
000000000111111110111111111000000000
000000000111111111000000000111111111
000000000111111111000000000111111111
000000000111111111000000000111111111
000000000111111111000000000111111111
000000000111111111000000000111111111
000000000111111111000000000111111111
000000000111111111000000000111111111
000000000111111111000000000111111111
000000000111111111000000000111111111
111111111000000000111111111000000000
111111111000000000111111111000000000
111111111000000000111111111000000000
111111111000000000111111111000000000
111111111000000000111111111000000000
111111111000000000111111111000000000
111111111000000000111111111000000000
111111111000000000111111111000000000
111111111000000000111111111000000000
19 20 21 22 23 24 25 26 27 28 29 30 31 32 33 34 35 36 10 11 12 13 14 15 16 17 18 1 2 3 4 5 6 7 8 9
Case #2: No
Case #3: No
Case #4: Yes
0111111110000000000000000001111111111
1011111110000000000000000001111111111
1101111110000000000000000001111111111
1110111110000000000000000001111111111
1111011110000000000000000001111111111
1111101110000000000000000001111111111
1111110110000000000000000001111111111
1111111010000000000000000001111111111
1111111100000000000000000001111111111
0000000000111111111111111110000000001
0000000001011111111111111110000000001
0000000001101111111111111110000000001
0000000001110111111111111110000000001
0000000001111011111111111110000000001
0000000001111101111111111110000000001
0000000001111110111111111110000000001
0000000001111111011111111110000000001
0000000001111111101111111110000000001
0000000001111111110000000001111111110
0000000001111111110000000001111111110
0000000001111111110000000001111111110
0000000001111111110000000001111111110
0000000001111111110000000001111111110
0000000001111111110000000001111111110
0000000001111111110000000001111111110
0000000001111111110000000001111111110
0000000001111111110000000001111111110
1111111110000000001111111110000000000
1111111110000000001111111110000000000
1111111110000000001111111110000000000
1111111110000000001111111110000000000
1111111110000000001111111110000000000
1111111110000000001111111110000000000
1111111110000000001111111110000000000
1111111110000000001111111110000000000
1111111110000000001111111110000000000
1111111111111111110000000000000000000
19 20 21 22 23 24 25 26 27 28 29 30 31 32 33 34 35 36 10 11 12 13 14 15 16 17 18 1 2 3 4 5 6 7 8 9 37
Case #5: Yes
0111111111000000000000000000001111111111
1011111111000000000000000000001111111111
1101111111000000000000000000001111111111
1110111111000000000000000000001111111111
1111011111000000000000000000001111111111
1111101111000000000000000000001111111111
1111110111000000000000000000001111111111
1111111011000000000000000000001111111111
1111111101000000000000000000001111111111
1111111110000000000000000000001111111111
0000000000011111111111111111110000000000
0000000000101111111111111111110000000000
0000000000110111111111111111110000000000
0000000000111011111111111111110000000000
0000000000111101111111111111110000000000
0000000000111110111111111111110000000000
0000000000111111011111111111110000000000
0000000000111111101111111111110000000000
0000000000111111110111111111110000000000
0000000000111111111011111111110000000000
0000000000111111111100000000001111111111
0000000000111111111100000000001111111111
0000000000111111111100000000001111111111
0000000000111111111100000000001111111111
0000000000111111111100000000001111111111
0000000000111111111100000000001111111111
0000000000111111111100000000001111111111
0000000000111111111100000000001111111111
0000000000111111111100000000001111111111
0000000000111111111100000000001111111111
1111111111000000000011111111110000000000
1111111111000000000011111111110000000000
1111111111000000000011111111110000000000
1111111111000000000011111111110000000000
1111111111000000000011111111110000000000
1111111111000000000011111111110000000000
1111111111000000000011111111110000000000
1111111111000000000011111111110000000000
1111111111000000000011111111110000000000
1111111111000000000011111111110000000000
21 22 23 24 25 26 27 28 29 30 31 32 33 34 35 36 37 38 39 40 11 12 13 14 15 16 17 18 19 20 1 2 3 4 5 6 7 8 9 10
