2939
1188
3931
879
3282
224
1156
1913
295
1567
3435
369
3516
3952
3102
1918
263
889
1608
4117
1502
2081
1397
325
4210
438
2711
282
4327
964
2103
197
1231
927
678
209
2303
1143
200
4026
55
161
2527
2117
621
74
3510
1313
43
2438
803
604
4043
234
3008
3034
1339
883
1573
684
369
1062
440
3878
1087
2651
1339
1610
240
1741
3428
643
2185
4688
766
4021
1847
3767
2927
3496
804
1242
505
4199
287
3782
756
747
2446
69
1568
43
3442
333
644
870
4783
288
279
4401
3048
125
115
4495
613
1561
3835
4565
666
876
34
1401
1903
1624
401
325
3849
414
274
86
1352
87
2306
2897
50
2209
1727
246
1499
2838
3027
2438
221
1135
173
960
479
1103
280
365
33
735
117
1305
1488
507
535
2868
632
505
1739
3511
1455
784
317
1204
237
218
39
1434
1395
913
1395
776
1547
4296
4499
676
101
42
2031
177
533
2039
306
2492
3958
94
4021
649
2868
60
2999
1391
1025
4306
1623
129
3442
3943
3670
139
1976
878
2168
2953
35
1971
4471
3052
1301
581
576
4508
312
1785
2034
4038
79
3268
1015
1195
4595
2881
2591
83
610
510
43
1203
316
128
1093
3749
4048
3772
1851
1695
1786
3178
1005
436
76
2452
2241
4015
2740
154
1199
962
3235
116
2968
3485
2098
4336
832
36
3020
2358
2303
357
878
4492
1930
3868
2793
546
79
1012
1137
356
4582
4231
2490
2495
749
572
1613
481
3416
99
3323
4314
256
3745
1347
533
522
2103
504
1657
4596
3865
3521
95
3039
2796
237
1184
3190
3427
1220
1964
184
4588
1121
1809
203
1139
862
738
968
109
1253
138
2029
1733
2163
652
1155
3843
2954
717
4750
1970
2152
285
446
480
125
53
2568
51
601
1129
178
1249
3587
55
2433
714
3600
785
35
3011
2161
2441
305
4409
604
242
2663
3960
2050
52
3448
1242
196
71
867
133
2679
189
884
3686
542
4199
361
1355
2783
2367
86
4498
827
1982
3418
4027
195
3579
252
2794
4109
3588
1672
288
1281
3765
1476
2344
31
1293
62
1974
326
390
4134
1453
1512
2513
122
1915
4752
1450
4504
388
2234
3532
448
1660
2090
969
1183
3747
709
888
4145
1101
476
1960
1562
1449
1731
4134
969
355
530
2436
72
36
1559
1962
1776
268
1436
4496
756
718
2855
3668
1247
423
1325
369
212
4408
1627
2502
1400
3829
1000
633
83
3099
1714
954
790
4045
3848
1037
403
4122
933
393
1090
35
1845
2789
3618
561
1336
262
1053
280
820
200
4318
2565
59
171
131
4786
441
4224
1568
4198
800
477
3517
2954
3599
1274
4668
1203
1671
559
2516
285
531
4515
841
1778
383
913
2110
254
4782
1390
4405
416
4302
2794
3861
4381
2039
574
1287
1342
3936
643
3664
4129
494
2441
2231
127
2625
39
197
1766
1049
1123
3520
52
1730
515
489
241
3858
4040
2033
3339
480
908
3271
746
1840
2310
341
1396
290
726
3266
1444
2312
2180
680
1303
1959
2573
159
692
682
4702
2303
1788
2162
909
626
4503
404
1615
4215
540
1966
838
365
4198
3871
3452
1506
1442
755
1877
1079
1364
2438
1518
417
426
577
1969
3851
2385
1784
159
45
3123
194
2236
4498
643
312
76
2486
3518
2120
3076
1060
1298
2892
4112
65
3772
3933
343
2291
2095
1856
564
1045
283
263
491
905
3115
2411
287
4293
4417
385
1901
1903
924
121
3422
752
1403
248
671
48
3668
2995
447
1111
2509
1969
1909
4425
677
3356
2819
3941
1252
214
943
852
610
513
3764
219
109
1959
290
111
347
703
1849
2571
1155
1561
839
4658
750
502
335
479
481
425
4298
1512
1805
3017
1721
1376
2351
170
2524
2799
3928
1146
289
1808
107
1924
311
259
1005
218
951
301
1441
2154
509
3599
655
397
467
298
3349
337
141
849
1360
3103
82
2584
913
576
59
442
4310
825
4213
847
64
909
588
510
476
1632
2171
452
442
3698
1178
1139
112
53
4496
2236
476
1905
789
4468
2561
688
799
1899
336
2862
607
47
1441
750
387
779
884
77
716
3186
1516
1443
30
757
130
1228
914
1963
3922
4469
163
4040
365
2937
1855
685
2352
4294
92
2154
3321
3950
938
129
69
1554
1044
750
4014
3749
82
3955
3936
1676
3270
2310
2582
2885
3911
701
470
1151
3261
359
2041
85
1895
4032
1343
1918
369
1737
2530
561
3518
2513
3187
258
1859
1238
1558
2364
3331
2377
1548
3595
2146
2948
873
2867
3181
4383
1626
319
776
2281
328
3584
3180
349
1960
913
1456
1717
3568
94
215
2962
2948
4689
201
3571
1142
1709
3186
872
2241
447
4677
1678
2719
86
130
50
448
508
2429
4503
307
2725
4106
2305
1445
170
120
58
46
1712
2642
706
3104
4394
261
393
615
4144
2230
4291
2857
603
471
4026
1716
142
2658
1345
2953
1828
451
2236
3330
3280
1640
4218
2224
3858
484
3355
1339
3347
2063
1699
495
4517
1997
705
508
3110
1775
1674
144
270
161
290
3033
1391
73
569
1391
172
1440
1088
315
3438
3017
878
784
2521
363
453
66
1436
852
2972
1091
1444
1620
266
188
80
131
4575
2361
935
777
844
41
4780
1192
3685
965
1339
390
3773
440
494
917
567
1673
2599
1570
1888
1252
1725
187
341
2949
3838
305
518
2091
124
1449
3669
3954
4299
1974
2102
219
1403
2431
724
344
2180
2019
222
1397
870
146
1053
2511
917
1489
1986
117
2091
824
260
217
1292
3096
2306
3687
4049
429
2584
167
442
1833
2416
383
720
797
1980
4229
4518
884
134
2234
29
428
255
753
1627
2172
716
513
161
1517
3949
572
789
198
2652
1336
1673
3665
2571
2277
1459
2883
2213
3434
141
3849
125
1786
71
479
2380
2358
71
243
2055
1136
4585
616
2869
479
2875
834
3327
25
1503
1150
3192
1520
3032
3269
2574
2667
4141
2813
188
3098
39
1801
782
3600
1607
1398
2171
2036
882
57
3610
1725
1453
3691
61
1459
135
267
1556
1736
785
1616
790
95
2513
839
3649
1927
1259
1184
3415
1956
1291
1336
3496
409
83
1747
3707
1746
2237
3270
917
3937
4108
533
3518
3022
160
1190
3670
100
3840
2376
513
4145
2707
36
937
3763
1904
353
1893
1862
114
638
483
431
40
727
1398
3865
837
2870
86
176
1295
2372
3022
1043
1392
2942
3174
263
4034
185
685
185
579
634
870
476
1360
1793
183
1395
156
2159
169
3512
1668
2298
255
2301
1185
384
3118
366
390
3700
2722
4586
331
682
3790
4381
1191
1299
3769
258
424
1542
3021
499
695
2511
87
3778
1349
283
70
2500
2368
444
701
3954
1453
84
1102
1386
920
314
214
3837
2574
715
3244
157
1738
75
1671
38
1180
528
2555
41
4606
4084
330
145
1154
542
1728
467
1137
921
529
1806
1448
2565
684
2357
3434
71
71
4771
478
99
4292
38
2097
4290
141
578
646
38
228
833
127
4787
4584
1448
2242
146
651
385
102
286
3852
1847
1926
143
2588
4015
433
789
1679
1086
114
2305
3109
3612
646
654
4389
2426
1507
474
4591
2031
4506
1403
84
148
3784
2363
684
919
59
3111
3235
533
1445
718
2721
1176
725
4329
666
744
4683
1452
4210
2931
4018
881
2179
401
262
4213
64
1145
2433
2576
1348
719
200
3212
1645
4669
2815
3611
391
2440
1909
1491
2931
447
3108
1458
3842
720
270
831
2641
883
129
357
89
2806
192
3179
757
545
1038
239
2153
3516
3688
2938
198
1726
593
4787
3691
110
1680
1346
59
4579
569
2367
460
3254
2108
477
3841
4277
248
3156
2704
3670
4681
3237
2812
3422
685
1295
1861
128
3684
1647
826
255
2877
832
2288
127
287
141
1399
2571
1556
33
246
739
4395
474
2418
1140
2963
1178
27
2318
303
1605
280
683
3356
3934
1570
1847
2252
1507
4306
1661
184
356
1294
4587
127
2677
1140
128
751
329
2302
992
1237
4112
2302
1220
4012
290
80
896
157
41
2655
501
259
2587
3258
138
3029
1018
1183
1512
542
296
613
152
916
603
3259
1398
101
743
1866
745
2238
750
833
682
1606
95
24
1337
274
4139
4012
1193
1299
3207
1128
3765
4117
663
453
3609
33
135
2355
455
41
4781
646
192
343
534
3342
679
2502
1090
2806
4386
2229
148
1613
3415
265
2642
92
4126
3034
3788
307
1143
2960
2235
451
565
424
2442
4698
4497
107
4672
1918
4217
1098
956
361
26
287
534
1508
1798
3443
1659
341
3773
818
669
883
412
1570
1452
4320
2159
127
238
414
70
4027
691
2042
350
4313
4119
1137
3454
4322
2289
862
62
3855
946
31
639
3181
2233
2012
4787
1605
329
117
269
2309
1046
51
196
2120
2717
2444
828
3176
2438
1980
1882
382
3263
4129
1288
1103
2377
406
1193
3258
4689
2425
1812
192
126
3678
1295
607
2708
3770
3425
4519
870
341
2644
177
794
2511
173
4678
1741
1397
3928
573
1501
3434
955
2298
3604
477
2370
31
4144
2303
3847
233
2368
862
1458
2946
501
1666
837
1346
3940
203
160
649
301
2530
150
2787
1615
2121
80
52
1096
1105
528
670
1095
340
2662
3939
2350
1041
1050
2577
2083
331
127
4212
134
91
386
2957
65
681
176
127
3654
286
1745
126
3434
2042
912
56
4768
915
3950
1202
1296
2951
3366
2242
2572
649
2293
601
1183
392
1738
436
78
4189
754
4768
709
573
506
123
1458
3834
783
155
60
877
861
1049
1048
877
72
3112
574
1722
2162
1046
1095
1856
707
2803
26
210
507
2645
751
249
511
127
563
543
157
223
64
965
3679
1733
2156
339
3354
113
3445
1495
1621
1507
40
2097
534
745
419
4292
1569
2591
2773
3826
3943
3581
2801
2512
311
4765
176
765
1730
1086
86
514
1061
757
1398
510
154
79
678
2361
115
1254
1288
4571
2804
4408
1922
761
4480
4027
74
2237
1156
949
1556
2526
2669
1398
2431
2939
254
3191
3764
1046
3590
681
759
59
2168
2436
389
1353
152
114
183
1850
4014
24
4014
1254
1851
617
3414
4221
1151
2580
412
1975
60
240
1980
837
1903
1003
1973
2371
1147
3184
4668
3450
3108
468
1779
913
4310
4102
710
581
3100
469
3447
1275
144
606
2413
4035
2661
1346
3859
145
78
1051
292
4036
2860
1051
4303
2956
224
3594
2434
3848
213
1734
38
4323
2576
1686
3331
1724
214
2944
290
2652
212
519
1185
828
2458
278
2048
141
3671
3352
387
4207
4305
114
1241
3861
87
30
4488
2152
158
1082
3020
561
742
2814
2428
475
329
377
1085
2099
440
1546
440
3181
1144
660
538
2579
125
149
1256
93
75
363
788
1012
121
284
2437
452
66
4805
175
406
3770
67
2240
2674
1229
689
1944
19
1183
4224
2948
2365
255
1896
2705
3020
1203
1097
576
829
2113
63
4298
3513
94
377
1447
677
4685
105
145
177
140
676
4580
33
50
439
246
64
918
1394
2515
29
93
2373
111
390
4508
3017
41
111
3184
829
338
3040
1096
1730
3011
83
96
310
1500
2091
176
2820
264
360
1860
233
1958
3506
3597
1676
1772
149
1801
2093
337
4707
2661
3423
786
615
4773
3349
1966
509
2214
3935
1342
3197
953
1441
4207
809
2488
4691
1046
130
196
221
149
1192
3147
729
30
3208
132
1099
4389
4419
2037
97
616
139
2112
962
118
3254
339
2650
1764
1513
2030
2586
2791
1898
2294
4117
4785
2173
2149
104
2801
3675
2584
681
409
320
74
3680
579
1976
3339
4319
1851
148
2858
4388
4695
632
4108
2816
3354
72
1448
4209
4237
741
1622
3202
3967
2867
30
806
104
3604
921
961
2652
1079
4405
80
643
262
2645
1091
3210
203
1351
333
1186
1355
260
780
606
1335
4776
1551
2437
2298
682
4310
1547
1326
1785
34
84
270
1241
3297
483
1202
4017
311
566
4316
417
922
3956
1044
3017
1108
1434
604
710
605
342
398
4308
3444
2432
3514
86
3251
3927
206
1898
1046
2110
2439
143
2802
225
1661
2510
1658
1623
4322
2227
3095
760
709
1121
2790
1908
1968
834
4397
157
646
2648
3031
410
2725
231
1747
2359
123
3496
1543
486
1248
836
2591
750
684
332
959
146
2232
1336
890
1102
2112
3126
644
1005
1973
200
446
4691
199
1142
77
799
655
3242
2431
1543
87
3505
3506
1385
1599
310
1296
761
303
1613
733
1579
3001
1009
1919
3353
62
785
2563
624
1798
3242
597
2042
516
3122
1719
2635
1153
223
2733
178
4505
392
3182
2037
933
376
4749
1004
3195
3671
140
3689
1849
2521
198
441
3863
1059
475
445
448
83
1564
1828
165
1241
642
75
2015
3517
1097
1864
330
224
1460
3147
4311
630
1732
2227
1041
4056
1623
817
62
3019
1730
3880
3448
3039
2242
2168
1129
1929
3047
39
3047
3268
3508
1043
2279
176
4583
41
925
381
3753
4667
647
1524
1050
2444
579
1982
717
350
3029
2567
179
1098
3429
1981
2657
44
63
2495
278
4577
1200
417
505
3851
864
3961
834
1452
3860
757
198
2650
471
325
158
4122
1513
73
2095
71
1058
473
1442
566
3524
1893
42
199
4687
153
475
1620
3422
240
226
2499
2869
3862
2521
31
1148
1788
1409
3525
466
1354
630
1744
219
3512
846
293
2804
612
86
2568
2952
343
1490
4410
791
3874
185
503
108
605
79
1845
4307
3859
200
4112
1503
677
4051
867
303
1343
543
1396
32
2949
3691
397
174
1344
108
3347
1542
41
1006
1616
916
1254
145
873
32
213
135
1552
834
1472
479
2573
2233
114
1736
1657
3595
3429
35
3196
2803
1123
132
2435
2048
62
224
1288
3277
171
962
3761
245
1291
208
751
820
683
274
3324
1901
255
4792
3946
2655
1041
2576
33
2803
232
1272
1450
1433
4481
2121
1001
262
241
4327
307
85
1467
4217
215
2158
3803
3857
3685
1918
1407
364
95
2881
61
4129
1899
3179
504
3342
681
2824
450
1919
53
1856
98
1142
758
161
4690
1099
702
3018
452
4770
1045
990
3592
2725
1346
3780
568
1303
763
35
2733
422
102
3356
329
30
3604
556
479
124
1780
3754
3336
221
2103
927
2015
178
355
1566
3350
3006
37
99
4473
1230
1961
2801
3024
3424
203
1789
1290
248
290
2862
1617
2221
780
43
1009
2745
1134
1306
426
219
2252
2442
1510
1239
1044
2031
539
4023
577
1009
3025
199
83
1675
135
952
83
2175
1665
123
2362
2653
4797
180
921
2086
2514
1242
538
483
86
367
447
4492
1962
606
4415
464
1501
197
2222
606
1051
2074
177
2157
1351
305
2214
970
4221
261
59
922
4023
909
971
4119
1106
2706
1041
446
3514
60
1507
2486
3359
1974
283
3656
597
1002
192
3646
350
4136
39
3930
1244
437
1442
61
1053
1405
843
1037
913
2366
2792
2806
3362
1048
1619
476
483
1668
361
1043
1192
640
4124
1851
1390
406
1284
151
1751
4315
4677
1092
3179
4397
4053
36
236
2650
337
129
930
1463
265
2728
137
348
2950
507
2935
2967
3505
295
3112
120
2033
68
2425
617
3027
74
3481
42
333
1793
1043
2440
1910
1867
56
2086
3668
684
3846
1157
424
84
218
796
967
58
2810
389
482
3779
709
3688
1148
477
2241
2855
3945
2666
54
4116
1336
305
4770
2043
162
2405
537
3776
922
3421
2381
4296
1252
642
1049
2509
107
1009
2658
161
508
141
42
553
3670
60
3510
1102
3578
2027
2793
3175
31
1352
1663
1609
3614
2655
640
2922
1288
2167
326
3756
2790
1287
2713
1710
477
218
2428
40
44
219
1859
792
1838
4606
386
2573
472
342
2163
2567
2478
2788
833
351
2227
513
1147
3862
2676
327
647
1633
2438
2957
676
3352
3845
792
681
1723
4496
643
4705
204
128
683
1143
289
1289
180
1441
870
60
1191
1790
1633
897
3193
665
332
4118
3201
2727
2305
313
3196
1803
384
3677
4290
3098
3028
1857
2670
1856
1180
1188
3697
2376
2731
4589
580
2427
409
3494
84
4698
3600
4489
1662
1792
4232
615
3744
4483
1137
2598
1351
1302
4486
2359
4690
3113
107
387
2876
1095
289
4309
257
1516
1762
3506
51
99
2660
4429
1620
232
2498
72
269
239
3428
2567
2048
3405
162
336
1672
3882
4495
4753
2951
382
3125
3045
388
4308
118
1014
585
1449
120
166
2549
793
3253
1891
3842
2173
60
4745
45
56
3688
1842
2746
57
2169
846
1104
3856
609
1338
50
439
1767
471
3042
44
1743
75
85
153
830
730
2959
47
452
4503
4289
2637
1834
180
399
301
3789
1102
3169
152
863
4135
4710
1345
1101
45
2104
338
426
197
709
2941
3766
3958
96
2043
1839
281
1716
285
611
475
75
2035
3254
2022
42
3414
2168
1800
3505
1841
1158
2414
35
4691
4211
367
270
2719
3588
2648
870
2028
803
2025
800
642
3529
2119
1202
4392
1511
447
1778
222
78
445
1100
4406
4509
204
3103
3024
649
1726
2362
1475
2718
3285
115
1106
1821
85
4682
4699
3514
2840
778
2946
1322
47
133
1133
233
2949
214
572
1725
2444
3519
1106
677
581
1557
180
135
4008
2795
1287
837
4490
1091
92
614
4207
3108
194
438
2050
1056
1669
170
1253
3037
70
2409
3608
4314
3096
114
1393
879
1282
831
49
2292
1507
2613
1324
4039
2643
2798
2304
3352
2305
1336
4105
71
63
2153
3683
4687
1247
2100
871
375
1570
2039
583
641
188
545
4045
46
481
827
2091
1294
3782
2508
865
1788
41
1795
4122
2363
2297
254
81
442
2574
2150
609
929
4143
1834
1620
3504
2794
2862
1285
653
4738
326
2289
3031
248
197
3876
2561
1460
1141
4480
1077
2041
3501
1426
303
114
396
1515
947
643
30
49
3761
2457
1571
157
1406
1855
1192
3757
3186
313
3523
1438
2228
3251
38
4423
4582
2656
2091
1779
1966
1618
634
87
4778
61
2730
561
3676
59
3419
3945
3768
155
1856
3502
4117
2637
46
29
2017
923
1142
215
42
3260
513
72
135
42
4676
448
3027
231
4127
2362
59
3351
1060
2648
2150
28
2042
207
27
3102
4189
1439
841
1551
4330
3865
2030
1674
1050
1038
3757
1092
3029
1733
848
3105
2224
3696
2025
4597
1096
2112
313
3425
2659
68
4496
2760
1910
1726
794
3342
35
201
42
339
2815
829
2039
3874
1846
393
2348
752
2899
2935
68
335
1910
859
369
1009
1296
3768
3070
639
913
285
3843
1286
830
747
3031
220
2574
719
137
1000
4689
3873
3103
711
360
820
216
1455
1063
2033
3344
363
205
677
2936
1968
4285
953
824
2356
2363
848
1236
4685
139
2866
1384
566
4694
1294
4208
4121
1830
572
104
443
142
2715
3509
799
2048
111
388
3598
45
1209
1846
4587
2438
852
3256
3949
2654
4409
535
607
612
3596
2370
718
2517
908
164
3274
1322
4318
2945
2574
2871
200
4125
239
388
1328
654
100
4370
809
486
2107
1204
116
422
93
680
2308
3421
502
4671
2501
711
1499
1178
4182
3606
2432
4405
3841
1329
3689
1243
1127
720
364
4508
296
2053
1628
36
990
2957
84
1785
143
2359
1185
3197
199
1192
466
949
127
565
124
2714
2512
1152
869
1146
135
1287
307
642
40
2111
1189
515
2965
3127
854
508
3332
807
117
44
2863
872
3696
4684
4388
963
1729
3284
793
429
1800
3266
3952
4492
237
2933
1570
59
53
914
3260
3088
717
1303
308
1502
3508
1506
1231
1049
4767
138
2235
2107
1202
1614
258
693
4111
3245
642
482
1798
1244
42
129
1202
2299
2222
4512
1972
3249
721
3482
247
1043
3119
417
419
4805
1050
439
3500
3586
1904
180
2519
111
742
41
4496
3762
1843
2093
2467
235
424
504
2626
3416
96
2794
37
1052
411
67
4615
164
727
87
3200
194
560
206
631
4137
827
448
1058
513
244
100
365
1297
4330
4671
3780
2039
368
34
4106
1238
913
3272
4677
1557
927
3254
343
518
182
243
956
3513
754
1296
1203
3938
122
3430
201
73
4589
4574
466
2430
1190
3955
3515
503
66
219
2309
1193
3589
283
869
505
3412
4503
1010
384
34
506
49
3122
3326
4304
2060
3761
448
1025
1785
228
4669
4125
40
1293
2414
336
74
351
382
240
91
1185
4736
1160
1496
2366
1568
71
1812
359
32
3915
2120
1052
2821
960
3856
385
1101
3442
4280
3938
32
4671
540
4020
2300
2161
231
1813
254
3923
2633
404
4673
87
3959
4306
2370
215
403
827
823
187
1558
1622
1107
439
1007
1152
4788
2363
1664
4211
960
1901
214
1568
3186
1164
481
1092
1541
3047
3682
942
1912
1859
1325
415
123
3115
2660
1142
1953
2441
2029
4308
984
580
3695
3169
231
4221
1384
4676
1338
1402
52
215
4019
300
1070
166
412
609
3673
55
1350
617
1928
1105
647
3351
2053
3949
1083
1851
32
4242
241
1393
1818
1449
740
141
2052
1036
158
2277
3949
1304
848
2040
308
3611
796
2665
1488
1281
263
3666
140
2708
3029
4695
65
3331
801
1975
3508
925
716
1507
3569
161
3431
3089
278
1059
696
4573
136
125
1790
686
4414
58
129
93
2291
2575
360
164
1295
2364
3687
93
421
2554
1682
443
3118
2153
1251
190
2020
3341
96
75
3962
2523
4513
1079
1905
2814
2304
38
132
4112
1291
3251
417
4679
4745
136
2572
84
4485
99
172
4305
3089
3095
1121
320
1622
252
1307
439
4124
4513
3507
52
266
2964
1186
315
2659
3253
222
4220
1089
2928
2488
4038
4600
2294
1051
2285
4404
4220
1457
3187
1303
1619
2225
65
2033
3859
960
267
3409
157
1081
1843
1452
4425
1783
4780
2808
2504
1177
295
4388
3098
655
820
270
2161
1106
844
1285
43
2084
2348
700
3421
469
1056
1630
3419
3855
221
3430
452
719
166
2882
1334
1295
4390
3504
3085
53
1149
3678
576
1859
1784
4780
337
613
1546
231
827
1094
994
544
4492
2514
2427
2851
126
30
319
326
2179
1658
1108
91
183
2097
1471
161
663
3938
2089
307
2435
2494
41
2777
309
4211
1400
50
2387
178
48
2840
2276
2350
993
1395
918
154
3266
4402
391
2298
3358
2791
2725
1149
2459
2222
2445
3860
3750
1243
2967
237
863
3964
2041
2442
3788
3191
682
1920
30
543
584
526
842
2311
2110
29
4802
757
482
2168
796
1852
585
157
785
3778
1330
3028
1942
3850
1612
3039
87
3176
4590
1973
3739
2289
4484
2429
4092
1137
3343
1286
4276
1235
1155
1249
2444
79
133
445
115
2433
758
54
603
3368
83
1101
110
2303
2112
3874
798
1398
2877
2509
505
2120
1140
182
3332
3601
3931
4819
4412
376
72
2507
877
1727
4112
2503
3574
971
1491
716
4501
1138
4399
688
2514
1720
40
829
3962
171
422
1019
112
2662
49
1796
1978
3275
2663
2313
334
4397
604
1515
1051
50
1442
1277
4184
2103
1598
796
1189
39
2777
2943
1299
836
2888
765
1973
69
2107
1508
4376
278
295
3576
2171
1152
2032
2037
637
2502
744
2936
764
984
464
2664
1244
1047
123
4688
4497
2353
551
4621
281
1291
366
920
315
3519
362
1514
2084
3786
450
193
22
155
64
1290
400
1974
3616
1654
376
110
690
3120
3195
973
925
283
595
2944
2287
2120
3598
1138
2661
914
1496
326
672
177
2878
290
485
182
1077
105
3525
3340
713
1107
4589
2297
3418
114
3000
1561
2105
2812
83
54
645
2746
1559
176
3410
4688
1111
413
1205
1286
1237
47
2103
4777
1194
804
95
255
332
42
239
52
3829
359
281
1453
2315
4031
4288
3861
447
2884
4612
46
2440
327
3178
4131
2176
2441
1304
1841
1201
1204
2714
3503
415
680
3592
371
292
790
62
79
59
910
332
1133
167
1190
3031
397
3179
1748
2964
1772
61
3849
2505
1008
1510
4016
3352
452
4792
1062
3385
1242
1671
475
776
96
2510
2738
881
235
4797
1346
95
1350
2630
4499
794
78
540
169
949
380
1625
2734
3022
1730
59
868
2303
1055
762
186
218
601
386
2566
73
845
612
1576
157
1228
830
1605
893
35
1480
4686
1338
4031
546
217
1564
34
1621
1663
3500
3086
480
2744
2151
41
1451
210
3688
2107
2636
3421
2088
350
3091
3036
614
3196
1229
1741
2093
3680
724
3742
115
4609
2939
218
4332
2647
306
2360
4042
604
392
1553
253
331
364
4792
286
540
4678
1355
1613
2377
2425
1853
2438
2897
673
708
3315
4699
399
89
365
925
4494
731
3008
388
1350
1283
115
1667
3258
3943
603
125
2593
2727
4783
2803
687
238
781
1576
2019
3957
680
2802
3953
2312
3753
1230
760
110
1978
878
3265
545
2561
83
1785
902
642
2798
4602
389
1350
279
1201
2810
286
2111
1976
2454
1806
1153
2028
1145
4229
4503
2781
3264
1001
610
4110
3485
116
716
2634
421
2107
2446
47
2520
96
2593
1152
4691
2420
241
2167
338
4005
2229
1972
670
2884
2259
266
874
2497
1198
3878
1045
266
59
170
340
792
101
1185
2436
2100
4124
200
1677
2581
355
1351
42
3771
265
113
3191
3611
1514
63
604
4205
633
4501
472
503
195
32
86
1902
1505
302
220
946
186
88
2489
127
3930
147
3864
334
493
4762
4705
1147
107
3835
2509
1275
871
1231
3341
806
37
4778
4492
571
194
279
161
67
50
316
512
2496
4019
2103
4212
97
3690
1983
3613
2801
2801
1685
75
2512
644
146
3112
3348
2708
3682
4493
3586
135
1666
1454
538
2941
998
30
3203
1473
300
2575
788
3351
166
1456
3254
3525
563
156
1239
1864
241
636
1653
1395
3585
618
1021
2660
3189
1953
2182
3854
3841
2644
1781
1144
1011
883
4118
162
1896
1860
112
840
221
2951
407
908
789
133
151
3181
4120
53
85
3941
4027
4208
1614
3744
131
1084
1908
2559
501
506
4595
3501
3602
1327
1201
4332
1333
2386
3040
28
853
66
2619
3023
75
4035
4006
4318
2526
888
245
3684
1005
633
3964
98
163
4041
3260
478
1246
2966
2588
3676
1599
3689
515
2085
1491
194
312
2104
570
1284
279
505
1289
2799
356
551
802
3271
3779
1988
1094
1243
4773
3403
1816
2304
4299
1557
331
2098
485
1550
240
405
2434
4314
841
107
518
1570
4684
2868
550
4420
3679
266
1061
1732
1013
1869
3691
883
1926
197
2727
335
744
4206
2103
601
2381
4278
30
4406
634
526
2097
164
2634
3525
517
3160
635
1670
1001
1957
35
140
1966
4597
2948
3492
518
34
558
1714
162
3841
913
1560
86
2280
533
68
1810
147
3763
3835
1117
103
508
1621
1322
45
789
3853
1534
1777
2179
969
4038
1041
1558
48
922
436
1617
38
1847
217
2810
74
4774
3598
1001
3515
839
1797
101
52
4215
2659
3178
263
3772
110
1234
1503
1207
76
1553
2105
4386
2943
386
1088
4408
3270
607
3855
109
2010
1680
1867
626
2934
802
970
1969
2107
1714
1400
241
265
142
1562
4297
1323
606
459
2725
1763
2886
2361
103
305
3854
1862
2798
874
67
101
25
63
121
1672
2031
504
3505
714
4114
4569
2091
1804
4313
876
1504
905
4011
2651
3348
101
481
4128
3617
907
1304
2555
2644
789
1232
175
312
2654
1294
1993
150
880
84
2251
2734
4688
2045
256
1059
2731
1488
2419
1432
677
4672
4206
534
75
1725
825
4369
3267
85
4034
875
111
1970
4383
2797
4768
93
1242
3038
475
4128
3699
2170
306
3352
3507
1841
2168
1103
942
2814
102
75
2372
143
194
2020
4380
4214
98
1737
542
83
4300
19
99
2873
3017
580
2786
3322
1561
303
123
1069
4803
839
1679
199
561
86
3361
3604
3334
2434
1677
313
1922
449
3275
60
1975
3569
1021
3600
3685
1039
4582
3108
2889
501
3132
1165
127
688
2935
48
1042
4417
2879
3589
2800
575
65
361
1259
110
31
1553
1297
344
3852
1246
1031
453
4206
1863
3214
2435
46
1925
3691
841
742
3759
3772
547
579
153
691
2103
3205
2031
3752
346
3366
52
3319
821
1044
2303
2170
3841
452
201
3274
571
219
498
767
2957
1446
1250
1247
33
3516
3588
726
2506
422
441
480
536
128
1731
2226
4034
79
200
341
1011
251
1912
41
695
25
3265
4284
2741
130
68
221
2647
636
4027
750
1003
1842
2310
267
960
246
3776
236
4044
1103
755
3933
1970
1246
3262
3861
98
81
515
682
1614
2519
612
1922
3519
3585
255
97
3024
4628
200
2291
2290
1249
86
3257
4516
798
1609
1012
438
231
100
166
800
4461
1521
3680
2360
3843
1718
111
3250
4776
125
25
49
1441
1062
712
2358
651
57
2877
670
3671
63
1786
3845
1404
2593
676
2579
401
2481
1601
127
64
510
95
426
3257
3028
3503
202
2152
3052
3439
1548
2875
955
33
915
42
112
1723
1897
511
221
1575
4226
1449
1400
3286
2500
59
452
111
1156
3038
4007
750
1742
410
335
2030
181
534
3590
882
195
3529
273
3278
958
2372
576
3524
182
161
61
996
3946
646
793
1247
4681
2876
650
3945
1623
2951
391
72
532
919
946
1246
2375
1922
1689
1799
1614
3699
135
4204
3029
1051
3016
942
1096
470
2037
3856
2219
271
121
2170
615
1845
3581
101
1515
3948
329
4678
1752
690
1460
392
4465
4317
4054
57
637
286
4669
44
86
2512
1579
2823
821
1509
2964
4574
543
3864
803
1087
634
2588
538
181
2085
3254
2754
2636
103
1333
91
1824
3834
148
1623
2515
477
2454
3176
1534
1682
2357
283
84
1513
910
792
1731
3006
1805
3098
3358
1730
2208
1058
1895
2238
1348
386
2255
143
511
111
1505
1248
918
3609
242
418
3846
1222
797
2035
27
3356
1242
4213
522
1809
2091
2037
1849
2786
1785
250
2446
1337
608
163
1788
1673
42
3776
3510
4110
3196
1729
3781
148
753
2970
3186
72
1008
635
2306
2949
71
3572
1089
1095
4303
83
46
721
4222
1896
72
3344
2578
2430
2042
4124
2720
192
2285
3672
4502
4010
798
2884
137
1606
2208
70
2187
1649
1776
88
4299
3700
1087
1783
358
3273
968
72
100
205
138
1977
99
4213
176
501
681
1789
691
3176
2585
4593
637
143
4398
2872
73
2592
4696
3682
1821
1562
111
1252
34
1617
582
387
841
1089
4319
652
264
48
2511
2439
3262
75
3484
2728
1399
367
3039
571
1173
2874
48
4121
4027
2789
163
3589
3339
2712
3524
2534
1913
3245
108
50
2580
1707
453
2870
3414
704
711
164
1975
4709
4403
960
580
3357
398
2477
2494
35
1140
862
245
3693
3431
1396
1381
34
1869
1613
781
970
2443
1516
177
296
880
2308
169
2801
16
630
580
55
3780
2158
866
2036
882
2039
505
569
133
135
2718
73
69
1493
3942
576
916
3866
3776
914
1515
58
2035
3601
2306
3922
131
955
488
2625
546
4698
2169
720
121
1143
31
642
339
1616
1656
2271
268
4594
2567
1100
2274
264
3499
373
161
145
2810
3270
2802
3871
36
1061
2514
281
452
1665
1570
1719
622
2287
119
1058
792
4803
124
712
94
1668
3830
595
328
1297
181
42
2654
3681
49
2437
87
63
1851
3612
3187
4123
484
441
3333
1839
406
4706
1283
543
3187
1778
234
129
1826
3189
1794
1093
2847
832
2719
97
918
624
946
272
3343
56
33
4220
1108
4500
2659
265
3935
2302
3740
368
3264
4195
1257
796
145
1570
2632
1155
51
1000
4109
1168
1878
1436
158
4477
1565
682
85
1966
2870
2958
748
161
1178
331
3523
2663
2527
1243
3101
1208
4782
97
359
544
4685
770
60
479
1503
2283
1773
2571
57
680
82
4312
237
1553
3922
2426
2888
1142
74
405
304
3339
121
3112
30
3013
3675
2461
779
3351
220
4331
2244
3685
2428
582
233
291
802
546
2802
4305
3088
636
1558
3504
930
3602
419
2495
81
2109
433
2803
4031
4425
442
4483
3575
4319
2277
2443
2870
239
3844
4029
1087
268
3852
1092
1150
128
4319
1283
577
512
351
1243
103
4783
28
2624
3779
1675
2951
40
2238
613
1090
3342
255
3171
507
600
838
3760
2307
130
311
990
3262
4426
2142
3123
1613
132
2448
2091
3201
114
353
1970
4773
503
1866
84
29
145
383
1980
54
283
2578
1243
440
2031
381
403
3183
226
1483
4590
2660
3121
111
339
2240
4003
98
2419
2656
879
63
38
1842
2439
214
323
999
3410
203
1285
963
2204
308
1681
60
1963
213
32
3865
272
4373
1138
2049
3837
4794
1291
2360
103
3729
3294
1449
1004
2662
3185
32
355
4500
1194
184
3126
1013
4136
111
69
4398
1607
3119
3848
3034
1844
913
38
3696
1609
2235
4200
1735
4027
224
1613
1139
82
1349
1046
618
747
3960
685
3786
130
2097
84
2868
2368
4681
3369
3281
2650
214
1236
3052
2353
3251
592
1998
336
60
44
341
3685
3763
402
747
4335
1678
2446
3186
36
1617
1139
4221
281
312
1902
2365
3711
544
4780
3437
443
1357
3265
1054
3687
1613
76
2180
1150
1745
668
785
711
1143
60
4683
94
3370
91
1100
143
260
303
2110
2075
186
4714
1557
2293
2853
1405
882
220
73
1809
97
1348
163
631
1859
1984
4327
70
1295
33
4210
832
592
506
1103
2440
202
925
4500
374
3177
3429
121
1455
889
3019
4223
3576
162
1778
3112
537
2796
102
1919
291
2867
1248
2304
1144
4577
73
43
1392
961
4588
629
3118
72
75
2444
384
1146
4214
3789
54
143
1732
2792
492
3424
1265
2158
3677
1091
270
42
2306
130
2103
511
836
1723
1908
4493
498
485
256
1095
1784
2661
4315
820
1046
4679
666
1721
3268
699
1089
220
132
1905
1553
4586
2383
481
2812
463
3079
681
1500
117
125
2033
828
241
97
1562
4601
2159
996
1299
794
1614
3104
3082
866
260
2231
1916
3672
1043
1134
3838
1290
146
35
68
2517
4666
3924
648
2907
1144
476
1010
1463
1459
3267
4393
1287
3797
80
581
1985
3949
184
288
2442
126
3673
4672
454
35
2049
2949
1154
1347
3185
1628
3441
1347
373
1844
1847
4119
3693
2645
30
243
72
4131
781
1671
1442
2504
336
161
95
367
4032
98
3704
2498
2583
3869
231
2952
27
2221
134
2105
2370
74
245
3421
1548
114
3279
1556
4308
4780
41
668
1744
1046
165
1189
1497
261
2100
961
2802
1132
1628
286
1048
72
706
40
41
599
2292
1914
2649
1394
4426
569
607
2172
1848
314
452
954
198
4577
114
52
2654
606
1178
1614
1919
139
746
533
142
1672
2715
3830
2853
4747
2943
589
1274
3447
309
285
755
1496
178
367
874
1004
2810
293
30
546
2442
580
2559
1490
237
848
82
636
498
105
272
136
1398
480
605
182
135
4316
4768
765
2647
310
143
1796
3339
2663
31
2709
941
2045
467
34
338
726
335
4196
2799
3192
1718
1056
2416
314
34
1801
93
1008
2577
4216
26
535
1502
411
2232
2364
1913
173
1195
293
259
2160
326
953
152
112
85
287
4603
2172
2659
235
4040
3601
1306
645
1289
1200
3679
331
3454
3248
2492
41
603
355
1637
473
134
1571
2311
345
2817
108
1956
112
3422
33
109
394
1513
2873
1499
139
3207
499
3195
1604
1795
838
1450
76
415
3281
475
284
458
147
689
72
2027
1689
100
534
3502
4387
826
2508
2102
366
4026
3688
599
683
3171
913
867
1056
1283
995
4392
3235
1295
66
3442
91
1556
1223
109
158
3197
475
30
2494
2568
3094
647
4036
894
120
162
492
115
4037
1346
166
674
382
1617
279
2231
2085
118
2097
1049
1447
1684
4031
3188
29
285
586
445
286
4207
151
3773
1176
487
919
1188
4591
650
330
111
200
170
4506
3521
683
756
2838
1660
109
32
329
1545
56
2719
603
1222
915
2351
2102
760
1004
440
1179
745
195
2931
3020
236
2591
3364
754
227
3279
783
1843
2053
242
4047
360
1730
790
485
451
2228
2505
861
2096
123
3194
1082
1317
2787
2632
34
338
4609
53
516
1189
3508
1343
3600
1015
1092
174
214
3433
1795
727
151
1091
164
3437
2028
994
1187
922
3938
2448
2499
569
2582
75
1549
360
1787
1613
1202
86
124
3677
1566
550
320
1774
358
465
328
3094
4790
481
93
4499
3035
3192
3198
892
3490
2304
2269
4318
1104
1389
1192
1557
139
33
2869
1105
1549
2239
2094
3764
3427
4119
1922
3084
2367
4039
871
4040
3060
1721
2726
1345
2519
95
1009
2659
1192
308
3878
556
416
40
4226
2069
1721
4140
667
2024
186
545
3273
1797
858
824
3688
1861
469
1043
132
1300
42
63
3918
2949
161
2305
1565
2443
787
3953
526
140
87
1796
3096
1044
1082
2111
115
1607
164
46
825
146
1648
1730
37
1100
1444
3537
606
352
483
1969
1844
3262
1339
537
1196
1375
3516
2950
638
1964
2985
195
3035
4379
4601
198
113
1912
2169
404
2578
541
1968
903
145
3191
1100
111
3513
2786
84
2101
4695
3089
1552
1349
180
2437
2566
1849
1297
1292
1968
3674
3191
566
1843
4201
3939
3349
129
2626
2231
4495
949
1566
3585
902
3734
1731
189
2300
3425
4592
3843
1444
2650
52
1837
722
163
368
1239
4295
124
2573
3029
698
2878
242
3406
1846
257
1160
3002
1893
3338
1901
88
1199
643
3278
1189
1252
92
31
787
3845
308
3329
4520
843
4195
3260
2883
1187
262
1248
2094
168
3183
2221
1017
2658
4207
75
1401
1273
4565
400
423
1050
208
53
1958
60
2785
1503
3361
80
2377
4042
4128
43
1854
995
4303
576
2282
1674
1726
3355
2437
75
4583
1054
2950
3870
1616
2484
115
285
1646
957
1853
1293
295
2647
3244
690
1137
1033
1451
1797
4223
2584
2951
412
3183
3515
1740
262
2435
4311
496
2648
725
305
4685
115
1458
3340
111
287
643
723
1593
3262
2966
1561
4386
39
3006
1335
72
3040
1835
4032
1103
2230
51
2028
194
543
4224
3043
98
4773
74
1746
65
761
511
2219
76
2729
4381
1857
233
40
710
1396
4510
3525
335
2786
4743
1610
66
2574
3409
2095
610
4694
2026
798
4226
3910
560
678
71
678
84
4793
2862
2945
747
740
1565
1863
807
1742
1489
3597
4113
3281
3777
261
3439
826
1245
94
761
3760
75
104
3598
535
4129
1984
4056
2304
4288
679
1671
610
2052
481
423
91
1195
805
2875
100
4210
83
1766
1625
1160
4490
874
2877
36
2310
25
1720
677
2051
345
1542
97
4218
32
4104
2789
71
3775
2386
2867
2748
2863
42
3764
169
2558
1894
3962
1786
1017
68
1446
641
2159
240
164
3953
287
1343
1987
1601
4764
131
4387
111
1343
2729
1505
3443
1900
2352
1455
1445
198
369
3024
548
870
98
546
2422
1956
1144
100
332
83
361
158
262
4102
4233
4029
4280
1712
611
4507
1173
166
73
3011
1074
919
1155
785
181
4423
3430
1179
4692
2095
2497
4584
3126
1494
4270
50
601
4410
3855
3335
1663
1784
228
2223
3197
4294
255
947
3744
2657
4026
3043
576
82
3879
2698
467
919
170
875
1666
512
4478
101
1543
284
64
1256
3024
4193
4218
2665
389
332
3665
3771
2885
2978
754
40
2800
1441
839
748
2108
258
340
158
2171
2299
1345
222
4131
117
83
2745
3358
192
3264
916
3348
496
801
330
3272
1179
1719
289
1139
2849
355
2372
669
394
4391
2795
276
840
1298
73
2864
3259
441
464
4223
1724
766
252
4112
2446
2240
72
867
1341
180
796
318
1735
1717
3971
3363
2381
607
4692
1975
897
2657
4134
2365
264
1118
140
3034
4288
1148
3028
281
175
1105
72
660
3581
298
866
686
684
1863
1621
1533
2288
4228
1622
990
1343
1553
3207
883
571
2239
1976
508
132
74
1920
602
3357
291
96
1148
334
474
1773
1728
117
1741
120
42
503
125
550
1901
2938
3842
2942
1045
292
416
2372
1573
104
843
3950
109
42
58
87
3111
393
4704
3111
3181
357
507
859
1262
3444
322
3946
1350
4497
1401
1569
1769
222
21
832
3426
3015
421
761
197
1737
187
2936
2253
3501
4210
2224
4020
157
507
365
320
279
1234
2803
1780
1562
530
563
2506
165
841
144
1458
651
1110
4781
412
3526
123
4125
3672
4405
156
279
3172
4382
2091
2227
2450
253
70
1387
2582
58
830
1098
271
2940
287
53
2730
3354
431
3949
759
1145
39
1850
3763
1087
388
1385
917
3030
4212
2029
2311
442
335
1503
99
1145
304
314
2105
3191
448
2294
52
105
176
1143
800
472
1249
1237
76
2363
914
794
214
266
373
2025
562
3835
1783
476
3613
206
193
282
4312
3919
65
264
335
958
3849
711
1333
746
31
1775
994
219
612
747
1901
478
404
1452
2713
192
445
127
2957
170
1846
2098
3190
1841
305
1348
2588
3443
2433
4209
3429
1633
1849
4303
4131
2738
216
3115
371
1474
3870
1086
3787
1650
572
2423
3579
2632
3001
1915
1404
144
1983
4413
1082
2099
1439
3249
311
240
145
1132
2029
3682
3335
332
476
33
80
642
400
3745
2313
3770
1411
289
686
4111
1096
611
545
39
3938
3264
1241
4570
2098
2661
1382
1845
154
4600
4398
1340
2938
694
469
791
1393
793
66
2812
889
1674
1203
161
2958
1182
833
1619
1251
1575
283
2921
1144
1398
1198
1861
4603
81
3529
3329
3699
197
222
4593
1855
3686
567
3408
231
179
1785
3438
764
4219
2662
3518
2433
81
71
543
1145
3752
880
3683
887
958
475
3431
4039
1298
362
2960
4484
109
113
269
4086
335
1804
1799
706
42
155
1226
3165
337
2941
1463
4653
2033
79
297
1289
346
1797
231
3840
2941
1044
3028
2029
955
165
2367
4111
218
2978
4121
826
583
112
81
4599
2885
3746
2771
1888
3952
1185
2042
1097
878
512
892
3284
4393
1082
187
708
2119
2929
1612
4586
394
1245
473
2883
1208
1504
307
2302
73
490
999
140
3787
2648
1665
4580
4115
4704
1227
1551
1835
240
1745
2714
3674
572
3860
4287
31
335
2227
239
2417
3257
1975
1186
2237
4486
109
3863
368
1786
478
3101
3602
260
3186
128
1834
688
824
335
758
754
227
924
1454
2656
123
571
3036
1366
2568
3958
3007
3269
838
4592
304
4386
2106
4268
370
309
2630
2797
1518
101
186
3855
127
802
2116
3230
405
4308
144
1739
1440
1299
2009
2807
837
687
4200
3849
2664
220
948
1951
3001
1236
2436
1415
3955
516
677
924
4026
1444
357
610
263
2297
112
110
1007
394
1249
1284
137
1131
3183
82
75
3743
2043
97
1403
961
537
692
792
3101
1834
30
112
1149
422
338
2629
4612
3791
509
31
51
599
913
2356
3026
643
35
1092
4495
3936
2517
586
1294
1099
2644
131
585
44
1237
4572
249
220
4391
2877
3115
513
2379
1720
121
3953
672
610
291
1400
93
1778
432
3433
571
33
2501
2059
1915
479
1036
1737
471
215
2718
471
828
579
65
119
224
3857
1303
713
1146
2646
4049
1778
1731
4303
2481
2960
2303
3771
147
2103
2870
3868
2655
1563
1155
2044
1465
2171
62
2954
1794
2426
204
2365
921
3864
3664
130
1798
3963
1445
2744
572
1340
1241
205
388
33
268
2652
188
1446
342
2965
967
609
1509
179
90
61
1104
639
210
3608
2840
711
1031
3108
3430
133
1179
4580
709
1346
1003
3859
41
1843
1097
2815
264
2507
41
2710
2238
212
1673
478
3267
2045
199
4127
618
1791
958
2969
94
872
483
2512
874
1105
1057
3358
2602
3253
1667
271
4284
2580
1137
309
56
2386
3940
2105
1974
4310
1516
4572
1657
3190
3515
2583
2597
910
2947
2660
491
1090
158
3518
2155
127
2956
2091
244
505
173
1110
1147
842
1969
4749
3950
2454
290
1009
672
4468
172
204
793
4408
385
182
2808
2863
238
3446
248
49
1559
40
2580
1851
3190
71
1182
1962
2935
1761
2362
1611
194
1205
4405
1235
4283
1672
4772
180
2289
1574
3250
2512
2966
2308
1743
4500
464
254
365
3346
1346
336
63
510
1062
1787
2222
2662
2666
2303
3016
281
837
321
1413
110
417
3264
3178
4414
2283
4431
2713
503
87
3205
3176
361
175
4387
231
1800
338
2171
1916
2874
811
109
3949
355
2719
184
1292
995
2582
194
1056
1849
41
252
1973
1459
3032
762
920
4490
2300
1399
2507
3780
1920
3841
427
3194
179
513
125
4486
3945
606
3830
3506
4139
949
1614
4213
98
254
837
3012
33
3425
1461
2365
105
2173
924
2237
3961
262
237
44
2041
1544
3098
341
2114
237
2453
301
3023
1660
3354
664
4492
1714
1389
1286
3676
352
3844
385
341
1388
334
260
1968
1245
3169
48
420
1857
885
1429
283
3255
1794
2883
3598
4674
59
2953
1542
162
74
1387
4229
2026
448
4492
4132
1447
1500
1735
4034
2451
61
3274
3850
1861
1666
1551
42
4320
3187
679
1718
237
141
53
4301
356
387
198
1609
2888
2295
4298
1495
958
3941
391
144
3197
2725
3446
737
30
2362
4396
4287
77
3919
1015
829
2580
876
837
306
1293
1000
3474
601
146
3666
1248
4786
62
1246
386
249
1572
567
3372
2160
4660
1655
954
4032
675
756
3122
408
1774
1284
80
567
1437
110
231
147
1850
46
1662
214
3056
148
367
2225
2377
4219
240
2657
1542
4135
377
2724
3107
4021
3171
4682
3278
3262
2648
258
4782
788
183
2235
2293
2873
2632
476
1252
1290
476
68
2869
1096
47
2862
144
2447
2861
4131
1971
2218
1011
4292
569
1113
2931
829
2590
156
2107
48
3759
96
264
276
4034
4578
1009
1350
3590
3859
135
4584
4495
4493
1846
3009
4041
1800
108
4202
715
298
179
332
1725
4301
817
2953
1994
1683
75
2162
1196
3846
186
963
52
1042
3501
1744
2204
83
1841
1331
239
330
98
4197
314
123
3852
3576
684
603
102
2919
3371
2174
1097
4690
782
631
651
2794
1621
502
3103
4391
4035
1612
752
86
2585
2452
298
389
4572
3230
2241
4203
3181
4788
279
289
310
3368
240
4773
1496
3935
304
3844
180
918
554
4592
1773
1518
3952
2642
3014
62
2859
2030
4312
1624
2712
2442
1109
3824
396
107
1958
679
136
1506
361
746
2110
1005
1209
1865
4790
31
1845
1207
2101
4782
4185
1489
447
3614
682
1985
1303
4094
2802
966
4625
366
3191
3034
446
580
4224
4121
3047
3950
582
4599
1677
3182
2040
244
353
2248
2383
134
2864
294
1911
3956
1288
2028
163
118
1211
3169
532
74
47
3858
2239
3581
2675
3117
1439
2316
475
2806
423
148
47
417
990
91
1140
1393
66
31
2158
4389
3681
2158
358
2637
800
86
2154
750
3684
3954
2364
1554
2116
1526
148
207
624
2360
862
85
65
624
4296
308
55
53
4300
92
59
3445
2580
2354
773
201
3773
42
562
2878
1671
43
3864
772
708
3110
1282
574
388
1599
154
417
2883
2237
1187
42
4774
1287
189
182
669
3695
34
914
176
3107
2221
1057
2292
662
3116
1195
206
2307
440
4494
4114
180
1094
366
3189
1246
277
918
97
1741
372
717
89
2798
316
799
1163
1917
2630
4368
4227
807
4770
1195
371
395
2383
2814
4224
3417
1782
353
3173
1561
180
162
266
4489
4515
750
643
257
1904
159
952
1352
4041
3101
2496
3012
2431
1001
1341
2119
3191
581
3755
2368
193
1615
1412
77
2940
3931
3966
581
1682
1921
586
78
3699
2575
32
4188
110
2884
1081
391
425
1247
977
31
1972
1850
4698
390
376
3517
4704
2450
2810
765
4584
3366
1036
501
2661
1442
950
183
72
3181
2790
1053
62
4597
130
3759
752
1052
2373
3507
4789
4606
4220
1442
2370
30
4491
3347
952
758
110
796
4289
3269
4042
430
2108
1001
4123
887
2153
1825
3266
2162
144
1136
2043
2379
4597
2295
200
2863
4033
321
3433
232
611
726
1966
69
3495
42
2107
1847
1245
39
1343
1486
49
1235
1457
454
3762
4285
4506
123
399
1608
2505
281
3528
3860
2643
385
3084
1618
2801
75
4134
4577
1387
2174
4191
4495
511
1853
833
144
1805
4200
437
2418
2306
2812
135
2458
760
141
4404
181
150
160
2051
2148
1765
2171
4669
2235
4217
3287
2351
3117
237
2036
1514
4301
3505
283
2860
3089
1660
1847
823
1791
2858
514
481
612
73
3175
3437
2161
1831
478
280
2438
3268
2314
1979
112
1558
4135
73
3689
1102
1600
114
608
4476
757
890
3017
1405
499
3043
2103
1001
38
720
3435
389
2503
4582
3521
2043
30
166
1299
2093
2299
4404
4026
4309
75
170
1712
58
255
4593
4687
4301
1233
2819
3347
931
3031
1153
4582
645
425
2482
2288
2183
4201
3928
260
193
1775
561
163
3499
507
3275
748
1140
3612
209
717
2384
1227
4506
2805
3609
2513
370
1724
282
1727
1447
1793
667
796
75
366
2373
578
3100
642
240
607
580
860
1398
3251
2583
3410
439
2955
1343
677
2379
1778
3518
1858
211
37
146
50
2484
964
444
2579
788
1019
1605
1116
647
3864
3536
4021
45
4404
3919
410
3191
1607
4312
1236
4004
2586
74
300
106
3189
125
2930
134
554
113
2436
613
2150
3085
1241
4746
43
3939
3675
390
109
1911
3658
611
254
1662
1005
4304
4772
365
2495
469
2885
4109
2451
2239
681
800
3962
720
683
684
4767
1148
725
4363
2586
2636
4784
234
3690
1067
643
471
1034
2661
4564
662
2438
434
1392
208
1572
496
684
1195
3757
3508
2496
1503
1728
393
301
288
454
213
3241
389
1451
2304
2360
1237
2880
914
2109
3278
2650
2438
1798
203
192
3177
1484
871
1147
1399
4573
2154
3032
546
3836
2492
3254
189
4685
549
671
318
40
1547
4302
967
2034
664
471
388
3522
871
262
1505
29
2307
2432
641
3442
104
1555
2219
1905
375
102
2663
3188
3362
3183
924
3775
1394
3946
646
650
724
1975
594
572
1907
633
4216
111
39
1481
680
712
1546
1151
1053
1734
577
1295
27
2448
1880
1238
2172
4785
1195
3485
3269
2783
1198
2286
3438
247
1611
4017
2052
2027
3202
2785
4592
141
139
422
4139
330
1175
1239
322
2158
2501
954
335
1977
34
3039
4141
3518
473
1199
3241
506
43
1500
4111
571
1493
230
126
1193
3836
793
2183
222
1146
2183
581
202
1293
78
693
4310
102
951
644
2384
2658
4605
43
2579
1198
319
1399
1607
200
3656
923
1503
3751
75
2283
125
390
148
4590
2583
4523
2819
1048
173
4689
118
838
1187
440
4402
149
3692
131
1965
3338
1621
2567
1594
2599
1246
237
1043
1789
642
847
1665
571
2351
3181
334
72
356
3117
1088
62
1093
620
25
2883
357
969
4499
3569
1634
1404
3118
1982
2613
2104
238
3014
2656
262
3938
1974
1281
3674
1389
2105
1494
3760
31
1110
346
1241
4221
132
4205
609
2173
461
643
2489
639
3107
2396
2714
50
59
2878
1269
963
2948
2382
70
3686
1664
4639
580
799
4127
284
2492
1516
1657
755
2808
163
407
2732
129
211
3358
1132
4696
227
302
4017
2588
3425
121
3174
253
222
1846
3351
4290
1267
2625
4779
2811
162
547
88
66
3027
3915
1720
3035
1400
391
2955
1180
485
308
3509
94
4488
3328
1100
60
4597
4403
2435
998
1111
4311
435
497
3118
3439
917
963
215
332
3918
51
2807
607
35
1147
2461
2290
220
3969
1197
88
154
676
1053
4108
221
283
1806
95
3417
3011
1268
2960
1683
1399
1447
473
155
1794
3795
1207
1055
35
183
723
180
2564
2156
793
1373
3773
1345
180
3926
234
2705
129
154
2889
4684
1292
284
511
163
3847
4399
681
2302
700
1978
194
3100
754
319
923
107
933
1724
3337
4212
3426
48
480
3795
1093
917
1081
1403
1863
2494
1348
808
4136
215
1796
3035
142
1061
2339
57
4791
2887
447
3496
305
1442
547
164
562
1329
2655
4212
4413
40
97
3962
86
130
1390
2946
820
4208
4307
504
1680
2304
309
34
1559
4019
110
1939
1911
508
870
177
2946
4396
2035
511
63
4494
128
542
3861
1749
1504
1014
2172
2021
1666
639
3935
1338
2498
216
4669
1347
393
4513
317
3339
1243
2107
2242
546
364
314
1130
793
478
3502
1611
846
540
167
4218
964
449
868
3115
1775
4690
580
44
3690
2107
647
179
637
265
198
3178
109
788
3522
62
1144
3757
2875
712
114
918
821
881
756
4403
3021
375
319
1564
115
2573
1538
653
2733
34
3368
4388
194
1351
1980
45
1284
45
313
450
3944
4416
1201
163
1277
2242
342
1104
872
2354
797
1779
1060
2027
1239
1981
3578
537
371
3519
171
4052
3848
67
3858
466
2311
4692
171
2162
178
872
3768
4197
3361
193
1724
2303
1988
671
1859
1440
2496
3689
3694
417
255
1447
2361
600
49
2787
368
2795
3677
1836
795
2223
337
1444
145
2816
2230
2222
1514
47
1453
463
3182
4142
2240
2092
4052
1810
1059
3017
1197
2595
3682
2144
474
62
1666
2173
40
4128
2101
3245
4390
3677
1396
2801
391
420
1106
2719
281
2025
2791
205
1704
4400
2882
360
1319
671
168
249
992
467
3609
2514
2711
2033
2519
1031
173
250
818
236
1445
396
102
510
2175
1906
4503
1548
195
1505
876
243
4407
1394
4688
1769
2298
747
1501
840
308
77
4048
112
914
3510
3666
1443
3597
3583
751
74
926
350
2454
2304
264
1657
157
1872
2293
2501
1339
2099
200
916
3962
214
1398
1186
2090
191
2578
4033
722
41
2382
4556
4781
2721
768
1719
4801
1558
2382
1348
103
3146
1912
473
265
165
3926
2559
200
1051
474
3337
1084
1563
2367
783
4114
2651
2164
1732
413
127
3947
4225
3325
4185
2653
2020
68
534
4422
257
2665
4688
3099
201
4501
1050
4299
792
1401
4033
461
1551
633
788
1106
197
53
4705
3949
1675
4298
85
1462
2739
48
4709
1735
304
3197
4570
136
3342
2594
2517
2283
4130
259
356
449
537
4183
3012
1863
4222
360
3028
2955
962
765
1980
2022
3920
2043
107
1041
3109
2617
160
644
4314
2506
182
1395
3190
775
1818
4758
2162
4047
3194
1115
3044
4685
4608
3097
2749
66
4781
1239
109
2513
4794
1597
329
1191
229
2628
823
3028
601
3671
4031
4103
321
3577
1520
748
927
495
547
46
4609
4311
367
356
3575
2232
184
201
1562
1060
904
85
44
41
1830
2495
1255
1841
3332
1920
452
2948
262
2634
1983
1244
790
319
496
1384
4102
2428
535
258
841
4583
2037
3515
230
3347
2217
356
219
50
4389
3279
205
2048
1724
1300
4205
197
360
111
52
2043
3089
2949
1443
690
3948
867
4038
381
2785
3150
509
546
269
145
102
57
2875
1150
3194
1841
2224
631
1560
390
206
2155
575
1405
763
129
3437
132
4305
747
1436
115
513
1345
285
178
1660
1723
4696
3070
4121
291
2513
101
3032
1502
652
2575
1501
4403
2649
462
70
133
353
4399
3948
170
3498
2871
1094
89
1892
4500
107
97
1413
531
2564
51
1146
1339
3096
2418
78
1231
1090
867
3505
264
4676
457
192
2285
34
842
3869
1981
95
2147
1102
3764
1677
884
2764
3110
2244
4235
3033
881
427
1112
830
71
645
1866
2169
2235
33
3681
918
1333
4784
42
2118
1866
613
1075
4224
541
2514
673
1785
1565
1999
1740
4586
840
4699
186
3935
1789
4480
3766
1502
1730
2356
4108
3273
4219
127
3514
395
3618
296
225
1961
423
2021
4047
48
1013
563
2494
882
3429
574
3838
3854
2865
2439
3930
449
798
3952
168
2035
4141
2213
2301
4756
1338
1505
337
639
721
2940
2003
4577
679
284
1044
2996
1146
2116
2723
822
2025
1046
1037
1847
231
2887
260
3193
425
3843
2508
1686
3699
31
3688
3764
3871
1445
1103
836
3511
531
1248
2287
175
140
4206
3684
3045
2301
1912
2166
2926
1608
3496
3437
163
3512
414
2499
2426
950
3518
1017
1670
2809
37
2373
1925
751
1776
2044
1620
754
325
179
2477
1100
801
2015
1267
28
144
830
401
3493
28
24
2668
435
3830
134
68
95
2235
2643
2036
4387
3425
93
35
55
2872
2795
4300
182
2049
4334
479
1321
511
100
761
661
158
310
2090
4396
4131
1052
3336
217
3012
1460
1727
676
919
70
1625
234
3685
432
3263
483
197
715
838
2050
2435
1192
317
3104
4654
70
1832
642
1253
4562
47
4294
2124
569
3429
963
2878
957
293
3767
4392
685
3212
4502
3192
1391
4801
2240
2445
257
574
4789
447
3023
2255
3762
4486
272
1512
3840
1001
2073
690
550
3414
166
445
2216
2305
383
475
2313
1398
1832
510
3604
80
2945
4185
807
193
2147
355
1609
2425
124
3507
3116
3248
279
4760
4477
4049
2388
1199
4114
838
977
2511
3346
1407
182
4501
83
2343
999
1407
3760
698
357
576
255
1144
815
51
35
130
611
3182
2320
95
3502
4406
4113
718
2109
3428
3190
3319
2862
1504
924
740
4313
2729
763
42
3844
4692
671
1101
327
314
121
75
382
4197
679
538
155
1151
1840
332
475
578
3109
2437
4287
4791
195
2248
33
313
4595
585
228
3118
43
248
963
4284
3928
420
3594
3321
151
3686
207
3345
269
69
822
25
2879
867
1334
806
2865
4293
3596
1010
1393
4223
873
2439
477
34
109
3362
1547
3260
1502
3108
3421
1509
1297
2095
1548
1251
3517
1398
3043
1296
76
314
1553
761
804
4382
4318
3197
114
1282
3192
2190
2553
4029
187
4586
63
1240
2370
725
46
2458
4310
4133
1391
1104
162
1613
51
2538
1961
320
257
1496
3347
476
2243
1154
392
4468
112
263
1914
3515
3966
686
338
51
3028
3269
4029
63
1385
826
3091
86
73
1306
151
1001
2300
4385
3514
648
515
241
2088
3768
726
3262
266
3945
2572
821
2876
3271
4404
478
712
180
1902
669
400
691
177
178
2227
452
66
2582
1599
3532
2439
3185
2800
456
1978
763
2097
1154
543
4665
2229
3948
373
3953
751
1051
1233
1778
233
1185
1125
3929
762
157
688
52
834
246
2279
1397
802
171
2031
4709
434
835
2449
2373
318
2721
3106
1787
1901
4773
241
2375
1244
2019
3942
3412
4584
1396
1148
4007
1451
1295
2961
3770
2949
3857
3590
4798
2937
2362
2345
1390
2158
3241
2818
4296
327
101
958
1737
680
637
53
1149
390
4302
262
2947
74
2316
127
480
42
2432
795
2424
1188
961
780
35
4132
148
1196
3503
163
51
209
117
836
1776
835
239
3759
4567
4494
3600
2444
1796
2446
386
1445
243
281
1839
808
4143
4491
88
4132
3271
3501
2161
110
4682
4710
41
1573
4522
319
960
1091
2432
274
885
4219
743
638
2870
1355
2740
706
122
933
262
439
1671
276
2106
4098
3846
538
3852
1510
285
4602
4167
910
2376
912
2318
876
1108
3007
444
85
1284
3019
2362
4208
40
2301
4683
3329
96
3186
1400
663
3266
1453
4498
3783
3606
936
3264
582
707
3853
1868
2501
1917
2507
3590
1784
3817
4413
69
259
1906
2649
366
1153
1912
116
61
729
4034
329
31
195
2507
625
918
392
392
1742
322
3179
655
96
193
2024
394
509
161
1910
1743
198
159
3107
1345
4607
646
364
325
1332
4044
1851
1510
70
483
1617
2815
2229
122
69
3673
83
376
3337
3262
2957
1548
2942
910
3354
2103
176
4119
3414
684
1232
48
1354
289
3607
3678
2865
327
1710
1978
3760
394
868
397
409
2040
4289
3197
1849
4299
2288
1691
1399
179
3171
2504
1080
519
4456
4121
308
4408
115
3611
4494
35
1258
310
39
123
431
84
3101
1717
2649
1090
124
1006
173
247
4592
672
3693
308
1395
3339
423
4332
805
398
812
30
162
905
4693
3019
142
4607
3482
1840
119
722
48
1608
1276
476
2886
438
277
26
867
1510
333
3956
1134
4211
4498
1237
1236
2795
3783
224
965
33
3923
342
1102
51
4597
1048
3490
1200
684
1741
40
512
1939
1101
156
1733
4220
3358
4398
1722
3767
3425
982
3843
1733
1043
4388
1106
3517
3267
3345
3337
3192
148
56
1012
572
176
4309
2166
3585
1661
88
3087
2028
1140
2874
142
4124
2932
3199
1515
1250
2157
266
2048
3694
4568
44
1339
225
610
1121
43
504
385
3198
2189
4758
611
1506
3335
1240
3615
4806
1246
103
31
3184
3344
2631
416
80
3499
1254
116
384
1201
280
746
144
479
134
4484
4789
303
473
184
240
3179
2300
2592
871
33
413
2314
39
1150
59
3499
2885
1803
1433
3957
3048
3107
3697
3510
199
837
1301
2515
584
1130
318
3428
1277
3277
1437
2488
3956
2583
724
1900
246
107
4693
3850
909
310
2050
821
4708
124
1854
475
4247
923
642
1238
3965
963
74
3689
2634
367
2732
332
877
3186
148
4563
387
30
3687
4031
52
627
4291
3671
1093
783
487
1607
2732
419
1626
4583
2303
1981
21
389
39
2383
1206
4794
803
1628
1526
2494
35
50
753
153
61
639
1097
1549
97
4293
1238
4026
4602
4138
166
1288
3257
3870
4587
4101
4481
4671
111
3766
923
3037
1036
3604
4494
1715
382
311
86
3191
368
460
1257
2589
1797
338
581
435
1207
382
4319
1258
1053
3522
40
4790
607
3191
4100
570
4201
3444
28
2695
1667
1236
2433
80
4210
2350
3932
4670
1429
3599
867
65
2718
99
4669
3163
501
1185
1551
3520
2652
3517
3860
48
199
4588
1784
388
126
69
562
3268
2945
261
496
2041
2963
540
792
84
2803
333
2793
382
4128
180
1561
1097
4490
162
162
1852
2510
916
789
2445
794
1332
3026
1613
461
2090
4579
756
4687
1048
43
4124
2861
965
2237
2382
4698
69
3433
1209
2091
500
3671
4203
4687
73
2306
287
40
165
4132
754
2039
1300
419
756
2867
3511
2648
3091
4584
678
2654
2522
1650
133
105
1906
1671
2576
2168
4368
2720
3421
2776
2056
144
391
306
839
1450
271
4685
3774
3344
239
3331
143
141
50
1850
268
862
279
705
180
205
1852
1661
1564
289
1728
1726
1335
2434
3188
4694
3824
2640
74
1499
59
660
418
166
2443
89
509
511
132
2507
2379
2427
443
472
1604
2660
25
175
1795
4579
583
963
2100
4700
386
114
847
3025
1000
2441
211
803
1501
4457
1911
450
476
3603
608
595
3596
2555
2230
2164
2100
4794
3676
239
181
4031
49
1886
4669
4302
3100
311
2670
2363
159
4493
729
148
1838
68
3373
32
3591
644
1233
2078
2562
650
3247
4128
1504
315
37
2779
3275
831
299
827
750
791
922
806
219
1620
611
2305
4311
98
1661
4131
2368
2967
3053
840
1867
778
755
4415
4574
717
311
3422
1780
2155
997
415
920
2647
2249
171
1247
3352
2877
3034
2227
3260
331
142
1605
841
330
3373
33
4502
2953
1569
997
223
63
420
962
2880
4037
2028
128
384
41
2721
389
4045
4667
2630
4760
4197
236
2575
4010
4121
128
351
175
3492
4678
2033
3954
3016
2099
1507
4133
2232
1282
839
1895
1343
1735
611
1036
4799
3754
3845
332
636
4763
1103
333
409
805
339
3035
193
4590
966
840
200
1392
85
2424
1342
1446
3189
2815
259
2937
1678
3095
1924
755
568
677
1335
1301
3747
4131
1296
1848
4682
815
409
1196
3106
518
2029
3607
1302
4122
1196
2155
1889
368
1333
181
2042
239
2243
59
1669
998
83
4033
390
2634
3421
3485
872
1785
4232
74
4127
3953
4499
775
960
886
390
354
707
827
1910
2450
2860
3402
794
264
2367
718
2435
3856
962
345
3340
599
1504
3431
115
107
1197
671
757
3685
3091
3157
2377
3108
3952
537
2692
4793
574
793
3489
395
1305
1862
512
442
3113
757
368
293
3256
1794
1189
1734
3098
2432
45
1190
2716
274
234
1290
885
124
1859
683
45
799
1014
3933
639
353
2291
506
3692
1902
2890
961
658
53
2725
3113
3345
3585
475
611
2511
1181
3334
444
830
4384
1147
1677
126
4801
90
609
1722
3780
1724
135
1453
1564
177
2451
673
568
53
2806
2452
4194
1847
863
160
4782
1036
4130
2040
1343
1179
1291
2559
3341
3334
1480
609
2489
296
1291
128
844
282
235
262
603
4399
1242
4215
779
4500
1100
4219
4770
2506
2641
2789
3197
2761
214
3048
832
1036
89
1140
1976
1854
109
212
798
1446
349
728
1093
2206
2651
295
995
443
248
1744
3152
4032
33
795
109
3750
2092
361
540
834
50
3672
184
3210
472
1620
279
4124
262
2356
351
1911
828
507
401
1622
1725
2042
4587
1989
1785
395
4773
180
1138
42
2293
71
1041
783
2360
4702
3102
418
288
4412
133
3410
2046
3019
2861
2948
4325
128
78
2219
2589
680
3337
310
358
164
3027
647
162
4319
4696
1450
218
1794
3759
92
988
1730
328
222
2861
3048
646
1435
163
23
51
965
640
181
2577
3184
2096
3958
1793
967
952
1145
1785
4505
329
677
1023
2946
243
2299
577
382
2091
790
718
706
542
323
31
4113
3166
3028
3430
798
1041
171
4509
1352
142
4559
701
90
1612
3865
3027
3945
228
1852
4116
2086
1427
2640
156
42
1495
2099
3761
115
4207
1234
635
1037
4683
551
288
2107
4313
4316
4683
4599
36
1715
1724
4422
4034
329
1236
579
2246
1986
4793
1687
2970
1502
1674
2955
33
222
334
1789
3324
4313
4291
4049
190
2855
2385
3196
2300
670
141
215
3857
828
2373
4479
3022
875
1060
618
4388
340
4124
101
1292
197
614
1733
171
419
2629
237
2929
2122
3529
357
4134
2233
1197
425
3198
1725
301
3423
3176
878
1920
1296
534
827
4618
443
4390
3938
2267
294
2954
3108
792
3111
2362
4220
3614
4248
2365
236
789
3861
2179
240
1549
605
2085
80
4024
3341
1744
3523
4475
4042
425
4075
1916
2511
933
4044
752
3038
2790
2594
3524
638
594
1731
926
638
1680
1077
1451
3281
41
415
1287
2177
1147
2721
61
1044
176
175
102
954
2558
405
162
3120
2726
1854
280
445
4026
745
3781
185
961
540
4039
3635
1913
1028
600
224
1561
167
756
1831
768
3007
1630
1909
161
228
142
854
799
2719
483
1957
1613
675
4230
3521
606
803
3756
1853
3955
652
4508
278
1051
153
804
4130
165
2715
2785
2235
2643
746
732
171
2086
260
798
639
449
2793
64
535
1976
4782
2588
38
383
394
206
779
3187
2643
2807
47
1302
2722
2105
4213
155
2287
3934
749
529
191
2821
1996
989
1430
446
145
3502
576
753
51
2719
1795
3849
504
1341
1559
450
2753
1454
3024
2656
1292
306
4122
3753
28
1739
2389
265
2375
238
1549
70
4397
2808
1502
2581
1236
59
110
3950
1661
59
1675
720
3583
540
987
1624
4118
1125
1337
1620
2715
722
84
213
1239
2963
995
2883
41
3738
3031
159
1881
1146
362
547
4127
4487
1604
2300
1104
1300
2731
1492
284
915
52
1341
836
745
54
177
545
886
165
4663
1006
1861
341
465
54
271
611
3758
45
2460
1445
1621
53
3261
1402
384
751
3935
114
106
38
2093
2787
3537
418
422
2238
2654
1557
2509
3589
707
1448
164
40
329
386
3754
4582
724
3519
2919
880
681
1095
3107
918
1099
237
300
1287
576
487
2660
1606
539
1811
4728
1234
4569
2235
4695
4478
1274
39
1973
3272
93
1846
2032
50
3932
261
33
4218
2162
1225
2152
613
3689
583
469
536
99
183
1134
3201
1828
1667
128
1098
342
1191
2791
1233
1546
2110
3580
866
2168
804
4766
4684
2574
1342
706
74
1096
1668
2387
1918
2025
3004
2225
4130
339
28
886
47
1818
63
1300
2811
42
1461
1198
55
1901
4505
756
926
4193
3682
1005
453
446
162
3596
64
673
4492
3592
2162
2113
650
144
2720
395
145
3664
4388
652
2714
368
95
958
1138
1015
1513
56
3363
2044
293
4702
372
36
752
2014
3241
1449
837
961
3436
923
146
487
3759
314
48
1002
257
2734
2669
3019
4804
515
2792
3101
49
4505
2168
4567
4053
53
1793
288
1458
27
2235
2970
1362
3316
2384
617
252
1794
610
1019
1090
3176
2870
4411
1544
123
442
447
3101
142
602
1340
609
3868
1164
2168
3015
239
3951
2865
1973
2660
1973
1273
3519
1045
47
429
224
366
3021
4588
4283
3447
476
1177
2311
2706
332
689
3085
142
311
2175
4114
720
4776
4703
1336
4769
1019
3948
4682
165
67
1631
612
3765
1193
4313
1099
4415
1402
368
567
503
3802
50
401
438
198
2310
2798
406
1674
1136
1674
1329
149
1355
1453
3449
276
4687
1889
4775
242
3936
3840
2572
2248
208
4781
1449
468
1002
829
134
757
32
1906
142
1341
3567
335
202
1189
608
4618
83
2417
1380
4677
3925
310
4111
1704
2658
70
1002
1989
1570
1301
2206
1134
31
789
2731
84
1721
1859
1862
2438
891
204
3193
4757
3955
2037
176
304
34
3865
403
2727
2797
4407
3535
3872
862
2235
284
222
885
1916
1328
2802
2173
1852
586
956
1413
3789
64
99
29
336
1781
2459
2772
160
2108
47
3882
473
210
561
617
1051
1908
107
35
73
26
872
2773
353
2896
2637
4013
879
3108
1555
3048
1974
219
447
2434
158
2507
874
3958
889
323
3174
2729
675
4473
3852
4593
1011
725
913
871
3754
2047
4497
3768
394
2791
2620
2790
1683
1550
3255
57
753
2105
2952
2716
919
3374
464
418
4479
1553
3112
919
1153
220
770
1399
1275
1062
4206
115
4308
1010
2877
3696
179
571
363
1190
4199
1459
1049
4381
4599
111
301
712
4236
342
2657
4702
2225
1793
42
306
3753
4677
2509
3587
1659
142
844
1184
1183
2722
509
782
37
1838
481
285
1300
1935
509
503
1448
2585
359
432
539
802
3768
3673
716
258
418
2499
3578
474
1386
39
213
648
1509
780
1004
495
454
2158
2963
3246
43
2224
359
2883
4582
2348
775
1090
2773
958
911
3247
261
3938
2446
124
3189
2142
364
3013
1837
4116
1120
4688
47
61
921
1453
363
411
2952
3272
2804
2585
166
705
566
1777
2527
33
181
235
3031
1729
426
1330
1286
3862
4407
419
4505
3683
203
452
3188
3325
95
63
1923
3945
1744
475
675
912
4396
3438
1042
3692
288
4006
1970
478
4296
1856
1675
51
102
2509
1840
3022
602
3682
259
3178
1171
2433
4228
44
1678
537
97
2169
855
674
616
3478
2502
2321
46
2165
46
141
451
216
610
1096
2164
4229
2944
868
3614
73
3203
1783
48
274
502
4209
1252
403
2785
4595
4393
34
2239
4674
4689
3878
53
2870
2955
3411
567
4805
566
3598
3042
3520
4226
2102
1573
2098
1920
3863
3016
1349
219
3955
1233
63
916
2947
2290
1791
2311
642
1389
611
2415
497
320
3432
676
2368
311
146
790
2879
275
515
4691
3326
200
1430
143
1726
3785
957
724
3617
158
302
30
61
476
933
4411
3591
3284
1575
3778
1789
1203
1196
4417
516
1576
873
307
4119
2589
305
4310
4059
127
2151
3699
3262
1395
1902
4127
1321
2104
4137
1061
2047
512
3003
135
42
30
3765
380
395
2500
2506
4029
3430
638
49
144
2642
81
4420
2041
3762
4224
4791
2319
2637
159
2658
4753
1212
2654
31
3674
601
2792
1380
4114
951
1228
80
1083
1862
1353
62
1535
571
372
39
1097
1620
969
1304
1970
569
689
240
23
3954
1550
1449
2887
578
50
1570
1274
346
3103
1920
642
129
540
972
939
329
2255
1442
198
1433
1000
311
1665
4272
1180
4015
4769
2227
959
2874
2582
926
2523
1776
2620
2039
2368
4586
111
3591
1915
1855
3025
2494
148
1559
537
4390
4126
2118
749
1706
4041
1230
949
1620
3757
4226
4225
4322
301
4682
468
389
4770
759
87
3952
1151
1185
508
2664
407
3527
4322
791
1954
199
912
3188
283
48
3026
3775
1010
4567
1675
2162
50
108
4031
2057
2091
4504
723
716
4480
673
3518
1194
3349
879
41
4291
147
2862
919
59
3026
352
4596
157
52
1929
536
2352
62
451
1677
2288
629
3420
1675
2435
610
438
32
795
178
178
914
882
3287
2855
174
3363
915
496
2210
102
391
2783
4275
311
3363
4229
4037
311
1977
131
4282
4035
1737
4771
1137
1322
243
117
286
677
2740
3945
1789
47
1923
3439
42
258
4476
1779
1915
3775
388
3188
389
2377
2804
601
3954
232
4028
217
39
242
610
4119
34
506
4681
798
273
1392
3342
485
3342
1718
1681
2721
1386
1549
1019
186
505
1339
1010
3846
2784
791
965
4410
1902
64
649
151
995
55
2227
1447
1004
1335
303
871
1402
1977
1448
1143
4607
4657
976
1454
281
4610
4568
2596
4292
1907
4407
1041
130
1334
223
2728
285
48
64
1444
51
277
603
1973
3763
4503
4692
947
286
471
847
602
202
598
639
3260
1907
3492
181
1508
1841
1048
4029
2449
39
62
1016
4026
1505
1234
32
825
2515
4128
4045
723
2654
4422
2798
1686
43
238
1346
2297
728
2949
2874
3540
946
3126
4490
594
112
599
1678
338
920
3360
2148
3760
584
162
103
3609
1971
1972
2097
124
2816
2229
612
86
218
1670
69
2224
4220
4500
54
4129
904
4703
755
2287
59
1912
62
3085
2871
1557
109
793
48
2373
3611
288
360
3504
1623
258
1230
1194
2311
1788
3273
4797
198
118
3191
2728
688
362
288
2039
1565
2237
2670
4403
724
1351
4496
568
681
2445
3844
108
1241
1869
340
3691
2806
1728
57
1838
3599
2225
3041
4787
2378
4032
102
165
505
1615
2719
1406
336
3240
1342
2721
1184
4683
3501
4029
1681
2221
3325
1851
446
1968
4480
2068
834
596
3491
2873
1343
35
524
413
1501
390
4289
4315
922
4792
1506
160
4687
285
214
1970
3188
4677
261
3244
4694
3036
1682
161
2734
4516
102
3870
3668
4121
721
2092
41
3413
4685
2888
1024
579
4336
4035
1053
1114
760
2110
347
360
2136
2959
4590
1509
1090
4121
864
2638
85
216
3172
296
1103
4790
360
3938
3760
1564
4785
2439
2156
3771
3343
2050
1555
3116
338
1566
1334
862
764
3420
747
2168
1567
1397
3523
4019
613
2588
242
481
997
470
1601
997
4287
1241
955
3277
226
1776
3184
535
1134
3576
1188
474
3251
2735
4477
1008
1781
1110
1739
149
1844
611
3942
2376
3907
65
1265
571
246
74
1863
511
1250
107
999
3856
172
4770
3185
3209
4394
678
3660
2137
1775
785
74
221
1105
3124
4298
3864
588
197
4304
1662
231
1981
960
85
1133
2937
2650
1090
1144
396
176
36
607
1858
137
583
1655
4777
3013
1054
1615
398
3511
2082
426
164
1549
2372
122
1048
4775
4047
2798
3341
762
1046
2528
42
290
1677
4496
2871
3942
793
548
4388
2435
2236
2805
839
2299
1658
2133
1174
351
2579
501
555
4120
161
85
2232
305
1729
510
421
540
2433
385
4789
3109
33
4296
764
1847
1843
2860
612
851
919
4682
1256
609
65
2802
127
1093
4296
2226
1177
2162
4673
3020
872
841
3593
2034
538
4309
1738
953
741
3610
473
2798
1061
566
4099
3035
81
2323
2228
35
72
4388
2294
1234
535
3932
83
973
4208
264
397
4326
799
1853
646
637
1300
278
1678
196
1190
1503
184
82
955
58
4797
3688
415
1158
1490
1962
3864
601
3194
1137
4484
3033
389
796
618
95
4264
212
4680
3255
182
223
4208
111
2013
2165
508
684
1970
284
103
580
115
837
197
755
723
1962
2584
2648
2566
70
2029
71
1885
3050
640
1381
1909
1750
2228
265
994
2169
1147
4309
4296
40
3254
1849
1557
1944
387
2075
1402
416
2047
2658
89
2866
605
1140
981
580
1406
1344
4039
224
1237
40
542
2088
873
144
3270
161
602
4223
2871
3517
3838
2436
1287
2051
927
4379
3862
610
153
3428
3949
3497
2801
2240
68
113
159
264
177
2501
438
3500
381
46
165
3283
1668
4507
818
1197
1685
124
826
1005
202
1788
4030
182
3847
723
574
209
3432
458
1017
132
50
2031
4035
714
3677
1017
2716
785
218
4316
43
2438
163
65
175
2638
4300
4567
1255
99
2181
544
2731
627
576
4121
1612
87
152
1145
544
4664
3691
99
1965
799
2710
1676
391
227
709
63
4558
413
1665
749
3937
284
1675
161
1442
215
3272
603
94
818
4193
3779
1997
4704
1966
127
2795
306
2374
49
274
1399
4027
1193
70
3245
2494
4574
2517
333
2591
3031
237
4018
4673
533
340
883
34
292
63
2302
733
287
1976
498
4604
3011
1795
2023
1165
2441
402
3014
4387
294
799
2369
3508
717
681
950
1143
799
1748
3010
4042
3036
3262
1856
1232
156
3609
188
184
156
1981
483
927
283
1643
4508
1299
789
1356
390
1241
3030
2164
59
2559
524
202
3044
960
1038
1988
3857
1139
2229
2403
3270
1328
959
183
549
2224
4599
830
1276
1434
124
111
1967
2491
1762
202
1713
537
4415
2801
3275
4481
359
2650
29
2336
4406
3187
600
1510
4652
921
146
3437
2231
3503
3922
155
579
1842
329
110
1289
202
1011
48
2222
233
1732
536
43
106
2433
202
1200
3189
829
1350
2942
1180
1571
4600
400
2720
1501
199
363
4815
1849
1930
1232
40
202
530
711
2513
1111
3102
1350
232
124
3419
712
2788
1626
54
1610
1287
1686
1158
2359
364
690
2354
371
33
146
4473
1494
3085
843
433
1247
285
4042
504
1331
1652
1722
71
1669
394
246
4225
1971
4140
2161
286
2181
217
613
129
2244
573
2936
3745
1856
2637
3286
2299
3863
63
2866
42
1100
3347
592
678
502
1375
2880
417
2872
1005
2923
2309
570
990
125
645
4314
606
89
396
1675
3528
2191
1192
1498
4606
2942
3439
1001
593
181
259
387
3866
1626
426
3279
225
3662
1333
2891
199
2196
4583
709
96
2515
1743
570
4493
332
754
3763
3832
1285
2183
1610
789
1243
4052
1138
2451
4665
2344
1729
3536
195
3173
1011
110
3079
716
4201
1004
1419
3271
1284
339
683
101
2795
4749
81
4573
797
1049
393
2565
2725
2313
567
2234
2791
834
87
2943
601
946
111
1921
707
1141
442
3517
1612
1610
879
2044
3615
48
3025
419
1504
571
1742
3187
1955
948
1132
960
69
1849
4298
2440
2240
153
1600
420
1614
653
412
2048
97
48
1186
1353
1807
1390
153
1191
125
3518
34
266
4475
167
3266
375
2573
4496
1991
2568
1171
1137
1911
1732
226
3850
2807
2720
4034
1139
4679
3517
43
4414
303
1393
4619
162
2941
2715
2589
4681
2876
4215
315
530
4595
2105
174
1446
1984
875
336
4769
132
2442
37
1622
1882
2280
332
4572
394
548
24
3519
794
3957
666
1498
3930
2433
840
1849
3865
127
3277
795
1153
799
30
1620
2456
2366
3678
201
154
3426
4411
148
879
920
62
336
3013
4381
2824
4591
824
3756
3340
47
1009
2707
387
73
4301
4802
85
363
601
3773
2371
128
248
758
3118
3952
3590
264
508
2097
1068
834
2651
4214
1202
3040
2231
3579
385
579
241
1408
1035
2039
2455
509
3425
705
103
411
3579
1448
373
3360
1055
1438
3269
196
737
2118
149
4305
288
1788
353
3850
1003
3425
197
1807
332
512
332
3112
138
1735
575
2958
71
3357
4790
2040
683
1001
926
634
242
1345
480
1354
314
248
3670
219
647
2866
3263
3440
606
38
3113
308
1711
1915
32
129
1406
328
2173
1390
2800
110
3752
54
3687
692
1622
2230
1007
2736
831
424
485
126
2895
45
50
680
2170
580
2105
3310
2928
583
1080
1196
1503
796
1855
3334
42
499
1612
877
31
1392
3086
84
125
2566
4049
296
313
719
1243
4590
4467
1397
256
3248
2160
244
1445
3605
255
822
3411
601
397
446
762
333
4310
1851
361
4410
3421
233
4210
2290
4495
3600
1847
3936
1550
78
300
834
3995
4677
458
520
70
1410
128
4402
1346
3530
310
211
3773
2736
3357
2932
359
511
4120
4520
2152
26
1727
3616
2359
3351
3742
40
3590
4415
185
1727
4799
2305
4187
2027
3048
1615
380
216
676
245
511
1402
801
1062
447
259
1254
430
701
32
338
878
1152
1845
1799
57
59
3024
76
1559
45
1154
847
32
58
2801
71
3184
2658
1097
1627
1740
2057
792
644
1789
1012
4047
759
54
3507
527
61
2017
403
997
112
2945
54
705
3353
1562
2039
93
3277
4198
369
387
1332
4422
95
4758
4050
4592
2046
2109
1555
1398
1843
4031
216
2006
472
3247
1045
267
2953
3095
4807
100
3210
2183
1674
1192
2111
1073
2294
3599
2692
1910
2218
113
28
827
2576
3773
3681
102
3021
1394
3675
1552
2943
2953
1612
4395
2877
3082
253
1198
796
32
752
154
3664
1749
4007
361
3608
2879
3033
153
973
883
4200
86
3945
4311
221
752
688
348
110
4778
4398
4513
506
2739
987
221
2648
59
783
2217
180
2799
2458
71
2030
357
683
1905
3750
3251
1571
420
91
674
2211
3957
3197
3765
1742
2954
339
2886
162
4037
751
1049
75
361
1954
4414
1191
2176
192
197
2026
3841
157
3772
1006
4049
1499
2016
3955
3845
1223
264
1137
1628
1248
722
100
3255
38
1257
1461
3781
205
996
1243
2860
950
3935
954
2783
186
1144
4042
1047
1508
823
1618
881
2794
2780
575
1842
4116
43
1604
752
88
1219
146
3594
1298
2214
2301
1610
651
2571
360
1458
1325
3089
2168
3269
307
3512
417
4005
269
3844
740
3466
217
4496
3026
3195
595
1512
3760
1238
1409
117
754
1918
882
84
1348
1007
464
49
3606
1076
3353
289
3846
4315
422
3699
200
1800
213
446
1012
1559
4040
4117
2724
415
3951
128
1552
842
2808
1295
2716
2359
414
1381
832
1670
4697
3121
40
4132
3275
1744
93
3255
3017
72
4592
1952
3198
55
276
263
2067
1661
822
2937
2432
111
259
2578
4488
576
137
1553
3504
874
2932
2953
73
335
1501
1253
2515
454
1096
2572
4491
959
3186
32
3607
3610
145
3263
1073
1504
3194
434
2033
312
58
1860
1611
3049
85
574
563
3098
2664
1836
3965
2665
1089
509
2856
3206
45
186
3944
884
3590
911
2634
2634
613
1572
1011
1792
1196
2868
4428
1633
355
1685
2554
371
974
74
1434
3582
530
2235
294
1460
270
923
587
2105
505
230
2165
1047
187
92
913
1007
3685
1499
1035
935
3679
215
4231
4399
1859
3505
1325
1564
92
126
205
396
96
630
1125
2317
1445
72
4214
2303
2026
2359
1194
4657
4775
386
2868
1003
718
116
919
260
1173
449
3350
535
1615
2727
366
1406
4130
751
2227
3947
602
1653
4578
464
1276
30
2302
1548
1554
2721
4500
1738
3041
3778
178
381
2103
2791
2441
690
339
265
885
1095
1182
4781
3170
800
25
1924
1420
1506
960
296
3677
4219
2806
478
993
110
328
871
1054
444
1652
70
388
313
2454
3362
4693
2233
36
916
881
4102
52
1957
765
1057
1674
97
2226
52
926
1561
394
78
2448
2237
179
2505
2438
2719
1783
127
2947
3685
1690
148
1105
3284
793
27
1146
1244
4586
2366
3283
3238
150
2654
1569
289
3674
1789
445
1000
258
3655
1500
3272
2040
1050
665
3864
2951
224
4682
3042
85
478
2945
2138
2649
109
505
1456
1334
1437
2097
3274
1847
1442
3756
96
75
1739
388
134
3197
3587
3779
358
1669
970
1555
388
43
98
1567
3205
2710
2962
2171
539
58
2423
747
3692
58
1255
3438
2789
2737
4389
69
2300
3423
1917
3507
4708
3933
2230
3611
3852
1675
691
730
412
153
60
1006
2945
671
998
2795
1564
3423
2203
3957
2658
4503
964
3181
1551
136
179
2581
1301
1384
186
189
3685
380
69
643
2585
4135
162
4298
338
605
3961
3108
1088
1189
4683
1106
654
2151
2020
1981
437
2369
4068
57
2824
2046
244
2175
1852
2994
164
162
3110
2042
235
171
2578
234
2220
563
4309
2491
769
2243
3479
4474
4423
578
35
507
3099
1249
1839
95
3288
586
875
966
31
4686
1325
958
3838
1951
131
1290
2524
2378
2032
1036
2856
540
3518
28
3189
587
447
509
45
3291
1660
2744
259
976
201
4030
404
1288
2100
1014
3179
4047
2804
3008
184
540
506
2853
2968
1680
483
4312
338
4588
2869
74
641
815
687
864
240
176
4776
2569
1345
166
1392
350
4023
501
1084
115
365
3673
1085
1196
49
482
141
232
606
4229
1415
2036
641
730
1100
84
292
1132
1636
2045
559
162
52
196
2095
1498
2882
2436
2508
3515
2167
720
599
176
31
2500
442
645
3202
2218
2033
688
1110
540
1292
4407
1206
4580
4230
4687
2236
999
1185
60
1080
4208
1905
1450
438
2180
2647
2107
1719
4481
4039
183
2090
606
971
407
1136
262
663
288
1841
3248
2745
182
43
3501
883
803
4304
1788
2303
258
4678
2251
97
358
2244
486
1153
2526
3414
60
506
3512
190
296
3274
96
3017
3871
962
3871
1786
2505
2140
789
217
53
1906
762
2299
1090
1623
1551
1736
4681
87
719
1570
842
2090
408
147
220
644
37
1059
1674
3348
3845
1917
541
2654
1563
2305
4672
2950
2046
4327
722
1618
2580
929
1307
1226
4273
252
286
917
1376
139
36
332
997
1286
34
2725
240
1921
269
499
254
4481
4764
1793
4227
4685
637
87
1045
2503
2168
174
1095
480
353
1912
4282
1805
1280
419
3942
3084
1231
2232
45
3033
682
221
642
2284
187
160
58
2260
133
4585
651
2640
200
156
2894
532
3021
62
3865
4571
1517
2118
1306
2873
2731
3609
96
4589
670
683
3767
832
3280
349
1100
1507
474
792
916
793
1263
202
729
4215
3037
122
1852
156
2234
911
848
129
113
2044
2366
3668
2103
694
2806
3681
2251
299
3446
1794
1668
345
424
3421
990
3751
3443
1013
3666
227
1855
3761
127
4791
46
221
1023
773
3270
149
2113
4217
4775
3687
498
386
2803
989
2729
2315
1347
726
480
3100
3500
2025
921
2092
833
3784
633
3095
4783
1793
629
994
1793
144
3250
114
1456
316
923
2558
1424
447
39
338
1804
1615
538
1981
1052
2868
113
468
270
906
4371
33
84
261
1777
2806
242
391
2213
306
3848
141
1299
4381
4311
3207
2799
1734
1921
2227
3163
1343
2456
41
2438
3129
3749
1351
2113
1614
63
1007
258
1084
2735
1652
136
1606
122
51
2720
109
673
274
3692
3349
32
477
4124
211
412
3429
1193
512
4507
335
1265
4042
269
97
2941
1898
4400
109
358
2865
2289
3354
213
337
75
2286
1899
795
1608
1169
1188
196
268
2740
34
1186
357
1439
52
1563
955
1099
482
4699
763
141
1964
1149
782
1392
912
38
1446
165
1191
4303
143
468
3838
288
3674
3757
3951
2506
3333
1386
1852
2793
740
2242
1561
743
4113
290
2295
1003
3197
215
1066
3517
3357
3259
2850
3358
752
1302
2371
1303
1107
2368
3203
1246
2237
2383
45
1503
4242
1329
1531
4052
3831
3574
3436
1781
3940
1392
264
715
67
955
2801
293
794
43
1102
647
1913
4327
3015
571
1391
123
4029
986
1540
92
179
4489
370
1197
309
2374
935
3784
1100
1908
3945
47
3360
3661
37
2712
3910
4022
2868
444
479
3365
2230
818
709
1740
3603
2743
4492
100
403
58
1991
411
247
2165
2313
4303
3592
3445
29
74
4214
129
54
3497
3438
178
1979
2211
4577
795
2663
2516
3679
4793
570
128
960
379
68
3516
52
312
3566
127
1344
1069
2493
3740
723
4508
1042
365
1453
3020
843
3430
444
269
4206
4672
2354
2213
3275
4313
143
1231
95
3343
1352
1339
1555
183
4224
52
500
1782
1622
2375
3814
3577
570
4794
677
724
156
2380
3603
73
575
942
418
4288
4405
1000
3949
1680
3269
1261
509
66
1014
2033
3667
121
2228
4763
1659
2163
160
181
1044
3762
1297
618
1010
1808
531
420
1247
2992
1544
59
98
1185
65
3017
823
2300
4590
3341
1285
2357
4480
2866
105
35
4773
4691
168
1731
4199
3177
262
1325
2058
904
499
2724
4039
1278
255
2382
4295
293
212
3119
4479
1547
1253
4556
3422
2717
524
1963
3352
4398
3961
146
1384
4382
542
1048
998
1036
3360
1383
3763
784
3029
602
1622
361
3769
146
279
238
4283
71
2020
198
1957
1827
357
324
1955
365
353
573
392
126
833
3426
1911
3117
262
829
1963
2726
2501
2238
2370
2875
4780
3353
331
787
2219
4020
384
1192
4769
542
718
385
1001
3675
3180
1092
42
3332
1270
959
3269
2813
532
1953
2728
633
443
465
1450
2814
2229
3092
3689
65
642
2958
188
3529
259
2569
3850
4032
537
1844
3030
886
40
3857
94
4305
2865
170
668
2644
1242
168
3858
3519
1656
134
1622
94
254
616
279
3424
598
565
1459
2430
1182
48
133
124
1344
3402
786
516
787
2706
4034
468
3404
2797
1867
3103
4662
3111
2176
3529
324
726
1919
3119
658
663
2046
4494
2642
4604
3354
4106
4689
359
1598
1022
195
3672
286
2180
3503
158
3508
2031
3346
281
72
1600
3431
2953
755
2951
1066
276
1623
2815
1222
214
50
1086
4492
512
1730
2031
609
219
1342
2713
2805
3109
1173
2224
2440
1633
4792
187
3273
90
1452
291
689
4239
3861
3181
4245
58
2502
921
770
2008
2343
3509
3193
237
1798
114
2233
59
1197
1340
4700
567
3184
3688
2726
4393
2949
330
859
1565
1444
141
2092
1184
3516
1139
213
40
262
1908
308
388
704
1327
4204
3684
1444
3698
2813
3093
822
2222
113
1105
572
965
2116
3103
1096
321
3504
1437
182
4406
464
1692
996
727
416
1087
331
2653
1154
1077
289
438
1682
1806
1465
1242
188
153
1913
544
675
360
240
723
97
2446
3776
2802
1705
3183
1053
916
3181
2944
3257
353
2309
2095
836
49
508
3583
4583
698
563
1970
3107
1569
3109
925
53
2571
1543
100
2516
1957
109
312
1299
2368
2811
1972
3275
257
830
1000
99
1955
381
3928
828
1727
121
2871
3699
100
527
2041
3845
2650
217
3348
710
145
1542
173
1228
1562
3441
1202
4126
3598
203
577
990
4289
4542
1621
344
2956
1198
781
2716
28
1381
1619
2182
2728
3034
1151
1033
130
2736
3507
191
407
4407
31
3606
3601
3770
1495
1284
3516
1502
1732
2445
1850
745
29
720
2039
584
540
618
44
520
2974
87
117
442
4577
53
1790
336
572
2801
715
3352
1391
3260
446
965
2869
959
2296
1219
277
245
2508
1694
2027
832
4219
194
1595
1198
562
186
91
70
2887
574
2637
664
541
597
2721
1198
181
3512
142
1412
3761
2873
1603
3427
2235
3499
4500
131
434
563
162
4120
1047
3615
1340
3197
3671
2309
42
334
796
3615
2863
753
3567
54
387
388
1300
480
3193
1726
1962
1106
2735
1611
216
1003
708
4699
2027
137
2802
1333
3193
110
1055
4581
1050
317
1247
51
2160
454
157
3501
3443
3443
1452
4026
353
4124
288
1920
2355
1152
4409
2446
85
3849
532
999
3946
2301
1094
3932
1108
286
3600
3513
3092
62
824
4076
2886
2946
3875
1099
1239
4032
4372
3508
1734
872
2245
640
309
446
3200
3770
839
2235
3655
866
470
747
515
162
570
130
4298
35
83
4794
80
3583
965
3757
2171
1664
919
286
1241
536
4330
540
626
1923
3495
1858
1619
41
747
53
4578
314
2734
284
468
1909
1505
2101
4411
2569
525
426
3505
1433
66
4688
1869
972
1347
1856
1846
3649
685
47
1344
4394
929
3504
4318
1454
263
4033
4106
3122
418
627
1047
28
3506
197
1456
77
411
49
407
4399
1246
3937
3528
1612
1401
4557
2714
452
1388
23
36
3613
4785
909
1626
181
101
4107
2229
3939
840
537
144
844
3286
1861
89
240
517
954
2117
3100
616
3369
107
1087
2107
1683
3848
4789
4106
3018
487
154
37
595
259
168
1339
233
3604
445
4027
4025
2803
2807
4242
290
1220
1293
2378
2373
151
1567
968
2804
3356
1719
2049
316
4107
4682
231
177
4394
1294
26
3762
242
534
239
2102
2286
555
3590
646
1911
564
194
2366
3180
2109
104
193
1206
830
25
1664
4779
1777
1455
3512
4108
2165
4208
91
789
4602
142
4504
1336
1411
3189
1550
4143
881
1096
1101
478
2108
4112
4693
984
173
2716
2865
3667
882
2661
1148
2792
3690
3413
4353
3504
81
3333
510
1397
3029
4790
3095
2431
234
2660
256
3854
1451
3858
3603
767
328
2229
961
1149
721
1549
746
31
3123
163
1812
2730
953
112
1968
1806
2656
1855
58
382
1980
3261
3621
721
1666
4392
316
4126
4137
1674
251
1542
1833
791
3436
3850
2791
3581
3111
1983
1852
209
1141
2658
316
3256
4114
448
4013
337
387
1154
1558
871
3939
471
2893
421
447
86
3598
2430
4390
1285
1327
496
3090
1015
1284
1200
2496
1916
3520
1547
867
2440
616
83
2207
4123
2797
202
797
1008
4307
4572
4214
144
38
794
796
243
1898
233
2937
2505
133
3025
199
2495
3749
3947
3744
2588
4689
161
1245
3112
1245
274
176
31
1617
4014
964
487
689
1987
3102
603
268
218
4475
64
2316
2796
370
339
2044
2116
1607
4505
135
260
3274
1355
672
753
4429
156
4211
2850
2216
4400
793
1464
744
259
2290
3927
3024
1548
1025
665
2652
4389
4509
2868
436
80
1442
2785
3860
1665
1851
1615
440
1839
342
4505
204
4314
2723
4576
94
2219
1140
1616
3494
171
705
3095
291
4201
129
4297
36
74
945
4042
4197
258
34
1191
3339
877
3680
421
666
4597
792
336
2227
40
2487
875
2645
238
926
2636
1092
606
2871
238
2311
4803
3583
4393
537
348
793
3432
3262
1341
835
572
199
70
1013
63
52
2034
612
3684
1735
2813
391
2803
829
560
28
841
4140
407
1655
35
1395
510
361
172
1186
433
3273
2505
716
50
2241
265
1255
2283
289
68
183
2878
1561
408
364
642
125
33
334
1491
304
1182
267
1558
833
1913
110
3275
2784
4417
686
793
2573
1550
3269
3263
1289
92
650
1887
1835
323
642
2231
1350
210
1743
339
174
2886
478
2828
365
4581
29
3492
239
671
3359
2292
923
2036
2502
258
2596
896
772
180
919
4203
1384
2054
2309
4043
1002
1914
1536
4779
727
1149
2172
3261
866
3528
234
2372
623
159
784
1737
40
3593
3510
3162
930
872
923
2033
444
4012
758
3097
161
3752
195
2959
760
388
3602
4027
4420
75
4682
279
56
2849
4298
139
859
3509
131
509
3164
1853
158
96
476
750
928
2438
140
3523
2030
1173
797
233
174
52
3587
2293
3937
1091
1196
1627
4138
116
31
70
4778
2902
4287
1921
2302
1128
716
2563
302
2356
3161
4684
4415
248
2466
2374
45
192
2495
181
3601
4135
2947
3748
344
3499
506
4493
161
191
1608
634
2947
533
110
1391
1011
508
2250
4568
3421
361
3690
2171
108
3174
4202
4473
769
2035
155
2497
2245
1985
2886
3442
2075
361
1763
296
81
4294
2801
647
146
717
1250
3037
873
2586
567
3432
4209
245
183
125
1659
4500
3282
1566
944
432
543
124
3001
118
1356
629
835
41
1226
208
1784
1100
344
1506
3850
3444
220
297
4580
1672
238
1661
52
4039
202
199
2929
2731
3737
4029
3427
227
3427
107
2493
4485
36
611
564
32
419
4593
1099
1573
2885
4474
31
329
60
1849
1178
2792
2302
4698
1898
31
67
2622
2813
3704
3266
4678
2600
2956
612
3027
183
2375
174
111
1088
2370
2563
1099
1682
141
1784
140
1045
63
399
1232
2156
4779
208
3266
114
54
798
4311
1342
290
4688
3103
4693
219
909
2035
2441
421
3843
1015
2950
2107
389
1457
50
4595
264
4475
4700
2741
4308
2160
48
2595
3017
1800
204
3663
4210
3442
757
818
3586
3436
967
2094
4221
113
1928
4593
840
3337
796
4105
178
155
2292
1043
3694
3254
391
135
2088
68
1974
2040
514
283
333
2658
2046
972
2105
763
1336
1231
599
397
2429
265
1081
482
249
1500
4672
2849
3016
2928
353
270
2090
4471
246
1984
71
50
3038
748
3197
131
3358
4700
148
1328
355
182
1620
1730
1243
719
2301
828
2931
2024
3122
4102
3273
2722
874
340
130
3280
1383
2102
4030
1968
125
840
2802
351
478
568
308
3397
1725
2875
3504
198
59
743
645
543
4139
3247
2936
2531
534
844
473
39
47
603
1834
138
40
64
225
3346
135
304
2953
74
1348
2026
840
3038
1843
279
42
562
326
2104
183
3924
2659
1077
3355
3024
3016
2016
4209
4197
175
1679
1184
1302
1688
1742
4703
115
671
31
1733
229
916
40
1232
62
1795
2943
4793
1402
219
2805
4030
2293
216
60
236
1326
682
991
3031
322
2594
4111
3773
884
3843
2392
499
152
4314
1145
834
539
968
447
3605
388
3667
3952
1560
4693
126
958
1616
957
4023
82
1515
222
33
1388
2802
159
2639
3106
235
316
3515
3011
4123
1039
3966
361
98
388
202
3504
505
218
3505
3033
615
2873
2809
42
227
2573
4500
513
4018
54
1351
407
711
865
83
1805
110
3678
358
1240
4036
4403
3868
928
3259
566
3664
3050
4413
1405
967
229
138
2027
263
3685
80
178
65
898
3251
2149
1065
973
148
3604
3585
722
2936
330
1454
1136
31
846
575
796
108
413
4398
1504
2369
3412
4296
458
613
3114
1675
292
92
75
2108
103
4591
3271
425
3182
1227
1723
2801
3768
2723
2783
2720
955
256
1782
1180
3355
3014
1671
163
152
912
3428
4214
155
463
292
890
391
1202
4413
2435
638
1565
214
2790
344
503
217
959
820
3024
612
2029
292
2493
312
4301
1127
2357
2299
847
205
4125
162
1107
1630
1397
561
4391
2525
2034
3399
2729
470
844
1191
87
2892
3266
306
4813
1651
2581
1549
677
950
138
827
3346
148
2216
2872
1337
1023
2040
308
2485
267
846
335
868
742
1433
1346
2002
1970
3349
828
1171
3761
2702
302
4119
3419
457
2102
113
1394
1344
2163
2947
1152
4112
394
3861
3120
1706
3026
2208
2666
4501
665
4513
686
412
2014
710
312
4306
1672
2446
308
2640
88
42
1307
845
411
115
944
285
593
2663
3029
918
309
2862
4480
1727
2818
1146
3187
2530
1253
4487
1053
1343
570
961
1558
42
4108
315
509
2243
1594
417
4225
524
1595
1238
3019
2653
478
269
47
1984
1261
564
634
3246
2169
579
2779
3029
3870
287
1849
3515
269
637
3696
149
884
164
1672
3028
796
330
65
4778
68
219
201
1515
199
1961
3653
289
1686
223
119
1545
886
1288
4307
1292
1183
1710
640
1841
3516
141
232
764
2776
2880
917
1973
2213
755
4670
130
113
4309
3777
1496
41
2107
4021
3946
343
162
1146
948
575
2371
111
240
447
1008
103
990
952
224
2583
4309
342
84
2232
4580
4034
69
1384
335
128
2953
4555
3761
2445
1344
63
670
4227
4405
34
3430
1859
232
331
4696
2949
3945
4488
801
131
304
4682
3766
3937
258
312
1083
3779
157
220
177
943
605
1005
1980
1906
311
1576
366
4458
317
534
1722
3065
2661
1384
1800
3449
1016
363
204
3698
4788
413
1791
3952
290
3185
471
2867
2879
1284
3177
87
219
4036
239
3689
1721
869
1612
2378
955
4035
2095
3395
355
1342
3778
2665
1624
1777
553
798
3749
1048
143
448
39
1517
406
1618
84
2872
179
1908
1399
41
3262
447
460
3430
104
2485
1457
617
296
368
762
3677
4593
4405
4314
717
269
4694
934
3128
635
226
2875
749
503
4606
535
100
1736
187
3938
2238
2511
336
40
711
94
221
142
566
2602
1388
364
2594
998
568
4421
478
3180
3667
599
1019
47
1912
1729
3243
3571
3184
4035
2437
4205
168
674
2654
73
711
989
4318
1605
2885
326
2923
494
3963
3504
2959
1100
248
74
2237
188
542
2753
2019
2582
3848
647
2454
3337
1549
55
418
1657
394
945
1744
2441
1855
1096
527
3341
971
123
4467
1979
2373
619
59
126
572
3337
61
3331
1154
456
676
3762
776
3683
789
3083
2308
51
680
2862
702
924
1558
449
1355
1094
1207
195
4425
652
84
371
2876
726
2631
3197
717
97
1961
391
4037
676
4784
3351
623
4601
467
546
311
1520
1875
3703
998
1387
395
1030
750
2363
28
2140
4581
468
4241
431
1346
800
157
3618
182
2452
4279
348
1410
757
3181
66
40
2244
2373
909
3907
842
4775
111
4313
638
87
372
117
4394
337
3030
4620
4288
579
1739
106
3521
1500
957
4191
4691
4462
3031
293
1685
3160
1808
1453
1187
96
1503
3884
200
3855
4672
163
228
3188
2110
4806
2511
403
561
1111
259
1618
3405
3699
2797
2503
4693
52
1443
3031
2447
389
406
747
262
280
714
3937
1511
4417
60
3950
