465
43374
89685
25116
34985
11101
12217
942
3832
5296
6106
9678
4372
6598
5887
2
49157
0
1541
29391
9088
121939
470
28491
2682
6431
61789
29167
28496
16056
47584
45545
7266
179
100282
16243
39977
24520
50722
79003
103992
77027
721
42773
91210
694
2926
1291
2297
24899
36847
5776
49777
60728
1753
821
432
82687
12721
50914
119556
30873
85711
8363
46039
110227
9275
86776
58091
2318
68
72220
102719
12674
35781
6909
75491
89386
105401
36159
7261
2467
1599
73305
96620
465
83849
121
23222
117
103031
16370
28214
23315
121009
49781
117863
93964
2850
66157
378
37951
56416
7653
105578
666
955
2629
51203
100519
82309
47225
3575
48023
8518
8277
30420
56458
70866
9540
18982
105358
27
7084
41037
104838
3656
33911
7296
114406
13984
14712
49372
116631
85514
20
87014
41909
743
1953
10880
50770
42198
8910
88572
780
7141
7072
34216
41334
175
6102
489
12443
32486
65342
10350
75860
7
70993
69486
124263
31859
122773
48244
7448
742
37468
48833
21842
52710
36866
210
73868
58484
46045
0
106233
8379
95836
2212
435
45681
8213
3673
1653
6934
64928
3239
84009
9302
4027
47459
17955
37807
15592
7507
26742
19995
6295
35472
9317
3249
19523
596
66735
994
80333
18308
42498
17946
30973
39500
3613
97588
105419
46320
651
220
74941
78221
46372
34447
66
99688
3918
75086
40760
2775
411
781
64627
42174
28
79844
742
3740
53628
28880
110531
5302
63900
616
107551
34982
23426
75232
5304
21741
121656
28200
116307
952
408
97707
906
67130
36448
47539
48539
631
51904
121942
1942
16657
13022
1770
0
31098
3649
4368
10157
2226
41043
51663
16113
102125
35781
36
12611
69116
2080
17959
76251
84524
6360
28144
7383
102801
41044
15755
19978
109280
52460
41811
3997
113744
113352
104620
35450
79219
78984
38517
52533
47114
5947
46991
77025
3339
1488
49297
53340
2702
326
15423
29648
28995
23664
73569
29957
83443
73541
10263
7639
71011
44251
118245
116854
121180
64521
1216
42388
21665
2168
42204
76044
2131
59598
4413
123012
21968
71230
76915
18227
15599
9731
101931
1759
19114
31740
1478
30877
1777
54148
73163
88834
6886
29406
104195
42310
47104
475
21321
70028
17898
32898
107201
98114
7830
97
42965
6083
30881
74238
57993
21121
60381
21115
4004
77640
9994
9727
692
351
120783
1704
59997
93097
28346
12827
95761
46975
53797
42785
49146
21480
117659
1837
99205
13776
1711
69381
32393
67333
13879
60202
3749
62052
43077
15906
89170
43151
7072
7009
47901
15084
2364
21063
822
8136
68121
740
29405
46884
4583
18357
3064
107424
8367
5995
8179
92866
4111
32894
82084
92776
111547
7659
36182
6132
3643
33306
30884
37394
22241
48879
33562
1352
12674
93967
18055
4718
4133
53543
106890
27596
81420
30616
26403
52007
56620
5602
37277
50725
11030
28611
5865
77
65716
60237
38601
135
27968
452
4156
4636
2487
60457
73184
939
2770
38955
630
21742
27196
16
16631
88403
90729
41337
99537
17776
46890
17192
39203
112111
31597
57634
51046
102835
87177
1893
30376
86587
52280
2278
22890
76552
14787
36861
43681
64423
4631
13086
106947
57620
20312
115
93110
89663
120997
34992
4840
46060
57286
50246
59794
1644
41570
27969
120
41625
80867
39898
56620
4372
118503
60979
39913
80205
37823
2172
104662
29893
48328
40158
57975
59137
57530
11477
41282
13753
109045
3401
82
24090
61239
16046
57625
2347
80443
353
9184
9627
97461
19706
1379
121779
43149
46973
18919
69676
63
85893
827
8520
5671
22247
112128
112583
59426
1219
510
41844
539
64439
38805
22100
4243
2113
88427
5995
12704
109187
119176
67734
26928
6217
25418
85537
69008
15732
110705
73414
145
741
3447
2371
36823
72394
3489
39828
110687
111161
111174
7497
63905
11149
12253
8451
55
5359
45397
101931
2016
36864
66269
595
23097
63448
51700
18853
11
28925
112419
123259
1712
28939
33672
352
40471
113524
8869
1442
12250
21597
10826
20231
426
68275
7628
93542
905
23207
10493
19955
119301
189
1327
14192
102377
61
67882
38786
35625
57608
41665
4561
8254
121977
3005
47221
4526
2887
47877
42207
736
89681
103948
100534
108183
68269
23578
2368
1819
8387
863
62381
8654
14660
50204
2038
30162
376
81426
9717
1326
22690
94237
2279
17944
105
24142
41225
54840
2083
90960
123491
82794
50902
77029
845
35161
14118
5045
60363
28923
1912
34717
75716
84551
5624
32146
7769
40298
24540
42875
119858
2171
55489
3585
123465
77637
60742
112050
821
11729
75089
124287
30538
19701
417
34716
50730
95645
5083
24977
119247
28531
98796
52404
44602
6786
76640
65453
94400
37625
23326
3540
86328
114976
7267
330
2215
116773
35870
1054
8914
79802
8072
15052
98559
55615
92977
96954
1533
14460
118832
85910
15773
26338
44327
114733
94742
9864
37681
37400
75666
2556
83772
1954
14709
71855
21884
90360
528
1952
23653
95400
1543
100712
24977
22580
17768
27969
17580
8264
8004
7749
14313
27344
225
1541
16470
15
27627
98799
96711
56045
757
11237
654
353
12571
16242
43388
29163
16780
12619
103915
2348
67753
11490
4085
14882
98833
79406
20423
23459
4453
10627
114358
62146
10403
84267
27735
96586
112633
44394
693
45756
4564
20508
102943
86199
81807
2087
85888
71672
1812
47282
32395
14369
102
34602
25010
69985
2018
1891
83468
18529
104199
26655
24687
58899
10676
11034
15755
25577
14059
0
9528
1133
14824
27505
617
50088
5079
59689
44537
299
118340
117885
66066
26994
21118
4037
38774
4203
80617
15682
123240
24495
7875
7489
15861
40561
2278
6522
19558
95266
23316
38931
107421
86212
944
108816
100138
6
121274
22275
109765
108772
2885
4146
63007
1177
23261
18146
66187
44553
15556
8280
16407
54691
51634
10299
4852
115650
49290
45454
10998
34754
6015
104891
96265
15
595
8386
920
7746
57382
64556
7886
12564
10600
89450
4167
869
87171
80255
20442
74499
10118
7580
20882
118474
1962
118048
12880
7998
49466
96
31833
77038
122331
96035
167
10371
10562
15501
10570
190
7504
3
6432
12403
9508
41935
49964
79818
101
88833
62489
6902
87437
6
8648
10155
10423
31131
4191
75054
435
6057
9453
38450
15931
11399
113829
99235
95795
1877
7502
38
704
35966
3321
81100
183
110692
2345
2183
22286
51166
118350
91388
27606
101480
74302
24091
8909
630
91339
117996
13039
17391
105115
86324
35097
93526
210
73538
5772
54125
19460
120431
46402
12249
46465
46580
12048
45720
95710
34906
50014
14902
140
11963
10470
43368
77020
407
40073
93508
29273
52657
26108
28314
42546
34843
1591
26052
4294
123253
33469
39910
27830
50367
33792
2205
20681
60531
64985
23532
121002
72029
15217
273
1127
14358
97670
16674
1960
4200
39757
58657
9696
75
105841
40198
17688
51282
62988
73949
118806
11367
7138
2294
49373
13170
57632
33415
41042
5697
55225
87327
72775
40188
44858
49694
50295
50113
13672
29268
65889
103736
2570
0
54823
107
323
37525
68930
30891
6874
84262
3146
30936
65329
5647
28213
5675
93543
72843
1055
329
63638
29690
106502
84909
4205
22156
14775
49773
3088
64175
106250
23223
54283
7875
65706
63072
53861
27243
46362
34378
190
37216
9797
23134
17585
5227
110151
26430
120302
51043
8258
60519
30333
11562
63913
76627
122712
13379
6672
35787
26338
55067
13622
13699
75855
78421
104189
120059
12745
55819
3403
28931
79289
49442
59807
109312
10621
32138
108805
2542
1541
3499
118041
42506
1743
103030
3
101782
3952
97464
2627
67545
28
99236
38157
110688
105356
34105
56938
1713
23788
38637
86944
59465
101122
52036
1176
47283
114211
74820
87869
73020
7986
11174
2556
78214
974
27730
7777
23224
7613
8128
13889
58449
6440
50308
19691
59609
99083
40191
18820
106356
109756
43369
53290
3002
69141
122453
562
114194
42919
90365
9402
19285
7426
84260
96507
52011
11326
59344
71829
27402
110155
118045
19702
13675
11662
66799
106956
18903
24790
121506
5051
25428
6809
278
23850
98795
49096
1355
6789
54288
72721
30865
73624
36
114960
50089
50086
30609
113536
36065
25884
351
98818
2776
103098
8001
109738
78
33115
78614
20701
17024
27972
352
80460
26505
3241
631
48280
32382
8075
51895
107417
105
18149
77155
1102
325
16188
19378
31543
2081
9576
30512
62825
13152
2429
48020
85836
3350
96585
102995
41447
88234
105116
98355
20695
6461
82627
41045
115864
85723
9063
22277
666
11619
51363
718
1680
11492
19516
46276
2285
378
17600
9743
113947
38225
93970
58343
2212
21119
34718
38774
67534
137
232
47071
20415
117353
113528
1742
106458
7543
44559
79401
66904
6439
188
113543
67168
90369
10668
6443
108263
81319
8780
89996
18507
119097
12240
96149
56103
13863
38420
80463
12022
10428
21729
9818
99149
53632
67164
60035
64958
18916
15337
12565
41619
28451
1719
73538
180
84671
5975
8646
73663
20097
72768
7026
107058
44095
38139
81409
63009
4096
121950
22026
13695
50119
85891
270
6904
33157
10146
17021
48211
3
39345
20183
15708
59666
34911
112575
5886
103095
51371
90111
112213
13698
94450
76868
89118
68646
466
566
104659
5675
2082
4095
18528
19843
66071
83445
121080
3405
20761
12881
1597
105350
12160
14369
5465
4370
92374
18368
5
43977
40331
8382
20699
33161
29603
11629
76644
858
70908
113999
29902
93544
28974
71644
20108
15007
41329
2065
60336
10768
10782
1316
99495
10342
83344
23984
11632
34030
51252
7878
17200
6082
108836
42780
117642
112684
2416
47901
22996
12290
2016
820
74692
35603
4618
9432
20537
15740
117858
87528
530
3571
13538
122271
49031
441
15882
6702
2114
9819
16772
14030
100584
31304
24095
9599
63193
5452
114111
483
22038
123763
13
79803
123761
21955
21
91494
29647
70198
595
113969
57639
9998
4563
70383
12124
123180
5468
4372
3073
12878
98639
111427
11939
72393
36475
23957
88834
9304
167
122498
49772
17547
2391
111046
36835
27110
14167
79406
104808
23869
5357
48520
1552
0
39133
9102
1440
352
48100
2810
15399
11596
94715
76394
27863
66814
52304
19977
6791
9045
105493
65705
11626
53632
27041
82222
47468
82458
8737
95966
105137
54148
2346
56605
31377
3917
106365
19559
19505
13970
63945
12404
18725
4953
18141
42667
206
14040
64595
116815
4565
39269
345
5396
8244
9319
93096
62787
20711
32609
40192
122295
1653
2615
9494
67174
6640
2927
118831
10198
50633
18942
3415
15
38596
96780
123759
45
95696
2087
8555
114031
1128
13299
5810
17242
82939
68738
70650
18149
44256
74426
20625
1381
51670
16280
20103
32163
2576
56438
14368
49701
74876
37135
497
9181
34976
2702
47575
117156
4008
108183
37275
61485
17485
1009
29631
90104
32635
9750
49601
57
114016
21520
49440
103746
85497
7773
1129
49777
218
3891
77820
9333
94710
23215
120567
41004
77775
77044
37697
19114
50970
21
86371
3655
109550
78
28947
34457
91812
2476
48146
123
35667
9320
1375
49145
17017
78591
28
64119
85082
748
104870
53631
102569
76888
46615
138
231
15388
90260
32981
20278
23652
71257
35805
70528
67057
97780
107886
60477
36756
49015
72197
10673
80220
30477
34994
85135
17576
44907
77423
29762
3
58381
2933
85703
23
49142
35616
62335
59847
76254
231
36254
31125
15405
103765
58562
10155
20910
89849
56618
30586
107590
42009
1896
25719
109329
3587
72948
70879
46800
53303
62545
76956
49144
14710
22366
30758
92109
64176
68520
62124
105884
45941
917
1227
103467
53632
1375
93470
58997
5249
12477
59343
2279
95700
118824
35249
29516
68298
84452
59200
52295
33050
18725
73723
60560
80761
115845
79409
66
49554
82860
24536
21271
83405
3
41428
118746
22794
66187
106427
16469
8511
115930
45300
21497
33900
39188
20535
53563
41617
8159
4
13541
9947
10679
80207
109287
1898
15054
35512
9408
48518
17595
3885
50792
45568
75333
6708
1641
52366
53248
51911
29649
5231
193
113769
36045
106314
45449
4755
116579
40617
50811
52797
84328
73943
118853
70732
121252
2279
22
561
13205
61076
18579
1542
46632
69760
5048
2575
351
72476
78226
122276
92
52638
36126
78008
69754
2212
3514
79283
7261
65986
7260
53720
102380
23183
122766
34842
98487
6786
108808
800
5337
4469
5389
90802
27082
47426
66068
63193
59925
16293
44
74029
10005
78137
97906
31641
26742
118160
92243
47543
1275
559
109752
69756
101478
2503
417
5153
106037
107591
29590
63550
24435
10666
53252
946
35211
13692
101676
44582
85918
73922
17519
81413
78935
20576
22792
784
14501
89338
17956
23942
79476
100137
20508
6
25160
36667
36856
41649
98723
3281
29652
53258
117724
1714
34079
5565
7027
26111
25
47594
8457
17959
780
15189
99471
55444
15988
197
122293
32133
87759
154
32924
89920
18917
7971
11978
10111
67138
28424
454
105116
113540
3170
808
38229
456
54621
43851
12150
105118
14834
95104
191
111748
2132
621
111384
27938
94333
78217
858
6107
107427
99237
11066
378
35512
4484
27980
1054
135
24753
14792
5774
116634
105578
71539
117830
2557
1428
75209
4795
52429
94806
64341
29723
23325
208
1141
596
153
50089
95198
4400
171
87161
47954
1818
13394
11971
7647
65710
62715
7752
111163
26487
351
107886
29423
52931
24984
84031
6460
7335
48213
2624
116893
3596
108347
70132
22917
35985
10732
9133
24789
19
119815
83846
35510
117861
82574
32659
97469
40680
1081
9053
863
66
94386
75586
0
102038
28681
1613
2631
12249
3138
12682
27956
9146
18429
109159
70880
113324
88861
113294
30877
10139
582
41477
60725
16413
7382
6761
44857
950
50727
2
2085
36844
55951
24998
121436
2154
38
9086
28393
687
49284
96138
1373
3828
5671
73653
13553
118268
99940
17345
107225
91527
88819
3004
9563
40472
53310
4409
34033
3181
383
51686
31809
37130
112221
23356
106595
61350
63319
6256
15393
79420
64706
42492
2422
210
655
356
301
54863
166
34188
744
195
113240
34695
87743
3382
46414
18529
4465
52556
9182
92286
2
4966
20303
98317
96157
76903
31118
1953
42666
15
16757
108813
1922
48521
6082
2453
34718
30375
96378
122998
8657
11786
10145
4263
3569
68507
91810
7876
114550
37675
50990
5155
24311
52733
119292
1131
90416
52331
15936
97687
55609
50406
11638
120006
28395
26970
39802
11028
115926
32400
21001
103680
652
12693
72394
4654
122267
26565
10730
5916
3761
18934
7384
7260
8855
7876
35778
50724
13024
17848
83432
109510
120036
4756
6901
3572
29631
80204
66633
53284
23441
53879
39632
11848
74324
115260
7481
114012
40758
61344
78797
1937
102264
71953
95190
46142
42
61078
89260
2348
30624
53898
31020
4506
79756
76663
48616
3413
0
114495
32774
14368
1771
30629
106406
38181
10638
16111
15283
120207
7824
93978
4142
47524
53482
15754
39907
24023
12462
17958
54294
114975
35632
5778
110338
77742
5153
19100
17188
1598
4454
2786
114661
5241
90347
64527
62780
66
5994
990
1081
37920
98
72772
95543
53120
94874
116160
110200
33412
56282
13367
108353
4561
6914
103001
6670
88783
75082
106955
70893
7081
114230
41335
43935
8668
90278
116007
124179
17199
43075
112103
69014
84212
3537
60267
14559
65070
99897
53820
769
71098
85082
21991
12246
57536
24978
6881
43065
24388
105
69980
42402
31264
19313
57982
351
5672
695
22158
628
72191
3877
102383
4562
63194
15824
6331
8396
3486
56380
35416
46491
63845
2876
43659
4187
24126
19704
17511
5160
3572
88759
35247
124239
33909
9043
2511
26307
3240
15402
33931
18783
7167
72780
1308
88839
119182
29891
93104
123737
87099
113197
25881
60028
1605
47284
58317
26950
119125
71998
63754
43535
91
61089
122398
84669
102779
99039
325
7791
2278
50538
84307
1248
35745
64985
10682
36367
51597
25214
598
84873
121945
9117
4637
120288
17071
104572
69631
120024
27547
36586
89583
52309
62483
49519
8796
89305
65682
2546
32656
4561
70127
24202
38214
22156
19714
380
14365
1280
16066
7381
8129
5
86658
64263
66072
12046
28133
78355
20046
19340
23007
11595
90448
85508
6335
7745
51159
13046
104590
4187
6142
1886
101012
43005
1586
2844
23009
16002
56371
90725
67713
66196
37678
567
7330
40476
64774
87557
91195
31360
44338
43086
102751
12561
102613
9521
74053
4694
2701
9081
49464
41341
1654
30951
94674
33494
108813
2080
8780
12569
36
25008
6097
94125
82307
54952
105965
43936
95709
30552
10636
49964
2348
80599
121294
21707
20456
3972
59701
20853
42196
45156
85089
104010
6471
1460
28203
83094
51312
86325
2347
66261
29153
1653
3161
32389
80206
3047
64069
21175
45757
16259
37131
145
798
71957
34466
89455
794
13536
44558
37957
3924
5357
54952
113534
123275
4369
114038
3610
1956
0
35206
39358
99682
17154
2483
2
115373
87372
87163
69010
6442
124269
18441
2
14203
2929
56617
430
11
64101
1
16912
31819
51987
11735
26677
72016
93425
34086
33673
83864
12958
106189
122761
3509
87966
48998
9
0
62420
9535
1785
31126
66716
29784
87997
294
1326
15404
301
17786
96153
5246
58314
70869
96146
110705
78593
7748
376
39729
770
24973
106958
61761
9603
78300
27396
12697
119230
24087
31140
48062
46363
78
65969
2772
2538
13830
116428
60367
76649
20328
47444
45373
30161
120
12165
49775
89
83164
23669
14198
13123
114486
10056
116078
744
406
703
45646
36605
44988
7751
6001
11162
51499
58328
30056
102817
3309
27618
117344
18437
115370
110687
18698
21745
52864
31464
22242
8042
45793
118019
9046
3274
14692
76639
113709
21738
32544
121279
32948
58998
10018
116654
89043
114936
5840
45156
30182
9108
64624
104657
47605
37314
16973
38649
12234
4869
51049
54452
94951
122772
51037
2329
23707
1130
90956
25325
117119
60075
28
91816
4190
9279
122234
36168
50319
107724
79806
1833
1598
119862
861
351
68484
11907
12410
55517
42334
85850
11225
115278
29401
46686
67522
4278
71544
732
1662
121797
34829
113554
755
6351
52654
96078
1462
46
100530
519
26171
6561
51042
44399
13507
9731
63073
49914
77552
13856
26013
3675
210
113065
68747
79240
86717
67305
32901
27734
25881
16101
17580
53279
6270
7832
57972
40064
42586
38692
88378
20935
105
119735
6022
37493
5052
33091
48246
75309
100892
46790
70127
7140
19308
39059
74675
91363
69753
90099
16402
48
77811
99684
13531
120554
82436
10711
3
132
25513
4512
94389
13350
36815
29571
2704
85421
39857
39564
29939
132
10990
20440
50723
12941
35785
69864
63548
229
12929
1128
109924
16092
65242
46
154
98349
17153
29415
43072
6670
52220
62610
2886
105
964
25502
27630
11938
77425
49308
1355
75324
1176
60275
108516
17637
10875
123099
25631
3610
598
32300
6934
1276
103460
41096
122789
57053
52967
55
18254
46253
18075
12148
82238
94568
6107
9590
89831
767
29884
253
465
19702
79377
6793
61220
84672
65096
93809
26800
19898
58148
71079
17356
6294
13124
6493
6783
5685
355
277
8647
2900
82013
22498
36062
118079
96180
17980
6108
117387
33242
12518
59527
12201
80750
111553
10016
2016
13374
4368
184
45378
6480
33585
85014
14537
121285
18719
105577
14074
96
11179
1557
81449
103549
41044
58809
1031
6341
19597
85996
7417
119816
83086
51417
70855
40768
98030
5556
6671
37678
2801
97905
103885
494
77427
97094
115427
60517
118152
1282
58616
11045
79
36421
123757
903
69377
76752
10297
68637
74925
276
101775
71628
37
4279
114252
121834
91813
2628
17727
3006
21951
40753
9458
37650
1831
13433
114490
1711
79730
9047
11184
68986
23437
3753
64630
85084
37409
88260
85920
98791
190
4714
107635
105600
6216
45471
53373
62668
458
1226
7896
99580
2146
60791
77426
991
40327
59383
37721
12453
3493
113054
4727
49770
35176
34714
68269
19921
7156
49225
447
121760
5120
1036
55926
37911
25757
25714
47362
92666
113055
66
61570
11479
91821
22
38505
73802
1893
4164
31382
19495
3067
101964
58596
67212
73248
41
110075
1646
20914
8131
9871
0
52913
16298
60673
120018
16232
3827
22638
2445
6444
70369
118346
80659
74061
19304
1505
49141
91950
83851
98030
1893
79643
56963
28366
1772
117851
153
15671
81226
29647
98227
90820
44671
9733
17209
87963
17096
71727
66720
23656
7948
54751
91
29263
37413
6786
69104
53669
72393
1707
1339
2947
40109
47262
67529
43281
24995
56483
37678
946
17620
5778
39581
3280
20071
50725
0
53072
83742
87978
31841
109075
35626
104128
57334
96914
68092
8616
1295
8057
31883
13387
113057
97415
11783
12567
10010
4097
63787
105
9317
118337
75083
946
23283
122803
10728
2589
3657
8490
13415
99507
37524
2327
73427
122062
13026
18680
117897
6436
121781
3013
65894
5485
26264
37409
19177
96117
1263
22981
1115
64624
92960
39984
65203
85087
27506
32134
101479
24092
2895
110222
21515
98994
100580
6290
2645
27162
9601
19354
4642
11729
76424
6908
46902
61808
39641
44557
88640
67
2131
461
2706
4525
74319
11389
33895
3147
102015
39711
232
32386
20911
64988
91164
80039
62281
45100
107614
3823
64270
11841
7996
16270
19969
28927
15648
815
95878
3743
28203
68804
35728
94831
59617
53234
31911
102387
20467
7882
20793
35358
56640
6071
6036
80174
37679
372
23739
22985
78983
8411
45082
8913
8584
45453
75171
20459
91808
119578
9224
104059
37412
22112
86293
28662
31875
77762
4055
785
46925
83638
82192
68
30596
7191
104905
32133
70697
375
123261
147
49769
20662
2632
64871
54821
3572
118791
38587
79013
101834
87576
37951
3041
21544
191
78144
31374
69399
50334
1954
578
19019
90854
33412
35009
15921
3425
14143
3509
67172
38516
69937
40825
100860
656
44983
4278
59425
72518
119327
42989
22671
12269
1493
17730
58791
80520
22121
14378
703
117391
102380
73873
70133
27618
56956
553
74248
12722
6110
98803
83166
19265
900
98087
26446
43032
56463
72394
6270
22223
103530
220
40759
759
5441
24548
48482
40472
53247
57758
58744
3404
62288
91811
102732
33330
10
50811
8779
253
1224
24755
87
73336
42765
29652
63870
95637
13860
22154
55795
16971
13037
105
48746
3650
50404
56285
90557
23716
7737
12092
40428
5269
39313
39567
10314
587
89682
13047
115592
3259
86406
60039
116257
64969
96077
104837
18552
109752
21749
2215
15651
64271
66794
79184
10884
4739
51678
7385
44461
47594
6908
109957
33649
15401
108366
40152
105254
52983
85081
43281
8922
12399
630
2478
700
7129
47899
122973
409
107399
31884
3567
1115
3828
23295
19765
70513
97025
9594
1544
59006
23206
25981
52202
1245
100132
39698
69026
47823
13463
118152
31378
97929
15690
3739
79847
21299
2776
106026
50016
43976
81507
17658
13460
100177
44557
32303
1822
28156
1653
27034
13722
24875
88829
2191
12321
40621
29025
93546
75257
95703
96868
2362
90088
51504
59670
406
26563
76507
87263
23029
46038
21546
76638
101917
116890
4355
116410
7023
14348
456
20392
10735
616
2520
37402
43695
95561
82623
51039
30527
11223
24323
44349
43127
25725
109190
43663
2509
2706
9180
67394
1306
5269
56264
55404
2048
20150
107156
60987
5724
62046
11028
86204
52
34980
5052
7503
6106
5047
115470
84659
111164
2150
1
96145
21249
71027
2485
20710
44552
18672
15933
104237
27878
19945
13668
90861
69757
11496
1172
114011
31552
42197
6880
12246
77287
60546
12170
114258
85071
41161
7639
544
7382
81776
101992
10652
24095
8003
84547
2703
40194
119113
106505
109662
9365
6977
67968
39156
39342
41503
78792
1895
81860
36724
5305
6
22920
2213
71634
44249
69533
9835
78230
90229
76788
57618
6
18286
833
10295
34306
16464
1541
81663
31868
36303
47796
3981
138
27582
8963
15
122899
103754
19318
28464
23968
39121
101466
108180
2492
1022
81227
44673
77013
90949
85637
8012
18610
19110
974
3578
54104
4467
435
43774
35506
45531
31269
26514
30838
98521
34457
75677
803
72795
6375
30946
70662
30005
4836
1815
6560
2347
36994
9948
15365
29940
120863
11328
106272
62237
121080
16291
102180
41051
31883
407
48512
35324
109757
2851
938
73390
23706
96582
15118
17026
88250
89680
21022
8215
46348
39132
85385
62283
83055
12551
67150
82032
10137
123088
21057
60036
30931
19873
5278
57793
57069
0
81115
27030
86519
1379
65001
32482
78197
97409
90
104829
60031
2017
42488
244
53955
2851
27727
300
5254
55947
107983
40986
88527
4663
86221
3305
30270
2301
5888
27496
9778
11574
22384
4393
103037
14621
46058
1653
71640
29150
77428
257
595
46662
4852
99238
8586
25426
63386
4583
112
80209
59037
112712
7141
520
15051
12406
54643
20711
66
60559
38975
19083
5578
3379
82401
115376
4979
11089
86944
1178
112355
1035
4005
52165
459
62862
2070
39066
42299
7435
55945
19718
247
56176
780
15537
119168
9601
62919
3157
41782
