EECHICKENC
CHICKENCOF
ENCOFFEECH
CKENCOFFEE
COFFEECHIC
ECHICKENCO
HICKENCOFF
CHICKENCOF
NCOFFEECHI
ENCOFFEECH
NCOFFEECHI
KENCHICKEN
NCHICKENCO
FEECHICKEN
ENCOFFEECH
NCOFFEECHI
ENCOFFEECH
ICKENCOFFE
COFFEECHIC
ICKENCOFFE
KENCHICKEN
NCOFFEECHI
EECHICKENC
FFEECHICKE
ICKENCOFFE
ICKENCHICK
HICKENCHIC
ENCHICKENC
CKENCOFFEE
NCOFFEECHI
CHICKENCOF
FEECHICKEN
CKENCOFFEE
OFFEECHICK
ECHICKENCO
CKENCOFFEE
HICKENCOFF
FEECHICKEN
CKENCHICKE
ENCOFFEECH
KENCHICKEN
FFEECHICKE
ICKENCHICK
HICKENCOFF
HICKENCHIC
ENCHICKENC
ECHICKENCH
ICKENCHICK
KENCHICKEN
ENCOFFEECH
CKENCOFFEE
CKENCHICKE
KENCOFFEEC
NCOFFEECHI
FEECHICKEN
NCOFFEECHI
ENCHICKENC
EECHICKENC
FEECHICKEN
ENCHICKENC
ECHICKENCO
FFEECHICKE
CHICKENCOF
OFFEECHICK
HICKENCOFF
ICKENCOFFE
OFFEECHICK
ECHICKENCH
CKENCHICKE
KENCOFFEEC
CHICKENCHI
EECHICKENC
CKENCHICKE
COFFEECHIC
CHICKENCHI
KENCHICKEN
CHICKENCOF
FFEECHICKE
OFFEECHICK
COFFEECHIC
NCOFFEECHI
HICKENCHIC
COFFEECHIC
FEECHICKEN
FFEECHICKE
CHICKENCHI
NCHICKENCO
ICKENCOFFE
HICKENCOFF
CHICKENCHI
NCOFFEECHI
CHICKENCHI
ICKENCHICK
FFEECHICKE
ECHICKENCH
ICKENCOFFE
CHICKEN
CKENCOFFEE
ENCOFFEECH
FFEECHICKE
KENCHICKEN
COFFEECHIC
COFFEECHIC
ENCOFFEECH
ECHICKENCH
ICKENCHICK
KENCOFFEEC
CHICKENCHI
ECHICKENCO
ENCOFFEECH
CKENCHICKE
CHICKENCHI
CKENCOFFEE
COFFEECHIC
CKENCHICKE
ICKENCHICK
ICKENCOFFE
EECHICKENC
FFEECHICKE
NCOFFEECHI
OFFEECHICK
FFEECHICKE
FFEECHICKE
KENCHICKEN
CHICKENCOF
ENCHICKENC
ENCHICKENC
ENCHICKENC
OFFEECHICK
OFFEECHICK
ICKENCOFFE
KEN
HICKENCOFF
FFEECHICKE
ECHICKENCH
HICKENCHIC
CHICKENCOF
NCOFFEECHI
HICKENCHIC
ICKENCOFFE
ICKENCHICK
KENCHICKEN
ENCHICKENC
FEECHICKEN
FFEECHICKE
ICKENCOFFE
ENCOFFEECH
OFFEECHICK
ENCHICKENC
KENCOFFEEC
COFFEECHIC
CHICKENCOF
KENCHICKEN
KENCOFFEEC
KENCHICKEN
ECHICKENCO
HICKENCHIC
FEECHICKEN
HICKENCHIC
COFFEECHIC
KENCHICKEN
CHICKENCOF
CKENCOFFEE
FFEECHICKE
HICKENCHIC
ENCHICKENC
CHICKENCHI
OFFEECHICK
ENCOFFEECH
EECHICKENC
CHICKENCOF
KENCHICKEN
CKENCOFFEE
HICKENCOFF
ENCHICKENC
ENCHICKENC
FFEECHICKE
ICKENCOFFE
FFEECHICKE
HICKENCOFF
EECHICKENC
EECHICKENC
ICKENCHICK
NCOFFEECHI
HICKENCHIC
FFEECHICKE
ICKENCHICK
CKENCOFFEE
KENCOFFEEC
NCHICKENCO
HICKENCHIC
ECHICKENCO
FEECHICKEN
ENCOFFEECH
NCOFFEECHI
COFFEECHIC
OFFEECHICK
CHICKENCOF
OFFEECHICK
CKENCOFFEE
ICKENCOFFE
ICKENCHICK
KENCHICKEN
ICKENCHICK
HICKENCOFF
HICKENCOFF
OFFEECHICK
ICKENCOFFE
COFFEECHIC
NCHICKENCO
ICKENCHICK
ICKENCHICK
NCHICKENCO
EECHICKENC
EECHICKENC
CKENCOFFEE
ENCOFFEECH
EECHICKENC
FFEECHICKE
HICKENCHIC
ENCOFFEECH
KENCOFFEEC
COFFEECHIC
ICKENCOFFE
ECHICKENCH
FFEECHICKE
OFFEECHICK
NCHICKENCO
ECHICKENCO
HICKENCHIC
FEECHICKEN
CHICKENCOF
CHICKENCOF
OFFEECHICK
OFFEECHICK
ENCOFFEECH
FFEECHICKE
ENCHICKENC
ENCOFFEECH
NCHICKENCO
FFEECHICKE
NCOFFEECHI
CKENCOFFEE
FFEECHICKE
NCOFFEECHI
CKENCHICKE
CKENCOFFEE
ENCOFFEECH
KENCHICKEN
NCHICKENCO
ENCHICKENC
CHICKENCOF
OFFEECHICK
EECHICKENC
CHICKENCHI
ECHICKENCH
EECHICKENC
ICKENCOFFE
ECHICKENCH
KENCHICKEN
EECHICKENC
ECHICKENCH
ENCOFFEECH
ECHICKENCH
FFEECHICKE
NCOFFEECHI
ENCOFFEECH
CKENCHICKE
HICKENCHIC
HICKENCOFF
CKENCOFFEE
FEECHICKEN
FFEECHICKE
KENCOFFEEC
ECHICKENCO
NCHICKENCO
ENCHICKENC
ICKENCHICK
CHICKENCOF
NCHICKENCO
ICKENCOFFE
ENCHICKENC
ECHICKENCH
HICKENCOFF
ENCHICKENC
ENCOFFEECH
EECHICKENC
KENCOFFEEC
CHICKENCHI
ECHICKENCO
COFFEECHIC
ENCOFFEECH
NCHICKENCO
ENCOFFEECH
COFFEECHIC
EECHICKENC
OFFEECHICK
NCHICKENCO
KENCHICKEN
ENCHICKENC
ICKENCOFFE
ICKENCOFFE
ENCOFFEECH
HICKENCHIC
ICKENCOFFE
ICKENCOFFE
EECHICKENC
ENCOFFEECH
COFFEECHIC
NCHICKENCO
KENCOFFEEC
CHICKEN
EECHICKENC
FFEECHICKE
KENCHICKEN
ENCOFFEECH
CHICKENCHI
EECHICKENC
CKENCHICKE
NCOFFEECHI
ENCHICKENC
HICKENCOFF
FEECHICKEN
CKENCOFFEE
KENCOFFEEC
HICKENCHIC
FEECHICKEN
ENCHICKENC
ICKENCHICK
NCHICKENCO
CHICKENCHI
KENCHICKEN
ICKENCHICK
CHICKENCOF
ECHICKENCO
COFFEECHIC
NCOFFEECHI
CKENCHICKE
KENCHICKEN
CKENCOFFEE
ICKENCOFFE
NCHICKENCO
EECHICKENC
EECHICKENC
ECHICKENCO
OFFEECHICK
ICKENCOFFE
NCOFFEECHI
ECHICKENCH
NCOFFEECHI
KENCHICKEN
CKENCOFFEE
COFFEECHIC
COFFEECHIC
ENCOFFEECH
CKENCOFFEE
NCOFFEECHI
NCOFFEECHI
CKENCOFFEE
EECHICKENC
FEECHICKEN
ECHICKENCO
NCOFFEECHI
ECHICKENCO
HICKENCHIC
KENCHICKEN
HICKENCOFF
ENCOFFEECH
EECHICKENC
ENCHICKENC
FFEECHICKE
COFFEECHIC
FEECHICKEN
COFFEECHIC
ICKENCOFFE
FFEECHICKE
FFEECHICKE
ENCOFFEECH
CKENCHICKE
ENCOFFEECH
CKENCHICKE
HICKENCOFF
FFEECHICKE
CKENCOFFEE
ICKENCOFFE
CKENCOFFEE
ECHICKENCO
NCOFFEECHI
COFFEECHIC
ICKENCHICK
CKENCOFFEE
CKENCOFFEE
KENCOFFEEC
KENCOFFEEC
CKENCHICKE
KENCOFFEEC
ICKENCOFFE
CKENCOFFEE
EECHICKENC
OFFEECHICK
CKENCOFFEE
CKENCOFFEE
KENCOFFEEC
HICKENCOFF
FEECHICKEN
NCOFFEECHI
NCOFFEECHI
EECHICKENC
KENCHICKEN
NCOFFEECHI
ICKENCOFFE
FEECHICKEN
ECHICKENCH
KENCHICKEN
CHICKENCOF
EECHICKENC
ICKENCOFFE
ECHICKENCH
KENCOFFEEC
ICKENCOFFE
NCOFFEECHI
HICKENCOFF
CHICKENCOF
CHICKENCOF
ENCOFFEECH
FEECHICKEN
ENCOFFEECH
NCOFFEECHI
ICKENCOFFE
COFFEECHIC
HICKENCOFF
OFFEECHICK
CHICKENCOF
KENCOFFEEC
COFFEECHIC
OFFEECHICK
CHICKENCOF
ICKENCOFFE
ECHICKENCO
FEECHICKEN
HICKENCOFF
NCOFFEECHI
HICKENCHIC
CKENCOFFEE
EECHICKENC
EECHICKENC
ICKENCHICK
FEECHICKEN
KENCHICKEN
NCHICKENCO
ICKENCOFFE
CHICKENCHI
KENCOFFEEC
COFFEECHIC
FEECHICKEN
CHICKENCOF
CHICKENCOF
ICKENCOFFE
CKENCOFFEE
CKENCOFFEE
COFFEECHIC
NCHICKENCO
CHICKENCOF
CHICKENCHI
OFFEECHICK
HICKENCHIC
EECHICKENC
ENCOFFEECH
ICKENCHICK
ENCHICKENC
OFFEECHICK
ECHICKENCH
HICKENCOFF
NCOFFEECHI
KENCOFFEEC
EECHICKENC
CKENCOFFEE
KENCHICKEN
KENCHICKEN
CHICKENCOF
HICKENCOFF
ICKENCOFFE
OFFEECHICK
FFEECHICKE
OFFEECHICK
OFFEECHICK
ICKENCOFFE
CKENCOFFEE
NCOFFEECHI
ICKENCOFFE
ICKENCOFFE
NCOFFEECHI
ECHICKENCH
CHICKENCOF
NCOFFEECHI
FEECHICKEN
NCOFFEECHI
HICKENCHIC
ICKENCHICK
ECHICKENCO
OFFEECHICK
NCHICKENCO
NCOFFEECHI
EECHICKENC
ECHICKENCO
KENCOFFEEC
OFFEECHICK
ENCHICKENC
CHICKENCHI
KENCHICKEN
ENCHICKENC
KENCOFFEEC
NCOFFEECHI
CHICKENCOF
ENCOFFEECH
OFFEECHICK
ENCOFFEECH
OFFEECHICK
ECHICKENCH
FEECHICKEN
HICKENCOFF
NCOFFEECHI
FFEECHICKE
CHICKENCOF
KENCHICKEN
CKENCHICKE
EECHICKENC
KENCOFFEEC
CKENCHICKE
ENCHICKENC
HICKENCOFF
ENCOFFEECH
KENCHICKEN
ENCOFFEECH
ECHICKENCH
CKEN
HICKENCOFF
CHICKEN
ICKENCOFFE
OFFEECHICK
CHICKENCHI
NCOFFEECHI
CKENCOFFEE
FEECHICKEN
OFFEECHICK
KENCHICKEN
CKENCOFFEE
FFEECHICKE
CKENCOFFEE
OFFEECHICK
EECHICKENC
ECHICKENCH
NCHICKENCO
KENCOFFEEC
HICKENCOFF
COFFEECHIC
ENCOFFEECH
CKENCOFFEE
FFEECHICKE
OFFEECHICK
OFFEECHICK
FFEE
HICKENCOFF
HICKENCHIC
CKENCOFFEE
CKENCOFFEE
NCHICKENCO
NCOFFEECHI
FEECHICKEN
CKENCHICKE
FEECHICKEN
CKENCOFFEE
FFEECHICKE
ENCOFFEECH
KENCHICKEN
ECHICKENCH
ICKENCOFFE
OFFEECHICK
CHICKENCOF
COFFEECHIC
HICKENCOFF
ENCHICKENC
NCHICKENCO
ENCOFFEECH
CKENCOFFEE
KENCHICKEN
COFFEECHIC
ICKENCOFFE
ECHICKENCH
CHICKENCOF
CHICKENCHI
NCOFFEECHI
CHICKENCHI
FEECHICKEN
FEECHICKEN
ICKENCOFFE
KENCHICKEN
HICKENCOFF
NCOFFEECHI
EECHICKENC
NCHICKENCO
KENCHICKEN
ECHICKENCH
ENCOFFEECH
EECHICKENC
COFFEECHIC
CKENCOFFEE
ICKENCHICK
OFFEECHICK
NCOFFEECHI
ENCHICKENC
FFEECHICKE
CKENCOFFEE
EECHICKENC
ENCHICKENC
ENCHICKENC
ICKENCOFFE
ECHICKENCH
COFFEECHIC
KENCHICKEN
ECHICKENCH
HICKENCOFF
CHICKENCOF
ENCHICKENC
ECHICKENCO
OFFEECHICK
ICKENCOFFE
ENCHICKENC
NCOFFEECHI
ICKENCOFFE
ENCHICKENC
NCOFFEECHI
KENCHICKEN
ENCOFFEECH
CKENCOFFEE
ENCOFFEECH
CHICKENCHI
OFFEECHICK
KENCOFFEEC
ICKENCOFFE
OFFEECHICK
CHICKENCHI
ICKENCHICK
KENCOFFEEC
CKENCOFFEE
ENCOFFEECH
ICKENCHICK
FFEECHICKE
ENCHICKENC
HICKENCOFF
OFFEECHICK
CKENCOFFEE
HICKENCOFF
ENCOFFEECH
EECHICKENC
HICKENCOFF
CKENCOFFEE
ECHICKENCO
NCHICKENCO
OFFEECHICK
NCOFFEECHI
NCOFFEECHI
OFFEECHICK
FEECHICKEN
NCOFFEECHI
HICKENCHIC
ECHICKENCO
EECHICKENC
NCHICKENCO
FFEECHICKE
OFFEECHICK
FFEECHICKE
FEECHICKEN
OFFEECHICK
KENCOFFEEC
ENCOFFEECH
OFFEECHICK
CKENCOFFEE
ECHICKENCO
CHICKENCOF
KENCOFFEEC
EECHICKENC
COFFEECHIC
NCOFFEECHI
HICKENCOFF
FEECHICKEN
ENCHICKENC
CKENCOFFEE
ENCOFFEECH
ICKENCHICK
FEECHICKEN
ECHICKENCH
EECHICKENC
FEECHICKEN
FEECHICKEN
EECHICKENC
FEECHICKEN
CKENCOFFEE
ECHICKENCH
OFFEECHICK
CKENCOFFEE
ENCOFFEECH
FEECHICKEN
ICKENCHICK
KENCOFFEEC
OFFEECHICK
ECHICKENCH
CHICKENCHI
CHICKENCOF
CKENCOFFEE
EECHICKENC
HICKENCHIC
HICKENCOFF
CKENCHICKE
ICKENCOFFE
ENCHICKENC
CKENCHICKE
COFFEECHIC
FEECHICKEN
KEN
OFFEECHICK
KENCOFFEEC
NCHICKENCO
ICKENCOFFE
NCHICKENCO
FFEECHICKE
KENCHICKEN
NCOFFEECHI
ECHICKENCH
OFFEECHICK
NCOFFEECHI
ENCHICKENC
CKENCOFFEE
EECHICKENC
KENCHICKEN
COFFEECHIC
ENCHICKENC
FFEECHICKE
ECHICKENCH
ICKENCOFFE
NCOFFEECHI
COFFEECHIC
NCOFFEECHI
OFFEECHICK
ICKENCOFFE
EECHICKENC
FFEECHICKE
EECHICKENC
ENCHICKENC
FEECHICKEN
FFEECHICKE
HICKENCOFF
HICKENCOFF
KENCOFFEEC
NCOFFEECHI
EECHICKENC
NCHICKENCO
FFEECHICKE
COFFEECHIC
ENCHICKENC
HICKENCOFF
FEECHICKEN
HICKENCHIC
ICKENCHICK
FFEECHICKE
FEECHICKEN
HICKENCOFF
EECHICKENC
OFFEECHICK
ECHICKENCO
ENCHICKENC
CHICKENCHI
KENCOFFEEC
OFFEECHICK
CHICKENCHI
CHICKENCOF
HICKENCOFF
ECHICKENCH
FEECHICKEN
HICKENCOFF
EECHICKENC
EECHICKENC
ENCOFFEECH
OFFEECHICK
COFFEECHIC
KENCOFFEEC
COFFEECHIC
KENCHICKEN
ECHICKENCO
FFEECHICKE
FFEECHICKE
EECHICKENC
OFFEECHICK
OFFEECHICK
ICKENCHICK
ICKENCOFFE
HICKENCHIC
ENCHICKENC
KENCOFFEEC
EECHICKENC
OFFEECHICK
OFFEECHICK
EECHICKENC
NCOFFEECHI
OFFEECHICK
FEECHICKEN
HICKENCOFF
NCOFFEECHI
OFFEECHICK
COFFEECHIC
EECHICKENC
KENCHICKEN
CKENCOFFEE
ICKENCOFFE
ICKENCOFFE
ENCOFFEECH
CHICKENCHI
CHICKENCOF
EECHICKENC
HICKENCHIC
ENCHICKENC
KENCOFFEEC
OFFEECHICK
CHICKENCHI
ICKENCOFFE
EECHICKENC
KENCOFFEEC
NCOFFEECHI
ICKENCOFFE
CKENCOFFEE
ECHICKENCO
EECHICKENC
NCOFFEECHI
CHICKENCOF
EECHICKENC
ICKENCOFFE
HICKENCHIC
ICKENCOFFE
HICKENCHIC
CHICKENCOF
CKENCOFFEE
HICKENCHIC
COFFEECHIC
OFFEECHICK
NCOFFEECHI
ENCOFFEECH
ENCOFFEECH
NCHICKENCO
COFFEECHIC
CHICKENCOF
CKENCOFFEE
NCOFFEECHI
HICKENCHIC
OFFEECHICK
ENCOFFEECH
FFEECHICKE
NCHICKENCO
ICKENCOFFE
ICKENCHICK
NCHICKENCO
EECHICKENC
ICKENCOFFE
FEECHICKEN
FEECHICKEN
EECHICKENC
HICKENCOFF
CKENCHICKE
ECHICKENCO
COFFEECHIC
ECHICKENCH
HICKENCOFF
CHICKENCOF
HICKENCOFF
KENCOFFEEC
EECHICKENC
ECHICKENCH
ECHICKENCH
ENCHICKENC
EECHICKENC
OFFEECHICK
CKENCOFFEE
KENCOFFEEC
CHICKENCOF
ENCHICKENC
COFFEECHIC
CHICKENCOF
ICKENCOFFE
CKENCOFFEE
ECHICKENCO
KENCHICKEN
KENCHICKEN
FFEECHICKE
ENCOFFEECH
ICKENCHICK
ICKENCOFFE
EECHICKENC
OFFEECHICK
OFFEECHICK
ENCHICKENC
COFFEECHIC
COFFEECHIC
ICKENCOFFE
EECHICKENC
OFFEECHICK
NCHICKENCO
CHICKENCHI
ECHICKENCH
KENCOFFEEC
ECHICKENCH
HICKENCOFF
HICKENCOFF
ENCOFFEECH
EECHICKENC
HICKENCOFF
KENCOFFEEC
ENCHICKENC
CHICKENCOF
CKENCOFFEE
EECHICKENC
FEECHICKEN
CHICKENCOF
ENCHICKENC
ICKENCHICK
ICKENCHICK
KENCHICKEN
NCHICKENCO
CHICKENCHI
ENCHICKENC
COFFEECHIC
FFEECHICKE
CHICKENCOF
COFFEECHIC
KENCOFFEEC
ENCOFFEECH
CKENCOFFEE
CKENCOFFEE
ENCOFFEECH
NCOFFEECHI
NCOFFEECHI
HICKENCHIC
ENCOFFEECH
HICKENCOFF
FEECHICKEN
CHICKENCOF
EECHICKENC
FEECHICKEN
ICKENCHICK
OFFEECHICK
FFEECHICKE
HICKENCHIC
CKENCOFFEE
ICKENCOFFE
ENCOFFEECH
KENCHICKEN
ENCHICKENC
COFFEECHIC
COFFEECHIC
CHICKENCOF
ECHICKENCH
EECHICKENC
NCOFFEECHI
CHICKENCHI
ECHICKENCO
ENCOFFEECH
NCOFFEECHI
CHICKENCOF
COFFEECHIC
CHICKENCOF
COFFEECHIC
FEECHICKEN
HICKENCHIC
CHICKENCOF
COFFEECHIC
KENCOFFEEC
KENCHICKEN
ICKENCOFFE
OFFEECHICK
COFFEECHIC
ECHICKENCH
KENCOFFEEC
NCOFFEECHI
ECHICKENCH
ECHICKENCH
HICKENCOFF
KENCOFFEEC
NCOFFEECHI
ENCHICKENC
OFFEECHICK
ICKENCOFFE
HICKENCHIC
FEECHICKEN
NCOFFEECHI
HICKENCOFF
CHICKENCOF
FFEECHICKE
CHICKENCOF
HICKENCOFF
OFFEECHICK
FEECHICKEN
