KENCHICKEN
CKENCHICKE
EECHICKENC
NCHICKENCO
ICKENCOFFE
HICKENCHIC
HICKENCOFF
COFFEECHIC
CHICKENCHI
ECHICKENCH
HICKEN
ICKENCOFFE
CKENCOFFEE
CHICKENCOF
FFEECHICKE
CHICKENCHI
KENCOFFEEC
CHICKENCHI
NCOFFEECHI
CKENCHICKE
CKENCHICKE
CKENCOFFEE
FEECHICKEN
OFFEECHICK
CKENCOFFEE
HICKENCOFF
ECHICKENCO
ICKENCOFFE
HICKENCOFF
HICKENCOFF
CHICKENCHI
ENCHICKENC
FFEECHICKE
CKENCHICKE
ECHICKENCO
ECHICKENCO
ENCHICKENC
CHICKENCOF
KENCHICKEN
OFFEECHICK
ICKENCHICK
NCHICKENCO
CKENCHICKE
ENCOFFEECH
ICKENCHICK
HICKENCHIC
NCHICKENCO
HICKENCOFF
HICKENCOFF
NCHICKENCO
NCHICKENCO
NCOFFEECHI
COFFEECHIC
NCHICKENCO
KENCHICKEN
KENCHICKEN
CKENCHICKE
EECHICKENC
CHICKENCOF
NCOFFEECHI
FFEECHICKE
COFFEECHIC
CHICKENCHI
OFFEECHICK
CHICKENCOF
ENCOFFEECH
ECHICKENCH
COFFEECHIC
COFFEECHIC
OFFEECHICK
ICKENCOFFE
CKENCHICKE
CHICKENCOF
HICKENCOFF
CHICKENCHI
EECHICKENC
COFFEECHIC
ICKENCOFFE
CHICKENCHI
COFFEECHIC
COFFEECHIC
CKENCHICKE
NCHICKENCO
CHICKENCHI
CKENCHICKE
ENCHICKENC
ENCHICKENC
CKENCHICKE
KENCHICKEN
KENCOFFEEC
ICKENCOFFE
FEECHICKEN
KENCOFFEEC
CHICKENCOF
EECHICKENC
FFEECHICKE
CKENCOFFEE
COFFEECHIC
EECHICKENC
COFFEECHIC
FFEECHICKE
HICKENCHIC
NCHICKENCO
FFEECHICKE
CKENCOFFEE
HICKENCOFF
CHICKENCOF
KENCOFFEEC
OFFEECHICK
FEECHICKEN
NCOFFEECHI
CHICKENCOF
FEECHICKEN
CKENCHICKE
KENCOFFEEC
KENCHICKEN
ICKENCHICK
EECHICKENC
OFFEECHICK
CHICKENCOF
NCOFFEECHI
ICKENCHICK
ICKENCOFFE
HICKENCOFF
ICKENCHICK
ICKENCOFFE
EECHICKENC
CHICKENCHI
KENCOFFEEC
ENCHICKENC
CHICKENCOF
COFFEECHIC
CKENCOFFEE
HICKENCOFF
NCOFFEECHI
ENCOFFEECH
HICKENCOFF
CKENCOFFEE
CKENCOFFEE
CKENCOFFEE
CHICKENCHI
KENCOFFEEC
HICKENCOFF
ECHICKENCH
CKENCOFFEE
ICKENCOFFE
ICKENCOFFE
NCOFFEECHI
OFFEECHICK
OFFEECHICK
ICKENCOFFE
HICKENCOFF
FFEECHICKE
FFEECHICKE
ENCOFFEECH
FFEECHICKE
HICKENCHIC
ECHICKENCO
ENCOFFEECH
HICKENCOFF
FFEECHICKE
EECHICKENC
FEECHICKEN
CHICKENCHI
NCOFFEECHI
COFFEECHIC
ECHICKENCO
FEECHICKEN
COFFEECHIC
ICKENCHICK
COFFEECHIC
CKENCOFFEE
KENCHICKEN
COFFEECHIC
HICKENCOFF
ECHICKENCH
CHICKENCOF
HICKENCOFF
ICKENCHICK
CHICKENCOF
CHICKENCHI
ICKENCOFFE
NCHICKENCO
CHICKENCOF
COFFEECHIC
CKENCHICKE
NCHICKENCO
FFEECHICKE
ENCOFFEECH
KENCOFFEEC
OFFEECHICK
KENCOFFEEC
ENCHICKENC
CHICKENCOF
ICKENCHICK
NCOFFEECHI
NCOFFEECHI
NCOFFEECHI
ICKENCOFFE
ECHICKENCH
ENCHICKENC
FFEECHICKE
NCOFFEECHI
ENCOFFEECH
CHICKENCHI
COFFEECHIC
HICKENCHIC
HICKENCOFF
HICKENCHIC
ENCHICKENC
ICKENCOFFE
HICKENCOFF
CHICKENCOF
NCHICKENCO
ECHICKENCO
ECHICKENCH
CKENCOFFEE
CHICKENCHI
ICKENCOFFE
KENCOFFEEC
ECHICKENCO
KENCOFFEEC
KENCOFFEEC
HICKENCOFF
KENCOFFEEC
ICKENCOFFE
ENCHICKENC
ENCHICKENC
ICKENCHICK
OFFEECHICK
ENCOFFEECH
EECHICKENC
HICKENCOFF
ENCOFFEECH
ICKENCHICK
HICKENCOFF
KENCHICKEN
FEECHICKEN
HICKENCHIC
NCHICKENCO
NCHICKENCO
ICKENCOFFE
CHICKENCOF
OFFEECHICK
CHICKENCOF
CKENCOFFEE
ECHICKENCO
EECHICKENC
CHICKENCOF
FEECHICKEN
ENCOFFEECH
FEECHICKEN
EECHICKENC
FEECHICKEN
OFFEECHICK
ICKENCOFFE
HICKENCOFF
COFFEECHIC
HICKENCOFF
CKENCOFFEE
ENCOFFEECH
ICKENCHICK
CKENCOFFEE
FFEECHICKE
NCHICKENCO
FEECHICKEN
CHICKENCHI
ICKENCHICK
ICKENCHICK
ECHICKENCH
COFFEECHIC
NCOFFEECHI
KENCHICKEN
CKENCHICKE
ECHICKENCO
NCOFFEECHI
ICKENCOFFE
KENCHICKEN
ENCOFFEECH
FEECHICKEN
KENCOFFEEC
CHICKENCOF
CKENCOFFEE
CKENCOFFEE
ENCHICKENC
COFFEECHIC
FFEECHICKE
COFFEECHIC
FEECHICKEN
ICKENCOFFE
CKENCOFFEE
CKENCHICKE
ENCOFFEECH
NCOFFEECHI
ICKENCOFFE
ENCOFFEECH
FFEECHICKE
EECHICKENC
FFEECHICKE
NCOFFEECHI
ICKENCOFFE
KENCHICKEN
CKENCHICKE
KENCOFFEEC
EECHICKENC
FEECHICKEN
ICKENCHICK
CHICKENCHI
CKENCOFFEE
CKENCHICKE
CKENCOFFEE
EECHICKENC
COFFEECHIC
FEECHICKEN
COFFEECHIC
CHICKENCOF
OFFEECHICK
KENCOFFEEC
KENCOFFEEC
ENCOFFEECH
COFFEECHIC
CHICKENCOF
EECHICKENC
FEE
EECHICKENC
CKENCOFFEE
FFEECHICKE
COFFEECHIC
ENCHICKENC
KENCHICKEN
CKENCOFFEE
ENCHICKENC
ECHICKENCO
ENCOFFEECH
NCOFFEECHI
HICKENCOFF
CHICKENCOF
NCOFFEECHI
CKENCOFFEE
HICKENCOFF
CKENCOFFEE
NCOFFEECHI
CKENCHICKE
NCHICKENCO
FEECHICKEN
OFFEECHICK
CHICKENCOF
KENCOFFEEC
CKENCOFFEE
CKENCOFFEE
HICKENCOFF
CKENCOFFEE
ICKENCHICK
ENCHICKENC
NCHICKENCO
KENCHICKEN
COFFEECHIC
HICKENCOFF
OFFEECHICK
FFEECHICKE
CKENCOFFEE
COFFEECHIC
HICKENCHIC
FEECHICKEN
KENCHICKEN
HICKENCOFF
CHICKENCOF
FFEECHICKE
HICKENCOFF
HICKENCHIC
CHICKENCOF
NCOFFEECHI
COFFEECHIC
FFEECHICKE
CHICKENCOF
ECHICKENCO
ICKENCHICK
OFFEECHICK
ICKENCOFFE
ECHICKENCH
FFEECHICKE
ECHICKENCO
ICKENCHICK
ENCHICKENC
KENCOFFEEC
ECHICKENCO
ICKENCHICK
EECHICKENC
CHICKENCOF
KENCHICKEN
HICKENCOFF
FEECHICKEN
NCOFFEECHI
KENCOFFEEC
HICKENCHIC
KENCHICKEN
FFEECHICKE
ENCHICKENC
NCOFFEECHI
ICKENCOFFE
FFEECHICKE
EECHICKENC
ICKENCHICK
HICKENCOFF
NCHICKENCO
CKENCOFFEE
FEECHICKEN
KENCOFFEEC
KENCOFFEEC
ICKENCHICK
OFFEECHICK
HICKENCOFF
FEECHICKEN
HICKENCOFF
ENCOFFEECH
EECHICKENC
FFEECHICKE
ICKENCOFFE
KENCOFFEEC
NCOFFEECHI
NCOFFEECHI
KENCHICKEN
CHICKENCOF
ICKENCHICK
ECHICKENCH
KENCHICKEN
HICKENCHIC
ECHICKENCH
HICKENCHIC
OFFEECHICK
ENCOFFEECH
CHICKENCOF
FFEECHICKE
ICKENCHICK
KENCOFFEEC
ECHICKENCH
KENCHICKEN
ICKENCOFFE
HICKENCOFF
FFEECHICKE
EECHICKENC
CHICKENCOF
OFFEECHICK
FFEECHICKE
ICKENCOFFE
ENCHICKENC
NCHICKENCO
CKENCOFFEE
NCOFFEECHI
KENCOFFEEC
COFFEECHIC
KENCOFFEEC
OFFEECHICK
ENCHICKENC
ENCHICKENC
HICKENCHIC
ENCOFFEECH
COFFEECHIC
KENCHICKEN
FEECHICKEN
CHICKENCHI
ECHICKENCH
ICKENCHICK
ECHICKENCO
FFEECHICKE
CKENCOFFEE
ECHICKENCH
COFFEECHIC
KENCOFFEEC
CKENCHICKE
KENCOFFEEC
ENCOFFEECH
NCHICKENCO
ENCOFFEECH
ECHICKENCH
CHICKENCOF
HICKENCHIC
CHICKENCOF
ECHICKENCH
HICKENCOFF
FFEECHICKE
NCOFFEECHI
NCHICKENCO
ECHICKENCH
FEECHICKEN
CKENCHICKE
CKENCHICKE
CKENCHICKE
HICKENCHIC
CHICKENCHI
ICKENCHICK
NCOFFEECHI
KENCHICKEN
NCOFFEECHI
KENCOFFEEC
CKENCHICKE
COFFEECHIC
NCHICKENCO
EECHICKENC
COFFEECHIC
ECHICKENCH
HICKENCOFF
OFFEECHICK
EECHICKENC
KENCHICKEN
KENCHICKEN
ICKENCOFFE
CKENCOFFEE
ECHICKENCO
KENCOFFEEC
ECHICKENCH
FEECHICKEN
EECHICKENC
COFFEECHIC
ENCOFFEECH
ECHICKENCH
COFFEECHIC
HICKENCHIC
EECHICKENC
CHICKENCOF
ENCHICKENC
ECHICKENCH
CKENCHICKE
KENCOFFEEC
COFFEECHIC
KENCOFFEEC
KENCOFFEEC
EECHICKENC
NCOFFEECHI
ENCHICKENC
ECHICKENCH
EECHICKENC
OFFEECHICK
ECHICKENCH
ENCOFFEECH
COFFEECHIC
COFFEECHIC
CHICKENCOF
NCOFFEECHI
FEECHICKEN
HICKENCOFF
ENCOFFEECH
ICKENCOFFE
COFFEECHIC
EECHICKENC
OFFEECHICK
COFFEECHIC
FFEECHICKE
ENCOFFEECH
CHICKENCOF
OFFEECHICK
HICKENCHIC
FFEECHICKE
ENCOFFEECH
KENCOFFEEC
FEECHICKEN
NCHICKENCO
ENCHICKENC
HICKENCOFF
OFFEECHICK
CKENCOFFEE
ENCHICKENC
ICKENCOFFE
NCOFFEECHI
KENCHICKEN
ECHICKENCO
OFFEECHICK
CKENCOFFEE
OFFEECHICK
COFFEECHIC
FEECHICKEN
ICKENCOFFE
HICKENCHIC
EECHICKENC
HICKENCHIC
HICKENCHIC
NCOFFEECHI
KENCOFFEEC
ECHICKENCO
FEECHICKEN
FEECHICKEN
ENCHICKENC
HICKENCHIC
ICKENCHICK
CHICKENCHI
FEECHICKEN
ENCOFFEECH
FFEECHICKE
ENCHICKENC
EECHICKENC
FFEECHICKE
CKENCHICKE
NCOFFEECHI
ECHICKENCO
CHICKENCOF
ECHICKENCH
KENCHICKEN
CHICKENCOF
HICKENCOFF
ENCOFFEECH
OFFEECHICK
ICKENCHICK
KENCOFFEEC
ECHICKENCH
ENCHICKENC
CKENCHICKE
HICKEN
EECHICKENC
HICKENCOFF
ICKENCHICK
NCHICKENCO
ENCOFFEECH
HICKENCHIC
CKEN
ENCOFFEECH
NCHICKENCO
OFFEECHICK
CHICKENCHI
EECHICKENC
FFEECHICKE
KENCHICKEN
CHICKENCHI
FFEECHICKE
HICKENCOFF
CKENCHICKE
CHICKENCHI
HICKENCHIC
CKENCHICKE
HICKENCHIC
OFFEECHICK
OFFEECHICK
OFFEECHICK
CKENCOFFEE
OFFEECHICK
OFFEECHICK
FEECHICKEN
KENCOFFEEC
FEECHICKEN
COFFEECHIC
HICKENCOFF
CHICKENCOF
ICKENCOFFE
HICKENCOFF
HICKENCHIC
KENCOFFEEC
ECHICKENCH
ECHICKENCO
COFFEECHIC
KENCOFFEEC
KENCOFFEEC
CHICKENCOF
ENCHICKENC
HICKENCOFF
FFEECHICKE
HICKENCHIC
CKENCOFFEE
ECHICKENCO
ICKENCOFFE
ECHICKENCH
NCOFFEECHI
COFFEECHIC
KENCHICKEN
KENCHICKEN
HICKENCHIC
HICKENCHIC
ECHICKENCO
ICKENCOFFE
HICKENCOFF
EECHICKENC
ECHICKENCH
COFFEECHIC
CHICKENCHI
ENCHICKENC
EECHICKENC
CKENCOFFEE
KENCOFFEEC
ICKENCOFFE
KENCHICKEN
NCOFFEECHI
KENCHICKEN
CKENCHICKE
KENCOFFEEC
FFEECHICKE
ENCHICKENC
CKENCOFFEE
ICKENCOFFE
ENCOFFEECH
ENCHICKENC
HICKENCOFF
NCHICKENCO
KENCOFFEEC
EECHICKEN
COFFEECHIC
ENCOFFEECH
HICKENCHIC
OFFEECHICK
ENCHICKENC
EECHICKENC
KENCOFFEEC
CHICKENCOF
HICKENCOFF
ICKENCOFFE
KENCOFFEEC
ICKENCHICK
FEECHICKEN
ECHICKENCH
EECHICKENC
NCOFFEECHI
ICKENCHICK
ECHICKENCH
ENCHICKENC
NCOFFEECHI
FEECHICKEN
ICKENCHICK
ICKENCHICK
ICKENCOFFE
FEECHICKEN
ENCOFFEECH
CHICKENCOF
CHICKENCHI
OFFEECHICK
ICKENCOFFE
NCOFFEECHI
CKENCOFFEE
ENCOFFEECH
FFEECHICKE
FFEECHICKE
CHICKENCOF
FFEECHICKE
HICKENCHIC
CHICKENCOF
NCOFFEECHI
CKENCOFFEE
COFFEECHIC
HICKENCOFF
ICKENCOFFE
CKENCHICKE
COFFEECHIC
CKENCOFFEE
KENCOFFEEC
CHICKENCOF
ICKENCHICK
KENCHICKEN
CHICKENCOF
CHICKENCOF
FEECHICKEN
NCOFFEECHI
FFEECHICKE
NCOFFEECHI
KENCOFFEEC
KENCOFFEEC
ICKENCHICK
FFEECHICKE
CHICKENCOF
COFFEECHIC
ENCHICKENC
CKENCHICKE
ENCOFFEECH
EECHICKENC
HICKENCOFF
FEECHICKEN
ICKENCHICK
EECHICKENC
CKENCHICKE
CHICKENCOF
KENCHICKEN
CKENCHICKE
ENCOFFEECH
CHICKENCHI
COFFEECHIC
OFFEECHICK
ENCOFFEECH
NCHICKENCO
ECHICKENCH
ENCHICKENC
OFFEECHICK
ENCHICKENC
FEECHICKEN
FEECHICKEN
ECHICKENCH
KENCHICKEN
HICKENCHIC
HICKENCOFF
NCHICKENCO
OFFEECHICK
COFFEECHIC
NCHICKENCO
FEECHICKEN
NCOFFEECHI
OFFEECHICK
CKENCHICKE
ICKENCHICK
ENCHICKENC
ECHICKENCH
CHICKENCOF
KENCOFFEEC
KENCOFFEEC
HICKENCHIC
CKENCOFFEE
ENCHICKENC
ENCOFFEECH
ECHICKENCO
ICKENCHICK
CKENCOFFEE
COFFEECHIC
OFFEECHICK
CKENCHICKE
OFFEECHICK
NCOFFEECHI
HICKENCOFF
ICKENCOFFE
ICKENCOFFE
FFEECHICKE
COFFEECHIC
CKENCHICKE
HICKENCHIC
KENCOFFEEC
FEECHICKEN
ECHICKENCH
KENCHICKEN
OFFEECHICK
ICKENCOFFE
CHICKENCOF
FEECHICKEN
CHICKENCHI
OFFEECHICK
ENCOFFEECH
FEECHICKEN
ECHICKENCH
ENCOFFEECH
CHICKENCHI
EECHICKENC
HICKENCOFF
COFFEECHIC
FEECHICKEN
OFFEECHICK
FFEECHICKE
ENCHICKENC
ENCHICKENC
NCHICKENCO
CHICKENCOF
OFFEECHICK
FEECHICKEN
COFFEECHIC
HICKENCHIC
ECHICKENCH
ENCOFFEECH
KENCOFFEEC
HICKENCHIC
FEECHICKEN
FFEECHICKE
EECHICKENC
HICKENCOFF
FEECHICKEN
OFFEECHICK
KENCOFFEEC
FFEECHICKE
CHICKENCHI
ENCOFFEECH
ICKENCHICK
OFFEECHICK
FFEECHICKE
FFEECHICKE
OFFEECHICK
OFFEECHICK
NCOFFEECHI
FEECHICKEN
OFFEECHICK
EECHICKENC
ICKENCHICK
KENCOFFEEC
ICKENCHICK
KENCHICKEN
CHICKENCOF
COFFEECHIC
KENCHICKEN
HICKENCHIC
HICKENCHIC
NCOFFEECHI
KENCOFFEEC
KENCOFFEEC
KENCHICKEN
ENCOFFEECH
OFFEECHICK
ICKENCOFFE
EECHICKENC
HICKENCOFF
HICKENCHIC
CKENCOFFEE
FFEECHICKE
EECHICKENC
CHICKENCHI
ECHICKENCO
ENCOFFEECH
NCOFFEECHI
ICKENCHICK
ICKENCHICK
EECHICKENC
NCHICKENCO
NCHICKENCO
FEECHICKEN
NCHICKENCO
KENCOFFEEC
ICKENCHICK
COFFEECHIC
CHICKENCHI
HICKENCHIC
HICKENCOFF
FFEECHICKE
HICKENCHIC
ICKENCHICK
HICKENCOFF
OFFEECHICK
KENCOFFEEC
ECHICKENCH
NCOFFEECHI
HICKENCHIC
ICKENCOFFE
FFEECHICKE
EECHICKENC
HICKENCOFF
ECHICKENCH
KENCOFFEEC
ICKENCOFFE
NCHICKENCO
FEECHICKEN
NCOFFEECHI
ICKENCHICK
FEECHICKEN
NCHICKENCO
ICKENCOFFE
HICKENCHIC
OFFEECHICK
ENCOFFEECH
ENCOFFEECH
NCOFFEECHI
CHICKENCHI
KENCHICKEN
OFFEECHICK
ENCHICKENC
KENCOFFEEC
ICKENCOFFE
FFEECHICKE
ICKENCOFFE
EECHICKENC
CHICKENCOF
CHICKENCOF
ECHICKENCO
ENCOFFEECH
CHICKENCHI
KENCHICKEN
FEECHICKEN
NCOFFEECHI
CHICKENCOF
KENCOFFEEC
HICKENCOFF
NCOFFEECHI
ENCHICKENC
FEECHICKEN
ENCHICKENC
FEECHICKEN
FEECHICKEN
ICKENCHICK
ECHICKENCO
KENCHICKEN
ENCOFFEECH
ICKENCOFFE
CHICKENCOF
NCOFFEECHI
ECHICKENCH
ICKENCOFFE
ENCHICKENC
HICKENCHIC
FEECHICKEN
OFFEECHICK
FFEECHICKE
KENCOFFEEC
NCOFFEECHI
HICKENCOFF
ENCOFFEECH
ICKENCHICK
CKENCHICKE
ECHICKENCO
ENCHICKENC
FEECHICKEN
CHICKENCHI
KENCHICKEN
HICKENCHIC
FEECHICKEN
ICKENCOFFE
COFFEECHIC
NCHICKENCO
FFEECHICKE
FEECHICKEN
OFFEECHICK
CHICKENCOF
ICKENCOFFE
CHICKENCOF
OFFEECHICK
