Case #1: Yes
0111111111111110000000000000000000000000000001111111111111111
1011111111111110000000000000000000000000000001111111111111111
1101111111111110000000000000000000000000000001111111111111111
1110111111111110000000000000000000000000000001111111111111111
1111011111111110000000000000000000000000000001111111111111111
1111101111111110000000000000000000000000000001111111111111111
1111110111111110000000000000000000000000000001111111111111111
1111111011111110000000000000000000000000000001111111111111111
1111111101111110000000000000000000000000000001111111111111111
1111111110111110000000000000000000000000000001111111111111111
1111111111011110000000000000000000000000000001111111111111111
1111111111101110000000000000000000000000000001111111111111111
1111111111110110000000000000000000000000000001111111111111111
1111111111111010000000000000000000000000000001111111111111111
1111111111111100000000000000000000000000000001111111111111111
0000000000000000111111111111111111111111111110000000000000001
0000000000000001011111111111111111111111111110000000000000001
0000000000000001101111111111111111111111111110000000000000001
0000000000000001110111111111111111111111111110000000000000001
0000000000000001111011111111111111111111111110000000000000001
0000000000000001111101111111111111111111111110000000000000001
0000000000000001111110111111111111111111111110000000000000001
0000000000000001111111011111111111111111111110000000000000001
0000000000000001111111101111111111111111111110000000000000001
0000000000000001111111110111111111111111111110000000000000001
0000000000000001111111111011111111111111111110000000000000001
0000000000000001111111111101111111111111111110000000000000001
0000000000000001111111111110111111111111111110000000000000001
0000000000000001111111111111011111111111111110000000000000001
0000000000000001111111111111101111111111111110000000000000001
0000000000000001111111111111110000000000000001111111111111110
0000000000000001111111111111110000000000000001111111111111110
0000000000000001111111111111110000000000000001111111111111110
0000000000000001111111111111110000000000000001111111111111110
0000000000000001111111111111110000000000000001111111111111110
0000000000000001111111111111110000000000000001111111111111110
0000000000000001111111111111110000000000000001111111111111110
0000000000000001111111111111110000000000000001111111111111110
0000000000000001111111111111110000000000000001111111111111110
0000000000000001111111111111110000000000000001111111111111110
0000000000000001111111111111110000000000000001111111111111110
0000000000000001111111111111110000000000000001111111111111110
0000000000000001111111111111110000000000000001111111111111110
0000000000000001111111111111110000000000000001111111111111110
0000000000000001111111111111110000000000000001111111111111110
1111111111111110000000000000001111111111111110000000000000000
1111111111111110000000000000001111111111111110000000000000000
1111111111111110000000000000001111111111111110000000000000000
1111111111111110000000000000001111111111111110000000000000000
1111111111111110000000000000001111111111111110000000000000000
1111111111111110000000000000001111111111111110000000000000000
1111111111111110000000000000001111111111111110000000000000000
1111111111111110000000000000001111111111111110000000000000000
1111111111111110000000000000001111111111111110000000000000000
1111111111111110000000000000001111111111111110000000000000000
1111111111111110000000000000001111111111111110000000000000000
1111111111111110000000000000001111111111111110000000000000000
1111111111111110000000000000001111111111111110000000000000000
1111111111111110000000000000001111111111111110000000000000000
1111111111111110000000000000001111111111111110000000000000000
1111111111111111111111111111110000000000000000000000000000000
31 32 33 34 35 36 37 38 39 40 41 42 43 44 45 46 47 48 49 50 51 52 53 54 55 56 57 58 59 60 16 17 18 19 20 21 22 23 24 25 26 27 28 29 30 1 2 3 4 5 6 7 8 9 10 11 12 13 14 15 61
Case #2: No
Case #3: Yes
0111111111111111111111000000000000000000000000000000000000000000001111111111111111111111
1011111111111111111111000000000000000000000000000000000000000000001111111111111111111111
1101111111111111111111000000000000000000000000000000000000000000001111111111111111111111
1110111111111111111111000000000000000000000000000000000000000000001111111111111111111111
1111011111111111111111000000000000000000000000000000000000000000001111111111111111111111
1111101111111111111111000000000000000000000000000000000000000000001111111111111111111111
1111110111111111111111000000000000000000000000000000000000000000001111111111111111111111
1111111011111111111111000000000000000000000000000000000000000000001111111111111111111111
1111111101111111111111000000000000000000000000000000000000000000001111111111111111111111
1111111110111111111111000000000000000000000000000000000000000000001111111111111111111111
1111111111011111111111000000000000000000000000000000000000000000001111111111111111111111
1111111111101111111111000000000000000000000000000000000000000000001111111111111111111111
1111111111110111111111000000000000000000000000000000000000000000001111111111111111111111
1111111111111011111111000000000000000000000000000000000000000000001111111111111111111111
1111111111111101111111000000000000000000000000000000000000000000001111111111111111111111
1111111111111110111111000000000000000000000000000000000000000000001111111111111111111111
1111111111111111011111000000000000000000000000000000000000000000001111111111111111111111
1111111111111111101111000000000000000000000000000000000000000000001111111111111111111111
1111111111111111110111000000000000000000000000000000000000000000001111111111111111111111
1111111111111111111011000000000000000000000000000000000000000000001111111111111111111111
1111111111111111111101000000000000000000000000000000000000000000001111111111111111111111
1111111111111111111110000000000000000000000000000000000000000000001111111111111111111111
0000000000000000000000011111111111111111111111111111111111111111110000000000000000000000
0000000000000000000000101111111111111111111111111111111111111111110000000000000000000000
0000000000000000000000110111111111111111111111111111111111111111110000000000000000000000
0000000000000000000000111011111111111111111111111111111111111111110000000000000000000000
0000000000000000000000111101111111111111111111111111111111111111110000000000000000000000
0000000000000000000000111110111111111111111111111111111111111111110000000000000000000000
0000000000000000000000111111011111111111111111111111111111111111110000000000000000000000
0000000000000000000000111111101111111111111111111111111111111111110000000000000000000000
0000000000000000000000111111110111111111111111111111111111111111110000000000000000000000
0000000000000000000000111111111011111111111111111111111111111111110000000000000000000000
0000000000000000000000111111111101111111111111111111111111111111110000000000000000000000
0000000000000000000000111111111110111111111111111111111111111111110000000000000000000000
0000000000000000000000111111111111011111111111111111111111111111110000000000000000000000
0000000000000000000000111111111111101111111111111111111111111111110000000000000000000000
0000000000000000000000111111111111110111111111111111111111111111110000000000000000000000
0000000000000000000000111111111111111011111111111111111111111111110000000000000000000000
0000000000000000000000111111111111111101111111111111111111111111110000000000000000000000
0000000000000000000000111111111111111110111111111111111111111111110000000000000000000000
0000000000000000000000111111111111111111011111111111111111111111110000000000000000000000
0000000000000000000000111111111111111111101111111111111111111111110000000000000000000000
0000000000000000000000111111111111111111110111111111111111111111110000000000000000000000
0000000000000000000000111111111111111111111011111111111111111111110000000000000000000000
0000000000000000000000111111111111111111111100000000000000000000001111111111111111111111
0000000000000000000000111111111111111111111100000000000000000000001111111111111111111111
0000000000000000000000111111111111111111111100000000000000000000001111111111111111111111
0000000000000000000000111111111111111111111100000000000000000000001111111111111111111111
0000000000000000000000111111111111111111111100000000000000000000001111111111111111111111
0000000000000000000000111111111111111111111100000000000000000000001111111111111111111111
0000000000000000000000111111111111111111111100000000000000000000001111111111111111111111
0000000000000000000000111111111111111111111100000000000000000000001111111111111111111111
0000000000000000000000111111111111111111111100000000000000000000001111111111111111111111
0000000000000000000000111111111111111111111100000000000000000000001111111111111111111111
0000000000000000000000111111111111111111111100000000000000000000001111111111111111111111
0000000000000000000000111111111111111111111100000000000000000000001111111111111111111111
0000000000000000000000111111111111111111111100000000000000000000001111111111111111111111
0000000000000000000000111111111111111111111100000000000000000000001111111111111111111111
0000000000000000000000111111111111111111111100000000000000000000001111111111111111111111
0000000000000000000000111111111111111111111100000000000000000000001111111111111111111111
0000000000000000000000111111111111111111111100000000000000000000001111111111111111111111
0000000000000000000000111111111111111111111100000000000000000000001111111111111111111111
0000000000000000000000111111111111111111111100000000000000000000001111111111111111111111
0000000000000000000000111111111111111111111100000000000000000000001111111111111111111111
0000000000000000000000111111111111111111111100000000000000000000001111111111111111111111
0000000000000000000000111111111111111111111100000000000000000000001111111111111111111111
1111111111111111111111000000000000000000000011111111111111111111110000000000000000000000
1111111111111111111111000000000000000000000011111111111111111111110000000000000000000000
1111111111111111111111000000000000000000000011111111111111111111110000000000000000000000
1111111111111111111111000000000000000000000011111111111111111111110000000000000000000000
1111111111111111111111000000000000000000000011111111111111111111110000000000000000000000
1111111111111111111111000000000000000000000011111111111111111111110000000000000000000000
1111111111111111111111000000000000000000000011111111111111111111110000000000000000000000
1111111111111111111111000000000000000000000011111111111111111111110000000000000000000000
1111111111111111111111000000000000000000000011111111111111111111110000000000000000000000
1111111111111111111111000000000000000000000011111111111111111111110000000000000000000000
1111111111111111111111000000000000000000000011111111111111111111110000000000000000000000
1111111111111111111111000000000000000000000011111111111111111111110000000000000000000000
1111111111111111111111000000000000000000000011111111111111111111110000000000000000000000
1111111111111111111111000000000000000000000011111111111111111111110000000000000000000000
1111111111111111111111000000000000000000000011111111111111111111110000000000000000000000
1111111111111111111111000000000000000000000011111111111111111111110000000000000000000000
1111111111111111111111000000000000000000000011111111111111111111110000000000000000000000
1111111111111111111111000000000000000000000011111111111111111111110000000000000000000000
1111111111111111111111000000000000000000000011111111111111111111110000000000000000000000
1111111111111111111111000000000000000000000011111111111111111111110000000000000000000000
1111111111111111111111000000000000000000000011111111111111111111110000000000000000000000
1111111111111111111111000000000000000000000011111111111111111111110000000000000000000000
45 46 47 48 49 50 51 52 53 54 55 56 57 58 59 60 61 62 63 64 65 66 67 68 69 70 71 72 73 74 75 76 77 78 79 80 81 82 83 84 85 86 87 88 23 24 25 26 27 28 29 30 31 32 33 34 35 36 37 38 39 40 41 42 43 44 1 2 3 4 5 6 7 8 9 10 11 12 13 14 15 16 17 18 19 20 21 22
Case #4: Yes
0111111111111000000000000000000000000001111111111111
1011111111111000000000000000000000000001111111111111
1101111111111000000000000000000000000001111111111111
1110111111111000000000000000000000000001111111111111
1111011111111000000000000000000000000001111111111111
1111101111111000000000000000000000000001111111111111
1111110111111000000000000000000000000001111111111111
1111111011111000000000000000000000000001111111111111
1111111101111000000000000000000000000001111111111111
1111111110111000000000000000000000000001111111111111
1111111111011000000000000000000000000001111111111111
1111111111101000000000000000000000000001111111111111
1111111111110000000000000000000000000001111111111111
0000000000000011111111111111111111111110000000000000
0000000000000101111111111111111111111110000000000000
0000000000000110111111111111111111111110000000000000
0000000000000111011111111111111111111110000000000000
0000000000000111101111111111111111111110000000000000
0000000000000111110111111111111111111110000000000000
0000000000000111111011111111111111111110000000000000
0000000000000111111101111111111111111110000000000000
0000000000000111111110111111111111111110000000000000
0000000000000111111111011111111111111110000000000000
0000000000000111111111101111111111111110000000000000
0000000000000111111111110111111111111110000000000000
0000000000000111111111111011111111111110000000000000
0000000000000111111111111100000000000001111111111111
0000000000000111111111111100000000000001111111111111
0000000000000111111111111100000000000001111111111111
0000000000000111111111111100000000000001111111111111
0000000000000111111111111100000000000001111111111111
0000000000000111111111111100000000000001111111111111
0000000000000111111111111100000000000001111111111111
0000000000000111111111111100000000000001111111111111
0000000000000111111111111100000000000001111111111111
0000000000000111111111111100000000000001111111111111
0000000000000111111111111100000000000001111111111111
0000000000000111111111111100000000000001111111111111
0000000000000111111111111100000000000001111111111111
1111111111111000000000000011111111111110000000000000
1111111111111000000000000011111111111110000000000000
1111111111111000000000000011111111111110000000000000
1111111111111000000000000011111111111110000000000000
1111111111111000000000000011111111111110000000000000
1111111111111000000000000011111111111110000000000000
1111111111111000000000000011111111111110000000000000
1111111111111000000000000011111111111110000000000000
1111111111111000000000000011111111111110000000000000
1111111111111000000000000011111111111110000000000000
1111111111111000000000000011111111111110000000000000
1111111111111000000000000011111111111110000000000000
1111111111111000000000000011111111111110000000000000
27 28 29 30 31 32 33 34 35 36 37 38 39 40 41 42 43 44 45 46 47 48 49 50 51 52 14 15 16 17 18 19 20 21 22 23 24 25 26 1 2 3 4 5 6 7 8 9 10 11 12 13
Case #5: Yes
01111111111111111000000000000000000000000000000000011111111111111111
10111111111111111000000000000000000000000000000000011111111111111111
11011111111111111000000000000000000000000000000000011111111111111111
11101111111111111000000000000000000000000000000000011111111111111111
11110111111111111000000000000000000000000000000000011111111111111111
11111011111111111000000000000000000000000000000000011111111111111111
11111101111111111000000000000000000000000000000000011111111111111111
11111110111111111000000000000000000000000000000000011111111111111111
11111111011111111000000000000000000000000000000000011111111111111111
11111111101111111000000000000000000000000000000000011111111111111111
11111111110111111000000000000000000000000000000000011111111111111111
11111111111011111000000000000000000000000000000000011111111111111111
11111111111101111000000000000000000000000000000000011111111111111111
11111111111110111000000000000000000000000000000000011111111111111111
11111111111111011000000000000000000000000000000000011111111111111111
11111111111111101000000000000000000000000000000000011111111111111111
11111111111111110000000000000000000000000000000000011111111111111111
00000000000000000011111111111111111111111111111111100000000000000000
00000000000000000101111111111111111111111111111111100000000000000000
00000000000000000110111111111111111111111111111111100000000000000000
00000000000000000111011111111111111111111111111111100000000000000000
00000000000000000111101111111111111111111111111111100000000000000000
00000000000000000111110111111111111111111111111111100000000000000000
00000000000000000111111011111111111111111111111111100000000000000000
00000000000000000111111101111111111111111111111111100000000000000000
00000000000000000111111110111111111111111111111111100000000000000000
00000000000000000111111111011111111111111111111111100000000000000000
00000000000000000111111111101111111111111111111111100000000000000000
00000000000000000111111111110111111111111111111111100000000000000000
00000000000000000111111111111011111111111111111111100000000000000000
00000000000000000111111111111101111111111111111111100000000000000000
00000000000000000111111111111110111111111111111111100000000000000000
00000000000000000111111111111111011111111111111111100000000000000000
00000000000000000111111111111111101111111111111111100000000000000000
00000000000000000111111111111111110000000000000000011111111111111111
00000000000000000111111111111111110000000000000000011111111111111111
00000000000000000111111111111111110000000000000000011111111111111111
00000000000000000111111111111111110000000000000000011111111111111111
00000000000000000111111111111111110000000000000000011111111111111111
00000000000000000111111111111111110000000000000000011111111111111111
00000000000000000111111111111111110000000000000000011111111111111111
00000000000000000111111111111111110000000000000000011111111111111111
00000000000000000111111111111111110000000000000000011111111111111111
00000000000000000111111111111111110000000000000000011111111111111111
00000000000000000111111111111111110000000000000000011111111111111111
00000000000000000111111111111111110000000000000000011111111111111111
00000000000000000111111111111111110000000000000000011111111111111111
00000000000000000111111111111111110000000000000000011111111111111111
00000000000000000111111111111111110000000000000000011111111111111111
00000000000000000111111111111111110000000000000000011111111111111111
00000000000000000111111111111111110000000000000000011111111111111111
11111111111111111000000000000000001111111111111111100000000000000000
11111111111111111000000000000000001111111111111111100000000000000000
11111111111111111000000000000000001111111111111111100000000000000000
11111111111111111000000000000000001111111111111111100000000000000000
11111111111111111000000000000000001111111111111111100000000000000000
11111111111111111000000000000000001111111111111111100000000000000000
11111111111111111000000000000000001111111111111111100000000000000000
11111111111111111000000000000000001111111111111111100000000000000000
11111111111111111000000000000000001111111111111111100000000000000000
11111111111111111000000000000000001111111111111111100000000000000000
11111111111111111000000000000000001111111111111111100000000000000000
11111111111111111000000000000000001111111111111111100000000000000000
11111111111111111000000000000000001111111111111111100000000000000000
11111111111111111000000000000000001111111111111111100000000000000000
11111111111111111000000000000000001111111111111111100000000000000000
11111111111111111000000000000000001111111111111111100000000000000000
11111111111111111000000000000000001111111111111111100000000000000000
35 36 37 38 39 40 41 42 43 44 45 46 47 48 49 50 51 52 53 54 55 56 57 58 59 60 61 62 63 64 65 66 67 68 18 19 20 21 22 23 24 25 26 27 28 29 30 31 32 33 34 1 2 3 4 5 6 7 8 9 10 11 12 13 14 15 16 17
