Case #1: No
Case #2: No
Case #3: No
Case #4: Yes
011111111111111111111111111111111111111111110000000000000000000000000000000000000000000000000000000000000000000000000000000000000000111111111111111111111111111111111111111111111
101111111111111111111111111111111111111111110000000000000000000000000000000000000000000000000000000000000000000000000000000000000000111111111111111111111111111111111111111111111
110111111111111111111111111111111111111111110000000000000000000000000000000000000000000000000000000000000000000000000000000000000000111111111111111111111111111111111111111111111
111011111111111111111111111111111111111111110000000000000000000000000000000000000000000000000000000000000000000000000000000000000000111111111111111111111111111111111111111111111
111101111111111111111111111111111111111111110000000000000000000000000000000000000000000000000000000000000000000000000000000000000000111111111111111111111111111111111111111111111
111110111111111111111111111111111111111111110000000000000000000000000000000000000000000000000000000000000000000000000000000000000000111111111111111111111111111111111111111111111
111111011111111111111111111111111111111111110000000000000000000000000000000000000000000000000000000000000000000000000000000000000000111111111111111111111111111111111111111111111
111111101111111111111111111111111111111111110000000000000000000000000000000000000000000000000000000000000000000000000000000000000000111111111111111111111111111111111111111111111
111111110111111111111111111111111111111111110000000000000000000000000000000000000000000000000000000000000000000000000000000000000000111111111111111111111111111111111111111111111
111111111011111111111111111111111111111111110000000000000000000000000000000000000000000000000000000000000000000000000000000000000000111111111111111111111111111111111111111111111
111111111101111111111111111111111111111111110000000000000000000000000000000000000000000000000000000000000000000000000000000000000000111111111111111111111111111111111111111111111
111111111110111111111111111111111111111111110000000000000000000000000000000000000000000000000000000000000000000000000000000000000000111111111111111111111111111111111111111111111
111111111111011111111111111111111111111111110000000000000000000000000000000000000000000000000000000000000000000000000000000000000000111111111111111111111111111111111111111111111
111111111111101111111111111111111111111111110000000000000000000000000000000000000000000000000000000000000000000000000000000000000000111111111111111111111111111111111111111111111
111111111111110111111111111111111111111111110000000000000000000000000000000000000000000000000000000000000000000000000000000000000000111111111111111111111111111111111111111111111
111111111111111011111111111111111111111111110000000000000000000000000000000000000000000000000000000000000000000000000000000000000000111111111111111111111111111111111111111111111
111111111111111101111111111111111111111111110000000000000000000000000000000000000000000000000000000000000000000000000000000000000000111111111111111111111111111111111111111111111
111111111111111110111111111111111111111111110000000000000000000000000000000000000000000000000000000000000000000000000000000000000000111111111111111111111111111111111111111111111
111111111111111111011111111111111111111111110000000000000000000000000000000000000000000000000000000000000000000000000000000000000000111111111111111111111111111111111111111111111
111111111111111111101111111111111111111111110000000000000000000000000000000000000000000000000000000000000000000000000000000000000000111111111111111111111111111111111111111111111
111111111111111111110111111111111111111111110000000000000000000000000000000000000000000000000000000000000000000000000000000000000000111111111111111111111111111111111111111111111
111111111111111111111011111111111111111111110000000000000000000000000000000000000000000000000000000000000000000000000000000000000000111111111111111111111111111111111111111111111
111111111111111111111101111111111111111111110000000000000000000000000000000000000000000000000000000000000000000000000000000000000000111111111111111111111111111111111111111111111
111111111111111111111110111111111111111111110000000000000000000000000000000000000000000000000000000000000000000000000000000000000000111111111111111111111111111111111111111111111
111111111111111111111111011111111111111111110000000000000000000000000000000000000000000000000000000000000000000000000000000000000000111111111111111111111111111111111111111111111
111111111111111111111111101111111111111111110000000000000000000000000000000000000000000000000000000000000000000000000000000000000000111111111111111111111111111111111111111111111
111111111111111111111111110111111111111111110000000000000000000000000000000000000000000000000000000000000000000000000000000000000000111111111111111111111111111111111111111111111
111111111111111111111111111011111111111111110000000000000000000000000000000000000000000000000000000000000000000000000000000000000000111111111111111111111111111111111111111111111
111111111111111111111111111101111111111111110000000000000000000000000000000000000000000000000000000000000000000000000000000000000000111111111111111111111111111111111111111111111
111111111111111111111111111110111111111111110000000000000000000000000000000000000000000000000000000000000000000000000000000000000000111111111111111111111111111111111111111111111
111111111111111111111111111111011111111111110000000000000000000000000000000000000000000000000000000000000000000000000000000000000000111111111111111111111111111111111111111111111
111111111111111111111111111111101111111111110000000000000000000000000000000000000000000000000000000000000000000000000000000000000000111111111111111111111111111111111111111111111
111111111111111111111111111111110111111111110000000000000000000000000000000000000000000000000000000000000000000000000000000000000000111111111111111111111111111111111111111111111
111111111111111111111111111111111011111111110000000000000000000000000000000000000000000000000000000000000000000000000000000000000000111111111111111111111111111111111111111111111
111111111111111111111111111111111101111111110000000000000000000000000000000000000000000000000000000000000000000000000000000000000000111111111111111111111111111111111111111111111
111111111111111111111111111111111110111111110000000000000000000000000000000000000000000000000000000000000000000000000000000000000000111111111111111111111111111111111111111111111
111111111111111111111111111111111111011111110000000000000000000000000000000000000000000000000000000000000000000000000000000000000000111111111111111111111111111111111111111111111
111111111111111111111111111111111111101111110000000000000000000000000000000000000000000000000000000000000000000000000000000000000000111111111111111111111111111111111111111111111
111111111111111111111111111111111111110111110000000000000000000000000000000000000000000000000000000000000000000000000000000000000000111111111111111111111111111111111111111111111
111111111111111111111111111111111111111011110000000000000000000000000000000000000000000000000000000000000000000000000000000000000000111111111111111111111111111111111111111111111
111111111111111111111111111111111111111101110000000000000000000000000000000000000000000000000000000000000000000000000000000000000000111111111111111111111111111111111111111111111
111111111111111111111111111111111111111110110000000000000000000000000000000000000000000000000000000000000000000000000000000000000000111111111111111111111111111111111111111111111
111111111111111111111111111111111111111111010000000000000000000000000000000000000000000000000000000000000000000000000000000000000000111111111111111111111111111111111111111111111
111111111111111111111111111111111111111111100000000000000000000000000000000000000000000000000000000000000000000000000000000000000000111111111111111111111111111111111111111111111
000000000000000000000000000000000000000000000111111111111111111111111111111111111111111111111111111111111111111111111111111111111111000000000000000000000000000000000000000000001
000000000000000000000000000000000000000000001011111111111111111111111111111111111111111111111111111111111111111111111111111111111111000000000000000000000000000000000000000000001
000000000000000000000000000000000000000000001101111111111111111111111111111111111111111111111111111111111111111111111111111111111111000000000000000000000000000000000000000000001
000000000000000000000000000000000000000000001110111111111111111111111111111111111111111111111111111111111111111111111111111111111111000000000000000000000000000000000000000000001
000000000000000000000000000000000000000000001111011111111111111111111111111111111111111111111111111111111111111111111111111111111111000000000000000000000000000000000000000000001
000000000000000000000000000000000000000000001111101111111111111111111111111111111111111111111111111111111111111111111111111111111111000000000000000000000000000000000000000000001
000000000000000000000000000000000000000000001111110111111111111111111111111111111111111111111111111111111111111111111111111111111111000000000000000000000000000000000000000000001
000000000000000000000000000000000000000000001111111011111111111111111111111111111111111111111111111111111111111111111111111111111111000000000000000000000000000000000000000000001
000000000000000000000000000000000000000000001111111101111111111111111111111111111111111111111111111111111111111111111111111111111111000000000000000000000000000000000000000000001
000000000000000000000000000000000000000000001111111110111111111111111111111111111111111111111111111111111111111111111111111111111111000000000000000000000000000000000000000000001
000000000000000000000000000000000000000000001111111111011111111111111111111111111111111111111111111111111111111111111111111111111111000000000000000000000000000000000000000000001
000000000000000000000000000000000000000000001111111111101111111111111111111111111111111111111111111111111111111111111111111111111111000000000000000000000000000000000000000000001
000000000000000000000000000000000000000000001111111111110111111111111111111111111111111111111111111111111111111111111111111111111111000000000000000000000000000000000000000000001
000000000000000000000000000000000000000000001111111111111011111111111111111111111111111111111111111111111111111111111111111111111111000000000000000000000000000000000000000000001
000000000000000000000000000000000000000000001111111111111101111111111111111111111111111111111111111111111111111111111111111111111111000000000000000000000000000000000000000000001
000000000000000000000000000000000000000000001111111111111110111111111111111111111111111111111111111111111111111111111111111111111111000000000000000000000000000000000000000000001
000000000000000000000000000000000000000000001111111111111111011111111111111111111111111111111111111111111111111111111111111111111111000000000000000000000000000000000000000000001
000000000000000000000000000000000000000000001111111111111111101111111111111111111111111111111111111111111111111111111111111111111111000000000000000000000000000000000000000000001
000000000000000000000000000000000000000000001111111111111111110111111111111111111111111111111111111111111111111111111111111111111111000000000000000000000000000000000000000000001
000000000000000000000000000000000000000000001111111111111111111011111111111111111111111111111111111111111111111111111111111111111111000000000000000000000000000000000000000000001
000000000000000000000000000000000000000000001111111111111111111101111111111111111111111111111111111111111111111111111111111111111111000000000000000000000000000000000000000000001
000000000000000000000000000000000000000000001111111111111111111110111111111111111111111111111111111111111111111111111111111111111111000000000000000000000000000000000000000000001
000000000000000000000000000000000000000000001111111111111111111111011111111111111111111111111111111111111111111111111111111111111111000000000000000000000000000000000000000000001
000000000000000000000000000000000000000000001111111111111111111111101111111111111111111111111111111111111111111111111111111111111111000000000000000000000000000000000000000000001
000000000000000000000000000000000000000000001111111111111111111111110111111111111111111111111111111111111111111111111111111111111111000000000000000000000000000000000000000000001
000000000000000000000000000000000000000000001111111111111111111111111011111111111111111111111111111111111111111111111111111111111111000000000000000000000000000000000000000000001
000000000000000000000000000000000000000000001111111111111111111111111101111111111111111111111111111111111111111111111111111111111111000000000000000000000000000000000000000000001
000000000000000000000000000000000000000000001111111111111111111111111110111111111111111111111111111111111111111111111111111111111111000000000000000000000000000000000000000000001
000000000000000000000000000000000000000000001111111111111111111111111111011111111111111111111111111111111111111111111111111111111111000000000000000000000000000000000000000000001
000000000000000000000000000000000000000000001111111111111111111111111111101111111111111111111111111111111111111111111111111111111111000000000000000000000000000000000000000000001
000000000000000000000000000000000000000000001111111111111111111111111111110111111111111111111111111111111111111111111111111111111111000000000000000000000000000000000000000000001
000000000000000000000000000000000000000000001111111111111111111111111111111011111111111111111111111111111111111111111111111111111111000000000000000000000000000000000000000000001
000000000000000000000000000000000000000000001111111111111111111111111111111101111111111111111111111111111111111111111111111111111111000000000000000000000000000000000000000000001
000000000000000000000000000000000000000000001111111111111111111111111111111110111111111111111111111111111111111111111111111111111111000000000000000000000000000000000000000000001
000000000000000000000000000000000000000000001111111111111111111111111111111111011111111111111111111111111111111111111111111111111111000000000000000000000000000000000000000000001
000000000000000000000000000000000000000000001111111111111111111111111111111111101111111111111111111111111111111111111111111111111111000000000000000000000000000000000000000000001
000000000000000000000000000000000000000000001111111111111111111111111111111111110111111111111111111111111111111111111111111111111111000000000000000000000000000000000000000000001
000000000000000000000000000000000000000000001111111111111111111111111111111111111011111111111111111111111111111111111111111111111111000000000000000000000000000000000000000000001
000000000000000000000000000000000000000000001111111111111111111111111111111111111101111111111111111111111111111111111111111111111111000000000000000000000000000000000000000000001
000000000000000000000000000000000000000000001111111111111111111111111111111111111110111111111111111111111111111111111111111111111111000000000000000000000000000000000000000000001
000000000000000000000000000000000000000000001111111111111111111111111111111111111111011111111111111111111111111111111111111111111111000000000000000000000000000000000000000000001
000000000000000000000000000000000000000000001111111111111111111111111111111111111111101111111111111111111111111111111111111111111111000000000000000000000000000000000000000000001
000000000000000000000000000000000000000000001111111111111111111111111111111111111111110111111111111111111111111111111111111111111111000000000000000000000000000000000000000000001
000000000000000000000000000000000000000000001111111111111111111111111111111111111111111011111111111111111111111111111111111111111111000000000000000000000000000000000000000000001
000000000000000000000000000000000000000000001111111111111111111111111111111111111111111100000000000000000000000000000000000000000000111111111111111111111111111111111111111111110
000000000000000000000000000000000000000000001111111111111111111111111111111111111111111100000000000000000000000000000000000000000000111111111111111111111111111111111111111111110
000000000000000000000000000000000000000000001111111111111111111111111111111111111111111100000000000000000000000000000000000000000000111111111111111111111111111111111111111111110
000000000000000000000000000000000000000000001111111111111111111111111111111111111111111100000000000000000000000000000000000000000000111111111111111111111111111111111111111111110
000000000000000000000000000000000000000000001111111111111111111111111111111111111111111100000000000000000000000000000000000000000000111111111111111111111111111111111111111111110
000000000000000000000000000000000000000000001111111111111111111111111111111111111111111100000000000000000000000000000000000000000000111111111111111111111111111111111111111111110
000000000000000000000000000000000000000000001111111111111111111111111111111111111111111100000000000000000000000000000000000000000000111111111111111111111111111111111111111111110
000000000000000000000000000000000000000000001111111111111111111111111111111111111111111100000000000000000000000000000000000000000000111111111111111111111111111111111111111111110
000000000000000000000000000000000000000000001111111111111111111111111111111111111111111100000000000000000000000000000000000000000000111111111111111111111111111111111111111111110
000000000000000000000000000000000000000000001111111111111111111111111111111111111111111100000000000000000000000000000000000000000000111111111111111111111111111111111111111111110
000000000000000000000000000000000000000000001111111111111111111111111111111111111111111100000000000000000000000000000000000000000000111111111111111111111111111111111111111111110
000000000000000000000000000000000000000000001111111111111111111111111111111111111111111100000000000000000000000000000000000000000000111111111111111111111111111111111111111111110
000000000000000000000000000000000000000000001111111111111111111111111111111111111111111100000000000000000000000000000000000000000000111111111111111111111111111111111111111111110
000000000000000000000000000000000000000000001111111111111111111111111111111111111111111100000000000000000000000000000000000000000000111111111111111111111111111111111111111111110
000000000000000000000000000000000000000000001111111111111111111111111111111111111111111100000000000000000000000000000000000000000000111111111111111111111111111111111111111111110
000000000000000000000000000000000000000000001111111111111111111111111111111111111111111100000000000000000000000000000000000000000000111111111111111111111111111111111111111111110
000000000000000000000000000000000000000000001111111111111111111111111111111111111111111100000000000000000000000000000000000000000000111111111111111111111111111111111111111111110
000000000000000000000000000000000000000000001111111111111111111111111111111111111111111100000000000000000000000000000000000000000000111111111111111111111111111111111111111111110
000000000000000000000000000000000000000000001111111111111111111111111111111111111111111100000000000000000000000000000000000000000000111111111111111111111111111111111111111111110
000000000000000000000000000000000000000000001111111111111111111111111111111111111111111100000000000000000000000000000000000000000000111111111111111111111111111111111111111111110
000000000000000000000000000000000000000000001111111111111111111111111111111111111111111100000000000000000000000000000000000000000000111111111111111111111111111111111111111111110
000000000000000000000000000000000000000000001111111111111111111111111111111111111111111100000000000000000000000000000000000000000000111111111111111111111111111111111111111111110
000000000000000000000000000000000000000000001111111111111111111111111111111111111111111100000000000000000000000000000000000000000000111111111111111111111111111111111111111111110
000000000000000000000000000000000000000000001111111111111111111111111111111111111111111100000000000000000000000000000000000000000000111111111111111111111111111111111111111111110
000000000000000000000000000000000000000000001111111111111111111111111111111111111111111100000000000000000000000000000000000000000000111111111111111111111111111111111111111111110
000000000000000000000000000000000000000000001111111111111111111111111111111111111111111100000000000000000000000000000000000000000000111111111111111111111111111111111111111111110
000000000000000000000000000000000000000000001111111111111111111111111111111111111111111100000000000000000000000000000000000000000000111111111111111111111111111111111111111111110
000000000000000000000000000000000000000000001111111111111111111111111111111111111111111100000000000000000000000000000000000000000000111111111111111111111111111111111111111111110
000000000000000000000000000000000000000000001111111111111111111111111111111111111111111100000000000000000000000000000000000000000000111111111111111111111111111111111111111111110
000000000000000000000000000000000000000000001111111111111111111111111111111111111111111100000000000000000000000000000000000000000000111111111111111111111111111111111111111111110
000000000000000000000000000000000000000000001111111111111111111111111111111111111111111100000000000000000000000000000000000000000000111111111111111111111111111111111111111111110
000000000000000000000000000000000000000000001111111111111111111111111111111111111111111100000000000000000000000000000000000000000000111111111111111111111111111111111111111111110
000000000000000000000000000000000000000000001111111111111111111111111111111111111111111100000000000000000000000000000000000000000000111111111111111111111111111111111111111111110
000000000000000000000000000000000000000000001111111111111111111111111111111111111111111100000000000000000000000000000000000000000000111111111111111111111111111111111111111111110
000000000000000000000000000000000000000000001111111111111111111111111111111111111111111100000000000000000000000000000000000000000000111111111111111111111111111111111111111111110
000000000000000000000000000000000000000000001111111111111111111111111111111111111111111100000000000000000000000000000000000000000000111111111111111111111111111111111111111111110
000000000000000000000000000000000000000000001111111111111111111111111111111111111111111100000000000000000000000000000000000000000000111111111111111111111111111111111111111111110
000000000000000000000000000000000000000000001111111111111111111111111111111111111111111100000000000000000000000000000000000000000000111111111111111111111111111111111111111111110
000000000000000000000000000000000000000000001111111111111111111111111111111111111111111100000000000000000000000000000000000000000000111111111111111111111111111111111111111111110
000000000000000000000000000000000000000000001111111111111111111111111111111111111111111100000000000000000000000000000000000000000000111111111111111111111111111111111111111111110
000000000000000000000000000000000000000000001111111111111111111111111111111111111111111100000000000000000000000000000000000000000000111111111111111111111111111111111111111111110
000000000000000000000000000000000000000000001111111111111111111111111111111111111111111100000000000000000000000000000000000000000000111111111111111111111111111111111111111111110
000000000000000000000000000000000000000000001111111111111111111111111111111111111111111100000000000000000000000000000000000000000000111111111111111111111111111111111111111111110
000000000000000000000000000000000000000000001111111111111111111111111111111111111111111100000000000000000000000000000000000000000000111111111111111111111111111111111111111111110
111111111111111111111111111111111111111111110000000000000000000000000000000000000000000011111111111111111111111111111111111111111111000000000000000000000000000000000000000000000
111111111111111111111111111111111111111111110000000000000000000000000000000000000000000011111111111111111111111111111111111111111111000000000000000000000000000000000000000000000
111111111111111111111111111111111111111111110000000000000000000000000000000000000000000011111111111111111111111111111111111111111111000000000000000000000000000000000000000000000
111111111111111111111111111111111111111111110000000000000000000000000000000000000000000011111111111111111111111111111111111111111111000000000000000000000000000000000000000000000
111111111111111111111111111111111111111111110000000000000000000000000000000000000000000011111111111111111111111111111111111111111111000000000000000000000000000000000000000000000
111111111111111111111111111111111111111111110000000000000000000000000000000000000000000011111111111111111111111111111111111111111111000000000000000000000000000000000000000000000
111111111111111111111111111111111111111111110000000000000000000000000000000000000000000011111111111111111111111111111111111111111111000000000000000000000000000000000000000000000
111111111111111111111111111111111111111111110000000000000000000000000000000000000000000011111111111111111111111111111111111111111111000000000000000000000000000000000000000000000
111111111111111111111111111111111111111111110000000000000000000000000000000000000000000011111111111111111111111111111111111111111111000000000000000000000000000000000000000000000
111111111111111111111111111111111111111111110000000000000000000000000000000000000000000011111111111111111111111111111111111111111111000000000000000000000000000000000000000000000
111111111111111111111111111111111111111111110000000000000000000000000000000000000000000011111111111111111111111111111111111111111111000000000000000000000000000000000000000000000
111111111111111111111111111111111111111111110000000000000000000000000000000000000000000011111111111111111111111111111111111111111111000000000000000000000000000000000000000000000
111111111111111111111111111111111111111111110000000000000000000000000000000000000000000011111111111111111111111111111111111111111111000000000000000000000000000000000000000000000
111111111111111111111111111111111111111111110000000000000000000000000000000000000000000011111111111111111111111111111111111111111111000000000000000000000000000000000000000000000
111111111111111111111111111111111111111111110000000000000000000000000000000000000000000011111111111111111111111111111111111111111111000000000000000000000000000000000000000000000
111111111111111111111111111111111111111111110000000000000000000000000000000000000000000011111111111111111111111111111111111111111111000000000000000000000000000000000000000000000
111111111111111111111111111111111111111111110000000000000000000000000000000000000000000011111111111111111111111111111111111111111111000000000000000000000000000000000000000000000
111111111111111111111111111111111111111111110000000000000000000000000000000000000000000011111111111111111111111111111111111111111111000000000000000000000000000000000000000000000
111111111111111111111111111111111111111111110000000000000000000000000000000000000000000011111111111111111111111111111111111111111111000000000000000000000000000000000000000000000
111111111111111111111111111111111111111111110000000000000000000000000000000000000000000011111111111111111111111111111111111111111111000000000000000000000000000000000000000000000
111111111111111111111111111111111111111111110000000000000000000000000000000000000000000011111111111111111111111111111111111111111111000000000000000000000000000000000000000000000
111111111111111111111111111111111111111111110000000000000000000000000000000000000000000011111111111111111111111111111111111111111111000000000000000000000000000000000000000000000
111111111111111111111111111111111111111111110000000000000000000000000000000000000000000011111111111111111111111111111111111111111111000000000000000000000000000000000000000000000
111111111111111111111111111111111111111111110000000000000000000000000000000000000000000011111111111111111111111111111111111111111111000000000000000000000000000000000000000000000
111111111111111111111111111111111111111111110000000000000000000000000000000000000000000011111111111111111111111111111111111111111111000000000000000000000000000000000000000000000
111111111111111111111111111111111111111111110000000000000000000000000000000000000000000011111111111111111111111111111111111111111111000000000000000000000000000000000000000000000
111111111111111111111111111111111111111111110000000000000000000000000000000000000000000011111111111111111111111111111111111111111111000000000000000000000000000000000000000000000
111111111111111111111111111111111111111111110000000000000000000000000000000000000000000011111111111111111111111111111111111111111111000000000000000000000000000000000000000000000
111111111111111111111111111111111111111111110000000000000000000000000000000000000000000011111111111111111111111111111111111111111111000000000000000000000000000000000000000000000
111111111111111111111111111111111111111111110000000000000000000000000000000000000000000011111111111111111111111111111111111111111111000000000000000000000000000000000000000000000
111111111111111111111111111111111111111111110000000000000000000000000000000000000000000011111111111111111111111111111111111111111111000000000000000000000000000000000000000000000
111111111111111111111111111111111111111111110000000000000000000000000000000000000000000011111111111111111111111111111111111111111111000000000000000000000000000000000000000000000
111111111111111111111111111111111111111111110000000000000000000000000000000000000000000011111111111111111111111111111111111111111111000000000000000000000000000000000000000000000
111111111111111111111111111111111111111111110000000000000000000000000000000000000000000011111111111111111111111111111111111111111111000000000000000000000000000000000000000000000
111111111111111111111111111111111111111111110000000000000000000000000000000000000000000011111111111111111111111111111111111111111111000000000000000000000000000000000000000000000
111111111111111111111111111111111111111111110000000000000000000000000000000000000000000011111111111111111111111111111111111111111111000000000000000000000000000000000000000000000
111111111111111111111111111111111111111111110000000000000000000000000000000000000000000011111111111111111111111111111111111111111111000000000000000000000000000000000000000000000
111111111111111111111111111111111111111111110000000000000000000000000000000000000000000011111111111111111111111111111111111111111111000000000000000000000000000000000000000000000
111111111111111111111111111111111111111111110000000000000000000000000000000000000000000011111111111111111111111111111111111111111111000000000000000000000000000000000000000000000
111111111111111111111111111111111111111111110000000000000000000000000000000000000000000011111111111111111111111111111111111111111111000000000000000000000000000000000000000000000
111111111111111111111111111111111111111111110000000000000000000000000000000000000000000011111111111111111111111111111111111111111111000000000000000000000000000000000000000000000
111111111111111111111111111111111111111111110000000000000000000000000000000000000000000011111111111111111111111111111111111111111111000000000000000000000000000000000000000000000
111111111111111111111111111111111111111111110000000000000000000000000000000000000000000011111111111111111111111111111111111111111111000000000000000000000000000000000000000000000
111111111111111111111111111111111111111111110000000000000000000000000000000000000000000011111111111111111111111111111111111111111111000000000000000000000000000000000000000000000
111111111111111111111111111111111111111111111111111111111111111111111111111111111111111100000000000000000000000000000000000000000000000000000000000000000000000000000000000000000
89 90 91 92 93 94 95 96 97 98 99 100 101 102 103 104 105 106 107 108 109 110 111 112 113 114 115 116 117 118 119 120 121 122 123 124 125 126 127 128 129 130 131 132 133 134 135 136 137 138 139 140 141 142 143 144 145 146 147 148 149 150 151 152 153 154 155 156 157 158 159 160 161 162 163 164 165 166 167 168 169 170 171 172 173 174 175 176 45 46 47 48 49 50 51 52 53 54 55 56 57 58 59 60 61 62 63 64 65 66 67 68 69 70 71 72 73 74 75 76 77 78 79 80 81 82 83 84 85 86 87 88 1 2 3 4 5 6 7 8 9 10 11 12 13 14 15 16 17 18 19 20 21 22 23 24 25 26 27 28 29 30 31 32 33 34 35 36 37 38 39 40 41 42 43 44 177
Case #5: Yes
011111111111111111111111111111111111000000000000000000000000000000000000000000000000000000000000000000000000111111111111111111111111111111111111
101111111111111111111111111111111111000000000000000000000000000000000000000000000000000000000000000000000000111111111111111111111111111111111111
110111111111111111111111111111111111000000000000000000000000000000000000000000000000000000000000000000000000111111111111111111111111111111111111
111011111111111111111111111111111111000000000000000000000000000000000000000000000000000000000000000000000000111111111111111111111111111111111111
111101111111111111111111111111111111000000000000000000000000000000000000000000000000000000000000000000000000111111111111111111111111111111111111
111110111111111111111111111111111111000000000000000000000000000000000000000000000000000000000000000000000000111111111111111111111111111111111111
111111011111111111111111111111111111000000000000000000000000000000000000000000000000000000000000000000000000111111111111111111111111111111111111
111111101111111111111111111111111111000000000000000000000000000000000000000000000000000000000000000000000000111111111111111111111111111111111111
111111110111111111111111111111111111000000000000000000000000000000000000000000000000000000000000000000000000111111111111111111111111111111111111
111111111011111111111111111111111111000000000000000000000000000000000000000000000000000000000000000000000000111111111111111111111111111111111111
111111111101111111111111111111111111000000000000000000000000000000000000000000000000000000000000000000000000111111111111111111111111111111111111
111111111110111111111111111111111111000000000000000000000000000000000000000000000000000000000000000000000000111111111111111111111111111111111111
111111111111011111111111111111111111000000000000000000000000000000000000000000000000000000000000000000000000111111111111111111111111111111111111
111111111111101111111111111111111111000000000000000000000000000000000000000000000000000000000000000000000000111111111111111111111111111111111111
111111111111110111111111111111111111000000000000000000000000000000000000000000000000000000000000000000000000111111111111111111111111111111111111
111111111111111011111111111111111111000000000000000000000000000000000000000000000000000000000000000000000000111111111111111111111111111111111111
111111111111111101111111111111111111000000000000000000000000000000000000000000000000000000000000000000000000111111111111111111111111111111111111
111111111111111110111111111111111111000000000000000000000000000000000000000000000000000000000000000000000000111111111111111111111111111111111111
111111111111111111011111111111111111000000000000000000000000000000000000000000000000000000000000000000000000111111111111111111111111111111111111
111111111111111111101111111111111111000000000000000000000000000000000000000000000000000000000000000000000000111111111111111111111111111111111111
111111111111111111110111111111111111000000000000000000000000000000000000000000000000000000000000000000000000111111111111111111111111111111111111
111111111111111111111011111111111111000000000000000000000000000000000000000000000000000000000000000000000000111111111111111111111111111111111111
111111111111111111111101111111111111000000000000000000000000000000000000000000000000000000000000000000000000111111111111111111111111111111111111
111111111111111111111110111111111111000000000000000000000000000000000000000000000000000000000000000000000000111111111111111111111111111111111111
111111111111111111111111011111111111000000000000000000000000000000000000000000000000000000000000000000000000111111111111111111111111111111111111
111111111111111111111111101111111111000000000000000000000000000000000000000000000000000000000000000000000000111111111111111111111111111111111111
111111111111111111111111110111111111000000000000000000000000000000000000000000000000000000000000000000000000111111111111111111111111111111111111
111111111111111111111111111011111111000000000000000000000000000000000000000000000000000000000000000000000000111111111111111111111111111111111111
111111111111111111111111111101111111000000000000000000000000000000000000000000000000000000000000000000000000111111111111111111111111111111111111
111111111111111111111111111110111111000000000000000000000000000000000000000000000000000000000000000000000000111111111111111111111111111111111111
111111111111111111111111111111011111000000000000000000000000000000000000000000000000000000000000000000000000111111111111111111111111111111111111
111111111111111111111111111111101111000000000000000000000000000000000000000000000000000000000000000000000000111111111111111111111111111111111111
111111111111111111111111111111110111000000000000000000000000000000000000000000000000000000000000000000000000111111111111111111111111111111111111
111111111111111111111111111111111011000000000000000000000000000000000000000000000000000000000000000000000000111111111111111111111111111111111111
111111111111111111111111111111111101000000000000000000000000000000000000000000000000000000000000000000000000111111111111111111111111111111111111
111111111111111111111111111111111110000000000000000000000000000000000000000000000000000000000000000000000000111111111111111111111111111111111111
000000000000000000000000000000000000011111111111111111111111111111111111111111111111111111111111111111111111000000000000000000000000000000000000
000000000000000000000000000000000000101111111111111111111111111111111111111111111111111111111111111111111111000000000000000000000000000000000000
000000000000000000000000000000000000110111111111111111111111111111111111111111111111111111111111111111111111000000000000000000000000000000000000
000000000000000000000000000000000000111011111111111111111111111111111111111111111111111111111111111111111111000000000000000000000000000000000000
000000000000000000000000000000000000111101111111111111111111111111111111111111111111111111111111111111111111000000000000000000000000000000000000
000000000000000000000000000000000000111110111111111111111111111111111111111111111111111111111111111111111111000000000000000000000000000000000000
000000000000000000000000000000000000111111011111111111111111111111111111111111111111111111111111111111111111000000000000000000000000000000000000
000000000000000000000000000000000000111111101111111111111111111111111111111111111111111111111111111111111111000000000000000000000000000000000000
000000000000000000000000000000000000111111110111111111111111111111111111111111111111111111111111111111111111000000000000000000000000000000000000
000000000000000000000000000000000000111111111011111111111111111111111111111111111111111111111111111111111111000000000000000000000000000000000000
000000000000000000000000000000000000111111111101111111111111111111111111111111111111111111111111111111111111000000000000000000000000000000000000
000000000000000000000000000000000000111111111110111111111111111111111111111111111111111111111111111111111111000000000000000000000000000000000000
000000000000000000000000000000000000111111111111011111111111111111111111111111111111111111111111111111111111000000000000000000000000000000000000
000000000000000000000000000000000000111111111111101111111111111111111111111111111111111111111111111111111111000000000000000000000000000000000000
000000000000000000000000000000000000111111111111110111111111111111111111111111111111111111111111111111111111000000000000000000000000000000000000
000000000000000000000000000000000000111111111111111011111111111111111111111111111111111111111111111111111111000000000000000000000000000000000000
000000000000000000000000000000000000111111111111111101111111111111111111111111111111111111111111111111111111000000000000000000000000000000000000
000000000000000000000000000000000000111111111111111110111111111111111111111111111111111111111111111111111111000000000000000000000000000000000000
000000000000000000000000000000000000111111111111111111011111111111111111111111111111111111111111111111111111000000000000000000000000000000000000
000000000000000000000000000000000000111111111111111111101111111111111111111111111111111111111111111111111111000000000000000000000000000000000000
000000000000000000000000000000000000111111111111111111110111111111111111111111111111111111111111111111111111000000000000000000000000000000000000
000000000000000000000000000000000000111111111111111111111011111111111111111111111111111111111111111111111111000000000000000000000000000000000000
000000000000000000000000000000000000111111111111111111111101111111111111111111111111111111111111111111111111000000000000000000000000000000000000
000000000000000000000000000000000000111111111111111111111110111111111111111111111111111111111111111111111111000000000000000000000000000000000000
000000000000000000000000000000000000111111111111111111111111011111111111111111111111111111111111111111111111000000000000000000000000000000000000
000000000000000000000000000000000000111111111111111111111111101111111111111111111111111111111111111111111111000000000000000000000000000000000000
000000000000000000000000000000000000111111111111111111111111110111111111111111111111111111111111111111111111000000000000000000000000000000000000
000000000000000000000000000000000000111111111111111111111111111011111111111111111111111111111111111111111111000000000000000000000000000000000000
000000000000000000000000000000000000111111111111111111111111111101111111111111111111111111111111111111111111000000000000000000000000000000000000
000000000000000000000000000000000000111111111111111111111111111110111111111111111111111111111111111111111111000000000000000000000000000000000000
000000000000000000000000000000000000111111111111111111111111111111011111111111111111111111111111111111111111000000000000000000000000000000000000
000000000000000000000000000000000000111111111111111111111111111111101111111111111111111111111111111111111111000000000000000000000000000000000000
000000000000000000000000000000000000111111111111111111111111111111110111111111111111111111111111111111111111000000000000000000000000000000000000
000000000000000000000000000000000000111111111111111111111111111111111011111111111111111111111111111111111111000000000000000000000000000000000000
000000000000000000000000000000000000111111111111111111111111111111111101111111111111111111111111111111111111000000000000000000000000000000000000
000000000000000000000000000000000000111111111111111111111111111111111110111111111111111111111111111111111111000000000000000000000000000000000000
000000000000000000000000000000000000111111111111111111111111111111111111000000000000000000000000000000000000111111111111111111111111111111111111
000000000000000000000000000000000000111111111111111111111111111111111111000000000000000000000000000000000000111111111111111111111111111111111111
000000000000000000000000000000000000111111111111111111111111111111111111000000000000000000000000000000000000111111111111111111111111111111111111
000000000000000000000000000000000000111111111111111111111111111111111111000000000000000000000000000000000000111111111111111111111111111111111111
000000000000000000000000000000000000111111111111111111111111111111111111000000000000000000000000000000000000111111111111111111111111111111111111
000000000000000000000000000000000000111111111111111111111111111111111111000000000000000000000000000000000000111111111111111111111111111111111111
000000000000000000000000000000000000111111111111111111111111111111111111000000000000000000000000000000000000111111111111111111111111111111111111
000000000000000000000000000000000000111111111111111111111111111111111111000000000000000000000000000000000000111111111111111111111111111111111111
000000000000000000000000000000000000111111111111111111111111111111111111000000000000000000000000000000000000111111111111111111111111111111111111
000000000000000000000000000000000000111111111111111111111111111111111111000000000000000000000000000000000000111111111111111111111111111111111111
000000000000000000000000000000000000111111111111111111111111111111111111000000000000000000000000000000000000111111111111111111111111111111111111
000000000000000000000000000000000000111111111111111111111111111111111111000000000000000000000000000000000000111111111111111111111111111111111111
000000000000000000000000000000000000111111111111111111111111111111111111000000000000000000000000000000000000111111111111111111111111111111111111
000000000000000000000000000000000000111111111111111111111111111111111111000000000000000000000000000000000000111111111111111111111111111111111111
000000000000000000000000000000000000111111111111111111111111111111111111000000000000000000000000000000000000111111111111111111111111111111111111
000000000000000000000000000000000000111111111111111111111111111111111111000000000000000000000000000000000000111111111111111111111111111111111111
000000000000000000000000000000000000111111111111111111111111111111111111000000000000000000000000000000000000111111111111111111111111111111111111
000000000000000000000000000000000000111111111111111111111111111111111111000000000000000000000000000000000000111111111111111111111111111111111111
000000000000000000000000000000000000111111111111111111111111111111111111000000000000000000000000000000000000111111111111111111111111111111111111
000000000000000000000000000000000000111111111111111111111111111111111111000000000000000000000000000000000000111111111111111111111111111111111111
000000000000000000000000000000000000111111111111111111111111111111111111000000000000000000000000000000000000111111111111111111111111111111111111
000000000000000000000000000000000000111111111111111111111111111111111111000000000000000000000000000000000000111111111111111111111111111111111111
000000000000000000000000000000000000111111111111111111111111111111111111000000000000000000000000000000000000111111111111111111111111111111111111
000000000000000000000000000000000000111111111111111111111111111111111111000000000000000000000000000000000000111111111111111111111111111111111111
000000000000000000000000000000000000111111111111111111111111111111111111000000000000000000000000000000000000111111111111111111111111111111111111
000000000000000000000000000000000000111111111111111111111111111111111111000000000000000000000000000000000000111111111111111111111111111111111111
000000000000000000000000000000000000111111111111111111111111111111111111000000000000000000000000000000000000111111111111111111111111111111111111
000000000000000000000000000000000000111111111111111111111111111111111111000000000000000000000000000000000000111111111111111111111111111111111111
000000000000000000000000000000000000111111111111111111111111111111111111000000000000000000000000000000000000111111111111111111111111111111111111
000000000000000000000000000000000000111111111111111111111111111111111111000000000000000000000000000000000000111111111111111111111111111111111111
000000000000000000000000000000000000111111111111111111111111111111111111000000000000000000000000000000000000111111111111111111111111111111111111
000000000000000000000000000000000000111111111111111111111111111111111111000000000000000000000000000000000000111111111111111111111111111111111111
000000000000000000000000000000000000111111111111111111111111111111111111000000000000000000000000000000000000111111111111111111111111111111111111
000000000000000000000000000000000000111111111111111111111111111111111111000000000000000000000000000000000000111111111111111111111111111111111111
000000000000000000000000000000000000111111111111111111111111111111111111000000000000000000000000000000000000111111111111111111111111111111111111
000000000000000000000000000000000000111111111111111111111111111111111111000000000000000000000000000000000000111111111111111111111111111111111111
111111111111111111111111111111111111000000000000000000000000000000000000111111111111111111111111111111111111000000000000000000000000000000000000
111111111111111111111111111111111111000000000000000000000000000000000000111111111111111111111111111111111111000000000000000000000000000000000000
111111111111111111111111111111111111000000000000000000000000000000000000111111111111111111111111111111111111000000000000000000000000000000000000
111111111111111111111111111111111111000000000000000000000000000000000000111111111111111111111111111111111111000000000000000000000000000000000000
111111111111111111111111111111111111000000000000000000000000000000000000111111111111111111111111111111111111000000000000000000000000000000000000
111111111111111111111111111111111111000000000000000000000000000000000000111111111111111111111111111111111111000000000000000000000000000000000000
111111111111111111111111111111111111000000000000000000000000000000000000111111111111111111111111111111111111000000000000000000000000000000000000
111111111111111111111111111111111111000000000000000000000000000000000000111111111111111111111111111111111111000000000000000000000000000000000000
111111111111111111111111111111111111000000000000000000000000000000000000111111111111111111111111111111111111000000000000000000000000000000000000
111111111111111111111111111111111111000000000000000000000000000000000000111111111111111111111111111111111111000000000000000000000000000000000000
111111111111111111111111111111111111000000000000000000000000000000000000111111111111111111111111111111111111000000000000000000000000000000000000
111111111111111111111111111111111111000000000000000000000000000000000000111111111111111111111111111111111111000000000000000000000000000000000000
111111111111111111111111111111111111000000000000000000000000000000000000111111111111111111111111111111111111000000000000000000000000000000000000
111111111111111111111111111111111111000000000000000000000000000000000000111111111111111111111111111111111111000000000000000000000000000000000000
111111111111111111111111111111111111000000000000000000000000000000000000111111111111111111111111111111111111000000000000000000000000000000000000
111111111111111111111111111111111111000000000000000000000000000000000000111111111111111111111111111111111111000000000000000000000000000000000000
111111111111111111111111111111111111000000000000000000000000000000000000111111111111111111111111111111111111000000000000000000000000000000000000
111111111111111111111111111111111111000000000000000000000000000000000000111111111111111111111111111111111111000000000000000000000000000000000000
111111111111111111111111111111111111000000000000000000000000000000000000111111111111111111111111111111111111000000000000000000000000000000000000
111111111111111111111111111111111111000000000000000000000000000000000000111111111111111111111111111111111111000000000000000000000000000000000000
111111111111111111111111111111111111000000000000000000000000000000000000111111111111111111111111111111111111000000000000000000000000000000000000
111111111111111111111111111111111111000000000000000000000000000000000000111111111111111111111111111111111111000000000000000000000000000000000000
111111111111111111111111111111111111000000000000000000000000000000000000111111111111111111111111111111111111000000000000000000000000000000000000
111111111111111111111111111111111111000000000000000000000000000000000000111111111111111111111111111111111111000000000000000000000000000000000000
111111111111111111111111111111111111000000000000000000000000000000000000111111111111111111111111111111111111000000000000000000000000000000000000
111111111111111111111111111111111111000000000000000000000000000000000000111111111111111111111111111111111111000000000000000000000000000000000000
111111111111111111111111111111111111000000000000000000000000000000000000111111111111111111111111111111111111000000000000000000000000000000000000
111111111111111111111111111111111111000000000000000000000000000000000000111111111111111111111111111111111111000000000000000000000000000000000000
111111111111111111111111111111111111000000000000000000000000000000000000111111111111111111111111111111111111000000000000000000000000000000000000
111111111111111111111111111111111111000000000000000000000000000000000000111111111111111111111111111111111111000000000000000000000000000000000000
111111111111111111111111111111111111000000000000000000000000000000000000111111111111111111111111111111111111000000000000000000000000000000000000
111111111111111111111111111111111111000000000000000000000000000000000000111111111111111111111111111111111111000000000000000000000000000000000000
111111111111111111111111111111111111000000000000000000000000000000000000111111111111111111111111111111111111000000000000000000000000000000000000
111111111111111111111111111111111111000000000000000000000000000000000000111111111111111111111111111111111111000000000000000000000000000000000000
111111111111111111111111111111111111000000000000000000000000000000000000111111111111111111111111111111111111000000000000000000000000000000000000
111111111111111111111111111111111111000000000000000000000000000000000000111111111111111111111111111111111111000000000000000000000000000000000000
73 74 75 76 77 78 79 80 81 82 83 84 85 86 87 88 89 90 91 92 93 94 95 96 97 98 99 100 101 102 103 104 105 106 107 108 109 110 111 112 113 114 115 116 117 118 119 120 121 122 123 124 125 126 127 128 129 130 131 132 133 134 135 136 137 138 139 140 141 142 143 144 37 38 39 40 41 42 43 44 45 46 47 48 49 50 51 52 53 54 55 56 57 58 59 60 61 62 63 64 65 66 67 68 69 70 71 72 1 2 3 4 5 6 7 8 9 10 11 12 13 14 15 16 17 18 19 20 21 22 23 24 25 26 27 28 29 30 31 32 33 34 35 36
