20
18
16
3
19
13
12
7
7
20
12
9
8
5
20
9
16
20
14
18
6
9
12
2
18
20
14
20
15
12
5
15
8
15
13
17
19
10
18
6
2
20
8
6
16
2
16
7
20
10
18
8
10
5
4
8
11
18
19
11
7
20
17
14
19
10
5
10
12
13
12
20
15
11
10
14
13
18
16
9
13
16
8
17
8
15
18
14
15
9
4
14
14
8
19
4
7
18
13
13
15
10
8
6
10
16
12
3
14
17
20
11
13
7
9
9
14
9
1
11
5
8
14
16
10
2
6
6
6
4
12
7
16
4
20
10
14
14
1
6
19
3
11
2
10
6
2
14
2
20
18
17
9
10
19
20
9
10
5
19
20
20
9
14
13
19
20
15
7
18
3
14
6
12
3
15
20
18
15
2
10
18
11
13
4
6
18
14
10
11
19
4
11
15
16
9
4
8
8
9
17
16
16
17
3
18
5
2
2
13
9
11
12
11
6
17
8
16
13
12
17
14
20
8
11
18
20
3
16
7
16
19
13
2
2
14
18
2
8
20
13
20
19
13
9
10
20
5
6
15
13
10
13
7
17
13
3
4
10
8
19
8
4
3
4
7
9
16
16
15
3
20
20
9
10
10
19
10
13
6
11
5
17
7
7
15
10
15
6
4
8
3
9
16
20
9
18
18
17
19
18
16
11
7
13
8
20
6
10
11
17
10
18
9
16
2
8
15
12
15
8
8
20
5
14
5
5
20
18
20
10
19
3
14
18
6
17
11
7
4
11
2
3
10
9
10
2
15
12
15
19
7
15
5
18
4
9
9
8
8
4
3
12
19
13
2
15
2
1
9
15
11
1
15
10
10
2
16
15
14
20
19
2
7
19
20
18
12
4
7
14
14
15
10
10
13
10
3
17
9
7
18
17
9
5
3
19
7
3
6
2
6
16
20
13
9
19
13
20
3
1
3
14
7
15
4
10
8
18
9
13
5
9
2
17
6
5
4
20
19
8
1
9
5
6
19
15
14
3
11
2
12
12
18
10
16
9
15
11
19
5
15
3
6
2
20
11
2
3
17
3
17
17
10
11
18
4
16
7
19
13
20
13
11
20
5
6
6
1
19
13
1
8
4
6
3
15
11
17
7
9
4
18
2
15
15
20
12
6
9
15
12
9
12
11
14
20
14
5
4
6
1
12
4
8
13
4
5
5
5
20
12
6
10
16
13
10
5
11
3
9
16
4
7
15
18
7
2
10
18
19
4
10
6
20
9
10
17
7
13
10
17
14
14
11
3
12
15
8
12
10
4
10
11
9
17
10
16
8
5
15
3
14
15
13
18
15
7
20
14
1
20
14
18
1
13
5
10
3
20
15
11
16
11
9
10
18
8
8
11
17
16
16
4
12
12
10
10
3
10
14
14
16
5
19
6
14
16
20
10
7
4
4
12
14
19
18
18
11
10
11
5
18
10
3
15
18
18
7
18
13
10
2
6
7
20
19
14
4
2
4
9
6
16
3
13
11
17
11
13
20
6
18
7
8
14
20
20
12
16
2
9
15
2
14
18
17
12
14
7
12
15
15
20
14
5
12
19
9
4
16
9
13
4
12
8
3
13
8
15
11
6
6
12
20
6
18
13
5
2
20
12
7
5
20
6
2
15
5
4
9
7
11
12
11
2
17
11
13
15
18
5
18
14
11
16
9
6
8
5
2
18
20
13
11
13
6
14
14
19
13
7
19
12
11
11
3
14
8
1
11
20
3
16
1
6
3
20
10
15
3
18
20
15
8
20
11
9
3
11
2
18
7
9
10
5
20
16
7
7
15
9
20
19
16
6
18
1
20
17
14
10
18
9
6
16
14
13
2
18
17
15
4
20
9
18
13
5
19
2
20
12
6
3
12
3
15
20
8
15
2
13
3
5
18
16
15
15
12
20
8
1
16
20
14
8
14
20
18
12
15
18
2
9
3
8
11
6
10
19
15
7
13
7
13
16
11
10
19
4
20
12
7
6
20
7
8
13
5
7
12
13
6
16
4
20
9
1
16
16
17
15
20
9
4
18
15
17
17
20
6
17
4
1
14
12
10
8
5
13
17
20
11
7
9
11
3
5
14
13
6
20
8
2
17
18
20
10
14
13
10
4
6
5
18
6
3
7
18
17
3
2
16
6
6
3
7
13
18
12
14
3
9
16
10
12
1
9
3
7
17
17
5
18
12
2
19
17
14
5
7
15
13
5
20
3
3
18
16
3
2
18
11
6
11
10
11
11
3
14
11
7
16
10
4
16
16
3
7
18
14
14
17
19
18
7
11
11
6
20
13
18
7
16
20
3
19
8
1
6
7
6
11
10
10
12
18
1
18
16
19
3
19
7
2
19
15
2
20
20
20
3
17
8
2
18
17
8
6
7
3
4
17
16
13
20
20
16
11
17
12
16
5
9
20
5
15
16
15
12
5
13
3
16
17
19
16
13
10
16
18
16
10
11
7
13
9
2
3
16
20
2
14
3
11
17
14
20
1
9
9
20
19
17
4
19
9
12
18
17
7
8
2
12
16
18
1
11
11
9
7
11
19
20
6
14
9
19
16
17
10
9
5
4
8
7
9
17
2
20
17
6
13
14
14
3
7
19
3
3
6
19
15
5
3
20
8
7
3
4
7
15
11
13
16
12
10
4
9
1
6
11
20
14
12
5
10
5
8
12
2
17
18
8
9
18
14
19
17
9
12
17
18
3
5
3
10
11
7
4
11
7
16
7
17
10
12
14
7
14
4
6
20
4
11
5
14
5
8
20
15
6
2
20
18
7
20
11
2
2
9
10
17
5
17
4
9
6
8
20
7
3
1
14
2
6
20
17
11
17
12
10
11
3
5
2
1
6
8
12
1
2
13
9
8
18
20
16
18
12
13
20
12
14
20
8
11
13
9
12
6
13
18
16
5
5
8
14
7
14
10
17
13
4
14
14
13
3
20
12
19
13
4
15
3
8
17
5
5
5
5
15
8
15
15
12
8
19
4
2
6
12
16
18
9
12
15
6
18
3
5
19
16
13
13
5
10
10
11
11
16
1
12
6
20
4
20
13
10
6
7
18
13
20
13
6
3
12
13
17
14
1
8
7
20
12
6
11
17
9
11
1
16
17
5
7
4
17
20
3
7
17
7
19
13
5
16
16
18
12
5
5
15
12
14
6
12
3
2
5
14
19
12
13
12
16
11
17
9
20
7
14
15
3
5
9
15
6
12
9
13
10
16
9
4
11
10
5
12
14
13
20
13
16
2
12
20
18
20
5
18
15
3
14
12
5
20
5
14
15
3
7
18
18
1
9
17
17
11
15
5
20
1
12
7
12
2
9
20
5
13
18
13
3
18
4
4
16
20
1
10
20
1
7
20
6
17
5
3
20
19
6
20
20
20
18
19
18
10
18
13
10
7
1
5
7
19
20
2
10
15
7
10
7
9
4
11
5
11
7
5
16
11
5
4
13
10
16
20
7
16
12
13
12
5
16
5
19
13
13
15
3
6
18
19
14
10
3
9
19
7
11
17
7
11
4
20
19
18
13
5
19
20
18
4
15
2
14
14
11
7
2
12
13
2
17
7
5
6
20
20
3
16
20
20
6
11
20
8
12
11
19
11
13
15
6
6
20
17
2
14
3
14
16
5
8
3
8
8
9
6
17
14
18
6
2
8
12
20
20
12
18
4
18
20
8
1
7
5
12
19
11
6
14
4
15
20
5
20
13
5
19
14
18
3
5
13
17
4
13
12
14
8
8
16
12
6
6
12
14
9
2
4
12
7
15
16
14
7
11
9
2
18
15
13
6
8
11
4
2
20
12
10
16
3
7
3
20
5
20
6
8
15
7
14
5
12
16
14
2
19
20
9
11
1
18
6
9
13
20
7
14
14
18
10
3
5
4
20
18
13
11
11
2
13
3
2
9
18
20
10
9
17
15
8
13
18
5
10
15
10
12
1
2
19
15
18
16
18
17
19
16
6
14
3
9
20
1
18
9
2
10
8
5
9
7
15
12
20
15
12
19
6
17
18
5
12
19
4
20
8
15
10
4
18
20
6
19
16
4
10
17
2
9
20
4
15
15
3
20
15
5
5
5
8
14
10
12
7
3
2
8
20
20
2
3
4
20
20
6
14
20
9
9
15
20
12
2
14
3
19
19
12
3
16
12
6
8
5
3
13
19
20
7
18
17
10
19
8
5
9
3
14
5
14
13
18
18
18
12
11
6
16
11
16
15
19
19
19
6
7
14
8
3
11
5
9
3
11
18
19
4
2
9
15
13
19
10
19
11
14
5
8
11
4
18
4
3
14
17
2
5
10
19
6
7
18
20
17
7
15
3
12
10
6
13
20
8
4
11
6
17
20
8
9
11
5
2
13
14
12
10
5
16
18
11
10
2
10
16
18
9
16
11
13
18
18
14
15
18
13
9
11
11
4
9
18
5
4
15
13
11
18
17
16
14
14
12
7
7
14
3
16
16
16
20
15
10
1
14
4
18
13
9
4
3
19
11
20
15
4
1
13
13
15
10
19
19
3
4
9
19
19
12
10
16
6
20
15
20
11
17
20
5
1
6
15
20
8
12
13
3
6
9
5
16
20
14
19
11
1
7
2
9
5
11
10
14
15
17
2
12
18
5
9
10
20
14
10
16
8
15
14
9
17
16
20
18
20
20
13
8
2
20
11
12
20
11
14
4
18
12
15
14
20
5
5
2
12
8
10
4
7
18
4
5
20
7
19
2
13
11
1
9
17
8
15
3
13
4
8
8
11
10
9
6
7
20
20
11
13
20
4
6
1
13
7
19
4
10
6
17
14
17
13
11
7
3
11
17
4
7
2
7
20
7
8
12
20
4
15
6
9
3
17
20
16
19
4
6
9
16
5
18
1
6
6
3
18
20
10
2
15
6
9
15
20
9
11
20
5
3
16
7
16
13
6
15
20
14
12
8
9
9
15
7
2
19
5
18
15
18
13
15
11
3
6
14
15
18
4
20
13
7
3
16
17
18
15
4
14
3
13
4
17
3
12
9
8
20
20
2
19
16
13
8
15
20
3
13
6
11
4
3
11
11
10
6
5
18
17
3
8
6
6
15
16
11
16
20
4
20
11
16
15
11
2
18
19
11
20
3
4
11
7
12
2
17
1
5
17
12
5
18
5
20
3
14
11
16
10
5
2
17
16
17
15
13
8
3
6
13
10
10
8
9
18
4
4
2
5
11
13
11
20
18
5
14
18
5
14
15
11
16
12
18
16
7
7
13
14
18
5
8
2
19
12
19
10
20
13
12
9
7
20
6
3
18
15
16
5
14
18
13
13
11
7
2
16
9
15
12
4
15
16
2
15
20
17
20
9
13
12
15
16
10
10
7
19
17
16
3
15
13
15
10
4
20
20
10
20
5
14
14
20
20
8
4
16
6
9
6
19
16
17
16
20
9
18
4
4
18
14
8
13
6
1
19
5
5
4
9
19
4
2
7
12
6
11
4
8
8
14
20
6
16
13
11
19
9
4
20
13
10
4
4
15
12
9
12
20
3
14
18
6
13
14
14
8
3
18
19
20
2
14
9
10
12
3
16
5
11
16
17
6
13
20
7
14
3
18
20
20
18
17
10
3
20
18
5
18
7
8
16
2
13
8
8
16
19
17
12
18
10
7
15
2
19
13
2
19
20
12
8
20
15
16
8
17
13
9
20
12
3
10
10
15
13
13
17
5
18
14
13
15
20
15
3
14
11
14
13
15
5
10
10
20
2
7
20
15
18
13
4
14
1
12
20
10
16
12
16
18
16
14
20
9
7
14
3
16
4
20
2
17
3
18
17
2
2
16
6
18
16
14
2
7
5
1
13
10
17
12
14
20
20
3
4
6
15
7
20
15
14
10
10
17
2
20
12
3
20
18
17
15
20
13
13
14
17
5
20
18
1
11
4
17
3
20
4
15
3
20
6
3
14
3
20
2
15
14
3
10
17
16
10
17
18
17
20
20
5
16
9
18
19
13
10
2
12
9
17
11
2
3
16
17
8
4
17
11
10
7
18
16
15
8
5
11
6
14
10
17
8
10
16
8
12
6
14
11
8
17
4
3
10
7
14
15
10
14
12
18
15
14
12
1
17
15
5
10
2
14
11
7
3
19
14
8
14
13
13
9
14
10
7
16
15
14
18
19
5
20
12
2
3
19
19
18
1
12
4
16
5
15
17
16
2
5
18
17
8
5
9
8
1
6
13
10
1
16
8
8
3
12
4
6
18
3
20
9
19
13
13
19
6
4
9
19
12
20
11
6
19
3
20
16
8
14
6
10
13
12
12
10
5
2
11
9
15
20
1
11
19
11
17
14
2
16
7
6
15
6
17
11
3
6
5
10
14
1
15
4
8
20
11
19
18
16
16
17
7
3
12
12
12
20
10
14
10
14
7
5
11
5
15
7
20
12
10
8
20
14
15
16
19
2
8
10
8
17
17
11
3
8
8
15
17
15
4
18
5
14
14
19
12
12
4
4
4
10
7
19
9
20
15
19
14
9
15
12
13
4
18
6
18
6
9
16
20
20
20
6
3
6
9
17
20
14
10
12
10
11
2
14
5
7
18
6
12
20
3
13
18
9
5
13
15
8
12
17
20
9
12
11
14
18
12
14
15
5
18
9
9
9
11
9
20
3
18
11
16
11
8
11
11
5
14
6
9
3
4
17
11
17
18
3
5
9
9
11
14
18
5
16
10
5
8
17
12
5
8
17
15
8
8
19
7
17
10
7
20
6
7
7
12
17
10
17
3
6
7
2
8
10
8
16
19
11
10
18
6
1
3
14
5
18
11
10
12
17
3
19
14
4
5
10
13
14
10
15
18
4
18
13
17
5
9
14
15
6
4
18
15
2
17
19
7
3
3
14
9
16
17
16
2
16
17
5
12
7
12
20
20
9
19
6
19
20
19
9
12
9
13
3
17
15
2
18
6
14
6
15
11
5
4
17
15
18
18
11
14
20
9
15
11
13
8
13
4
16
11
16
17
14
8
2
19
6
20
10
15
15
7
17
2
18
9
19
19
1
17
1
20
2
19
11
3
15
20
10
19
3
15
6
20
10
4
17
5
5
16
20
5
3
17
16
18
19
9
20
6
9
19
17
8
12
11
18
12
1
1
19
14
11
18
13
19
2
10
4
10
2
5
11
11
8
16
14
16
19
14
18
5
14
19
2
18
7
9
1
10
10
18
3
18
11
18
20
20
20
12
16
1
14
8
20
13
14
4
13
13
7
16
11
20
3
16
20
1
13
17
15
17
18
6
18
12
7
1
20
7
20
9
18
7
6
15
5
15
5
3
19
15
9
17
4
3
14
2
7
16
8
10
8
4
4
15
3
14
9
4
20
11
6
8
7
10
7
11
1
11
16
6
19
20
4
3
3
8
12
7
11
6
4
5
13
11
13
19
7
8
17
20
10
18
8
11
19
13
13
11
3
15
13
6
20
1
16
7
7
14
10
15
16
19
9
12
17
5
18
2
16
16
5
16
6
9
19
2
15
16
7
15
20
15
17
13
15
20
14
20
11
20
16
4
20
13
6
10
12
3
11
16
8
18
9
13
20
1
19
5
15
20
3
5
5
8
2
16
6
18
20
5
12
19
15
16
13
9
17
11
3
13
17
7
8
1
3
19
18
15
14
10
13
20
16
20
11
17
16
6
10
14
12
10
15
10
13
9
8
4
3
3
5
13
18
14
18
15
17
5
12
6
20
3
5
10
1
5
5
2
13
14
18
14
18
10
7
1
2
20
9
5
11
7
10
20
15
5
20
17
13
13
19
16
9
19
13
7
9
18
7
19
9
18
15
14
20
16
3
16
15
1
1
20
12
2
10
19
9
3
20
10
17
15
18
9
12
10
10
14
7
9
2
2
19
13
15
11
14
2
6
15
16
15
4
14
15
2
20
3
20
18
4
8
8
16
10
5
18
17
12
6
2
4
3
2
8
4
18
3
8
20
8
6
9
9
20
12
8
19
13
14
20
7
19
12
13
17
6
11
2
19
18
6
5
18
13
12
13
8
8
13
14
12
10
11
20
11
9
7
1
1
8
15
19
8
11
18
3
20
14
14
8
13
7
12
19
8
16
13
9
6
9
11
16
5
16
15
19
14
18
17
11
15
4
10
20
2
11
4
8
19
19
5
4
3
15
13
20
5
6
15
19
3
10
7
20
20
7
6
11
9
4
12
5
7
11
4
20
12
14
3
12
16
14
20
3
18
17
1
14
6
20
20
5
15
10
3
9
1
2
7
18
7
9
5
11
20
3
7
20
1
7
9
20
2
4
12
7
12
2
1
4
2
17
13
15
16
10
17
18
4
18
17
9
16
6
10
19
2
20
13
3
20
4
20
15
10
13
20
18
16
3
11
6
18
13
11
9
20
9
13
10
8
11
15
15
18
3
4
13
17
3
9
19
2
7
15
3
18
12
4
1
5
6
20
6
20
20
4
12
15
6
4
13
13
4
15
9
15
7
7
13
19
14
13
14
4
5
4
3
12
4
6
20
16
6
13
10
7
2
13
6
19
19
14
6
8
10
17
19
6
3
10
8
19
7
10
3
12
14
13
20
20
15
10
18
16
9
12
11
9
16
4
5
15
20
11
18
6
19
16
19
5
18
13
14
19
17
6
20
11
11
7
4
18
20
12
20
6
18
16
4
16
17
4
16
8
18
8
7
10
7
11
16
6
12
19
4
9
4
18
2
9
4
5
14
9
8
5
9
4
18
18
11
11
20
6
19
18
7
14
9
17
12
20
10
18
6
14
2
1
4
12
8
9
13
3
14
2
4
2
11
4
6
2
16
16
15
10
19
9
15
3
4
5
20
3
20
10
20
16
13
1
20
5
18
9
20
20
17
3
17
14
4
17
14
17
14
15
10
20
16
15
8
3
9
12
6
1
4
20
19
9
2
4
4
20
16
4
8
16
5
16
11
12
3
19
16
11
3
9
12
8
18
14
10
7
8
2
4
17
3
14
16
15
18
9
20
9
11
3
11
4
5
2
5
10
2
10
9
13
17
10
17
10
3
6
4
19
9
19
17
3
6
16
1
19
7
20
20
9
13
6
14
5
1
3
12
20
12
19
20
10
12
12
17
13
6
3
4
2
12
16
3
5
20
10
3
19
4
16
8
12
2
6
12
11
3
9
2
9
1
17
11
12
5
13
8
12
6
13
19
13
19
14
8
20
10
1
14
3
4
20
19
4
15
10
20
17
6
11
19
6
17
18
2
8
20
14
17
13
12
8
8
13
3
20
11
20
11
6
6
20
20
13
20
20
3
16
20
6
9
15
20
16
16
20
8
8
11
13
11
8
19
14
11
5
4
15
14
15
15
17
5
20
5
2
5
17
5
6
8
8
19
11
1
20
18
8
4
16
2
15
5
14
12
14
10
13
3
7
10
13
20
4
13
3
20
3
3
15
13
20
5
3
14
11
10
7
7
5
3
7
16
18
19
9
18
16
17
17
17
14
20
7
18
15
17
6
19
12
14
13
20
10
5
2
7
19
20
17
7
13
7
2
16
4
14
13
18
8
11
17
6
6
8
13
9
4
18
10
19
6
3
17
7
3
3
17
11
17
7
16
8
8
14
8
20
13
12
10
8
20
20
18
16
20
11
11
10
12
19
8
5
8
15
14
15
20
7
16
20
17
11
20
13
13
3
16
13
17
12
2
1
14
11
13
11
5
20
10
10
6
7
14
1
10
18
7
15
2
17
13
17
11
16
6
2
20
14
16
15
14
6
3
17
7
15
12
5
3
4
6
3
15
5
17
20
11
3
13
14
17
1
8
17
2
1
5
3
14
18
2
7
14
15
8
9
20
8
4
1
15
14
7
8
3
11
7
19
19
12
9
11
15
15
20
6
8
8
13
14
6
10
7
17
6
18
9
9
6
14
13
11
9
5
18
1
18
12
3
2
12
14
7
20
13
3
2
17
1
2
4
11
6
3
9
3
12
5
2
13
20
5
6
10
20
18
18
20
20
12
16
2
15
19
14
9
4
5
20
13
20
2
16
15
15
11
16
6
9
20
7
7
5
20
2
16
5
18
20
19
20
14
14
20
2
4
19
16
13
9
20
16
2
11
18
10
10
18
19
18
17
2
20
11
6
18
9
6
17
14
4
6
6
6
7
12
2
7
18
10
5
6
18
14
4
20
5
3
19
5
7
12
20
12
7
3
9
19
6
12
10
7
15
17
10
3
2
17
5
6
9
14
3
9
2
8
16
15
13
6
20
8
6
17
17
7
10
9
9
13
15
6
12
7
1
7
12
19
17
14
17
18
14
14
17
7
3
6
20
9
5
19
8
18
4
11
13
15
14
12
9
5
10
10
4
10
17
20
12
12
16
10
20
14
17
17
20
13
3
17
14
8
20
12
11
13
13
8
19
14
4
12
17
13
14
17
20
18
7
14
18
18
4
14
2
3
17
11
19
10
2
2
13
6
5
8
6
18
14
8
9
16
10
9
15
2
12
4
13
5
6
4
3
5
18
1
17
18
12
2
1
14
20
20
9
9
3
12
1
20
17
5
19
9
11
13
4
18
9
17
6
2
15
5
15
20
16
11
19
6
2
19
16
10
11
7
16
13
12
11
8
11
7
4
20
7
19
5
12
3
11
5
8
12
13
17
6
11
6
6
17
7
20
15
10
1
3
9
14
20
14
7
20
6
3
10
18
17
3
11
19
8
2
4
20
20
4
18
5
16
11
12
9
8
19
9
16
4
4
14
9
16
18
2
20
6
13
11
17
11
11
16
3
19
10
2
13
5
15
10
20
10
13
17
16
10
20
12
18
8
11
7
2
3
15
10
10
12
15
7
20
14
19
6
6
4
17
3
11
18
6
5
4
19
20
3
4
15
10
20
7
19
17
20
2
9
18
6
10
18
6
14
6
11
1
1
18
4
8
9
11
13
12
20
8
7
20
19
8
3
13
11
11
19
20
16
19
15
10
16
5
14
3
15
15
6
19
10
1
17
3
15
6
20
20
16
6
10
3
10
1
3
5
16
13
20
12
8
4
20
15
13
20
20
15
10
5
4
4
7
9
12
13
6
3
1
3
18
5
8
13
12
15
11
8
14
10
14
10
3
12
20
4
14
12
4
6
1
3
14
17
13
7
17
11
2
6
16
19
6
8
20
17
20
17
11
17
15
20
6
19
18
13
4
11
20
10
13
19
2
19
12
13
12
13
4
5
16
14
20
7
16
4
7
6
16
13
16
10
19
19
19
5
12
2
19
8
15
11
12
17
9
6
13
18
20
34
15
42
19
43
28
20
27
43
34
50
49
50
11
4
33
46
22
47
19
48
20
31
18
3
50
4
9
6
22
4
4
19
45
39
7
29
4
27
33
28
6
41
47
12
38
22
23
28
8
15
16
35
5
3
1
13
3
18
32
42
36
42
24
40
16
36
41
7
38
11
42
19
44
34
26
50
5
15
10
10
41
45
4
48
50
19
13
27
42
47
48
37
4
4
31
35
21
39
37
15
47
13
8
9
9
42
15
44
4
33
3
13
31
33
45
26
32
33
1
3
18
50
47
27
6
10
46
30
45
16
7
25
9
34
43
22
14
5
24
14
1
9
15
1
5
5
2
19
13
29
25
16
23
18
28
4
12
50
15
45
5
37
28
50
50
48
47
23
2
22
14
45
36
44
40
10
10
26
44
20
24
15
43
8
41
39
36
43
41
40
26
16
7
14
41
38
31
47
39
16
9
26
1
9
26
27
34
48
4
24
50
35
17
10
47
8
49
37
25
25
41
37
41
6
11
50
16
25
46
34
38
31
2
8
22
8
29
30
47
18
29
41
33
9
27
42
6
41
8
36
25
38
37
8
12
22
6
2
4
29
48
9
36
43
44
50
49
18
45
7
33
30
14
30
21
9
32
23
50
32
34
20
37
45
8
20
15
8
9
49
24
27
41
29
43
5
26
39
14
24
34
6
14
3
19
30
33
18
2
31
40
15
18
8
6
7
50
26
39
44
4
22
9
15
47
15
37
18
36
50
9
19
37
19
40
42
46
20
35
48
2
15
32
16
36
39
45
16
34
22
16
42
11
40
28
5
39
23
39
29
24
46
32
38
24
34
32
30
12
3
32
47
39
27
1
2
23
26
33
22
31
49
10
25
8
30
40
29
44
3
24
11
14
21
24
5
50
50
12
40
5
27
34
30
10
35
16
47
42
3
48
38
5
45
47
36
1
44
44
28
42
18
13
32
5
49
19
49
29
36
18
8
42
47
2
19
24
13
46
7
30
27
18
22
15
27
24
49
7
19
12
38
45
22
38
45
8
44
21
23
38
22
16
20
45
28
46
13
32
17
41
20
32
46
28
45
45
22
18
40
48
12
35
6
23
3
40
5
36
7
26
13
3
6
46
50
46
25
16
15
10
25
34
12
21
2
41
3
46
15
18
11
25
49
41
20
2
49
10
48
23
10
40
45
32
47
21
13
18
11
16
22
50
24
42
31
28
28
36
42
14
13
45
46
44
40
6
45
36
26
25
3
10
47
9
4
36
30
4
50
23
43
33
26
13
25
36
16
25
14
18
13
34
43
40
27
4
45
45
6
42
48
16
9
41
25
39
9
5
32
46
17
33
31
50
20
17
10
9
50
48
19
6
37
22
35
48
34
23
15
40
50
14
39
43
17
34
3
47
46
14
23
35
47
21
8
39
36
42
12
3
40
27
49
36
18
4
28
39
1
5
10
6
6
18
10
38
50
50
49
32
14
1
23
5
36
49
12
27
7
26
16
22
46
33
29
47
45
28
20
6
2
44
32
8
25
50
38
22
34
21
16
20
29
48
4
12
10
40
34
12
42
45
8
22
29
9
50
49
9
22
34
23
20
45
31
35
40
18
44
37
19
25
20
4
34
18
2
35
21
6
9
50
36
19
41
5
16
38
46
50
44
42
5
12
8
33
44
16
46
44
28
12
26
5
22
25
18
24
25
30
25
49
43
27
22
47
20
27
47
31
45
43
24
41
9
38
47
2
16
33
26
49
48
40
50
43
36
40
13
42
30
39
32
2
15
33
42
35
48
28
13
43
19
21
46
46
47
45
15
29
30
50
32
19
47
21
20
23
25
15
8
44
13
22
43
50
4
19
24
9
50
17
8
1
34
10
20
41
35
4
41
28
27
18
39
7
42
21
36
47
47
20
27
13
45
33
31
37
6
3
21
38
46
30
9
15
37
35
8
18
43
45
12
50
43
12
18
30
48
2
22
29
22
3
41
31
23
27
28
27
4
5
18
4
20
50
15
41
42
32
26
21
33
3
34
41
39
17
16
6
41
50
44
28
30
44
40
33
12
17
14
19
43
30
31
16
29
50
50
24
11
47
45
26
44
25
50
12
5
7
4
8
21
20
44
2
4
27
32
50
9
35
44
19
49
30
17
31
3
28
28
15
32
6
32
20
21
20
47
30
30
19
8
25
16
31
10
49
24
17
6
12
42
4
22
40
8
42
1
24
11
48
39
49
36
35
47
23
47
15
6
46
12
50
38
49
34
11
50
48
22
4
18
4
11
11
34
14
44
35
29
50
39
6
28
33
6
22
24
39
47
23
37
18
18
37
7
15
37
17
9
47
37
29
47
20
48
14
10
3
30
32
14
12
5
16
40
50
17
39
24
20
28
11
43
9
18
48
30
49
6
26
10
28
37
43
8
25
7
40
46
27
41
43
38
28
6
8
8
8
32
22
9
5
48
39
8
49
48
3
9
2
18
40
39
38
33
17
24
3
50
12
23
13
10
35
31
42
39
5
3
13
33
16
5
24
29
37
16
27
25
17
41
38
46
30
47
24
34
33
14
12
14
45
48
20
36
19
4
6
4
26
19
26
10
33
35
32
3
15
4
32
37
28
36
17
50
28
45
5
21
49
50
13
13
33
25
13
33
7
45
32
3
34
19
30
33
34
32
47
32
27
18
28
31
49
19
44
10
5
50
41
8
34
47
20
9
39
43
7
17
2
11
26
20
42
21
31
42
22
9
44
19
35
14
13
18
30
20
17
27
30
39
34
45
47
42
18
14
21
24
27
47
24
41
41
4
16
25
22
26
21
18
25
39
9
6
6
21
23
50
15
34
50
39
41
8
14
15
40
12
32
35
31
40
3
46
40
48
46
44
5
50
5
24
2
4
12
35
29
12
36
2
45
27
43
10
7
10
7
3
4
11
5
44
41
16
9
2
50
34
40
38
17
35
38
21
30
22
37
40
25
19
7
33
28
38
11
41
43
12
6
25
50
29
25
31
27
42
22
20
40
34
35
32
50
16
14
13
40
6
3
33
50
2
24
20
22
46
27
19
36
40
15
7
15
11
8
10
44
5
12
33
26
26
17
14
45
44
7
50
48
37
24
20
34
49
21
6
25
14
31
23
12
35
1
7
36
35
12
21
10
13
50
44
11
17
20
10
49
11
15
7
47
32
29
48
27
6
17
36
49
6
14
25
45
4
24
42
20
13
41
38
19
43
21
8
1
37
48
41
47
45
16
19
18
20
36
37
31
13
36
16
16
27
6
32
5
50
48
36
50
33
6
26
9
49
1
40
27
24
45
32
10
14
23
5
30
45
20
19
2
13
5
32
20
12
41
47
1
4
21
24
22
31
31
47
40
34
33
45
13
43
22
8
24
34
25
30
17
1
19
12
34
23
3
44
2
27
21
45
40
41
28
24
16
50
37
16
30
48
48
47
20
47
39
17
47
46
22
30
24
42
18
41
13
23
47
1
38
21
28
17
14
50
42
25
46
20
26
27
45
40
34
21
31
7
41
38
43
6
28
33
18
9
9
22
8
39
14
50
31
26
14
10
36
10
9
14
19
29
21
2
3
14
44
50
5
31
42
45
47
3
50
44
24
14
17
3
34
42
32
36
10
10
2
27
13
35
45
21
8
38
9
50
36
20
19
24
9
41
37
46
46
28
33
50
21
12
29
18
41
43
29
43
12
23
17
38
21
9
39
18
14
26
12
6
30
40
47
39
9
6
16
26
21
12
28
21
34
33
9
45
44
48
3
40
43
49
13
48
18
8
22
34
31
13
41
43
29
48
50
21
50
35
38
21
40
46
41
39
8
24
39
14
46
18
24
26
23
5
19
16
27
31
17
29
48
49
46
34
4
25
36
25
49
11
48
38
15
6
44
32
21
40
43
47
48
29
13
8
40
30
14
35
20
46
33
28
11
42
24
2
49
36
42
13
5
17
3
29
27
3
12
17
39
48
48
7
22
49
12
26
14
14
40
36
6
10
12
4
4
50
14
13
10
3
6
6
35
35
30
3
42
3
36
25
15
46
16
7
37
30
18
31
6
14
43
27
9
33
10
6
6
16
10
46
14
27
3
33
3
5
32
48
12
34
45
31
2
41
19
28
50
47
5
32
12
27
45
5
19
41
49
2
6
22
37
50
19
39
42
19
24
4
25
44
25
28
27
16
50
14
45
10
14
33
50
43
50
13
24
45
41
20
17
43
33
4
19
49
4
31
37
40
14
33
31
21
12
4
41
20
49
46
10
6
11
2
18
35
19
41
30
28
3
41
24
14
29
34
48
43
11
50
4
4
7
30
24
48
24
14
20
12
28
10
36
12
29
38
16
44
45
45
24
43
4
23
24
50
13
37
37
44
43
5
3
25
41
20
12
17
30
29
4
36
44
20
45
45
41
14
50
28
10
4
14
34
49
45
9
50
46
13
45
10
25
35
6
28
8
39
20
48
9
35
10
9
35
2
2
20
32
6
46
10
7
1
32
41
21
13
26
20
20
3
332
82
327
78
473
407
206
47
85
168
161
464
140
77
499
387
291
92
284
457
488
163
468
174
4
438
308
342
384
425
250
498
340
483
214
214
206
441
326
326
34
385
413
442
482
105
324
176
423
180
425
435
490
480
203
97
339
77
446
242
462
129
386
489
179
196
424
249
107
302
185
51
352
322
348
102
357
242
452
194
367
465
334
72
500
260
43
342
202
2
399
496
214
50
2
21
76
188
240
356
425
196
145
203
183
140
210
348
492
107
88
412
435
261
63
340
7
209
252
365
333
16
1
299
287
428
464
209
299
108
226
44
89
140
117
276
249
107
213
222
385
170
432
133
167
226
437
123
407
246
45
165
87
353
11
132
93
190
313
132
178
143
184
232
471
252
17
142
410
270
368
446
464
54
279
55
170
115
491
108
353
74
217
260
251
192
464
452
87
126
389
388
458
201
293
256
91
201
90
498
604
4071
2782
3862
4095
2077
416
3021
1272
1299
683
2933
116
2208
1718
1916
2207
624
4174
2429
57104
