249646
1
24
1
803405
5827
1
61
2870
194528
3538809
8653
13
160986
0
1471
64
64
9568886
195
0
33521628
21778
1
276
32
1900
523143
5
5600
488
57
244662
16764249
252
1206
256
3919
16
6273589
861
2516
3795
4044890
12387
1467
6277
8
890881
203041
5363
65441
0
17
1578
0
154
4088
79938
20798196
1
16183608
502
8
189236
16738088
54
6868727
122120
65519
217107
1
63803
1
6053
19
771033
55
2
12
502
51264
1643
434
1901
1910952
22819
16746927
1
718
35270
1
16
8355819
286
12
677203
16307
7864
137
15594104
7826
0
24
522895
2
557
8098466
60460
0
5004357
121
3830
166978
6196
1820716
261883
2096391
14679017
26
248505
9
7993571
355745
2450647
71
124945
35982
8283608
129311
6
93
5036
1048380
768575
2119
12
14
15481637
1048545
4185416
176
6690448
3668785
231
16756709
57
35
54562
14679604
16754563
1905
378
1395
14737
0
163
54125
30608
1586
504
444
1795
25619
2443296
986996
6326017
3690
301
29
141
1
158
344448
48
1
125
96
10
8353913
1
1048555
1037641
23
1013
8
12289
10693
8119284
8
0
7317
1223529
387106
76238
2941601
7
