588187039
620621242
45683
588521527
127
721401861
514610987
561286922
583744
32434
16
989526882
454787909
252899720
886676704
67
375151421
48548
65
245722520
2
997408892
1267193
1945
102608642
487305
1128
51
989703114
354255953
458239433
378
9915
1643315
32756
1
9751447
769094949
509
883812813
8191
2372
0
177505585
529220058
581596964
723857523
203807134
1
394274983
72656442
105204248
19
343130080
521896762
921906564
18
232
0
1175
66582937
118445663
77778
385
190818765
470153630
457832245
1274
174387584
56467805
296741567
56047519
663337951
300940181
10261
7
5638016
1352605
1
44362
