ICKENCOFFE
ICKENCOFFE
ECHICKENCO
ECHICKENCO
ECHICKENCH
FFEECHICKE
KEN
FFEECHICKE
CHICKENCOF
CKENCOFFEE
HICKENCHIC
KENCHICKEN
ENCOFFEECH
CKENCHICKE
FEECHICKEN
ECHICKENCO
NCHICKENCO
HICKENCHIC
OFFEECHICK
CKENCHICKE
HICKENCOFF
ICKENCOFFE
COFFEECHIC
CHICKENCOF
ICKENCOFFE
ECHICKENCH
CKENCOFFEE
OFFEECHICK
ENCHICKENC
HICKENCHIC
ECHICKENCH
ENCOFFEECH
HICKENCHIC
NCOFFEECHI
OFFEECHICK
NCHICKENCO
EECHICKENC
CHICKENCOF
CKENCOFFEE
EECHICKENC
FEECHICKEN
CKENCHICKE
CKENCHICKE
KENCOFFEEC
ECHICKENCH
NCOFFEECHI
HICKENCOFF
EECHICKENC
ICKENCOFFE
COFFEECHIC
ENCOFFEECH
KENCHICKEN
KENCOFFEEC
ECHICKENCH
COFFEECHIC
NCHICKENCO
KENCOFFEEC
COFFEECHIC
KENCOFFEEC
NCHICKENCO
CHICKENCOF
HICKENCOFF
ECHICKENCH
EECHICKENC
CHICKENCOF
COFFEECHIC
FFEECHICKE
OFFEECHICK
ENCOFFEECH
COFFEECHIC
COFFEECHIC
CHICKENCOF
EECHICKENC
NCOFFEECHI
ENCOFFEECH
FFEECHICKE
ENCOFFEECH
ICKENCHICK
ENCHICKENC
OFFEECHICK
CKENCHICKE
COFFEECHIC
ENCHICKENC
FFEECHICKE
CHICKENCHI
NCOFFEECHI
CKENCHICKE
KENCOFFEEC
ICKENCOFFE
ICKENCOFFE
HICKENCOFF
KENCOFFEEC
OFFEECHICK
NCOFFEECHI
ENCOFFEECH
COFFEECHIC
ENCHICKENC
FEECHICKEN
EECHICKENC
OFFEECHICK
NCOFFEECHI
HICKENCOFF
CHICKENCHI
HICKENCHIC
ENCHICKENC
HICKENCOFF
KENCOFFEEC
CHICKENCOF
HICKENCHIC
NCHICKENCO
FEECHICKEN
CHICKENCOF
KENCOFFEEC
COFFEECHIC
HICKENCOFF
CHICKENCOF
ICKENCHICK
OFFEECHICK
KENCOFFEEC
ICKENCHICK
NCOFFEECHI
EECHICKENC
ENCHICKENC
CKENCOFFEE
ICKENCOFFE
ICKENCOFFE
CHICKENCHI
KENCOFFEEC
ICKENCOFFE
OFFEECHICK
FEECHICKEN
ICKENCOFFE
CKENCOFFEE
ENCOFFEECH
CHICKENCOF
CHICKENCHI
FFEECHICKE
HICKENCOFF
HICKENCHIC
FFEECHICKE
FFEECHICKE
ENCOFFEECH
CKENCHICKE
HICKENCOFF
KENCHICKEN
ICKENCOFFE
CKENCOFFEE
CKENCOFFEE
ICKENCOFFE
KENCHICKEN
HICKENCHIC
FEECHICKEN
HICKENCHIC
COFFEECHIC
HICKENCHIC
KENCHICKEN
HICKENCOFF
CKENCHICKE
ECHICKENCO
KENCOFFEEC
EECHICKENC
EECHICKENC
HICKENCOFF
HICKENCOFF
HICKENCOFF
FEECHICKEN
ENCOFFEECH
NCOFFEECHI
ICKENCOFFE
ENCOFFEECH
COFFEECHIC
OFFEECHICK
FEECHICKEN
CHICKENCOF
NCOFFEECHI
CKENCHICKE
OFFEECHICK
CKENCOFFEE
NCHICKENCO
HICKENCOFF
ENCHICKENC
COFFEECHIC
CKENCOFFEE
NCOFFEECHI
CKENCOFFEE
ENCOFFEECH
OFFEECHICK
ICKENCOFFE
ECHICKENCO
EECHICKENC
ENCOFFEECH
CKENCOFFEE
CHICKENCHI
FEECHICKEN
CKENCOFFEE
NCOFFEECHI
NCHICKENCO
CHICKENCHI
NCHICKENCO
CHICKENCOF
EECHICKENC
NCOFFEECHI
KENCOFFEEC
EECHICKENC
CKENCOFFEE
OFFEECHICK
NCOFFEECHI
ENCHICKENC
HICKENCHIC
NCOFFEECHI
COFFEECHIC
KENCOFFEEC
ECHICKENCH
ENCHICKENC
CKENCHICKE
OFFEECHICK
OFFEECHICK
CKENCOFFEE
KENCOFFEEC
ECHICKENCH
FEECHICKEN
EECHICKENC
ECHICKENCO
NCHICKENCO
COFFEECHIC
HICKENCOFF
COFFEECHIC
EECHICKENC
FEECHICKEN
EECHICKENC
FEECHICKEN
CKENCOFFEE
ECHICKENCH
ECHICKENCH
FEECHICKEN
FFEECHICKE
ICKENCHICK
COFFEECHIC
ENCHICKENC
COFFEECHIC
ICKENCHICK
ICKENCOFFE
HICKENCHIC
KENCOFFEEC
NCOFFEECHI
EECHICKENC
KENCOFFEEC
EECHICKENC
ECHICKENCH
FFEECHICKE
ENCOFFEECH
ENCHICKENC
ENCOFFEECH
CHICKENCOF
FFEECHICKE
ECHICKENCO
ICKENCHICK
KENCOFFEEC
NCOFFEECHI
EECHICKENC
ECHICKENCH
HICKENCOFF
NCOFFEECHI
NCOFFEECHI
NCOFFEECHI
CKENCOFFEE
HICKENCOFF
ICKENCOFFE
ICKENCOFFE
OFFEECHICK
EECHICKENC
CKENCOFFEE
ICKENCOFFE
NCOFFEECHI
NCHICKENCO
KENCOFFEEC
CHICKENCOF
KENCHICKEN
HICKENCOFF
HICKENCOFF
CHICKENCHI
ENCOFFEECH
ICKENCOFFE
KENCOFFEEC
OFFEECHICK
KENCOFFEEC
NCHICKENCO
CKENCHICKE
ICKENCOFFE
NCOFFEECHI
KENCOFFEEC
ICKENCOFFE
ICKENCOFFE
ENCOFFEECH
ECHICKENCO
HICKENCOFF
CKENCOFFEE
KENCOFFEEC
CKENCOFFEE
OFFEECHICK
KENCOFFEEC
KENCOFFEEC
CHICKENCOF
NCOFFEECHI
ENCHICKENC
COFFEECHIC
HICKENCOFF
EECHICKENC
ENCOFFEECH
ICKENCHICK
ENCOFFEECH
ICKENCOFFE
CHICKENCHI
ICKENCOFFE
NCOFFEECHI
FFEECHICKE
EECHICKENC
CHICKENCOF
CHICKENCHI
NCHICKENCO
HICKENCHIC
ECHICKENCH
ENCOFFEECH
KENCHICKEN
OFFEECHICK
NCOFFEECHI
FEECHICKEN
ECHICKENCH
ECHICKENCH
ICKENCOFFE
FFEECHICKE
FFEECHICKE
NCOFFEECHI
FFEECHICKE
COFFEECHIC
COFFEECHIC
NCOFFEECHI
EECHICKENC
ENCOFFEECH
COFFEECHIC
ENCOFFEECH
FFEECHICKE
ENCOFFEECH
CKENCOFFEE
ECHICKENCO
HICKENCOFF
COFFEECHIC
ECHICKENCH
FEECHICKEN
KENCHICKEN
ENCOFFEECH
COFFEECHIC
COFFEECHIC
CKENCOFFEE
EECHICKENC
CKENCOFFEE
NCHICKENCO
ENCHICKENC
COFFEECHIC
FFEECHICKE
OFFEECHICK
FFEECHICKE
NCOFFEECHI
NCOFFEECHI
EECHICKENC
ENCOFFEECH
HICKENCHIC
CKENCHICKE
KENCOFFEEC
HICKENCHIC
NCOFFEECHI
EECHICKENC
EECHICKENC
NCOFFEECHI
FFEECHICKE
NCOFFEECHI
FEECHICKEN
HICKENCHIC
ENCOFFEECH
HICKENCHIC
ICKENCOFFE
ECHICKENCO
KENCOFFEEC
ICKENCOFFE
FEECHICKEN
KENCHICKEN
COFFEECHIC
ECHICKENCO
ECHICKENCH
ECHICKENCO
CKENCOFFEE
KENCOFFEEC
CHICKENCHI
ICKEN
HICKENCOFF
OFFEECHICK
ENCHICKENC
ICKENCOFFE
COFFEECHIC
ICKENCOFFE
COFFEECHIC
HICKENCHIC
HICKENCHIC
KENCOFFEEC
OFFEECHICK
KENCOFFEEC
COFFEECHIC
CKENCHICKE
FEECHICKEN
ENCOFFEECH
ICKENCHICK
NCOFFEECHI
CHICKEN
ENCOFFEECH
CKENCOFFEE
FEECHICKEN
FEECHICKEN
FFEECHICKE
OFFEECHICK
FEECHICKEN
NCOFFEECHI
ECHICKENCH
CKENCOFFEE
ECHICKENCO
OFFEECHICK
KENCOFFEEC
EECHICKENC
EECHICKENC
CHICKENCOF
ECHICKENCH
ICKENCOFFE
NCHICKENCO
CKENCHICKE
FEECHICKEN
FEECHICKEN
ECHICKENCO
ICKENCOFFE
NCHICKENCO
CKENCHICKE
KENCHICKEN
CHICKENCOF
CKENCOFFEE
CKENCOFFEE
FEECHICKEN
ENCHICKENC
ICKENCHICK
CKENCOFFEE
CHICKENCOF
KENCOFFEEC
ENCOFFEECH
KENCHICKEN
CKENCOFFEE
NCOFFEECHI
CHICKENCOF
FEECHICKEN
FFEECHICKE
ICKENCOFFE
FFEECHICKE
HICKENCHIC
FEECHICKEN
CHICKENCHI
KENCOFFEEC
CKENCOFFEE
ENCHICKENC
CHICKENCOF
HICKENCOFF
CHICKENCHI
HICKENCHIC
KENCOFFEEC
HICKENCOFF
FFEECHICKE
FEECHICKEN
FEECHICKEN
NCHICKENCO
ICKEN
KENCOFFEEC
CKENCHICKE
ECHICKENCO
CKENCHICKE
ICKENCOFFE
EECHICKENC
KENCOFFEEC
ENCHICKENC
ENCOFFEECH
COFFEECHIC
ICKENCOFFE
ENCOFFEECH
KENCOFFEEC
ECHICKENCH
ENCHICKENC
HICKENCOFF
FEECHICKEN
HICKENCOFF
KENCOFFEEC
EECHICKENC
FEECHICKEN
COFFEECHIC
EECHICKENC
ICKENCHICK
COFFEECHIC
NCHICKENCO
CKENCOFFEE
ECHICKENCO
ECHICKENCO
HICKENCOFF
CKENCOFFEE
CKENCHICKE
ECHICKENCO
CKENCHICKE
EECHICKENC
FFEECHICKE
HICKENCHIC
NCHICKENCO
HICKENCHIC
OFFEECHICK
CHICKENCHI
CHICKENCOF
ECHICKENCH
OFFEECHICK
KENCOFFEEC
ENCHICKENC
ENCHICKENC
CKENCHICKE
ICKENCHICK
ICKENCHICK
COFFEECHIC
CHICKENCOF
HICKENCHIC
OFFEECHICK
NCHICKENCO
COFFEECHIC
OFFEECHICK
CHICKENCHI
HICKENCOFF
CHICKENCOF
COFFEECHIC
CHICKENCHI
CHICKENCHI
KENCHICKEN
FFEECHICKE
COFFEECHIC
HICKENCHIC
ENCHICKENC
NCOFFEECHI
KENCOFFEEC
FEECHICKEN
OFFEECHICK
NCOFFEECHI
KENCOFFEEC
FEECHICKEN
HICKENCOFF
COFFEECHIC
ENCOFFEECH
ENCOFFEECH
OFFEECHICK
NCHICKENCO
FFEECHICKE
FFEECHICKE
OFFEECHICK
N
HICKENCHIC
HICKENCHIC
ENCOFFEECH
CKENCHICKE
OFFEECHICK
NCOFFEECHI
EECHICKENC
ENCOFFEECH
FEECHICKEN
FEECHICKEN
COFFEECHIC
FFEECHICKE
HICKENCOFF
CKENCOFFEE
KENCOFFEEC
KENCOFFEEC
COFFEECHIC
ENCHICKENC
HICKENCOFF
KENCOFFEEC
CKENCOFFEE
ENCHICKENC
NCOFFEECHI
ENCHICKENC
COFFEECHIC
CKENCOFFEE
ICKENCHICK
FFEECHICKE
FFEECHICKE
ICKENCHICK
EECHICKENC
FEECHICKEN
HICKENCOFF
KENCOFFEEC
FEECHICKEN
CHICKENCOF
FEECHICKEN
COFFEECHIC
COFFEECHIC
FFEECHICKE
ECHICKENCH
EECHICKENC
FEECHICKEN
NCHICKENCO
ECHICKENCH
ECHICKENCO
EECHICKENC
FFEECHICKE
CKENCHICKE
KENCOFFEEC
ICKENCOFFE
FEECHICKEN
FFEECHICKE
HICKENCHIC
OFFEECHICK
FFEECHICKE
CKENCOFFEE
NCHICKENCO
KENCHICKEN
HICKENCHIC
HICKENCHIC
EECHICKENC
ICKENCOFFE
EECHICKENC
FFEECHICKE
NCHICKENCO
CKENCHICKE
CKENCHICKE
FEECHICKEN
HICKENCOFF
CHICKENCHI
HICKENCOFF
NCHICKENCO
ECHICKENCO
HICKENCHIC
FEECHICKEN
ICKENCOFFE
OFFEECHICK
OFFEECHICK
FFEECHICKE
ENCOFFEECH
NCOFFEECHI
ENCHICKENC
OFFEECHICK
OFFEECHICK
OFFEECHICK
FFEECHICKE
ENCHICKENC
ECHICKENCH
NCOFFEECHI
HICKENCHIC
KENCOFFEEC
CHICKENCOF
ENCOFFEECH
KENCHICKEN
ENCHICKENC
OFFEECHICK
CHICKENCOF
CHICKENCHI
ENCHICKENC
ICKENCHICK
KENCOFFEEC
COFFEECHIC
CHICKENCHI
KENCOFFEEC
HICKENCOFF
ICKENCOFFE
ENCOFFEECH
FFEECHICKE
ENCHICKENC
COFFEECHIC
ICKENCHICK
ECHICKENCO
CHICKENCOF
NCOFFEECHI
HICKENCOFF
HICKENCOFF
ENCOFFEECH
OFFEECHICK
EECHICKENC
KENCHICKEN
FFEECHICKE
HICKENCOFF
NCHICKENCO
CKENCHICKE
KENCOFFEEC
FEECHICKEN
KENCOFFEEC
COFFEECHIC
NCHICKENCO
OFFEECHICK
COFFEECHIC
HICKENCHIC
CKENCOFFEE
COFFEECHIC
CHICKENCOF
CHICKENCHI
OFFEECHICK
CHICKENCHI
ENCOFFEECH
FEECHICKEN
KENCOFFEEC
CKENCHICKE
OFFEECHICK
CKENCHICKE
CHICKENCOF
HICKENCHIC
FFEECHICKE
ECHICKENCH
COFFEECHIC
FFEECHICKE
KENCOFFEEC
EECHICKENC
OFFEECHICK
ICKENCHICK
EECHICKENC
NCOFFEECHI
HICKENCHIC
HICKENCHIC
ENCOFFEECH
ICKENCHICK
CKENCOFFEE
ICKENCOFFE
FEECHICKEN
HICKENCOFF
CKENCHICKE
KENCHICKEN
FEECHICKEN
HICKENCOFF
ECHICKENCH
FEECHICKEN
FEECHICKEN
OFFEECHICK
CHICKENCOF
KENCOFFEEC
OFFEECHICK
NCHICKENCO
ENCOFFEECH
CKENCOFFEE
HICKENCHIC
HICKENCOFF
COFFEECHIC
OFFEECHICK
NCOFFEECHI
HICKENCHIC
ICKENCHICK
ECHICKENCH
CHICKENCOF
HICKENCOFF
ICKENCHICK
CKENCOFFEE
CKENCHICKE
COFFEECHIC
NCOFFEECHI
CKENCOFFEE
KENCOFFEEC
FFEECHICKE
CKENCOFFEE
OFFEECHICK
CKENCOFFEE
OFFEECHICK
HICKENCHIC
HICKENCOFF
CKENCHICKE
ENCOFFEECH
HICKENCHIC
NCOFFEECHI
KENCHICKEN
CHICKENCHI
ENCOFFEECH
ECHICKENCH
KENCOFFEEC
OFFEECHICK
ECHICKENCO
COFFEECHIC
EECHICKENC
COFFEECHIC
ENCOFFEECH
ICKENCHICK
ICKENCHICK
ICKENCOFFE
OFFEECHICK
OFFEECHICK
CKEN
COFFEECHIC
FFEECHICKE
CHICKENCOF
HICKENCOFF
ECHICKENCH
COFFEECHIC
KENCOFFEEC
KENCOFFEEC
NCOFFEECHI
OFFEECHICK
CHICKENCHI
ICKENCOFFE
ICKENCOFFE
ENCHICKENC
HICKENCOFF
ENCHICKENC
EECHICKEN
ENCHICKENC
CHICKENCOF
ICKENCHICK
CHICKENCOF
FFEECHICKE
HICKENCOFF
CKENCOFFEE
ENCOFFEECH
FFEECHICKE
COFFEECHIC
CKENCOFFEE
NCOFFEECHI
CKENCOFFEE
CKENCHICKE
FFEECHICKE
KENCOFFEEC
ICKENCHICK
ICKENCOFFE
ENCOFFEECH
ENCOFFEECH
FFEECHICKE
ICKENCOFFE
CHICKENCOF
HICKENCOFF
KENCOFFEEC
HICKENCOFF
ICKENCOFFE
CKENCHICKE
ENCOFFEECH
CHICKENCOF
KENCOFFEEC
ENCHICKENC
OFFEECHICK
CHICKENCOF
KENCHICKEN
HICKENCHIC
CKENCOFFEE
CKENCOFFEE
ICKENCHICK
ICKENCHICK
KENCHICKEN
COFFEECHIC
CHICKENCOF
EECHICKENC
CHICKENCOF
CHICKENCHI
HICKENCOFF
FFEECHICKE
OFFEECHICK
HICKENCOFF
OFFEECHICK
NCHICKENCO
EECHICKENC
HICKENCHIC
ECHICKENCO
OFFEECHICK
CHICKENCOF
FEECHICKEN
CHICKENCHI
NCOFFEECHI
FFEECHICKE
CHICKENCHI
COFFEECHIC
ICKENCHICK
HICKENCOFF
KENCOFFEEC
FEECHICKEN
ICKENCOFFE
COFFEECHIC
ENCHICKENC
OFFEECHICK
CHICKENCOF
CKENCOFFEE
OFFEECHICK
FFEECHICKE
ICKENCHICK
FFEECHICKE
HICKENCOFF
CKENCHICKE
KENCHICKEN
COFFEECHIC
FFEECHICKE
CHICKENCOF
KENCOFFEEC
OFFEECHICK
CHICKENCHI
HICKENCHIC
KENCOFFEEC
NCOFFEECHI
NCHICKENCO
ICKENCHICK
CKENCOFFEE
OFFEECHICK
OFFEECHICK
FEECHICKEN
CKENCHICKE
HICKENCOFF
EECHICKENC
FFEECHICKE
NCOFFEECHI
CKENCOFFEE
KENCHICKEN
CHICKENCOF
ECHICKENCO
FFEECHICKE
N
CHICKENCHI
KENCOFFEEC
ENCOFFEECH
NCOFFEECHI
CHICKENCOF
COFFEECHIC
KENCHICKEN
COFFEECHIC
KENCHICKEN
NCOFFEECHI
OFFEECHICK
EECHICKEN
ENCOFFEECH
FFEECHICKE
FFEECHICKE
HICKENCHIC
CHICKENCHI
ICKENCHICK
ENCOFFEECH
HICKENCHIC
FEECHICKEN
CHICKENCOF
OFFEECHICK
CKENCHICKE
N
KENCOFFEEC
ECHICKENCH
EECHICKENC
FFEECHICKE
CKENCOFFEE
CHICKENCOF
CKENCOFFEE
FEECHICKEN
OFFEECHICK
CHICKENCHI
ECHICKENCH
CKENCOFFEE
KENCOFFEEC
NCOFFEECHI
CHICKENCOF
CKENCOFFEE
FFEECHICKE
FEECHICKEN
FFEECHICKE
EECHICKENC
HICKENCOFF
ENCOFFEECH
ICKENCHICK
ICKENCOFFE
FFEECHICKE
ENCOFFEECH
HICKENCOFF
NCOFFEECHI
CKENCHICKE
CHICKENCHI
ECHICKENCO
FEECHICKEN
CHICKENCOF
OFFEECHICK
ENCOFFEECH
EECHICKENC
ECHICKENCO
CHICKENCOF
CKENCOFFEE
COFFEECHIC
FEECHICKEN
ECHICKENCO
CHICKENCOF
ECHICKENCH
CKENCHICKE
FEECHICKEN
HICKENCOFF
COFFEECHIC
NCHICKENCO
ICKENCOFFE
CHICKENCHI
COFFEECHIC
KENCOFFEEC
KENCHICKEN
ENCHICKENC
ICKENCOFFE
ENCHICKENC
COFFEECHIC
ENCHICKENC
KENCOFFEEC
NCHICKENCO
KENCOFFEEC
CHICKENCOF
ICKENCHICK
CKENCOFFEE
KENCOFFEEC
ICKENCHICK
