COFFEECHIC
CKENCOFFEE
ENCOFFEECH
COFFEECHIC
CKENCOFFEE
CHICKENCOF
NCHICKENCO
ENCHICKENC
KENCOFFEEC
ICKENCOFFE
KENCOFFEEC
CKENCOFFEE
COFFEECHIC
EECHICKENC
KENCOFFEEC
CKENCOFFEE
CKENCOFFEE
ECHICKENCO
HICKENCHIC
CKENCHICKE
COFFEECHIC
FEECHICKEN
OFFEECHICK
NCOFFEECHI
KENCOFFEEC
HICKENCHIC
CKENCOFFEE
ICKENCHICK
ENCOFFEECH
NCOFFEECHI
HICKENCOFF
HICKENCOFF
ICKENCOFFE
KENCOFFEEC
ECHICKENCO
KENCHICKEN
CHICKENCOF
CHICKENCOF
ICKENCHICK
COFFEECHIC
KENCOFFEEC
CKENCHICKE
ENCHICKENC
FFEECHICKE
CHICKENCOF
CKENCOFFEE
HICKENCOFF
ENCHICKENC
EECHICKENC
FFEECHICKE
CHICKENCOF
OFFEECHICK
CKENCOFFEE
CKENCOFFEE
ENCHICKENC
FFEECHICKE
CKENCOFFEE
CHICKENCHI
ENCOFFEECH
HICKENCHIC
FEECHICKEN
HICKENCOFF
ECHICKENCH
FEECHICKEN
KENCHICKEN
EECHICKENC
CKENCHICKE
EECHICKENC
CHICKENCHI
CKENCHICKE
FEECHICKEN
ECHICKENCH
EECHICKENC
OFFEECHICK
CHICKENCHI
ICKENCOFFE
FFEECHICKE
NCHICKENCO
CKENCOFFEE
CHICKENCOF
ENCOFFEECH
FFEECHICKE
ENCHICKENC
CKENCHICKE
CKENCHICKE
ECHICKENCH
KENCOFFEEC
NCHICKENCO
ICKENCOFFE
CHICKENCOF
CHICKENCHI
ICKENCHICK
ICKENCHICK
ENCOFFEECH
FEECHICKEN
COFFEECHIC
ICKENCOFFE
ICKENCOFFE
OFFEECHICK
FFEECHICKE
CKENCHICKE
HICKENCOFF
HICKENCHIC
FFEECHICKE
CHICKENCHI
FFEECHICKE
NCOFFEECHI
ENCOFFEECH
EECHICKENC
EECHICKENC
HICKENCOFF
ENCOFFEECH
HICKENCOFF
FEECHICKEN
CKENCOFFEE
CHICKENCHI
FFEECHICKE
ENCHICKENC
EECHICKENC
CKENCOFFEE
CHICKENCHI
CKENCOFFEE
ENCHICKENC
CHICKENCOF
ECHICKENCH
KENCHICKEN
CHICKENCHI
KEN
FFEECHICKE
FEECHICKEN
KENCHICKEN
ICKENCOFFE
ENCHICKENC
OFFEECHICK
CKENCHICKE
EECHICKENC
CKENCOFFEE
CHICKENCOF
KENCOFFEEC
FEECHICKEN
EECHICKENC
CHICKENCOF
OFFEECHICK
CKENCOFFEE
ICKENCOFFE
FFEECHICKE
OFFEECHICK
KENCOFFEEC
ENCOFFEECH
KENCHICKEN
NCOFFEECHI
KENCOFFEEC
NCOFFEECHI
KENCHICKEN
HICKENCHIC
ICKENCHICK
EECHICKENC
ENCHICKENC
EECHICKENC
ECHICKENCH
CKENCOFFEE
HICKENCOFF
KENCOFFEEC
CHICKENCHI
COFFEECHIC
CHICKENCHI
FFEECHICKE
ECHICKENCH
HICKENCOFF
CKENCHICKE
ECHICKENCH
KEN
EECHICKENC
ECHICKENCH
ENCOFFEECH
FEECHICKEN
ENCHICKENC
COFFEECHIC
ENCOFFEECH
ENCOFFEECH
COFFEECHIC
FEECHICKEN
ICKENCHICK
OFFEECHICK
EECHICKENC
FEECHICKEN
EECHICKENC
OFFEECHICK
COFFEECHIC
FEECHICKEN
CKENCOFFEE
ENCOFFEECH
NCOFFEECHI
FFEECHICKE
HICKENCHIC
ICKENCOFFE
KENCHICKEN
KENCHICKEN
FEECHICKEN
ECHICKENCH
CKENCHICKE
ENCHICKENC
OFFEECHICK
EECHICKENC
EECHICKENC
COFFEECHIC
NCHICKENCO
CKENCOFFEE
OFFEECHICK
FEECHICKEN
NCHICKENCO
NCOFFEECHI
OFFEECHICK
ENCOFFEECH
HICKENCOFF
ICKENCOFFE
CKENCOFFEE
CHICKENCOF
CKENCHICKE
ENCOFFEECH
FEECHICKEN
OFFEECHICK
ENCHICKENC
NCOFFEECHI
KENCOFFEEC
CKENCOFFEE
FEECHICKEN
CKENCHICKE
HICKENCOFF
FFEECHICKE
CHICKENCOF
FFEECHICKE
FFEECHICKE
CKENCOFFEE
CKENCOFFEE
ICKENCOFFE
KENCOFFEEC
CHICKENCHI
FFEECHICKE
FFEECHICKE
ICKENCHICK
CHICKENCOF
N
CKENCHICKE
FEECHICKEN
FEECHICKEN
CKENCOFFEE
HICKENCHIC
NCHICKENCO
HICKENCOFF
ECHICKENCH
OFFEECHICK
CHICKENCOF
OFFEECHICK
OFFEECHICK
FFEECHICKE
CKENCHICKE
ICKENCHICK
HICKENCOFF
CKENCOFFEE
NCHICKENCO
COFFEECHIC
KENCHICKEN
ENCHICKENC
CKENCOFFEE
HICKENCHIC
CHICKENCOF
CKENCOFFEE
CKENCOFFEE
ENCOFFEECH
OFFEECHICK
CHICKENCOF
KENCOFFEEC
HICKENCHIC
EECHICKENC
CHICKENCHI
KENCHICKEN
HICKENCOFF
ENCHICKENC
ICKENCOFFE
KENCHICKEN
ENCOFFEECH
ICKENCOFFE
ICKENCOFFE
FEECHICKEN
HICKENCOFF
ENCOFFEECH
CKENCOFFEE
EECHICKENC
ECHICKENCH
FFEECHICKE
CKENCOFFEE
HICKENCOFF
ECHICKENCH
CKENCHICKE
CKENCHICKE
ECHICKENCH
ICKENCOFFE
CKENCOFFEE
KENCOFFEEC
NCOFFEECHI
CHICKENCHI
HICKENCHIC
EECHICKENC
ICKENCOFFE
ENCOFFEECH
EECHICKENC
ICKENCOFFE
EECHICKENC
CHICKENCOF
KENCOFFEEC
HICKENCOFF
KENCOFFEEC
CKENCHICKE
ENCHICKENC
ICKENCHICK
ICKENCOFFE
KENCOFFEEC
CKENCOFFEE
NCOFFEECHI
FFEECHICKE
OFFEECHICK
NCOFFEECHI
NCHICKENCO
ICKENCHICK
FFEECHICKE
ICKENCOFFE
HICKENCOFF
FFEECHICKE
COFFEECHIC
OFFEECHICK
CHICKENCHI
NCHICKENCO
ICKENCHICK
ECHICKENCH
NCOFFEECHI
FEECHICKEN
ICKENCOFFE
CKENCOFFEE
HICKENCOFF
COFFEECHIC
HICKENCHIC
KENCOFFEEC
FFEECHICKE
OFFEECHICK
KENCHICKEN
KENCOFFEEC
OFFEECHICK
KENCOFFEEC
KENCOFFEEC
FEECHICKEN
KENCOFFEEC
CKENCOFFEE
KENCOFFEEC
FEECHICKEN
CKENCHICKE
CKENCHICKE
CHICKENCHI
ECHICKENCH
CKENCOFFEE
KENCHICKEN
ENCOFFEECH
FFEECHICKE
CKENCHICKE
ECHICKENCH
KENCHICKEN
ECHICKENCO
FEECHICKEN
CKENCOFFEE
CKENCOFFEE
ICKENCOFFE
FFEECHICKE
NCHICKENCO
FFEECHICKE
ENCOFFEECH
HICKENCHIC
OFFEECHICK
NCHICKENCO
ENCHICKENC
ECHICKENCH
FEECHICKEN
EECHICKENC
HICKENCOFF
ENCOFFEECH
EECHICKENC
HICKENCHIC
NCHICKENCO
ICKENCOFFE
CKENCHICKE
ENCOFFEECH
NCOFFEECHI
ENCHICKENC
ECHICKENCH
KENCOFFEEC
EECHICKENC
KENCOFFEEC
FFEECHICKE
FFEECHICKE
ICKENCHICK
NCHICKENCO
KENCOFFEEC
OFFEECHICK
ENCOFFEECH
ICKENCOFFE
CHICKENCHI
COFFEECHIC
COFFEECHIC
KENCHICKEN
ENCHICKENC
KENCHICKEN
CHICKENCOF
FFEECHICKE
KENCOFFEEC
KENCOFFEEC
CKENCHICKE
KENCOFFEEC
CKENCHICKE
ICKENCOFFE
NCOFFEECHI
FFEECHICKE
CKENCHICKE
OFFEECHICK
CKENCOFFEE
COFFEECHIC
COFFEECHIC
ICKEN
FEECHICKEN
ICKENCOFFE
ECHICKENCO
EECHICKENC
KENCOFFEEC
CKENCHICKE
CHICKENCOF
ECHICKENCH
FFEECHICKE
ICKENCHICK
ICKENCHICK
OFFEECHICK
COFFEECHIC
NCHICKENCO
KENCOFFEEC
FFEECHICKE
CHICKENCOF
CKENCOFFEE
ICKENCOFFE
OFFEECHICK
ICKENCOFFE
ENCHICKENC
CKENCHICKE
HICKENCHIC
CKENCOFFEE
ICKENCOFFE
KENCOFFEEC
EECHICKENC
ICKENCHICK
ECHICKENCO
NCHICKENCO
NCOFFEECHI
CHICKENCOF
KENCOFFEEC
CHICKENCOF
FFEECHICKE
OFFEECHICK
COFFEECHIC
CKENCOFFEE
KENCOFFEEC
ENCOFFEECH
HICKENCHIC
ICKENCOFFE
OFFEECHICK
ENCOFFEECH
HICKENCOFF
FFEECHICKE
HICKENCOFF
KENCOFFEEC
OFFEECHICK
FFEECHICKE
ECHICKENCH
KENCHICKEN
CHICKENCHI
KENCOFFEEC
ENCHICKENC
CKENCOFFEE
FEECHICKEN
ENCHICKENC
NCHICKENCO
CHICKENCOF
CHICKENCOF
KENCHICKEN
COFFEECHIC
ICKENCOFFE
HICKENCOFF
HICKENCHIC
FEECHICKEN
CHICKENCOF
ICKENCOFFE
CKENCOFFEE
OFFEECHICK
EECHICKENC
FFEECHICKE
CKENCOFFEE
ECHICKENCH
KENCHICKEN
FEECHICKEN
CHICKENCOF
FFEECHICKE
CHICKENCOF
EECHICKENC
NCHICKENCO
CKENCHICKE
FFEECHICKE
ENCOFFEECH
CHICKENCOF
CHICKENCHI
ICKENCOFFE
OFFEECHICK
EECHICKENC
ENCOFFEECH
HICKENCOFF
EECHICKENC
ENCHICKENC
COFFEECHIC
HICKENCOFF
CHICKENCOF
OFFEECHICK
FEECHICKEN
COFFEECHIC
CHICKENCHI
ENCHICKENC
OFFEECHICK
ENCHICKENC
ENCOFFEECH
FEECHICKEN
ENCHICKENC
CKENCHICKE
ENCOFFEECH
ICKENCOFFE
OFFEECHICK
FFEECHICKE
ECHICKENCH
ECHICKENCO
CKEN
COFFEECHIC
CHICKENCHI
ENCOFFEECH
FFEECHICKE
KENCOFFEEC
COFFEECHIC
CHICKENCHI
HICKENCHIC
ICKENCOFFE
NCOFFEECHI
CKENCOFFEE
ENCHICKENC
CKENCOFFEE
CKENCHICKE
FFEECHICKE
HICKENCOFF
ICKENCHICK
HICKENCHIC
COFFEECHIC
FFEECHICKE
EECHICKENC
KENCHICKEN
COFFEECHIC
CHICKENCHI
NCHICKENCO
N
EECHICKENC
FFEECHICKE
NCOFFEECHI
ENCHICKENC
NCHICKENCO
ENCOFFEECH
ICKENCOFFE
OFFEECHICK
COFFEECHIC
CHICKENCOF
HICKENCOFF
FFEECHICKE
COFFEECHIC
CHICKENCOF
COFFEECHIC
HICKENCHIC
COFFEECHIC
ECHICKENCH
CKENCHICKE
ICKENCOFFE
ENCOFFEECH
NCOFFEECHI
ENCOFFEECH
ENCHICKENC
EECHICKENC
KENCHICKEN
FEECHICKEN
HICKENCHIC
NCOFFEECHI
HICKENCOFF
CHICKENCHI
ENCOFFEECH
CKENCHICKE
FEECHICKEN
COFFEECHIC
CKENCOFFEE
ENCOFFEECH
HICKENCOFF
ENCHICKENC
ENCHICKENC
COFFEECHIC
OFFEECHICK
CHICKENCHI
KENCHICKEN
CKENCOFFEE
CKENCHICKE
KENCOFFEEC
ENCOFFEECH
HICKENCOFF
FEECHICKEN
ECHICKENCO
CKENCHICKE
HICKENCOFF
KEN
FEECHICKEN
FEECHICKEN
ICKENCHICK
FEECHICKEN
NCHICKENCO
OFFEECHICK
CKENCOFFEE
ENCHICKENC
ENCOFFEECH
NCOFFEECHI
OFFEECHICK
EECHICKENC
FFEECHICKE
FFEECHICKE
ENCHICKENC
ECHICKENCH
EECHICKENC
HICKENCHIC
ENCOFFEECH
KENCOFFEEC
OFFEECHICK
NCOFFEECHI
FFEECHICKE
OFFEECHICK
ENCOFFEECH
CHICKENCOF
ENCOFFEECH
FFEECHICKE
COFFEECHIC
KENCOFFEEC
NCOFFEECHI
NCHICKENCO
ICKENCOFFE
CHICKENCHI
HICKENCOFF
ECHICKENCH
ICKENCOFFE
FEECHICKEN
CHICKENCHI
NCHICKENCO
EECHICKENC
CHICKENCOF
COFFEECHIC
ECHICKENCH
COFFEECHIC
NCOFFEECHI
CKENCHICKE
OFFEECHICK
CKENCOFFEE
OFFEECHICK
COFFEECHIC
HICKENCHIC
ENCHICKENC
KENCHICKEN
ENCHICKENC
FEECHICKEN
CHICKENCHI
NCOFFEECHI
FEECHICKEN
HICKENCOFF
CHICKENCOF
HICKENCOFF
FEECHICKEN
ECHICKENCO
ICKENCHICK
CKENCHICKE
FFEECHICKE
ENCHICKENC
FEECHICKEN
CHICKENCHI
ICKENCOFFE
CHICKENCHI
CKENCOFFEE
OFFEECHICK
FFEECHICKE
ICKENCOFFE
NCOFFEECHI
ICKENCHICK
FFEECHICKE
ENCOFFEECH
EECHICKENC
HICKENCHIC
CKENCOFFEE
FFEECHICKE
FFEECHICKE
EECHICKENC
NCHICKENCO
CHICKENCOF
HICKENCOFF
HICKENCOFF
CKENCHICKE
FEECHICKEN
ENCHICKENC
FEECHICKEN
KENCOFFEEC
NCHICKENCO
ENCHICKENC
CHICKENCOF
FEECHICKEN
HICKENCOFF
ICKENCHICK
EECHICKENC
KENCOFFEEC
CKENCHICKE
CKENCOFFEE
ENCHICKENC
ICKENCOFFE
HICKENCOFF
FEECHICKEN
FEECHICKEN
ECHICKENCO
ICKENCOFFE
EECHICKENC
ENCOFFEECH
CHICKENCHI
HICKENCHIC
EECHICKENC
ENCHICKENC
HICKENCHIC
NCOFFEECHI
ENCHICKENC
OFFEECHICK
FEECHICKEN
ICKENCHICK
FFEECHICKE
CKENCHICKE
CKENCOFFEE
FEECHICKEN
ENCOFFEECH
ENCHICKENC
CKENCOFFEE
HICKENCOFF
KENCOFFEEC
FFEECHICKE
ICKENCOFFE
CKENCHICKE
CHICKENCHI
CHICKENCOF
ENCOFFEECH
KENCOFFEEC
COFFEECHIC
EECHICKENC
ENCHICKENC
CKENCHICKE
NCHICKENCO
NCOFFEECHI
ENCOFFEECH
CKENCHICKE
ICKENCOFFE
KENCOFFEEC
NCOFFEECHI
NCOFFEECHI
COFFEECHIC
CHICKENCOF
CHICKENCHI
CKENCOFFEE
FFEECHICKE
CHICKENCOF
KENCOFFEEC
EECHICKENC
FEECHICKEN
ICKENCOFFE
FFEECHICKE
FEECHICKEN
KENCOFFEEC
ENCHICKENC
CHICKENCOF
ECHICKENCH
OFFEECHICK
FFEECHICKE
CHICKENCOF
CKENCHICKE
ECHICKEN
OFFEECHICK
KENCOFFEEC
ENCOFFEECH
COFFEECHIC
CHICKENCOF
OFFEECHICK
EECHICKENC
FEECHICKEN
KENCOFFEEC
ECHICKENCH
CKENCHICKE
HICKENCOFF
ICKENCHICK
ECHICKENCH
CKENCOFFEE
HICKENCHIC
ENCOFFEECH
COFFEECHIC
ENCOFFEECH
FEECHICKEN
ICKENCOFFE
HICKENCHIC
KENCOFFEEC
HICKENCHIC
NCHICKENCO
CHICKENCOF
CKENCOFFEE
OFFEECHICK
FFEECHICKE
CHICKENCHI
EECHICKENC
CHICKENCOF
OFFEECHICK
CHICKENCHI
HICKENCOFF
ECHICKENCO
FEECHICKEN
ICKENCOFFE
ICKENCHICK
CHICKENCOF
OFFEECHICK
KENCOFFEEC
FEECHICKEN
NCHICKENCO
OFFEECHICK
COFFEECHIC
EECHICKENC
CKENCOFFEE
FFEECHICKE
OFFEECHICK
NCHICKENCO
ICKENCHICK
ICKENCOFFE
ENCOFFEECH
COFFEECHIC
CHICKENCOF
CKENCHICKE
FEECHICKEN
COFFEECHIC
FFEECHICKE
CKENCHICKE
HICKENCOFF
EECHICKENC
ECHICKENCH
NCOFFEECHI
ICKENCHICK
CKENCOFFEE
FEECHICKEN
KENCOFFEEC
NCOFFEECHI
ECHICKENCO
CHICKENCHI
HICKENCHIC
ICKENCOFFE
COFFEECHIC
NCOFFEECHI
FEECHICKEN
FEECHICKEN
ICKENCHICK
NCOFFEECHI
NCOFFEECHI
FEECHICKEN
HICKENCOFF
ENCHICKENC
KENCHICKEN
ECHICKENCH
KENCHICKEN
CKENCOFFEE
NCOFFEECHI
COFFEECHIC
HICKENCOFF
FEECHICKEN
ICKENCOFFE
FFEECHICKE
FFEECHICKE
FFEECHICKE
NCOFFEECHI
OFFEECHICK
CHICKENCOF
KENCOFFEEC
CKENCHICKE
EECHICKENC
ICKENCHICK
ENCOFFEECH
CKENCHICKE
COFFEECHIC
CHICKENCHI
ICKENCOFFE
CHICKENCOF
ICKENCHICK
KENCHICKEN
ENCOFFEECH
COFFEECHIC
FEECHICKEN
OFFEECHICK
ECHICKENCH
KENCHICKEN
OFFEECHICK
ECHICKENCO
ICKENCOFFE
HICKENCOFF
HICKENCHIC
ECHICKENCH
NCOFFEECHI
ENCOFFEECH
HICKENCOFF
ICKENCOFFE
FFEECHICKE
EECHICKENC
HICKENCHIC
CKENCOFFEE
OFFEECHICK
CHICKENCHI
HICKENCOFF
FEECHICKEN
KENCOFFEEC
FEECHICKEN
ENCOFFEECH
CHICKENCOF
CKENCOFFEE
ICKENCOFFE
ENCOFFEECH
ICKENCHICK
FFEECHICKE
EECHICKENC
CKENCOFFEE
NCHICKENCO
KENCHICKEN
ENCOFFEECH
KENCHICKEN
HICKENCOFF
FFEECHICKE
ICKENCOFFE
ECHICKENCH
NCOFFEECHI
CHICKENCOF
ENCOFFEECH
ICKENCOFFE
OFFEECHICK
NCHICKENCO
OFFEECHICK
NCOFFEECHI
ECHICKENCO
HICKENCOFF
CKENCOFFEE
ECHICKENCO
CHICKENCHI
ECHICKENCH
FEECHICKEN
COFFEECHIC
NCHICKENCO
COFFEECHIC
NCOFFEECHI
CKENCOFFEE
ENCHICKENC
OFFEECHICK
FFEECHICKE
FEECHICKEN
COFFEECHIC
ENCOFFEECH
KENCOFFEEC
COFFEECHIC
KENCHICKEN
EECHICKENC
KENCHICKEN
ICKENCOFFE
ENCOFFEECH
HICKENCHIC
COFFEECHIC
FEECHICKEN
NCOFFEECHI
KENCHICKEN
ECHICKENCO
KENCHICKEN
KENCHICKEN
OFFEECHICK
ICKENCHICK
CKENCOFFEE
ENCOFFEECH
EECHICKENC
OFFEECHICK
CKENCOFFEE
OFFEECHICK
ICKENCHICK
