393939393939393939393939393939393939393939393939393939393939393939393939393939
7777777777777777777777777777777777777777777777777777777777777777777777777777777777777777777777777777777777777777777777777777777777777777777777777777777777
67676767676767676767676767676767676767676767676767676767676767676767676767676767676767676767676767676767676767676767676767676767676767
25252525252525252525252525252525252525252525252525
818181818181818181818181818181818181818181818181818181818181818181818181818181818181818181818181818181818181818181818181818181818181818181818181818181818181818181
2626262626262626262626262626262626262626262626262626
5050505050505050505050505050505050505050505050505050505050505050505050505050505050505050505050505050
1111111111111111111111
73737373737373737373737373737373737373737373737373737373737373737373737373737373737373737373737373737373737373737373737373737373737373737373737373
9595959595959595959595959595959595959595959595959595959595959595959595959595959595959595959595959595959595959595959595959595959595959595959595959595959595959595959595959595959595959595959595
8686868686868686868686868686868686868686868686868686868686868686868686868686868686868686868686868686868686868686868686868686868686868686868686868686868686868686868686868686
16161616161616161616161616161616
909090909090909090909090909090909090909090909090909090909090909090909090909090909090909090909090909090909090909090909090909090909090909090909090909090909090909090909090909090909090
333333333333333333333333333333333333333333333333333333333333333333
1414141414141414141414141414
79797979797979797979797979797979797979797979797979797979797979797979797979797979797979797979797979797979797979797979797979797979797979797979797979797979797979
888
100100100100100100100100100100100100100100100100100100100100100100100100100100100100100100100100100100100100100100100100100100100100100100100100100100100100100100100100100100100100100100100100100100100100100100100100100100100100100100100100100100100100100100100100100100100100100100100100100100100100
6868686868686868686868686868686868686868686868686868686868686868686868686868686868686868686868686868686868686868686868686868686868686868
64646464646464646464646464646464646464646464646464646464646464646464646464646464646464646464646464646464646464646464646464646464
606060606060606060606060606060606060606060606060606060606060606060606060606060606060606060606060606060606060606060606060
272727272727272727272727272727272727272727272727272727
4141414141414141414141414141414141414141414141414141414141414141414141414141414141
151515151515151515151515151515
34343434343434343434343434343434343434343434343434343434343434343434
242424242424242424242424242424242424242424242424
333
61616161616161616161616161616161616161616161616161616161616161616161616161616161616161616161616161616161616161616161616161
8383838383838383838383838383838383838383838383838383838383838383838383838383838383838383838383838383838383838383838383838383838383838383838383838383838383838383838383
4747474747474747474747474747474747474747474747474747474747474747474747474747474747474747474747
575757575757575757575757575757575757575757575757575757575757575757575757575757575757575757575757575757575757575757
6565656565656565656565656565656565656565656565656565656565656565656565656565656565656565656565656565656565656565656565656565656565
999999999999999999999999999999999999999999999999999999999999999999999999999999999999999999999999999999999999999999999999999999999999999999999999999999999999999999999999999999999999999999999999999999
43434343434343434343434343434343434343434343434343434343434343434343434343434343434343
40404040404040404040404040404040404040404040404040404040404040404040404040404040
212121212121212121212121212121212121212121
94949494949494949494949494949494949494949494949494949494949494949494949494949494949494949494949494949494949494949494949494949494949494949494949494949494949494949494949494949494949494949494
727272727272727272727272727272727272727272727272727272727272727272727272727272727272727272727272727272727272727272727272727272727272727272727272
82828282828282828282828282828282828282828282828282828282828282828282828282828282828282828282828282828282828282828282828282828282828282828282828282828282828282828282
85858585858585858585858585858585858585858585858585858585858585858585858585858585858585858585858585858585858585858585858585858585858585858585858585858585858585858585858585
2323232323232323232323232323232323232323232323
7171717171717171717171717171717171717171717171717171717171717171717171717171717171717171717171717171717171717171717171717171717171717171717171
76767676767676767676767676767676767676767676767676767676767676767676767676767676767676767676767676767676767676767676767676767676767676767676767676767676
3232323232323232323232323232323232323232323232323232323232323232
10101010101010101010
1717171717171717171717171717171717
303030303030303030303030303030303030303030303030303030303030
181818181818181818181818181818181818
4444444444444444444444444444444444444444444444444444444444444444444444444444444444444444
5959595959595959595959595959595959595959595959595959595959595959595959595959595959595959595959595959595959595959595959
3535353535353535353535353535353535353535353535353535353535353535353535
8989898989898989898989898989898989898989898989898989898989898989898989898989898989898989898989898989898989898989898989898989898989898989898989898989898989898989898989898989898989
666666
636363636363636363636363636363636363636363636363636363636363636363636363636363636363636363636363636363636363636363636363636363
7777777
696969696969696969696969696969696969696969696969696969696969696969696969696969696969696969696969696969696969696969696969696969696969696969
6262626262626262626262626262626262626262626262626262626262626262626262626262626262626262626262626262626262626262626262626262
70707070707070707070707070707070707070707070707070707070707070707070707070707070707070707070707070707070707070707070707070707070707070707070
4444
2929292929292929292929292929292929292929292929292929292929
9292929292929292929292929292929292929292929292929292929292929292929292929292929292929292929292929292929292929292929292929292929292929292929292929292929292929292929292929292929292929292
878787878787878787878787878787878787878787878787878787878787878787878787878787878787878787878787878787878787878787878787878787878787878787878787878787878787878787878787878787
31313131313131313131313131313131313131313131313131313131313131
484848484848484848484848484848484848484848484848484848484848484848484848484848484848484848484848
363636363636363636363636363636363636363636363636363636363636363636363636
28282828282828282828282828282828282828282828282828282828
454545454545454545454545454545454545454545454545454545454545454545454545454545454545454545
97979797979797979797979797979797979797979797979797979797979797979797979797979797979797979797979797979797979797979797979797979797979797979797979797979797979797979797979797979797979797979797979797
939393939393939393939393939393939393939393939393939393939393939393939393939393939393939393939393939393939393939393939393939393939393939393939393939393939393939393939393939393939393939393
9898989898989898989898989898989898989898989898989898989898989898989898989898989898989898989898989898989898989898989898989898989898989898989898989898989898989898989898989898989898989898989898989898
5656565656565656565656565656565656565656565656565656565656565656565656565656565656565656565656565656565656565656
3838383838383838383838383838383838383838383838383838383838383838383838383838
58585858585858585858585858585858585858585858585858585858585858585858585858585858585858585858585858585858585858585858
8080808080808080808080808080808080808080808080808080808080808080808080808080808080808080808080808080808080808080808080808080808080808080808080808080808080808080
88888888
1
7474747474747474747474747474747474747474747474747474747474747474747474747474747474747474747474747474747474747474747474747474747474747474747474747474
91919191919191919191919191919191919191919191919191919191919191919191919191919191919191919191919191919191919191919191919191919191919191919191919191919191919191919191919191919191919191
5353535353535353535353535353535353535353535353535353535353535353535353535353535353535353535353535353535353
55555555555555555555555555555555555555555555555555555555555555555555555555555555555555555555555555555555555555
545454545454545454545454545454545454545454545454545454545454545454545454545454545454545454545454545454545454
515151515151515151515151515151515151515151515151515151515151515151515151515151515151515151515151515151
969696969696969696969696969696969696969696969696969696969696969696969696969696969696969696969696969696969696969696969696969696969696969696969696969696969696969696969696969696969696969696969696
55555
424242424242424242424242424242424242424242424242424242424242424242424242424242424242
52525252525252525252525252525252525252525252525252525252525252525252525252525252525252525252525252525252
666666
22222222222222222222222222222222222222222222
787878787878787878787878787878787878787878787878787878787878787878787878787878787878787878787878787878787878787878787878787878787878787878787878787878787878
88888888888888888888888888888888888888888888888888888888888888888888888888888888888888888888888888888888888888888888888888888888888888888888888888888888888888888888888888888888
757575757575757575757575757575757575757575757575757575757575757575757575757575757575757575757575757575757575757575757575757575757575757575757575757575
13131313131313131313131313
666666666666666666666666666666666666666666666666666666666666666666666666666666666666666666666666666666666666666666666666666666666666
22
37373737373737373737373737373737373737373737373737373737373737373737373737
2020202020202020202020202020202020202020
49494949494949494949494949494949494949494949494949494949494949494949494949494949494949494949494949
19191919191919191919191919191919191919
848484848484848484848484848484848484848484848484848484848484848484848484848484848484848484848484848484848484848484848484848484848484848484848484848484848484848484848484
46464646464646464646464646464646464646464646464646464646464646464646464646464646464646464646
