431993051
499602964
937843016
242609972
522479359
346744988
713248104
931683322
738239994
742287997
435695175
912912227
729525890
458227633
565688034
914441480
789204370
285251693
450127568
854703014
745142581
786101007
890109684
105398028
815959454
581877786
390124156
253010068
788641978
878203982
73955979
966114349
862505266
476148605
60838834
859279148
730652905
963464772
459122512
914134307
404089451
678877984
231131667
716864602
91068140
536576520
673077233
306080344
681414101
838967787
738433544
253010068
894021441
574930617
498560427
184026052
600126810
555437147
223847445
141865378
265470434
862505266
125735059
552373476
708289574
133348423
98559010
279810046
714560478
316319576
154354947
62080180
867198410
490293938
473952956
255836036
74696430
605190985
378424455
237656592
998231627
107216
395356096
579413973
568258292
306718366
545400881
695899065
24035793
57515914
768764667
254469462
450743572
819954014
605053519
655161613
357258041
809820746
240480340
428
162401296
556318192
557393023
26993112
310798296
979786439
254142116
153711995
789022223
434873421
959184263
812164738
311773927
49831962
631673893
779214837
690503450
554414604
499785013
62634079
983457621
44668507
112193103
510425034
390478039
276438965
58786
421241954
263847667
217873312
265470433
812647057
145806
514136244
949395141
245662066
492381663
709931001
25820570
258939189
640199863
869670556
170571624
39899
711451344
463855304
545400881
957289579
965892082
35357670
594560977
854703014
37422416
33630616
613591454
839929049
563704110
459122512
610828086
31237961
534657
790909482
482563003
807250521
544658928
692
311485378
558900789
145102356
93302950
103631120
18642392
397759678
525047384
102454102
456467958
475387402
653683924
846080962
147317294
469026353
775686475
413056950
977675564
209737921
422735530
209635673
609931728
532758333
633175830
780109168
403754300
136435471
482563003
868504406
53212135
373980112
548580337
129210693
554329970
575762868
215025120
361793443
684788182
750874490
93302951
498560427
792353768
219329961
145806
446261276
792057502
861548256
810716685
594560977
949087533
9727850
60838834
131835527
324124878
160149671
944034470
197702033
770226523
668496618
824430663
213725993
6020122
59611248
742899
323023369
570560847
980361086
143287873
209775507
479806041
414381920
659508263
262503296
941630546
718168437
716544431
966870925
62634079
837391154
722418261
20874492
79416108
899726527
125068445
383382043
944034470
329747978
566659230
836533417
692715685
403507078
608233784
535761071
175066
789582243
254823538
765348449
240348042
436459778
544586748
836093164
247824412
275049172
759657647
610687396
965081178
137508805
133348423
574930617
495000012
637301111
239114869
312697861
433123275
276438965
208011
382430409
887586637
831033906
411490359
743120353
569644856
1430
988425269
240164034
151752796
911771340
277217253
958087042
260836944
427959929
477575692
770970346
227736018
774209160
121986000
277813844
516872400
33630616
819000596
678277919
816007375
696226421
82495844
550056081
13837393
384004237
506716013
119199920
393619225
838967787
718878608
845991786
179362240
209398708
819373277
73517593
89005704
937843016
340044308
681349906
621173205
783716483
55739739
133735313
624501810
13
126131517
89873443
422735530
760206020
459122511
361287573
306468286
901108931
727402554
426133563
946367424
882891565
424050060
946368018
675529500
316319576
409317510
463337539
782277548
374902647
850831786
38834280
965081592
833052953
900264341
693625887
364346993
887586637
836533417
439926501
382943834
245496008
265470433
334941324
821099675
876557986
539377551
975327978
104180275
119448804
436922259
463652195
585283087
175765090
394207539
414381920
152781727
55208909
675732601
776596469
260959524
422033219
180290263
941630546
685700893
112963570
555159688
366320253
247898398
461198905
948590846
376911202
330267046
694391864
349516665
974299018
884876352
887018275
952646764
776003370
193270054
97271522
292417247
536648010
2674440
779051924
576850655
205311759
1429
841921515
533031555
242062184
366524734
167166435
111049941
742287997
66651877
407055542
637286486
153583602
690070303
878460606
234651976
563704110
783099521
209878037
405768208
170236261
966354124
796426146
54
921892435
862202737
75565525
285251693
639705690
461824617
320722462
119663649
139180593
699409871
694352045
729525890
565322113
783716483
946367424
905488518
419504164
21256661
4185853
631712319
275169564
431457792
949904131
522482952
886066651
653133075
388975130
112193103
966114349
74544297
994425872
361287573
984711511
343434908
468488140
225198710
764711782
175952108
20610432
853197162
475194521
599893596
716544431
998231628
340535905
270022577
312963903
16795
122116143
290348516
269506970
435695175
972644284
493409900
952872321
53212135
126131517
760206020
445169544
89141664
780282926
126054911
665884080
247862697
921892435
10930
170571624
359430012
581560358
214215515
232243013
311881731
904138300
16816666
611734930
633972899
931124740
56820294
676237519
849813195
738239994
403754300
548384222
463652195
74544297
579413973
94635953
948751412
218482935
335474155
819000596
373783589
352943582
229038746
300743320
507232683
668473627
85764350
142927127
13536471
835418478
185957599
294292276
786101007
86668557
671783
309362649
591537306
560577408
603379302
151066043
431457792
779214837
888840076
199213416
606874912
44744
300743320
474376576
210339961
87760408
587651816
594348678
432884896
414543509
263847667
567319657
313702226
91824066
708289574
456467958
753121876
565688034
2977
872548159
53949231
766312857
669728610
988619660
622395462
231131667
639506792
677063087
296937902
836093164
20205624
924123499
294583319
442862487
247898398
384010246
673476880
669001866
852164095
220160464
433478427
545424937
656272758
935457605
334941324
240882520
254663451
191107561
469771794
134136459
545524491
4861
550429272
272457499
324124878
379382285
555159688
478796568
148564318
211772975
731677415
711849744
745435192
163285533
95651777
312363932
281958176
79416108
242062184
715617862
422033219
520754189
878608171
428
515329116
129644789
850831786
5
569644856
4616923
503395652
936950907
868336713
718168437
735492174
633175830
172775535
59343003
858748028
554328761
798450364
849416180
846591393
609931728
208012
179362240
539950854
658428508
30784053
770665829
488309749
10930
178037948
264632534
100948075
610941390
114999873
19334824
388975130
567094078
557882907
225258749
412293937
208012
264372324
275067597
694444027
678877984
271104302
373783589
30038
856837604
842299322
683228679
59458806
742900
876499280
90478914
741456615
463337539
475387401
440891060
506305400
227736018
549900469
901614838
920309150
191187528
664836001
151752796
141274775
148193470
323668925
313002480
785246189
696226421
569909671
184566418
860974560
140751065
422020058
212812821
86440531
771862364
775793317
286013755
962584153
115268349
397759678
393619225
849813195
965762363
211772975
690739554
306029319
294292276
645475308
792057502
810526191
311008442
134136459
882891565
390071661
321157617
474376576
200452146
4616923
68162851
143287873
323205960
42
160986095
421241954
748657419
463134921
937414464
709424922
766312857
723044226
995694848
87376775
846874195
711451344
877181839
87992479
524669639
58005978
537056762
807488320
944897369
6194880
200452146
44744
59611249
711540280
869499501
146870338
327251697
767490193
420577396
146870338
662950146
185096679
488309750
880379585
223847445
994425872
278837435
331652009
595944442
385121355
480937923
70742716
591537306
881407069
6194880
965762363
605825239
82272587
849416180
867315958
2558934
186247538
492796199
733944033
819373277
925890214
513722327
733893790
3366913
274145473
222097323
468239769
681349906
595944442
981813505
249416334
45969785
901350711
770226523
131
976589737
840234115
148564318
2619148
252547258
133008588
644696224
304902254
312363932
636872899
503125924
357641334
716864602
89999368
722307286
568258292
738433544
837590216
928055762
468239769
902193783
652255683
44767153
384010246
714560478
710624607
662152224
114149637
390916057
878608171
14165795
8507366
114188308
213725993
311773927
31545148
921498769
385640
303312161
140782965
237765174
810146130
611734930
859909550
949087533
181393401
439926501
245949385
792
524669639
972969088
997774549
868504406
789022223
149122089
912912227
356723563
115268349
517449107
741570740
111049941
904138300
351918216
81669087
530359396
480937923
583718556
100489785
411490359
649137108
662497381
468488139
522381301
99262483
352232557
838661891
131
720679415
205311758
708798779
962150740
988619660
18642392
258939189
860974560
636872899
311881731
846591393
549900469
672655457
478171738
247824412
695244547
39899
445169544
799818718
851674575
499785013
447472864
145102356
109012483
764338518
55751594
278837435
378764488
837391154
983426707
166905350
174024895
961817580
614139147
453861448
944897369
197
530359396
16816666
605141470
172775535
222097323
181824198
63122100
93965687
185096679
789204370
780468956
356130162
664871189
570560847
1381359
843250048
182975192
247486901
733944033
160805187
338727002
930239486
59343003
472050950
946367425
671150592
389797507
662950146
878460606
438195445
990249030
13837393
272229660
22686336
807488320
20610432
639506792
175952108
209878037
338727002
786396348
326498910
957289579
93302950
765348449
645064431
842186506
73852156
815966583
277082235
19633814
998231627
682819861
555437147
78778754
774209160
308932124
133735313
969648743
643830352
887018863
478171738
756971754
608233784
823294535
624348083
269756606
202199810
87376775
760063309
222125259
468488140
89141664
728510030
632861078
364346993
622311113
472932777
37422416
428303310
681414101
56181474
189002010
580881483
35357669
126714050
850790504
1396628
352885389
993858944
653683105
374902647
229038746
27166432
692
550056081
253706758
275169564
567319657
482563002
655161613
49922336
777072059
952872321
577710470
873976404
146544661
280942655
311485378
440502847
760769380
791324855
390124156
9694845
2977
380552935
631673893
869670557
651985329
682546190
567094078
673476880
536648010
986871525
351918216
78663786
581560358
917828004
544176224
119692647
529760900
254823538
476856621
674359019
227341013
565322113
828651720
735492174
744118391
789035041
672616886
624348083
778391490
515049934
287462623
692715685
603379302
414543509
979197054
488309750
592777163
405621892
902193783
513722327
418336264
985684684
832618465
786396348
969648743
994470531
98516161
789582243
294809107
569909671
766865091
775793317
683228679
463134921
545524491
436489088
868336713
492796199
572830214
69003442
560752060
86440531
516082875
710302035
781833806
977675564
486164118
657661592
225531795
475387401
126714050
61008017
828801421
14161453
396791297
580881483
85764350
560752060
404089451
930248336
147287416
969807507
441053818
174024895
694444027
386054036
422567080
70742716
602966089
240348042
223486446
911771340
196275276
990249030
544833488
14
328446057
961817580
91824066
756842745
8835725
180600698
880593067
277813844
366524734
919559250
150483112
544658928
14614557
804106688
722350895
884518775
223121433
928055762
100948075
301088362
860256645
490794195
869670556
291814768
211102963
468488139
61783178
468303941
286013755
729587072
125735059
81669087
107216
8233574
2
272457499
167695635
951522334
455087756
860256645
227341013
633467375
740584462
160149671
142927127
129644790
835418478
5088839
31279883
41843553
80177487
770970346
633972899
181393401
708399398
951808339
88868171
779136954
742900
225258749
237941403
251495252
612004104
45969785
313702226
56181474
8486
450127568
37823759
7411441
465690607
838661891
776003370
429
572672275
577710470
886066651
316424921
760063309
33206424
212812821
842299322
708399398
110450252
522482952
68624265
199213416
307662516
581877786
602941372
225004790
3366913
343434908
441053818
4862
137518622
175765090
46170248
147317294
966148725
649522044
436741270
186247538
949395141
614574588
352943583
823398646
856837604
465690607
602966089
384559637
349516665
84290474
994742502
138125848
19334824
153583602
412047808
621173205
450017979
543931754
711849744
939952608
267478755
152487945
82272587
552373476
946368018
610687396
58785
290348516
572591381
436459778
429704354
265101580
240164034
709182873
783099521
892431933
741456615
798861184
539950854
212139202
831033906
629279
678834036
453861448
1
181824198
79307170
810526191
353002083
476148605
819968858
684163347
251034642
49922336
767263182
733893790
33206424
9694844
880379585
64543360
390071661
693625887
694352045
624501810
162401296
289001947
895970631
419116268
838995982
986038292
389797507
319459001
414574697
544586748
476856621
879436770
729527427
914134307
760905291
675701089
129644789
21256661
678277919
436741270
965892082
975650061
224968669
212139202
420071402
307293199
450017979
247486901
610941390
94635953
172482699
534992366
627636635
292417247
532055212
88868171
636645581
2674439
970610426
922436641
550429273
390291447
636552364
536576520
334508640
160986095
548384222
31545148
112963570
43164987
184026052
240882520
503351411
122116143
245949385
899387681
294949008
895344709
4
112173116
357535302
60698251
274844617
181792600
894021441
918332171
812647057
912300237
649522044
921962655
446236478
775686475
141274775
7275725
821619539
150040005
132609967
853197162
209737921
715617862
737949915
385142783
352289640
395620504
483061400
5088839
432884896
837590216
602941373
489498243
884518775
653490088
300166298
530925634
455087756
136082217
828016955
237656592
674905922
503125924
49646296
776596469
787988133
287951440
572591381
674905922
459122511
495000012
360914712
196275276
136082217
150172578
25820570
152487945
395356096
301088362
326498910
35939471
500185944
36988020
428303310
548580337
310070386
49831962
726388780
109012483
323205960
168112
270022577
859909550
352943583
874406019
131562264
571204994
260025549
361793443
634248344
637286486
202293188
265101580
771862364
359430012
382943834
566659230
91068140
409317510
206478465
980361086
4762301
748138761
564120378
4185853
932322742
306718366
167166435
523110996
74166815
304902254
722350895
136348905
585331821
566178169
533031555
140751065
904138301
569509173
985684684
385121355
426133563
352885389
323244005
37823759
737949915
470355629
155633144
373980112
512978494
665884080
438195445
136348905
196636145
153711995
8835725
202199810
205311759
192015600
366320253
422567080
515329116
488309749
197292517
255836036
352232557
932322742
892431933
914063439
24035793
925890213
456011464
282347290
883006939
13536471
639705690
461198905
185957599
544176224
357641334
225004790
762392116
2417
981813505
699409871
159960146
536532190
921498769
788641978
1430
622311113
691156410
986038292
507232683
269116648
756971754
43164987
653683105
895344709
414429610
690739554
427959929
416673890
878437925
614139147
121986000
65006244
15886531
196250235
899726527
418506957
14161453
872548159
19633814
486164118
586622022
269756606
450743572
754216586
675732601
230524517
80822151
587013868
966114350
375287054
107971938
762392116
9694844
937414463
498482376
951808339
499602964
932558528
7602304
503391345
429
760905291
184604170
294583319
357535302
482446294
306029319
777072059
564120377
655731079
819954014
908378032
1396628
157828361
754216586
677063087
921962655
512978494
582508961
316424921
35357669
135183575
61552823
106281068
237388187
930248336
105010037
22686336
605825239
979197054
477575692
823581023
66651877
331652009
873447565
217873312
155633144
73852156
282347290
264632534
148193470
816828838
103631120
311008442
267478755
851674575
209635673
308932124
510425034
475194521
153905151
575263798
754704795
887018863
422020058
878203982
812470555
59275306
249177027
254142116
172482699
220160464
781833806
53383851
217873311
80822151
2674440
469771794
613591454
974299018
433478427
606874912
966432367
197292517
208364094
222310600
880593067
2356028
4762301
299650101
152781727
436489089
412047808
412293937
586622022
218482935
414574697
986871525
7602304
254688090
782277548
634248344
545424937
675701089
657661592
330267046
917828004
41
274145473
841921515
587651816
706208090
726388780
395620504
530878342
869670557
730652905
472758667
446236478
16795
254663451
653133075
845991786
132609967
622020536
463855304
798450364
61008017
16796
351152279
351152279
810716685
95651777
2059441
949904130
405768208
58786
767172986
614574588
482563002
815959454
137518622
550429272
261886395
440040846
674359019
990016516
940461089
314262519
476895609
759657647
7411441
904138301
166905350
97271522
331322185
944192922
664871189
321157617
651985329
262503296
878437925
82334708
245496008
466266851
2
382430409
414429610
823581023
253667062
707053733
141865378
306468286
260025549
316827918
884518774
420577396
645064431
958087042
9694845
839929049
137508805
557882907
98516161
309362649
901108931
16796
143204450
331322185
8486
98559010
843075011
966870925
226313043
895970631
676237519
203344574
13115857
447472864
901614838
68069391
486486059
908749738
876557986
55208909
782296829
312963903
105398028
184094270
57236071
995861268
816828838
466266851
254918971
782296829
622395462
787250418
572830214
291821704
472758667
488786390
355411433
436922259
223121433
182975192
883558574
717038854
656272758
585331821
816007375
465534054
413169494
385640
357258041
376911202
960371736
371687374
1968409
709424922
536532190
644696224
442862487
101471496
93965687
446261276
209635674
260836944
690070303
394207539
41843553
522381301
877787106
718878608
936950907
983457621
327251697
897954194
318292208
948590846
159960146
767263183
912300237
84290474
949904131
916788285
254469462
78663786
900264341
671783
385272930
530925634
874406019
73955979
720679415
99262483
646104032
563024470
335474155
225531795
935457605
89999368
390916057
226313043
45542388
89005704
47305923
147444775
712446214
193270054
493409900
249177027
234651976
728510030
192015600
890109684
51005893
515049934
827478128
275067597
71270590
767263182
583718556
489498243
682819861
2059441
4861
63122100
554414604
541975202
976589737
245662066
612004104
274844617
191187528
20874492
44668507
420071402
982269242
78481115
688359375
523110996
641336033
888840076
223863751
792353768
707053733
469026353
979786439
388726934
558403277
472223641
88694388
59462009
744163878
209190480
554451792
196250235
668473627
68624265
147287416
915453250
319459001
208011
994470531
758440408
159564659
2356028
919559250
824430663
371873395
767263183
690426075
760769380
503103125
477638700
787250418
671150592
966148725
744163878
2674439
708722606
456011464
232995225
470355629
129210693
150040005
306080344
225198710
197702033
506305400
58005978
575263798
684163347
658428508
201989116
905488518
643830352
272229660
610828086
837590215
600126810
61552823
748657419
537056762
133017063
168112
323023369
86668557
972644284
458227633
942607257
210917188
780109168
167695635
126054911
224968669
916788285
132
970610426
345861069
516872400
998231628
961477010
812164738
925890213
237765174
652255683
709182873
655731079
101471496
959184263
41177936
966114350
131562264
960371736
883006939
74166815
495014004
529760900
846080962
915453250
629279
159564659
345861069
564120377
314262519
877787106
503395652
49646296
139180593
556318192
711540280
516082875
180290263
60698251
495014004
58785
602941373
307293199
478796568
780468956
901350711
744118391
141865377
328446057
413169494
191107561
851586395
742899
819968858
39363120
416673890
252547258
691156410
823294535
560577408
105010037
132131114
616367301
377632175
72308016
300263409
327215623
768370784
108355949
716494736
682626620
411493006
835232595
482415654
250683565
709507924
157566624
735074657
215418272
436240410
